<?xml version="1.0" encoding="UTF-8"?>
<coverage generated="1787216098423" clover="3.2.0">
  <project timestamp="1787216098423" name="All files">
    <metrics statements="1593" coveredstatements="1089" conditionals="651" coveredconditionals="265" methods="286" coveredmethods="177" elements="2530" coveredelements="1531" complexity="0" loc="1593" ncloc="1593" packages="8" files="46" classes="46"/>
    <package name="backend">
      <metrics statements="42" coveredstatements="40" conditionals="0" coveredconditionals="0" methods="4" coveredmethods="2"/>
      <file name="app.js" path="/workspaces/tu-mock-test-platform-main/backend/app.js">
        <metrics statements="42" coveredstatements="40" conditionals="0" coveredconditionals="0" methods="4" coveredmethods="2"/>
        <line num="1" count="2" type="stmt"/>
        <line num="2" count="2" type="stmt"/>
        <line num="3" count="2" type="stmt"/>
        <line num="4" count="2" type="stmt"/>
        <line num="5" count="2" type="stmt"/>
        <line num="6" count="2" type="stmt"/>
        <line num="9" count="2" type="stmt"/>
        <line num="10" count="2" type="stmt"/>
        <line num="11" count="2" type="stmt"/>
        <line num="12" count="2" type="stmt"/>
        <line num="13" count="2" type="stmt"/>
        <line num="14" count="2" type="stmt"/>
        <line num="15" count="2" type="stmt"/>
        <line num="16" count="2" type="stmt"/>
        <line num="19" count="2" type="stmt"/>
        <line num="22" count="2" type="stmt"/>
        <line num="25" count="2" type="stmt"/>
        <line num="28" count="2" type="stmt"/>
        <line num="29" count="2" type="stmt"/>
        <line num="37" count="2" type="stmt"/>
        <line num="40" count="2" type="stmt"/>
        <line num="41" count="2" type="stmt"/>
        <line num="44" count="2" type="stmt"/>
        <line num="45" count="63" type="stmt"/>
        <line num="47" count="63" type="stmt"/>
        <line num="48" count="63" type="stmt"/>
        <line num="49" count="63" type="stmt"/>
        <line num="59" count="63" type="stmt"/>
        <line num="63" count="2" type="stmt"/>
        <line num="64" count="0" type="stmt"/>
        <line num="73" count="2" type="stmt"/>
        <line num="74" count="2" type="stmt"/>
        <line num="75" count="2" type="stmt"/>
        <line num="76" count="2" type="stmt"/>
        <line num="77" count="2" type="stmt"/>
        <line num="78" count="2" type="stmt"/>
        <line num="79" count="2" type="stmt"/>
        <line num="80" count="2" type="stmt"/>
        <line num="83" count="2" type="stmt"/>
        <line num="84" count="0" type="stmt"/>
        <line num="91" count="2" type="stmt"/>
        <line num="94" count="2" type="stmt"/>
      </file>
    </package>
    <package name="backend.config">
      <metrics statements="99" coveredstatements="56" conditionals="28" coveredconditionals="9" methods="26" coveredmethods="8"/>
      <file name="db.js" path="/workspaces/tu-mock-test-platform-main/backend/config/db.js">
        <metrics statements="28" coveredstatements="14" conditionals="10" coveredconditionals="5" methods="6" coveredmethods="1"/>
        <line num="1" count="2" type="stmt"/>
        <line num="2" count="2" type="stmt"/>
        <line num="3" count="2" type="stmt"/>
        <line num="9" count="2" type="cond" truecount="2" falsecount="0"/>
        <line num="21" count="2" type="cond" truecount="1" falsecount="1"/>
        <line num="22" count="0" type="stmt"/>
        <line num="26" count="2" type="cond" truecount="1" falsecount="1"/>
        <line num="27" count="0" type="stmt"/>
        <line num="29" count="0" type="cond" truecount="0" falsecount="2"/>
        <line num="30" count="0" type="stmt"/>
        <line num="38" count="0" type="stmt"/>
        <line num="39" count="0" type="stmt"/>
        <line num="44" count="2" type="stmt"/>
        <line num="45" count="2" type="stmt"/>
        <line num="46" count="2" type="stmt"/>
        <line num="47" count="2" type="stmt"/>
        <line num="49" count="0" type="stmt"/>
        <line num="51" count="0" type="stmt"/>
        <line num="59" count="2" type="stmt"/>
        <line num="60" count="0" type="stmt"/>
        <line num="61" count="0" type="stmt"/>
        <line num="62" count="0" type="stmt"/>
        <line num="63" count="0" type="stmt"/>
        <line num="65" count="0" type="stmt"/>
        <line num="67" count="0" type="stmt"/>
        <line num="71" count="2" type="stmt"/>
        <line num="72" count="2" type="stmt"/>
        <line num="75" count="2" type="stmt"/>
      </file>
      <file name="env.js" path="/workspaces/tu-mock-test-platform-main/backend/config/env.js">
        <metrics statements="12" coveredstatements="12" conditionals="0" coveredconditionals="0" methods="5" coveredmethods="5"/>
        <line num="1" count="2" type="stmt"/>
        <line num="2" count="2" type="stmt"/>
        <line num="5" count="2" type="stmt"/>
        <line num="7" count="2" type="stmt"/>
        <line num="11" count="2" type="stmt"/>
        <line num="23" count="2" type="stmt"/>
        <line num="53" count="2" type="stmt"/>
        <line num="65" count="2" type="stmt"/>
        <line num="71" count="2" type="stmt"/>
        <line num="82" count="2" type="stmt"/>
        <line num="85" count="2" type="stmt"/>
        <line num="94" count="2" type="stmt"/>
      </file>
      <file name="logger.js" path="/workspaces/tu-mock-test-platform-main/backend/config/logger.js">
        <metrics statements="19" coveredstatements="12" conditionals="12" coveredconditionals="4" methods="3" coveredmethods="0"/>
        <line num="1" count="2" type="stmt"/>
        <line num="2" count="2" type="stmt"/>
        <line num="3" count="2" type="stmt"/>
        <line num="5" count="2" type="stmt"/>
        <line num="8" count="2" type="stmt"/>
        <line num="9" count="0" type="cond" truecount="0" falsecount="2"/>
        <line num="10" count="0" type="cond" truecount="0" falsecount="2"/>
        <line num="11" count="0" type="stmt"/>
        <line num="13" count="0" type="stmt"/>
        <line num="17" count="2" type="stmt"/>
        <line num="25" count="2" type="stmt"/>
        <line num="28" count="2" type="stmt"/>
        <line num="38" count="2" type="cond" truecount="1" falsecount="1"/>
        <line num="39" count="0" type="stmt"/>
        <line num="59" count="2" type="stmt"/>
        <line num="91" count="2" type="stmt"/>
        <line num="92" count="0" type="stmt"/>
        <line num="93" count="0" type="stmt"/>
        <line num="97" count="2" type="stmt"/>
      </file>
      <file name="redis.js" path="/workspaces/tu-mock-test-platform-main/backend/config/redis.js">
        <metrics statements="40" coveredstatements="18" conditionals="6" coveredconditionals="0" methods="12" coveredmethods="2"/>
        <line num="1" count="2" type="stmt"/>
        <line num="2" count="2" type="stmt"/>
        <line num="3" count="2" type="stmt"/>
        <line num="9" count="2" type="stmt"/>
        <line num="19" count="0" type="stmt"/>
        <line num="20" count="0" type="cond" truecount="0" falsecount="2"/>
        <line num="21" count="0" type="stmt"/>
        <line num="22" count="0" type="stmt"/>
        <line num="24" count="0" type="stmt"/>
        <line num="25" count="0" type="stmt"/>
        <line num="30" count="0" type="stmt"/>
        <line num="31" count="0" type="stmt"/>
        <line num="32" count="0" type="cond" truecount="0" falsecount="2"/>
        <line num="33" count="0" type="stmt"/>
        <line num="35" count="0" type="cond" truecount="0" falsecount="2"/>
        <line num="40" count="2" type="stmt"/>
        <line num="41" count="2" type="stmt"/>
        <line num="44" count="2" type="stmt"/>
        <line num="45" count="2" type="stmt"/>
        <line num="46" count="2" type="stmt"/>
        <line num="47" count="2" type="stmt"/>
        <line num="49" count="0" type="stmt"/>
        <line num="53" count="2" type="stmt"/>
        <line num="55" count="0" type="stmt"/>
        <line num="58" count="2" type="stmt"/>
        <line num="59" count="0" type="stmt"/>
        <line num="62" count="2" type="stmt"/>
        <line num="63" count="0" type="stmt"/>
        <line num="66" count="2" type="stmt"/>
        <line num="67" count="0" type="stmt"/>
        <line num="74" count="2" type="stmt"/>
        <line num="75" count="0" type="stmt"/>
        <line num="76" count="0" type="stmt"/>
        <line num="77" count="0" type="stmt"/>
        <line num="78" count="0" type="stmt"/>
        <line num="80" count="0" type="stmt"/>
        <line num="82" count="0" type="stmt"/>
        <line num="86" count="2" type="stmt"/>
        <line num="87" count="2" type="stmt"/>
        <line num="90" count="2" type="stmt"/>
      </file>
    </package>
    <package name="backend.controllers">
      <metrics statements="324" coveredstatements="206" conditionals="102" coveredconditionals="26" methods="57" coveredmethods="30"/>
      <file name="adminController.js" path="/workspaces/tu-mock-test-platform-main/backend/controllers/adminController.js">
        <metrics statements="55" coveredstatements="25" conditionals="42" coveredconditionals="11" methods="8" coveredmethods="3"/>
        <line num="1" count="2" type="stmt"/>
        <line num="2" count="2" type="stmt"/>
        <line num="3" count="2" type="stmt"/>
        <line num="4" count="2" type="stmt"/>
        <line num="6" count="2" type="stmt"/>
        <line num="7" count="0" type="cond" truecount="0" falsecount="2"/>
        <line num="8" count="0" type="cond" truecount="0" falsecount="2"/>
        <line num="19" count="2" type="stmt"/>
        <line num="20" count="0" type="stmt"/>
        <line num="45" count="0" type="stmt"/>
        <line num="50" count="2" type="stmt"/>
        <line num="51" count="1" type="stmt"/>
        <line num="52" count="1" type="stmt"/>
        <line num="64" count="1" type="stmt"/>
        <line num="65" count="1" type="stmt"/>
        <line num="74" count="1" type="stmt"/>
        <line num="87" count="2" type="stmt"/>
        <line num="88" count="1" type="stmt"/>
        <line num="95" count="1" type="stmt"/>
        <line num="104" count="2" type="stmt"/>
        <line num="105" count="2" type="stmt"/>
        <line num="107" count="2" type="cond" truecount="4" falsecount="1"/>
        <line num="108" count="0" type="stmt"/>
        <line num="110" count="2" type="cond" truecount="4" falsecount="1"/>
        <line num="111" count="0" type="stmt"/>
        <line num="113" count="2" type="cond" truecount="1" falsecount="1"/>
        <line num="114" count="0" type="stmt"/>
        <line num="117" count="2" type="stmt"/>
        <line num="125" count="1" type="stmt"/>
        <line num="134" count="2" type="stmt"/>
        <line num="135" count="0" type="stmt"/>
        <line num="136" count="0" type="stmt"/>
        <line num="138" count="0" type="stmt"/>
        <line num="142" count="0" type="cond" truecount="0" falsecount="2"/>
        <line num="144" count="0" type="stmt"/>
        <line num="145" count="0" type="cond" truecount="0" falsecount="2"/>
        <line num="146" count="0" type="cond" truecount="0" falsecount="4"/>
        <line num="147" count="0" type="stmt"/>
        <line num="149" count="0" type="stmt"/>
        <line num="151" count="0" type="cond" truecount="0" falsecount="2"/>
        <line num="152" count="0" type="cond" truecount="0" falsecount="4"/>
        <line num="153" count="0" type="stmt"/>
        <line num="155" count="0" type="cond" truecount="0" falsecount="2"/>
        <line num="156" count="0" type="stmt"/>
        <line num="158" count="0" type="stmt"/>
        <line num="160" count="0" type="cond" truecount="0" falsecount="4"/>
        <line num="162" count="0" type="stmt"/>
        <line num="167" count="0" type="stmt"/>
        <line num="176" count="2" type="stmt"/>
        <line num="177" count="0" type="stmt"/>
        <line num="179" count="0" type="stmt"/>
        <line num="183" count="0" type="cond" truecount="0" falsecount="2"/>
        <line num="185" count="0" type="stmt"/>
        <line num="187" count="0" type="stmt"/>
        <line num="192" count="2" type="stmt"/>
      </file>
      <file name="analyticsController.js" path="/workspaces/tu-mock-test-platform-main/backend/controllers/analyticsController.js">
        <metrics statements="25" coveredstatements="22" conditionals="2" coveredconditionals="1" methods="6" coveredmethods="5"/>
        <line num="1" count="2" type="stmt"/>
        <line num="2" count="2" type="stmt"/>
        <line num="3" count="2" type="stmt"/>
        <line num="6" count="2" type="cond" truecount="1" falsecount="1"/>
        <line num="12" count="2" type="stmt"/>
        <line num="13" count="1" type="stmt"/>
        <line num="15" count="1" type="stmt"/>
        <line num="24" count="2" type="stmt"/>
        <line num="25" count="1" type="stmt"/>
        <line num="27" count="1" type="stmt"/>
        <line num="36" count="2" type="stmt"/>
        <line num="37" count="0" type="stmt"/>
        <line num="39" count="0" type="stmt"/>
        <line num="41" count="0" type="stmt"/>
        <line num="50" count="2" type="stmt"/>
        <line num="51" count="1" type="stmt"/>
        <line num="52" count="1" type="stmt"/>
        <line num="54" count="1" type="stmt"/>
        <line num="56" count="1" type="stmt"/>
        <line num="65" count="2" type="stmt"/>
        <line num="66" count="1" type="stmt"/>
        <line num="68" count="1" type="stmt"/>
        <line num="70" count="1" type="stmt"/>
        <line num="75" count="2" type="stmt"/>
        <line num="77" count="2" type="stmt"/>
      </file>
      <file name="attemptController.js" path="/workspaces/tu-mock-test-platform-main/backend/controllers/attemptController.js">
        <metrics statements="25" coveredstatements="25" conditionals="8" coveredconditionals="4" methods="4" coveredmethods="4"/>
        <line num="1" count="2" type="stmt"/>
        <line num="2" count="2" type="stmt"/>
        <line num="3" count="2" type="stmt"/>
        <line num="6" count="2" type="stmt"/>
        <line num="7" count="4" type="stmt"/>
        <line num="8" count="4" type="cond" truecount="1" falsecount="1"/>
        <line num="10" count="4" type="stmt"/>
        <line num="12" count="1" type="stmt"/>
        <line num="18" count="2" type="stmt"/>
        <line num="19" count="1" type="stmt"/>
        <line num="20" count="1" type="cond" truecount="1" falsecount="1"/>
        <line num="22" count="1" type="stmt"/>
        <line num="30" count="1" type="stmt"/>
        <line num="36" count="2" type="stmt"/>
        <line num="37" count="1" type="stmt"/>
        <line num="38" count="1" type="cond" truecount="1" falsecount="1"/>
        <line num="40" count="1" type="stmt"/>
        <line num="42" count="1" type="stmt"/>
        <line num="48" count="2" type="stmt"/>
        <line num="49" count="2" type="stmt"/>
        <line num="50" count="2" type="cond" truecount="1" falsecount="1"/>
        <line num="52" count="2" type="stmt"/>
        <line num="54" count="2" type="stmt"/>
        <line num="60" count="2" type="stmt"/>
        <line num="62" count="2" type="stmt"/>
      </file>
      <file name="authController.js" path="/workspaces/tu-mock-test-platform-main/backend/controllers/authController.js">
        <metrics statements="47" coveredstatements="36" conditionals="11" coveredconditionals="3" methods="10" coveredmethods="7"/>
        <line num="1" count="2" type="stmt"/>
        <line num="2" count="2" type="stmt"/>
        <line num="3" count="2" type="stmt"/>
        <line num="4" count="2" type="stmt"/>
        <line num="6" count="2" type="cond" truecount="0" falsecount="1"/>
        <line num="7" count="0" type="stmt"/>
        <line num="8" count="0" type="stmt"/>
        <line num="9" count="0" type="cond" truecount="0" falsecount="2"/>
        <line num="10" count="0" type="stmt"/>
        <line num="11" count="0" type="stmt"/>
        <line num="15" count="2" type="stmt"/>
        <line num="16" count="3" type="cond" truecount="1" falsecount="1"/>
        <line num="17" count="3" type="stmt"/>
        <line num="20" count="0" type="cond" truecount="0" falsecount="2"/>
        <line num="21" count="0" type="stmt"/>
        <line num="24" count="2" type="stmt"/>
        <line num="25" count="4" type="stmt"/>
        <line num="34" count="2" type="stmt"/>
        <line num="35" count="1" type="stmt"/>
        <line num="47" count="2" type="stmt"/>
        <line num="48" count="1" type="stmt"/>
        <line num="50" count="1" type="stmt"/>
        <line num="51" count="1" type="stmt"/>
        <line num="53" count="1" type="stmt"/>
        <line num="62" count="2" type="stmt"/>
        <line num="63" count="3" type="stmt"/>
        <line num="65" count="3" type="stmt"/>
        <line num="66" count="2" type="stmt"/>
        <line num="68" count="2" type="stmt"/>
        <line num="77" count="2" type="stmt"/>
        <line num="78" count="1" type="stmt"/>
        <line num="80" count="1" type="cond" truecount="1" falsecount="1"/>
        <line num="81" count="1" type="stmt"/>
        <line num="84" count="1" type="stmt"/>
        <line num="86" count="1" type="stmt"/>
        <line num="95" count="2" type="stmt"/>
        <line num="96" count="2" type="stmt"/>
        <line num="98" count="2" type="cond" truecount="1" falsecount="1"/>
        <line num="99" count="0" type="stmt"/>
        <line num="102" count="2" type="stmt"/>
        <line num="103" count="1" type="stmt"/>
        <line num="105" count="1" type="stmt"/>
        <line num="114" count="2" type="stmt"/>
        <line num="115" count="0" type="stmt"/>
        <line num="117" count="0" type="stmt"/>
        <line num="119" count="0" type="stmt"/>
        <line num="124" count="2" type="stmt"/>
      </file>
      <file name="examController.js" path="/workspaces/tu-mock-test-platform-main/backend/controllers/examController.js">
        <metrics statements="50" coveredstatements="29" conditionals="4" coveredconditionals="3" methods="10" coveredmethods="4"/>
        <line num="1" count="2" type="stmt"/>
        <line num="2" count="2" type="stmt"/>
        <line num="3" count="2" type="stmt"/>
        <line num="10" count="2" type="stmt"/>
        <line num="11" count="1" type="stmt"/>
        <line num="12" count="1" type="cond" truecount="2" falsecount="0"/>
        <line num="14" count="1" type="stmt"/>
        <line num="22" count="1" type="stmt"/>
        <line num="31" count="2" type="stmt"/>
        <line num="32" count="0" type="stmt"/>
        <line num="34" count="0" type="stmt"/>
        <line num="36" count="0" type="stmt"/>
        <line num="46" count="2" type="stmt"/>
        <line num="47" count="2" type="stmt"/>
        <line num="48" count="2" type="cond" truecount="1" falsecount="1"/>
        <line num="49" count="2" type="stmt"/>
        <line num="51" count="2" type="stmt"/>
        <line num="53" count="2" type="stmt"/>
        <line num="62" count="2" type="stmt"/>
        <line num="63" count="1" type="stmt"/>
        <line num="65" count="1" type="stmt"/>
        <line num="74" count="2" type="stmt"/>
        <line num="75" count="0" type="stmt"/>
        <line num="77" count="0" type="stmt"/>
        <line num="79" count="0" type="stmt"/>
        <line num="88" count="2" type="stmt"/>
        <line num="89" count="0" type="stmt"/>
        <line num="91" count="0" type="stmt"/>
        <line num="93" count="0" type="stmt"/>
        <line num="102" count="2" type="stmt"/>
        <line num="103" count="1" type="stmt"/>
        <line num="104" count="1" type="stmt"/>
        <line num="106" count="1" type="stmt"/>
        <line num="108" count="1" type="stmt"/>
        <line num="117" count="2" type="stmt"/>
        <line num="118" count="0" type="stmt"/>
        <line num="119" count="0" type="stmt"/>
        <line num="121" count="0" type="stmt"/>
        <line num="123" count="0" type="stmt"/>
        <line num="132" count="2" type="stmt"/>
        <line num="133" count="0" type="stmt"/>
        <line num="134" count="0" type="stmt"/>
        <line num="136" count="0" type="stmt"/>
        <line num="138" count="0" type="stmt"/>
        <line num="147" count="2" type="stmt"/>
        <line num="148" count="0" type="stmt"/>
        <line num="149" count="0" type="stmt"/>
        <line num="151" count="0" type="stmt"/>
        <line num="153" count="0" type="stmt"/>
        <line num="158" count="2" type="stmt"/>
      </file>
      <file name="leaderboardController.js" path="/workspaces/tu-mock-test-platform-main/backend/controllers/leaderboardController.js">
        <metrics statements="11" coveredstatements="5" conditionals="9" coveredconditionals="0" methods="1" coveredmethods="0"/>
        <line num="1" count="2" type="stmt"/>
        <line num="2" count="2" type="stmt"/>
        <line num="3" count="2" type="stmt"/>
        <line num="5" count="2" type="stmt"/>
        <line num="6" count="0" type="cond" truecount="0" falsecount="2"/>
        <line num="7" count="0" type="cond" truecount="0" falsecount="2"/>
        <line num="9" count="0" type="cond" truecount="0" falsecount="5"/>
        <line num="10" count="0" type="stmt"/>
        <line num="13" count="0" type="stmt"/>
        <line num="15" count="0" type="stmt"/>
        <line num="20" count="2" type="stmt"/>
      </file>
      <file name="questionController.js" path="/workspaces/tu-mock-test-platform-main/backend/controllers/questionController.js">
        <metrics statements="40" coveredstatements="25" conditionals="4" coveredconditionals="1" methods="7" coveredmethods="3"/>
        <line num="1" count="2" type="stmt"/>
        <line num="2" count="2" type="stmt"/>
        <line num="3" count="2" type="stmt"/>
        <line num="4" count="2" type="stmt"/>
        <line num="5" count="2" type="stmt"/>
        <line num="6" count="2" type="stmt"/>
        <line num="12" count="2" type="stmt"/>
        <line num="13" count="5" type="stmt"/>
        <line num="15" count="5" type="stmt"/>
        <line num="24" count="5" type="stmt"/>
        <line num="33" count="2" type="stmt"/>
        <line num="34" count="0" type="stmt"/>
        <line num="36" count="0" type="stmt"/>
        <line num="38" count="0" type="stmt"/>
        <line num="47" count="2" type="stmt"/>
        <line num="48" count="1" type="stmt"/>
        <line num="50" count="1" type="stmt"/>
        <line num="59" count="2" type="stmt"/>
        <line num="60" count="0" type="stmt"/>
        <line num="62" count="0" type="stmt"/>
        <line num="64" count="0" type="stmt"/>
        <line num="73" count="2" type="stmt"/>
        <line num="74" count="0" type="stmt"/>
        <line num="76" count="0" type="stmt"/>
        <line num="78" count="0" type="stmt"/>
        <line num="87" count="2" type="stmt"/>
        <line num="88" count="0" type="stmt"/>
        <line num="90" count="0" type="stmt"/>
        <line num="92" count="0" type="cond" truecount="0" falsecount="2"/>
        <line num="96" count="0" type="stmt"/>
        <line num="106" count="2" type="stmt"/>
        <line num="107" count="3" type="cond" truecount="1" falsecount="1"/>
        <line num="108" count="0" type="stmt"/>
        <line num="112" count="3" type="stmt"/>
        <line num="113" count="3" type="stmt"/>
        <line num="116" count="3" type="stmt"/>
        <line num="117" count="3" type="stmt"/>
        <line num="119" count="0" type="stmt"/>
        <line num="126" count="2" type="stmt"/>
        <line num="131" count="2" type="stmt"/>
      </file>
      <file name="resultController.js" path="/workspaces/tu-mock-test-platform-main/backend/controllers/resultController.js">
        <metrics statements="30" coveredstatements="15" conditionals="16" coveredconditionals="3" methods="3" coveredmethods="1"/>
        <line num="1" count="2" type="stmt"/>
        <line num="2" count="2" type="stmt"/>
        <line num="3" count="2" type="stmt"/>
        <line num="4" count="2" type="stmt"/>
        <line num="11" count="2" type="stmt"/>
        <line num="12" count="2" type="stmt"/>
        <line num="13" count="2" type="stmt"/>
        <line num="16" count="2" type="stmt"/>
        <line num="21" count="2" type="cond" truecount="1" falsecount="1"/>
        <line num="22" count="0" type="stmt"/>
        <line num="25" count="2" type="cond" truecount="2" falsecount="2"/>
        <line num="26" count="0" type="stmt"/>
        <line num="29" count="2" type="stmt"/>
        <line num="31" count="2" type="stmt"/>
        <line num="40" count="2" type="stmt"/>
        <line num="41" count="0" type="stmt"/>
        <line num="42" count="0" type="stmt"/>
        <line num="44" count="0" type="stmt"/>
        <line num="49" count="0" type="stmt"/>
        <line num="54" count="2" type="stmt"/>
        <line num="55" count="0" type="stmt"/>
        <line num="56" count="0" type="stmt"/>
        <line num="58" count="0" type="stmt"/>
        <line num="63" count="0" type="cond" truecount="0" falsecount="2"/>
        <line num="64" count="0" type="stmt"/>
        <line num="67" count="0" type="cond" truecount="0" falsecount="4"/>
        <line num="68" count="0" type="stmt"/>
        <line num="71" count="0" type="stmt"/>
        <line num="73" count="0" type="stmt"/>
        <line num="78" count="2" type="stmt"/>
      </file>
      <file name="userController.js" path="/workspaces/tu-mock-test-platform-main/backend/controllers/userController.js">
        <metrics statements="41" coveredstatements="24" conditionals="6" coveredconditionals="0" methods="8" coveredmethods="3"/>
        <line num="1" count="2" type="stmt"/>
        <line num="2" count="2" type="stmt"/>
        <line num="3" count="2" type="stmt"/>
        <line num="4" count="2" type="stmt"/>
        <line num="10" count="2" type="stmt"/>
        <line num="11" count="3" type="stmt"/>
        <line num="13" count="3" type="stmt"/>
        <line num="15" count="3" type="stmt"/>
        <line num="24" count="2" type="stmt"/>
        <line num="25" count="1" type="stmt"/>
        <line num="26" count="1" type="stmt"/>
        <line num="28" count="1" type="stmt"/>
        <line num="36" count="1" type="stmt"/>
        <line num="41" count="2" type="stmt"/>
        <line num="42" count="2" type="stmt"/>
        <line num="43" count="2" type="stmt"/>
        <line num="45" count="2" type="stmt"/>
        <line num="47" count="1" type="stmt"/>
        <line num="56" count="2" type="stmt"/>
        <line num="57" count="0" type="stmt"/>
        <line num="59" count="0" type="stmt"/>
        <line num="61" count="0" type="stmt"/>
        <line num="70" count="2" type="stmt"/>
        <line num="71" count="0" type="stmt"/>
        <line num="72" count="0" type="stmt"/>
        <line num="74" count="0" type="stmt"/>
        <line num="76" count="0" type="stmt"/>
        <line num="85" count="2" type="stmt"/>
        <line num="86" count="0" type="stmt"/>
        <line num="88" count="0" type="stmt"/>
        <line num="94" count="0" type="stmt"/>
        <line num="103" count="2" type="stmt"/>
        <line num="104" count="0" type="stmt"/>
        <line num="106" count="0" type="stmt"/>
        <line num="108" count="0" type="stmt"/>
        <line num="113" count="2" type="stmt"/>
        <line num="114" count="0" type="stmt"/>
        <line num="116" count="0" type="stmt"/>
        <line num="118" count="0" type="cond" truecount="0" falsecount="2"/>
        <line num="122" count="0" type="stmt"/>
        <line num="127" count="2" type="stmt"/>
      </file>
    </package>
    <package name="backend.middleware">
      <metrics statements="117" coveredstatements="81" conditionals="62" coveredconditionals="38" methods="17" coveredmethods="12"/>
      <file name="authMiddleware.js" path="/workspaces/tu-mock-test-platform-main/backend/middleware/authMiddleware.js">
        <metrics statements="13" coveredstatements="12" conditionals="10" coveredconditionals="7" methods="1" coveredmethods="1"/>
        <line num="1" count="2" type="stmt"/>
        <line num="2" count="2" type="stmt"/>
        <line num="14" count="2" type="stmt"/>
        <line num="15" count="40" type="stmt"/>
        <line num="17" count="40" type="cond" truecount="4" falsecount="0"/>
        <line num="18" count="1" type="stmt"/>
        <line num="21" count="39" type="stmt"/>
        <line num="23" count="39" type="cond" truecount="1" falsecount="1"/>
        <line num="24" count="0" type="stmt"/>
        <line num="27" count="39" type="stmt"/>
        <line num="28" count="38" type="stmt"/>
        <line num="34" count="38" type="stmt"/>
        <line num="37" count="2" type="stmt"/>
      </file>
      <file name="errorMiddleware.js" path="/workspaces/tu-mock-test-platform-main/backend/middleware/errorMiddleware.js">
        <metrics statements="54" coveredstatements="27" conditionals="39" coveredconditionals="21" methods="2" coveredmethods="1"/>
        <line num="1" count="2" type="stmt"/>
        <line num="2" count="2" type="stmt"/>
        <line num="3" count="2" type="stmt"/>
        <line num="12" count="2" type="stmt"/>
        <line num="13" count="18" type="cond" truecount="2" falsecount="0"/>
        <line num="14" count="18" type="cond" truecount="1" falsecount="1"/>
        <line num="15" count="18" type="cond" truecount="2" falsecount="0"/>
        <line num="16" count="18" type="stmt"/>
        <line num="19" count="18" type="cond" truecount="2" falsecount="0"/>
        <line num="20" count="1" type="stmt"/>
        <line num="22" count="1" type="cond" truecount="1" falsecount="4"/>
        <line num="24" count="1" type="stmt"/>
        <line num="25" count="1" type="cond" truecount="1" falsecount="1"/>
        <line num="26" count="1" type="stmt"/>
        <line num="27" count="1" type="stmt"/>
        <line num="28" count="1" type="stmt"/>
        <line num="31" count="0" type="stmt"/>
        <line num="32" count="0" type="cond" truecount="0" falsecount="2"/>
        <line num="33" count="0" type="stmt"/>
        <line num="36" count="0" type="stmt"/>
        <line num="37" count="0" type="stmt"/>
        <line num="38" count="0" type="stmt"/>
        <line num="41" count="0" type="stmt"/>
        <line num="42" count="0" type="stmt"/>
        <line num="43" count="0" type="stmt"/>
        <line num="46" count="0" type="stmt"/>
        <line num="47" count="0" type="stmt"/>
        <line num="48" count="0" type="stmt"/>
        <line num="53" count="18" type="cond" truecount="1" falsecount="1"/>
        <line num="54" count="0" type="stmt"/>
        <line num="55" count="0" type="stmt"/>
        <line num="56" count="0" type="stmt"/>
        <line num="60" count="18" type="cond" truecount="1" falsecount="1"/>
        <line num="61" count="0" type="stmt"/>
        <line num="62" count="0" type="stmt"/>
        <line num="63" count="0" type="stmt"/>
        <line num="64" count="18" type="cond" truecount="1" falsecount="1"/>
        <line num="65" count="0" type="stmt"/>
        <line num="66" count="0" type="stmt"/>
        <line num="67" count="0" type="stmt"/>
        <line num="71" count="18" type="cond" truecount="2" falsecount="2"/>
        <line num="72" count="0" type="stmt"/>
        <line num="73" count="0" type="stmt"/>
        <line num="74" count="0" type="cond" truecount="0" falsecount="2"/>
        <line num="75" count="0" type="stmt"/>
        <line num="80" count="18" type="stmt"/>
        <line num="90" count="18" type="cond" truecount="1" falsecount="1"/>
        <line num="91" count="0" type="stmt"/>
        <line num="93" count="18" type="stmt"/>
        <line num="97" count="18" type="stmt"/>
        <line num="104" count="18" type="cond" truecount="2" falsecount="2"/>
        <line num="105" count="0" type="stmt"/>
        <line num="108" count="18" type="stmt"/>
        <line num="111" count="2" type="stmt"/>
      </file>
      <file name="rateLimitMiddleware.js" path="/workspaces/tu-mock-test-platform-main/backend/middleware/rateLimitMiddleware.js">
        <metrics statements="23" coveredstatements="16" conditionals="1" coveredconditionals="0" methods="9" coveredmethods="5"/>
        <line num="1" count="2" type="stmt"/>
        <line num="2" count="2" type="stmt"/>
        <line num="3" count="2" type="stmt"/>
        <line num="12" count="4" type="stmt"/>
        <line num="13" count="4" type="stmt"/>
        <line num="17" count="4" type="stmt"/>
        <line num="21" count="12" type="stmt"/>
        <line num="23" count="12" type="stmt"/>
        <line num="24" count="12" type="stmt"/>
        <line num="30" count="12" type="stmt"/>
        <line num="31" count="12" type="stmt"/>
        <line num="37" count="0" type="stmt"/>
        <line num="45" count="0" type="stmt"/>
        <line num="46" count="0" type="stmt"/>
        <line num="53" count="0" type="stmt"/>
        <line num="54" count="0" type="stmt"/>
        <line num="62" count="2" type="stmt"/>
        <line num="68" count="0" type="stmt"/>
        <line num="70" count="0" type="stmt"/>
        <line num="78" count="2" type="stmt"/>
        <line num="84" count="12" type="stmt"/>
        <line num="86" count="8" type="stmt"/>
        <line num="93" count="2" type="stmt"/>
      </file>
      <file name="roleMiddleware.js" path="/workspaces/tu-mock-test-platform-main/backend/middleware/roleMiddleware.js">
        <metrics statements="9" coveredstatements="8" conditionals="4" coveredconditionals="3" methods="2" coveredmethods="2"/>
        <line num="1" count="2" type="stmt"/>
        <line num="15" count="2" type="stmt"/>
        <line num="16" count="42" type="stmt"/>
        <line num="17" count="20" type="cond" truecount="1" falsecount="1"/>
        <line num="18" count="0" type="stmt"/>
        <line num="21" count="20" type="cond" truecount="2" falsecount="0"/>
        <line num="22" count="3" type="stmt"/>
        <line num="28" count="17" type="stmt"/>
        <line num="32" count="2" type="stmt"/>
      </file>
      <file name="validateMiddleware.js" path="/workspaces/tu-mock-test-platform-main/backend/middleware/validateMiddleware.js">
        <metrics statements="18" coveredstatements="18" conditionals="8" coveredconditionals="7" methods="3" coveredmethods="3"/>
        <line num="1" count="2" type="stmt"/>
        <line num="13" count="2" type="stmt"/>
        <line num="14" count="24" type="stmt"/>
        <line num="15" count="25" type="stmt"/>
        <line num="18" count="25" type="stmt"/>
        <line num="20" count="25" type="stmt"/>
        <line num="21" count="75" type="stmt"/>
        <line num="22" count="75" type="cond" truecount="2" falsecount="0"/>
        <line num="24" count="25" type="stmt"/>
        <line num="26" count="25" type="cond" truecount="2" falsecount="0"/>
        <line num="27" count="5" type="stmt"/>
        <line num="28" count="8" type="cond" truecount="1" falsecount="1"/>
        <line num="29" count="8" type="stmt"/>
        <line num="33" count="20" type="stmt"/>
        <line num="37" count="25" type="cond" truecount="2" falsecount="0"/>
        <line num="38" count="5" type="stmt"/>
        <line num="41" count="20" type="stmt"/>
        <line num="45" count="2" type="stmt"/>
      </file>
    </package>
    <package name="backend.routes">
      <metrics statements="123" coveredstatements="122" conditionals="4" coveredconditionals="2" methods="3" coveredmethods="3"/>
      <file name="adminRoutes.js" path="/workspaces/tu-mock-test-platform-main/backend/routes/adminRoutes.js">
        <metrics statements="13" coveredstatements="13" conditionals="0" coveredconditionals="0" methods="0" coveredmethods="0"/>
        <line num="1" count="2" type="stmt"/>
        <line num="2" count="2" type="stmt"/>
        <line num="3" count="2" type="stmt"/>
        <line num="4" count="2" type="stmt"/>
        <line num="6" count="2" type="stmt"/>
        <line num="10" count="2" type="stmt"/>
        <line num="14" count="2" type="stmt"/>
        <line num="15" count="2" type="stmt"/>
        <line num="19" count="2" type="stmt"/>
        <line num="20" count="2" type="stmt"/>
        <line num="21" count="2" type="stmt"/>
        <line num="22" count="2" type="stmt"/>
        <line num="24" count="2" type="stmt"/>
      </file>
      <file name="analyticsRoutes.js" path="/workspaces/tu-mock-test-platform-main/backend/routes/analyticsRoutes.js">
        <metrics statements="12" coveredstatements="12" conditionals="0" coveredconditionals="0" methods="0" coveredmethods="0"/>
        <line num="1" count="2" type="stmt"/>
        <line num="2" count="2" type="stmt"/>
        <line num="3" count="2" type="stmt"/>
        <line num="4" count="2" type="stmt"/>
        <line num="6" count="2" type="stmt"/>
        <line num="9" count="2" type="stmt"/>
        <line num="13" count="2" type="stmt"/>
        <line num="19" count="2" type="stmt"/>
        <line num="25" count="2" type="stmt"/>
        <line num="33" count="2" type="stmt"/>
        <line num="35" count="2" type="stmt"/>
        <line num="37" count="2" type="stmt"/>
      </file>
      <file name="attemptRoutes.js" path="/workspaces/tu-mock-test-platform-main/backend/routes/attemptRoutes.js">
        <metrics statements="12" coveredstatements="12" conditionals="0" coveredconditionals="0" methods="0" coveredmethods="0"/>
        <line num="1" count="2" type="stmt"/>
        <line num="2" count="2" type="stmt"/>
        <line num="3" count="2" type="stmt"/>
        <line num="4" count="2" type="stmt"/>
        <line num="10" count="2" type="stmt"/>
        <line num="12" count="2" type="stmt"/>
        <line num="15" count="2" type="stmt"/>
        <line num="19" count="2" type="stmt"/>
        <line num="25" count="2" type="stmt"/>
        <line num="31" count="2" type="stmt"/>
        <line num="37" count="2" type="stmt"/>
        <line num="43" count="2" type="stmt"/>
      </file>
      <file name="authRoutes.js" path="/workspaces/tu-mock-test-platform-main/backend/routes/authRoutes.js">
        <metrics statements="13" coveredstatements="13" conditionals="0" coveredconditionals="0" methods="0" coveredmethods="0"/>
        <line num="1" count="2" type="stmt"/>
        <line num="2" count="2" type="stmt"/>
        <line num="3" count="2" type="stmt"/>
        <line num="4" count="2" type="stmt"/>
        <line num="5" count="2" type="stmt"/>
        <line num="9" count="2" type="stmt"/>
        <line num="11" count="2" type="stmt"/>
        <line num="15" count="2" type="stmt"/>
        <line num="22" count="2" type="stmt"/>
        <line num="29" count="2" type="stmt"/>
        <line num="31" count="2" type="stmt"/>
        <line num="35" count="2" type="stmt"/>
        <line num="41" count="2" type="stmt"/>
      </file>
      <file name="examRoutes.js" path="/workspaces/tu-mock-test-platform-main/backend/routes/examRoutes.js">
        <metrics statements="20" coveredstatements="20" conditionals="0" coveredconditionals="0" methods="0" coveredmethods="0"/>
        <line num="1" count="2" type="stmt"/>
        <line num="2" count="2" type="stmt"/>
        <line num="3" count="2" type="stmt"/>
        <line num="4" count="2" type="stmt"/>
        <line num="5" count="2" type="stmt"/>
        <line num="6" count="2" type="stmt"/>
        <line num="11" count="2" type="stmt"/>
        <line num="13" count="2" type="stmt"/>
        <line num="17" count="2" type="stmt"/>
        <line num="23" count="2" type="stmt"/>
        <line num="24" count="2" type="stmt"/>
        <line num="26" count="2" type="stmt"/>
        <line num="30" count="2" type="stmt"/>
        <line num="38" count="2" type="stmt"/>
        <line num="46" count="2" type="stmt"/>
        <line num="55" count="2" type="stmt"/>
        <line num="62" count="2" type="stmt"/>
        <line num="69" count="2" type="stmt"/>
        <line num="76" count="2" type="stmt"/>
        <line num="83" count="2" type="stmt"/>
      </file>
      <file name="questionRoutes.js" path="/workspaces/tu-mock-test-platform-main/backend/routes/questionRoutes.js">
        <metrics statements="29" coveredstatements="28" conditionals="4" coveredconditionals="2" methods="3" coveredmethods="3"/>
        <line num="1" count="2" type="stmt"/>
        <line num="2" count="2" type="stmt"/>
        <line num="3" count="2" type="stmt"/>
        <line num="4" count="2" type="stmt"/>
        <line num="5" count="2" type="stmt"/>
        <line num="6" count="2" type="stmt"/>
        <line num="7" count="2" type="stmt"/>
        <line num="8" count="2" type="stmt"/>
        <line num="13" count="2" type="stmt"/>
        <line num="15" count="2" type="stmt"/>
        <line num="16" count="2" type="stmt"/>
        <line num="19" count="2" type="stmt"/>
        <line num="21" count="3" type="stmt"/>
        <line num="24" count="3" type="stmt"/>
        <line num="25" count="3" type="stmt"/>
        <line num="29" count="2" type="stmt"/>
        <line num="30" count="3" type="cond" truecount="2" falsecount="2"/>
        <line num="31" count="3" type="stmt"/>
        <line num="33" count="0" type="stmt"/>
        <line num="37" count="2" type="stmt"/>
        <line num="46" count="2" type="stmt"/>
        <line num="50" count="2" type="stmt"/>
        <line num="56" count="2" type="stmt"/>
        <line num="60" count="2" type="stmt"/>
        <line num="68" count="2" type="stmt"/>
        <line num="76" count="2" type="stmt"/>
        <line num="83" count="2" type="stmt"/>
        <line num="92" count="2" type="stmt"/>
        <line num="100" count="2" type="stmt"/>
      </file>
      <file name="resultRoutes.js" path="/workspaces/tu-mock-test-platform-main/backend/routes/resultRoutes.js">
        <metrics statements="9" coveredstatements="9" conditionals="0" coveredconditionals="0" methods="0" coveredmethods="0"/>
        <line num="1" count="2" type="stmt"/>
        <line num="2" count="2" type="stmt"/>
        <line num="3" count="2" type="stmt"/>
        <line num="5" count="2" type="stmt"/>
        <line num="8" count="2" type="stmt"/>
        <line num="12" count="2" type="stmt"/>
        <line num="13" count="2" type="stmt"/>
        <line num="14" count="2" type="stmt"/>
        <line num="16" count="2" type="stmt"/>
      </file>
      <file name="userRoutes.js" path="/workspaces/tu-mock-test-platform-main/backend/routes/userRoutes.js">
        <metrics statements="15" coveredstatements="15" conditionals="0" coveredconditionals="0" methods="0" coveredmethods="0"/>
        <line num="1" count="2" type="stmt"/>
        <line num="2" count="2" type="stmt"/>
        <line num="3" count="2" type="stmt"/>
        <line num="4" count="2" type="stmt"/>
        <line num="6" count="2" type="stmt"/>
        <line num="10" count="2" type="stmt"/>
        <line num="11" count="2" type="stmt"/>
        <line num="12" count="2" type="stmt"/>
        <line num="13" count="2" type="stmt"/>
        <line num="17" count="2" type="stmt"/>
        <line num="24" count="2" type="stmt"/>
        <line num="31" count="2" type="stmt"/>
        <line num="38" count="2" type="stmt"/>
        <line num="45" count="2" type="stmt"/>
        <line num="52" count="2" type="stmt"/>
      </file>
    </package>
    <package name="backend.services">
      <metrics statements="649" coveredstatements="428" conditionals="322" coveredconditionals="140" methods="116" coveredmethods="79"/>
      <file name="analyticsService.js" path="/workspaces/tu-mock-test-platform-main/backend/services/analyticsService.js">
        <metrics statements="63" coveredstatements="63" conditionals="38" coveredconditionals="24" methods="17" coveredmethods="16"/>
        <line num="1" count="2" type="stmt"/>
        <line num="2" count="2" type="stmt"/>
        <line num="3" count="2" type="stmt"/>
        <line num="4" count="2" type="stmt"/>
        <line num="7" count="2" type="stmt"/>
        <line num="8" count="2" type="stmt"/>
        <line num="9" count="2" type="stmt"/>
        <line num="10" count="1" type="cond" truecount="1" falsecount="1"/>
        <line num="11" count="2" type="stmt"/>
        <line num="15" count="2" type="stmt"/>
        <line num="23" count="2" type="stmt"/>
        <line num="24" count="1" type="stmt"/>
        <line num="26" count="1" type="stmt"/>
        <line num="27" count="1" type="stmt"/>
        <line num="28" count="1" type="stmt"/>
        <line num="31" count="1" type="stmt"/>
        <line num="43" count="1" type="stmt"/>
        <line num="54" count="2" type="stmt"/>
        <line num="55" count="1" type="stmt"/>
        <line num="57" count="1" type="stmt"/>
        <line num="58" count="1" type="stmt"/>
        <line num="91" count="1" type="stmt"/>
        <line num="104" count="2" type="cond" truecount="0" falsecount="2"/>
        <line num="105" count="1" type="stmt"/>
        <line num="107" count="1" type="stmt"/>
        <line num="108" count="1" type="stmt"/>
        <line num="109" count="1" type="stmt"/>
        <line num="110" count="1" type="stmt"/>
        <line num="112" count="1" type="cond" truecount="1" falsecount="1"/>
        <line num="114" count="1" type="stmt"/>
        <line num="127" count="1" type="stmt"/>
        <line num="132" count="2" type="stmt"/>
        <line num="133" count="1" type="stmt"/>
        <line num="135" count="1" type="stmt"/>
        <line num="137" count="1" type="stmt"/>
        <line num="167" count="1" type="stmt"/>
        <line num="168" count="1" type="cond" truecount="2" falsecount="0"/>
        <line num="169" count="1" type="cond" truecount="1" falsecount="1"/>
        <line num="170" count="1" type="cond" truecount="3" falsecount="1"/>
        <line num="171" count="1" type="cond" truecount="1" falsecount="1"/>
        <line num="176" count="1" type="stmt"/>
        <line num="190" count="1" type="stmt"/>
        <line num="191" count="1" type="stmt"/>
        <line num="192" count="1" type="stmt"/>
        <line num="193" count="1" type="cond" truecount="1" falsecount="1"/>
        <line num="195" count="1" type="cond" truecount="1" falsecount="1"/>
        <line num="196" count="1" type="stmt"/>
        <line num="207" count="1" type="stmt"/>
        <line num="208" count="1" type="stmt"/>
        <line num="209" count="1" type="cond" truecount="2" falsecount="0"/>
        <line num="210" count="1" type="cond" truecount="2" falsecount="0"/>
        <line num="211" count="1" type="cond" truecount="4" falsecount="2"/>
        <line num="214" count="1" type="stmt"/>
        <line num="223" count="1" type="stmt"/>
        <line num="224" count="1" type="cond" truecount="1" falsecount="1"/>
        <line num="225" count="1" type="cond" truecount="1" falsecount="1"/>
        <line num="227" count="1" type="stmt"/>
        <line num="245" count="2" type="stmt"/>
        <line num="246" count="1" type="stmt"/>
        <line num="247" count="1" type="stmt"/>
        <line num="249" count="1" type="stmt"/>
        <line num="250" count="1" type="stmt"/>
        <line num="253" count="2" type="stmt"/>
      </file>
      <file name="attemptService.js" path="/workspaces/tu-mock-test-platform-main/backend/services/attemptService.js">
        <metrics statements="84" coveredstatements="72" conditionals="56" coveredconditionals="30" methods="14" coveredmethods="13"/>
        <line num="1" count="2" type="stmt"/>
        <line num="2" count="2" type="stmt"/>
        <line num="3" count="2" type="stmt"/>
        <line num="4" count="2" type="stmt"/>
        <line num="8" count="2" type="stmt"/>
        <line num="9" count="2" type="stmt"/>
        <line num="10" count="2" type="stmt"/>
        <line num="11" count="2" type="stmt"/>
        <line num="12" count="2" type="stmt"/>
        <line num="13" count="2" type="stmt"/>
        <line num="16" count="2" type="stmt"/>
        <line num="17" count="1" type="stmt"/>
        <line num="20" count="2" type="stmt"/>
        <line num="21" count="9" type="cond" truecount="1" falsecount="1"/>
        <line num="26" count="3" type="stmt"/>
        <line num="37" count="2" type="stmt"/>
        <line num="38" count="4" type="stmt"/>
        <line num="40" count="4" type="stmt"/>
        <line num="47" count="4" type="cond" truecount="2" falsecount="0"/>
        <line num="48" count="2" type="cond" truecount="1" falsecount="1"/>
        <line num="49" count="2" type="cond" truecount="2" falsecount="2"/>
        <line num="50" count="0" type="stmt"/>
        <line num="52" count="2" type="cond" truecount="2" falsecount="2"/>
        <line num="53" count="0" type="stmt"/>
        <line num="55" count="2" type="cond" truecount="1" falsecount="1"/>
        <line num="56" count="0" type="stmt"/>
        <line num="62" count="2" type="stmt"/>
        <line num="63" count="2" type="stmt"/>
        <line num="91" count="2" type="cond" truecount="2" falsecount="0"/>
        <line num="92" count="1" type="stmt"/>
        <line num="95" count="1" type="stmt"/>
        <line num="127" count="1" type="stmt"/>
        <line num="130" count="1" type="stmt"/>
        <line num="134" count="2" type="stmt"/>
        <line num="141" count="1" type="stmt"/>
        <line num="146" count="1" type="cond" truecount="1" falsecount="1"/>
        <line num="147" count="1" type="cond" truecount="1" falsecount="1"/>
        <line num="148" count="0" type="stmt"/>
        <line num="152" count="1" type="cond" truecount="1" falsecount="1"/>
        <line num="153" count="0" type="stmt"/>
        <line num="154" count="0" type="stmt"/>
        <line num="158" count="1" type="stmt"/>
        <line num="161" count="1" type="cond" truecount="1" falsecount="1"/>
        <line num="162" count="0" type="stmt"/>
        <line num="166" count="1" type="stmt"/>
        <line num="171" count="1" type="cond" truecount="2" falsecount="0"/>
        <line num="172" count="1" type="cond" truecount="1" falsecount="1"/>
        <line num="173" count="1" type="cond" truecount="1" falsecount="1"/>
        <line num="175" count="1" type="stmt"/>
        <line num="198" count="1" type="stmt"/>
        <line num="202" count="2" type="stmt"/>
        <line num="203" count="1" type="stmt"/>
        <line num="208" count="1" type="cond" truecount="1" falsecount="1"/>
        <line num="209" count="1" type="cond" truecount="1" falsecount="1"/>
        <line num="210" count="0" type="stmt"/>
        <line num="213" count="1" type="stmt"/>
        <line num="214" count="1" type="cond" truecount="1" falsecount="1"/>
        <line num="217" count="1" type="stmt"/>
        <line num="218" count="1" type="stmt"/>
        <line num="219" count="1" type="cond" truecount="1" falsecount="1"/>
        <line num="220" count="1" type="cond" truecount="1" falsecount="1"/>
        <line num="224" count="1" type="stmt"/>
        <line num="226" count="1" type="stmt"/>
        <line num="231" count="1" type="stmt"/>
        <line num="232" count="1" type="stmt"/>
        <line num="233" count="1" type="cond" truecount="2" falsecount="0"/>
        <line num="235" count="1" type="stmt"/>
        <line num="236" count="1" type="stmt"/>
        <line num="239" count="1" type="stmt"/>
        <line num="253" count="1" type="stmt"/>
        <line num="272" count="1" type="stmt"/>
        <line num="276" count="1" type="stmt"/>
        <line num="281" count="1" type="stmt"/>
        <line num="285" count="2" type="stmt"/>
        <line num="286" count="0" type="stmt"/>
        <line num="291" count="0" type="cond" truecount="0" falsecount="4"/>
        <line num="293" count="0" type="stmt"/>
        <line num="297" count="2" type="stmt"/>
        <line num="298" count="2" type="stmt"/>
        <line num="336" count="2" type="cond" truecount="1" falsecount="1"/>
        <line num="337" count="2" type="cond" truecount="1" falsecount="1"/>
        <line num="338" count="0" type="stmt"/>
        <line num="341" count="2" type="stmt"/>
        <line num="344" count="2" type="stmt"/>
      </file>
      <file name="authService.js" path="/workspaces/tu-mock-test-platform-main/backend/services/authService.js">
        <metrics statements="64" coveredstatements="55" conditionals="20" coveredconditionals="15" methods="9" coveredmethods="8"/>
        <line num="1" count="2" type="stmt"/>
        <line num="2" count="2" type="stmt"/>
        <line num="3" count="2" type="stmt"/>
        <line num="4" count="2" type="stmt"/>
        <line num="5" count="2" type="stmt"/>
        <line num="8" count="2" type="stmt"/>
        <line num="9" count="7" type="stmt"/>
        <line num="12" count="2" type="stmt"/>
        <line num="13" count="4" type="stmt"/>
        <line num="14" count="4" type="stmt"/>
        <line num="18" count="2" type="stmt"/>
        <line num="19" count="1" type="stmt"/>
        <line num="20" count="1" type="cond" truecount="1" falsecount="1"/>
        <line num="21" count="0" type="stmt"/>
        <line num="24" count="1" type="stmt"/>
        <line num="26" count="1" type="stmt"/>
        <line num="27" count="1" type="stmt"/>
        <line num="41" count="1" type="stmt"/>
        <line num="44" count="1" type="stmt"/>
        <line num="50" count="1" type="stmt"/>
        <line num="58" count="1" type="stmt"/>
        <line num="66" count="2" type="stmt"/>
        <line num="67" count="3" type="stmt"/>
        <line num="72" count="3" type="cond" truecount="1" falsecount="1"/>
        <line num="73" count="0" type="stmt"/>
        <line num="76" count="3" type="cond" truecount="1" falsecount="1"/>
        <line num="77" count="0" type="stmt"/>
        <line num="80" count="3" type="stmt"/>
        <line num="81" count="3" type="cond" truecount="2" falsecount="0"/>
        <line num="82" count="1" type="stmt"/>
        <line num="85" count="2" type="stmt"/>
        <line num="91" count="2" type="stmt"/>
        <line num="99" count="2" type="stmt"/>
        <line num="106" count="2" type="stmt"/>
        <line num="107" count="2" type="stmt"/>
        <line num="112" count="2" type="cond" truecount="4" falsecount="0"/>
        <line num="113" count="1" type="stmt"/>
        <line num="116" count="1" type="stmt"/>
        <line num="123" count="2" type="stmt"/>
        <line num="124" count="1" type="stmt"/>
        <line num="125" count="1" type="stmt"/>
        <line num="131" count="2" type="stmt"/>
        <line num="132" count="2" type="stmt"/>
        <line num="135" count="2" type="stmt"/>
        <line num="136" count="2" type="stmt"/>
        <line num="138" count="0" type="stmt"/>
        <line num="141" count="2" type="stmt"/>
        <line num="142" count="2" type="stmt"/>
        <line num="146" count="2" type="cond" truecount="2" falsecount="0"/>
        <line num="147" count="1" type="stmt"/>
        <line num="150" count="1" type="cond" truecount="1" falsecount="1"/>
        <line num="151" count="0" type="stmt"/>
        <line num="152" count="0" type="stmt"/>
        <line num="155" count="1" type="stmt"/>
        <line num="160" count="1" type="cond" truecount="3" falsecount="1"/>
        <line num="161" count="0" type="stmt"/>
        <line num="165" count="1" type="stmt"/>
        <line num="167" count="1" type="stmt"/>
        <line num="173" count="1" type="stmt"/>
        <line num="181" count="1" type="stmt"/>
        <line num="189" count="2" type="stmt"/>
        <line num="190" count="0" type="stmt"/>
        <line num="193" count="0" type="stmt"/>
        <line num="196" count="2" type="stmt"/>
      </file>
      <file name="csvUploadService.js" path="/workspaces/tu-mock-test-platform-main/backend/services/csvUploadService.js">
        <metrics statements="34" coveredstatements="30" conditionals="12" coveredconditionals="7" methods="7" coveredmethods="7"/>
        <line num="1" count="2" type="stmt"/>
        <line num="2" count="2" type="stmt"/>
        <line num="3" count="2" type="stmt"/>
        <line num="4" count="2" type="stmt"/>
        <line num="8" count="2" type="stmt"/>
        <line num="9" count="3" type="stmt"/>
        <line num="10" count="3" type="cond" truecount="1" falsecount="1"/>
        <line num="11" count="3" type="cond" truecount="1" falsecount="1"/>
        <line num="12" count="3" type="stmt"/>
        <line num="15" count="3" type="stmt"/>
        <line num="33" count="2" type="stmt"/>
        <line num="35" count="3" type="stmt"/>
        <line num="38" count="2" type="stmt"/>
        <line num="40" count="2" type="cond" truecount="1" falsecount="1"/>
        <line num="41" count="0" type="stmt"/>
        <line num="45" count="4" type="stmt"/>
        <line num="46" count="2" type="stmt"/>
        <line num="50" count="2" type="stmt"/>
        <line num="53" count="2" type="stmt"/>
        <line num="55" count="2" type="stmt"/>
        <line num="56" count="4" type="cond" truecount="2" falsecount="0"/>
        <line num="57" count="1" type="stmt"/>
        <line num="61" count="1" type="stmt"/>
        <line num="63" count="3" type="stmt"/>
        <line num="66" count="2" type="cond" truecount="1" falsecount="1"/>
        <line num="67" count="0" type="stmt"/>
        <line num="76" count="2" type="stmt"/>
        <line num="77" count="2" type="stmt"/>
        <line num="78" count="2" type="stmt"/>
        <line num="83" count="2" type="stmt"/>
        <line num="90" count="2" type="stmt"/>
        <line num="97" count="0" type="stmt"/>
        <line num="102" count="0" type="stmt"/>
        <line num="106" count="2" type="stmt"/>
      </file>
      <file name="examService.js" path="/workspaces/tu-mock-test-platform-main/backend/services/examService.js">
        <metrics statements="125" coveredstatements="63" conditionals="76" coveredconditionals="25" methods="23" coveredmethods="11"/>
        <line num="1" count="2" type="stmt"/>
        <line num="2" count="2" type="stmt"/>
        <line num="3" count="2" type="stmt"/>
        <line num="6" count="2" type="stmt"/>
        <line num="7" count="1" type="cond" truecount="4" falsecount="0"/>
        <line num="8" count="0" type="stmt"/>
        <line num="9" count="2" type="cond" truecount="1" falsecount="1"/>
        <line num="13" count="2" type="stmt"/>
        <line num="20" count="2" type="stmt"/>
        <line num="33" count="2" type="stmt"/>
        <line num="40" count="2" type="stmt"/>
        <line num="41" count="1" type="stmt"/>
        <line num="43" count="1" type="cond" truecount="1" falsecount="1"/>
        <line num="45" count="1" type="cond" truecount="2" falsecount="2"/>
        <line num="46" count="0" type="stmt"/>
        <line num="49" count="1" type="stmt"/>
        <line num="50" count="1" type="stmt"/>
        <line num="55" count="1" type="cond" truecount="1" falsecount="1"/>
        <line num="56" count="0" type="stmt"/>
        <line num="61" count="0" type="cond" truecount="0" falsecount="2"/>
        <line num="62" count="0" type="stmt"/>
        <line num="65" count="0" type="stmt"/>
        <line num="66" count="0" type="stmt"/>
        <line num="74" count="1" type="stmt"/>
        <line num="78" count="1" type="stmt"/>
        <line num="80" count="1" type="stmt"/>
        <line num="84" count="2" type="stmt"/>
        <line num="91" count="1" type="stmt"/>
        <line num="93" count="1" type="stmt"/>
        <line num="94" count="1" type="stmt"/>
        <line num="96" count="1" type="cond" truecount="1" falsecount="1"/>
        <line num="98" count="1" type="cond" truecount="1" falsecount="1"/>
        <line num="99" count="1" type="stmt"/>
        <line num="100" count="1" type="stmt"/>
        <line num="101" count="1" type="stmt"/>
        <line num="106" count="0" type="cond" truecount="0" falsecount="2"/>
        <line num="107" count="0" type="stmt"/>
        <line num="110" count="1" type="stmt"/>
        <line num="112" count="1" type="stmt"/>
        <line num="126" count="1" type="stmt"/>
        <line num="131" count="2" type="stmt"/>
        <line num="132" count="0" type="stmt"/>
        <line num="134" count="0" type="stmt"/>
        <line num="135" count="0" type="stmt"/>
        <line num="143" count="0" type="cond" truecount="0" falsecount="2"/>
        <line num="144" count="0" type="stmt"/>
        <line num="149" count="2" type="cond" truecount="0" falsecount="1"/>
        <line num="150" count="2" type="stmt"/>
        <line num="152" count="2" type="stmt"/>
        <line num="153" count="1" type="stmt"/>
        <line num="168" count="1" type="cond" truecount="1" falsecount="1"/>
        <line num="170" count="1" type="cond" truecount="1" falsecount="1"/>
        <line num="171" count="1" type="cond" truecount="1" falsecount="1"/>
        <line num="172" count="0" type="stmt"/>
        <line num="174" count="1" type="stmt"/>
        <line num="175" count="1" type="cond" truecount="2" falsecount="2"/>
        <line num="176" count="0" type="stmt"/>
        <line num="178" count="1" type="cond" truecount="2" falsecount="2"/>
        <line num="179" count="0" type="stmt"/>
        <line num="184" count="3" type="stmt"/>
        <line num="189" count="1" type="stmt"/>
        <line num="194" count="2" type="stmt"/>
        <line num="195" count="0" type="stmt"/>
        <line num="200" count="0" type="cond" truecount="0" falsecount="2"/>
        <line num="202" count="0" type="stmt"/>
        <line num="209" count="0" type="stmt"/>
        <line num="210" count="0" type="stmt"/>
        <line num="211" count="0" type="stmt"/>
        <line num="213" count="0" type="stmt"/>
        <line num="217" count="2" type="stmt"/>
        <line num="218" count="0" type="stmt"/>
        <line num="223" count="0" type="cond" truecount="0" falsecount="2"/>
        <line num="225" count="0" type="stmt"/>
        <line num="228" count="0" type="stmt"/>
        <line num="229" count="0" type="stmt"/>
        <line num="230" count="0" type="stmt"/>
        <line num="232" count="0" type="stmt"/>
        <line num="236" count="2" type="stmt"/>
        <line num="237" count="1" type="cond" truecount="3" falsecount="1"/>
        <line num="238" count="0" type="stmt"/>
        <line num="241" count="1" type="stmt"/>
        <line num="245" count="1" type="cond" truecount="1" falsecount="1"/>
        <line num="247" count="1" type="stmt"/>
        <line num="251" count="1" type="cond" truecount="1" falsecount="1"/>
        <line num="252" count="0" type="stmt"/>
        <line num="255" count="1" type="stmt"/>
        <line num="260" count="1" type="cond" truecount="1" falsecount="1"/>
        <line num="262" count="1" type="stmt"/>
        <line num="263" count="3" type="stmt"/>
        <line num="272" count="1" type="stmt"/>
        <line num="273" count="1" type="stmt"/>
        <line num="275" count="1" type="stmt"/>
        <line num="279" count="2" type="stmt"/>
        <line num="280" count="0" type="cond" truecount="0" falsecount="2"/>
        <line num="282" count="0" type="stmt"/>
        <line num="286" count="0" type="cond" truecount="0" falsecount="2"/>
        <line num="288" count="0" type="stmt"/>
        <line num="292" count="0" type="cond" truecount="0" falsecount="2"/>
        <line num="293" count="0" type="stmt"/>
        <line num="296" count="0" type="stmt"/>
        <line num="297" count="0" type="stmt"/>
        <line num="299" count="0" type="cond" truecount="0" falsecount="2"/>
        <line num="300" count="0" type="stmt"/>
        <line num="301" count="0" type="stmt"/>
        <line num="311" count="0" type="stmt"/>
        <line num="312" count="0" type="stmt"/>
        <line num="314" count="0" type="stmt"/>
        <line num="318" count="2" type="stmt"/>
        <line num="319" count="0" type="cond" truecount="0" falsecount="4"/>
        <line num="320" count="0" type="stmt"/>
        <line num="323" count="0" type="stmt"/>
        <line num="328" count="0" type="stmt"/>
        <line num="329" count="0" type="stmt"/>
        <line num="331" count="0" type="stmt"/>
        <line num="335" count="2" type="stmt"/>
        <line num="336" count="0" type="cond" truecount="0" falsecount="4"/>
        <line num="337" count="0" type="stmt"/>
        <line num="340" count="0" type="stmt"/>
        <line num="344" count="0" type="cond" truecount="0" falsecount="2"/>
        <line num="346" count="0" type="stmt"/>
        <line num="347" count="0" type="stmt"/>
        <line num="348" count="0" type="stmt"/>
        <line num="356" count="0" type="stmt"/>
        <line num="358" count="0" type="stmt"/>
        <line num="361" count="2" type="stmt"/>
      </file>
      <file name="leaderboardService.js" path="/workspaces/tu-mock-test-platform-main/backend/services/leaderboardService.js">
        <metrics statements="82" coveredstatements="45" conditionals="16" coveredconditionals="5" methods="14" coveredmethods="10"/>
        <line num="1" count="2" type="stmt"/>
        <line num="2" count="2" type="stmt"/>
        <line num="3" count="2" type="stmt"/>
        <line num="5" count="2" type="stmt"/>
        <line num="6" count="2" type="stmt"/>
        <line num="9" count="3" type="stmt"/>
        <line num="10" count="3" type="stmt"/>
        <line num="15" count="2" type="stmt"/>
        <line num="16" count="1" type="stmt"/>
        <line num="17" count="1" type="stmt"/>
        <line num="21" count="2" type="stmt"/>
        <line num="22" count="1" type="cond" truecount="1" falsecount="1"/>
        <line num="24" count="1" type="stmt"/>
        <line num="25" count="1" type="stmt"/>
        <line num="27" count="1" type="stmt"/>
        <line num="31" count="1" type="stmt"/>
        <line num="33" count="1" type="stmt"/>
        <line num="42" count="2" type="stmt"/>
        <line num="43" count="1" type="stmt"/>
        <line num="44" count="1" type="stmt"/>
        <line num="45" count="1" type="stmt"/>
        <line num="47" count="1" type="stmt"/>
        <line num="48" count="1" type="stmt"/>
        <line num="49" count="1" type="stmt"/>
        <line num="50" count="1" type="stmt"/>
        <line num="51" count="1" type="stmt"/>
        <line num="53" count="1" type="stmt"/>
        <line num="57" count="2" type="cond" truecount="0" falsecount="1"/>
        <line num="58" count="1" type="stmt"/>
        <line num="59" count="1" type="stmt"/>
        <line num="61" count="1" type="stmt"/>
        <line num="62" count="1" type="stmt"/>
        <line num="63" count="1" type="stmt"/>
        <line num="69" count="1" type="stmt"/>
        <line num="73" count="2" type="stmt"/>
        <line num="74" count="1" type="stmt"/>
        <line num="75" count="1" type="stmt"/>
        <line num="77" count="1" type="stmt"/>
        <line num="82" count="1" type="cond" truecount="1" falsecount="1"/>
        <line num="84" count="1" type="stmt"/>
        <line num="91" count="2" type="cond" truecount="0" falsecount="2"/>
        <line num="92" count="0" type="stmt"/>
        <line num="93" count="0" type="stmt"/>
        <line num="94" count="0" type="stmt"/>
        <line num="96" count="0" type="stmt"/>
        <line num="101" count="0" type="stmt"/>
        <line num="102" count="0" type="stmt"/>
        <line num="103" count="0" type="stmt"/>
        <line num="109" count="0" type="stmt"/>
        <line num="111" count="0" type="stmt"/>
        <line num="120" count="2" type="cond" truecount="0" falsecount="1"/>
        <line num="121" count="0" type="stmt"/>
        <line num="122" count="0" type="stmt"/>
        <line num="124" count="0" type="cond" truecount="0" falsecount="2"/>
        <line num="126" count="0" type="stmt"/>
        <line num="127" count="0" type="stmt"/>
        <line num="129" count="0" type="stmt"/>
        <line num="131" count="0" type="stmt"/>
        <line num="132" count="0" type="stmt"/>
        <line num="133" count="0" type="stmt"/>
        <line num="139" count="0" type="stmt"/>
        <line num="143" count="2" type="stmt"/>
        <line num="144" count="0" type="stmt"/>
        <line num="149" count="0" type="stmt"/>
        <line num="150" count="0" type="stmt"/>
        <line num="153" count="0" type="stmt"/>
        <line num="154" count="0" type="stmt"/>
        <line num="155" count="0" type="stmt"/>
        <line num="157" count="0" type="stmt"/>
        <line num="158" count="0" type="stmt"/>
        <line num="159" count="0" type="stmt"/>
        <line num="160" count="0" type="stmt"/>
        <line num="163" count="0" type="stmt"/>
        <line num="164" count="0" type="stmt"/>
        <line num="166" count="0" type="stmt"/>
        <line num="168" count="0" type="stmt"/>
        <line num="170" count="0" type="stmt"/>
        <line num="174" count="2" type="stmt"/>
        <line num="175" count="0" type="stmt"/>
        <line num="176" count="0" type="stmt"/>
        <line num="177" count="0" type="stmt"/>
        <line num="180" count="2" type="stmt"/>
      </file>
      <file name="questionService.js" path="/workspaces/tu-mock-test-platform-main/backend/services/questionService.js">
        <metrics statements="83" coveredstatements="35" conditionals="47" coveredconditionals="15" methods="9" coveredmethods="4"/>
        <line num="1" count="2" type="stmt"/>
        <line num="2" count="2" type="stmt"/>
        <line num="3" count="2" type="stmt"/>
        <line num="5" count="2" type="stmt"/>
        <line num="8" count="6" type="stmt"/>
        <line num="11" count="2" type="stmt"/>
        <line num="12" count="1" type="stmt"/>
        <line num="13" count="1" type="cond" truecount="1" falsecount="1"/>
        <line num="14" count="0" type="stmt"/>
        <line num="19" count="2" type="stmt"/>
        <line num="20" count="1" type="stmt"/>
        <line num="25" count="1" type="cond" truecount="1" falsecount="1"/>
        <line num="26" count="0" type="stmt"/>
        <line num="29" count="1" type="stmt"/>
        <line num="34" count="1" type="stmt"/>
        <line num="35" count="1" type="stmt"/>
        <line num="39" count="2" type="stmt"/>
        <line num="47" count="5" type="stmt"/>
        <line num="58" count="5" type="stmt"/>
        <line num="59" count="5" type="cond" truecount="2" falsecount="0"/>
        <line num="60" count="1" type="stmt"/>
        <line num="63" count="4" type="stmt"/>
        <line num="64" count="4" type="cond" truecount="1" falsecount="1"/>
        <line num="65" count="4" type="cond" truecount="1" falsecount="1"/>
        <line num="66" count="4" type="cond" truecount="1" falsecount="1"/>
        <line num="67" count="4" type="cond" truecount="1" falsecount="1"/>
        <line num="68" count="0" type="stmt"/>
        <line num="74" count="4" type="stmt"/>
        <line num="76" count="4" type="stmt"/>
        <line num="90" count="4" type="stmt"/>
        <line num="97" count="4" type="stmt"/>
        <line num="98" count="4" type="stmt"/>
        <line num="102" count="2" type="stmt"/>
        <line num="103" count="0" type="stmt"/>
        <line num="105" count="0" type="stmt"/>
        <line num="106" count="0" type="cond" truecount="0" falsecount="2"/>
        <line num="107" count="0" type="stmt"/>
        <line num="110" count="0" type="stmt"/>
        <line num="119" count="0" type="cond" truecount="0" falsecount="2"/>
        <line num="120" count="0" type="stmt"/>
        <line num="123" count="0" type="stmt"/>
        <line num="124" count="0" type="stmt"/>
        <line num="128" count="2" type="stmt"/>
        <line num="129" count="0" type="stmt"/>
        <line num="134" count="0" type="cond" truecount="0" falsecount="2"/>
        <line num="135" count="0" type="stmt"/>
        <line num="138" count="0" type="cond" truecount="0" falsecount="2"/>
        <line num="139" count="0" type="stmt"/>
        <line num="144" count="0" type="cond" truecount="0" falsecount="2"/>
        <line num="145" count="0" type="stmt"/>
        <line num="149" count="0" type="stmt"/>
        <line num="158" count="0" type="stmt"/>
        <line num="159" count="0" type="stmt"/>
        <line num="161" count="0" type="stmt"/>
        <line num="165" count="2" type="stmt"/>
        <line num="166" count="0" type="stmt"/>
        <line num="171" count="0" type="cond" truecount="0" falsecount="2"/>
        <line num="172" count="0" type="stmt"/>
        <line num="175" count="0" type="stmt"/>
        <line num="177" count="0" type="stmt"/>
        <line num="178" count="0" type="stmt"/>
        <line num="180" count="0" type="stmt"/>
        <line num="184" count="2" type="stmt"/>
        <line num="185" count="0" type="stmt"/>
        <line num="190" count="0" type="cond" truecount="0" falsecount="2"/>
        <line num="191" count="0" type="stmt"/>
        <line num="194" count="0" type="stmt"/>
        <line num="202" count="0" type="stmt"/>
        <line num="203" count="0" type="stmt"/>
        <line num="205" count="0" type="stmt"/>
        <line num="209" count="2" type="cond" truecount="0" falsecount="1"/>
        <line num="210" count="0" type="cond" truecount="0" falsecount="4"/>
        <line num="211" count="0" type="stmt"/>
        <line num="214" count="0" type="stmt"/>
        <line num="218" count="0" type="cond" truecount="0" falsecount="2"/>
        <line num="220" count="0" type="stmt"/>
        <line num="222" count="0" type="cond" truecount="0" falsecount="2"/>
        <line num="223" count="0" type="stmt"/>
        <line num="227" count="0" type="stmt"/>
        <line num="228" count="0" type="stmt"/>
        <line num="230" count="0" type="stmt"/>
        <line num="245" count="0" type="stmt"/>
        <line num="248" count="2" type="stmt"/>
      </file>
      <file name="resultService.js" path="/workspaces/tu-mock-test-platform-main/backend/services/resultService.js">
        <metrics statements="56" coveredstatements="36" conditionals="26" coveredconditionals="12" methods="15" coveredmethods="7"/>
        <line num="1" count="2" type="stmt"/>
        <line num="2" count="2" type="stmt"/>
        <line num="3" count="2" type="stmt"/>
        <line num="6" count="2" type="stmt"/>
        <line num="7" count="0" type="stmt"/>
        <line num="8" count="2" type="stmt"/>
        <line num="9" count="0" type="stmt"/>
        <line num="13" count="2" type="stmt"/>
        <line num="20" count="2" type="stmt"/>
        <line num="21" count="1" type="stmt"/>
        <line num="28" count="1" type="cond" truecount="1" falsecount="1"/>
        <line num="30" count="1" type="stmt"/>
        <line num="38" count="1" type="stmt"/>
        <line num="47" count="1" type="stmt"/>
        <line num="48" count="1" type="stmt"/>
        <line num="52" count="2" type="stmt"/>
        <line num="53" count="1" type="stmt"/>
        <line num="63" count="1" type="cond" truecount="1" falsecount="1"/>
        <line num="66" count="1" type="cond" truecount="1" falsecount="1"/>
        <line num="67" count="1" type="stmt"/>
        <line num="70" count="1" type="stmt"/>
        <line num="73" count="0" type="stmt"/>
        <line num="77" count="2" type="stmt"/>
        <line num="78" count="2" type="stmt"/>
        <line num="80" count="2" type="stmt"/>
        <line num="81" count="1" type="stmt"/>
        <line num="114" count="1" type="cond" truecount="1" falsecount="1"/>
        <line num="115" count="0" type="stmt"/>
        <line num="118" count="1" type="cond" truecount="1" falsecount="1"/>
        <line num="119" count="0" type="stmt"/>
        <line num="122" count="1" type="stmt"/>
        <line num="127" count="1" type="cond" truecount="3" falsecount="1"/>
        <line num="129" count="1" type="cond" truecount="1" falsecount="1"/>
        <line num="133" count="1" type="stmt"/>
        <line num="149" count="1" type="stmt"/>
        <line num="167" count="2" type="cond" truecount="0" falsecount="2"/>
        <line num="168" count="0" type="stmt"/>
        <line num="170" count="0" type="stmt"/>
        <line num="171" count="0" type="stmt"/>
        <line num="173" count="0" type="stmt"/>
        <line num="203" count="0" type="stmt"/>
        <line num="212" count="2" type="stmt"/>
        <line num="213" count="0" type="stmt"/>
        <line num="215" count="0" type="stmt"/>
        <line num="216" count="0" type="stmt"/>
        <line num="237" count="0" type="cond" truecount="0" falsecount="2"/>
        <line num="238" count="0" type="stmt"/>
        <line num="241" count="0" type="cond" truecount="0" falsecount="2"/>
        <line num="242" count="0" type="stmt"/>
        <line num="245" count="0" type="stmt"/>
        <line num="265" count="2" type="stmt"/>
        <line num="266" count="1" type="stmt"/>
        <line num="273" count="2" type="stmt"/>
        <line num="274" count="0" type="stmt"/>
        <line num="275" count="0" type="stmt"/>
        <line num="278" count="2" type="stmt"/>
      </file>
      <file name="userService.js" path="/workspaces/tu-mock-test-platform-main/backend/services/userService.js">
        <metrics statements="58" coveredstatements="29" conditionals="31" coveredconditionals="7" methods="8" coveredmethods="3"/>
        <line num="1" count="2" type="stmt"/>
        <line num="2" count="2" type="stmt"/>
        <line num="5" count="2" type="stmt"/>
        <line num="16" count="2" type="stmt"/>
        <line num="17" count="0" type="stmt"/>
        <line num="22" count="0" type="cond" truecount="0" falsecount="2"/>
        <line num="23" count="0" type="stmt"/>
        <line num="26" count="0" type="stmt"/>
        <line num="30" count="2" type="stmt"/>
        <line num="31" count="3" type="stmt"/>
        <line num="39" count="3" type="cond" truecount="1" falsecount="1"/>
        <line num="40" count="0" type="stmt"/>
        <line num="43" count="3" type="stmt"/>
        <line num="47" count="2" type="stmt"/>
        <line num="48" count="1" type="stmt"/>
        <line num="50" count="1" type="stmt"/>
        <line num="55" count="1" type="cond" truecount="1" falsecount="1"/>
        <line num="56" count="0" type="stmt"/>
        <line num="59" count="1" type="stmt"/>
        <line num="61" count="1" type="stmt"/>
        <line num="62" count="1" type="cond" truecount="1" falsecount="1"/>
        <line num="64" count="1" type="stmt"/>
        <line num="71" count="1" type="stmt"/>
        <line num="72" count="1" type="cond" truecount="1" falsecount="1"/>
        <line num="73" count="1" type="cond" truecount="1" falsecount="1"/>
        <line num="74" count="1" type="cond" truecount="1" falsecount="1"/>
        <line num="75" count="1" type="cond" truecount="1" falsecount="1"/>
        <line num="77" count="1" type="stmt"/>
        <line num="86" count="1" type="stmt"/>
        <line num="89" count="1" type="stmt"/>
        <line num="93" count="2" type="stmt"/>
        <line num="94" count="0" type="stmt"/>
        <line num="96" count="0" type="stmt"/>
        <line num="101" count="0" type="cond" truecount="0" falsecount="2"/>
        <line num="102" count="0" type="stmt"/>
        <line num="105" count="0" type="stmt"/>
        <line num="106" count="0" type="cond" truecount="0" falsecount="2"/>
        <line num="107" count="0" type="cond" truecount="0" falsecount="2"/>
        <line num="109" count="0" type="stmt"/>
        <line num="115" count="0" type="stmt"/>
        <line num="119" count="2" type="cond" truecount="0" falsecount="3"/>
        <line num="120" count="0" type="stmt"/>
        <line num="121" count="0" type="cond" truecount="0" falsecount="2"/>
        <line num="130" count="0" type="stmt"/>
        <line num="141" count="0" type="stmt"/>
        <line num="150" count="2" type="stmt"/>
        <line num="151" count="0" type="stmt"/>
        <line num="156" count="0" type="cond" truecount="0" falsecount="2"/>
        <line num="157" count="0" type="stmt"/>
        <line num="160" count="0" type="stmt"/>
        <line num="166" count="0" type="stmt"/>
        <line num="169" count="2" type="stmt"/>
        <line num="170" count="0" type="stmt"/>
        <line num="175" count="0" type="cond" truecount="0" falsecount="2"/>
        <line num="176" count="0" type="stmt"/>
        <line num="179" count="0" type="stmt"/>
        <line num="184" count="0" type="stmt"/>
        <line num="187" count="2" type="stmt"/>
      </file>
    </package>
    <package name="backend.utils">
      <metrics statements="165" coveredstatements="102" conditionals="45" coveredconditionals="15" methods="35" coveredmethods="22"/>
      <file name="apiResponse.js" path="/workspaces/tu-mock-test-platform-main/backend/utils/apiResponse.js">
        <metrics statements="12" coveredstatements="11" conditionals="5" coveredconditionals="3" methods="2" coveredmethods="2"/>
        <line num="12" count="36" type="stmt"/>
        <line num="13" count="36" type="stmt"/>
        <line num="14" count="36" type="stmt"/>
        <line num="15" count="36" type="stmt"/>
        <line num="32" count="17" type="stmt"/>
        <line num="33" count="17" type="stmt"/>
        <line num="34" count="17" type="stmt"/>
        <line num="35" count="17" type="stmt"/>
        <line num="37" count="17" type="cond" truecount="1" falsecount="1"/>
        <line num="38" count="0" type="stmt"/>
        <line num="40" count="17" type="stmt"/>
        <line num="45" count="2" type="stmt"/>
      </file>
      <file name="asyncHandler.js" path="/workspaces/tu-mock-test-platform-main/backend/utils/asyncHandler.js">
        <metrics statements="3" coveredstatements="3" conditionals="0" coveredconditionals="0" methods="2" coveredmethods="2"/>
        <line num="14" count="98" type="stmt"/>
        <line num="15" count="45" type="stmt"/>
        <line num="18" count="2" type="stmt"/>
      </file>
      <file name="cache.js" path="/workspaces/tu-mock-test-platform-main/backend/utils/cache.js">
        <metrics statements="80" coveredstatements="27" conditionals="30" coveredconditionals="7" methods="14" coveredmethods="3"/>
        <line num="1" count="2" type="stmt"/>
        <line num="2" count="2" type="stmt"/>
        <line num="17" count="9" type="stmt"/>
        <line num="19" count="9" type="stmt"/>
        <line num="21" count="9" type="cond" truecount="2" falsecount="0"/>
        <line num="22" count="2" type="stmt"/>
        <line num="23" count="2" type="stmt"/>
        <line num="26" count="7" type="stmt"/>
        <line num="29" count="7" type="stmt"/>
        <line num="32" count="7" type="cond" truecount="3" falsecount="1"/>
        <line num="33" count="7" type="stmt"/>
        <line num="34" count="7" type="stmt"/>
        <line num="37" count="7" type="stmt"/>
        <line num="40" count="0" type="stmt"/>
        <line num="41" count="0" type="stmt"/>
        <line num="51" count="0" type="cond" truecount="0" falsecount="4"/>
        <line num="53" count="0" type="stmt"/>
        <line num="54" count="0" type="stmt"/>
        <line num="55" count="0" type="stmt"/>
        <line num="57" count="0" type="stmt"/>
        <line num="58" count="0" type="cond" truecount="0" falsecount="2"/>
        <line num="59" count="0" type="stmt"/>
        <line num="63" count="0" type="stmt"/>
        <line num="65" count="0" type="stmt"/>
        <line num="66" count="0" type="stmt"/>
        <line num="76" count="0" type="cond" truecount="0" falsecount="4"/>
        <line num="78" count="0" type="stmt"/>
        <line num="79" count="0" type="stmt"/>
        <line num="81" count="0" type="stmt"/>
        <line num="82" count="0" type="cond" truecount="0" falsecount="4"/>
        <line num="83" count="0" type="stmt"/>
        <line num="87" count="0" type="stmt"/>
        <line num="88" count="0" type="stmt"/>
        <line num="90" count="0" type="stmt"/>
        <line num="99" count="3" type="stmt"/>
        <line num="100" count="3" type="stmt"/>
        <line num="101" count="3" type="cond" truecount="1" falsecount="1"/>
        <line num="102" count="0" type="stmt"/>
        <line num="104" count="3" type="stmt"/>
        <line num="106" count="0" type="stmt"/>
        <line num="107" count="0" type="stmt"/>
        <line num="117" count="5" type="stmt"/>
        <line num="119" count="5" type="stmt"/>
        <line num="120" count="5" type="stmt"/>
        <line num="122" count="5" type="stmt"/>
        <line num="123" count="5" type="stmt"/>
        <line num="130" count="5" type="stmt"/>
        <line num="131" count="5" type="stmt"/>
        <line num="134" count="5" type="cond" truecount="1" falsecount="1"/>
        <line num="135" count="0" type="stmt"/>
        <line num="136" count="0" type="stmt"/>
        <line num="139" count="5" type="stmt"/>
        <line num="141" count="0" type="stmt"/>
        <line num="142" count="0" type="stmt"/>
        <line num="151" count="0" type="cond" truecount="0" falsecount="4"/>
        <line num="153" count="0" type="stmt"/>
        <line num="154" count="0" type="stmt"/>
        <line num="157" count="0" type="stmt"/>
        <line num="158" count="0" type="stmt"/>
        <line num="166" count="0" type="stmt"/>
        <line num="167" count="0" type="stmt"/>
        <line num="168" count="0" type="stmt"/>
        <line num="170" count="0" type="stmt"/>
        <line num="175" count="0" type="stmt"/>
        <line num="176" count="0" type="stmt"/>
        <line num="186" count="0" type="stmt"/>
        <line num="187" count="0" type="stmt"/>
        <line num="188" count="0" type="stmt"/>
        <line num="190" count="0" type="stmt"/>
        <line num="191" count="0" type="stmt"/>
        <line num="201" count="0" type="stmt"/>
        <line num="202" count="0" type="stmt"/>
        <line num="204" count="0" type="stmt"/>
        <line num="205" count="0" type="stmt"/>
        <line num="216" count="0" type="stmt"/>
        <line num="217" count="0" type="stmt"/>
        <line num="218" count="0" type="stmt"/>
        <line num="220" count="0" type="stmt"/>
        <line num="221" count="0" type="stmt"/>
        <line num="225" count="2" type="stmt"/>
      </file>
      <file name="csvValidator.js" path="/workspaces/tu-mock-test-platform-main/backend/utils/csvValidator.js">
        <metrics statements="34" coveredstatements="29" conditionals="6" coveredconditionals="4" methods="9" coveredmethods="7"/>
        <line num="1" count="2" type="stmt"/>
        <line num="2" count="2" type="stmt"/>
        <line num="3" count="2" type="stmt"/>
        <line num="4" count="2" type="stmt"/>
        <line num="7" count="2" type="stmt"/>
        <line num="23" count="2" type="stmt"/>
        <line num="24" count="3" type="stmt"/>
        <line num="25" count="3" type="stmt"/>
        <line num="26" count="3" type="stmt"/>
        <line num="27" count="3" type="stmt"/>
        <line num="28" count="3" type="stmt"/>
        <line num="30" count="3" type="stmt"/>
        <line num="32" count="22" type="stmt"/>
        <line num="34" count="3" type="stmt"/>
        <line num="35" count="3" type="stmt"/>
        <line num="36" count="21" type="stmt"/>
        <line num="38" count="3" type="cond" truecount="2" falsecount="0"/>
        <line num="39" count="1" type="stmt"/>
        <line num="40" count="1" type="stmt"/>
        <line num="49" count="3" type="stmt"/>
        <line num="50" count="4" type="stmt"/>
        <line num="51" count="4" type="stmt"/>
        <line num="53" count="4" type="cond" truecount="1" falsecount="1"/>
        <line num="54" count="4" type="stmt"/>
        <line num="56" count="0" type="stmt"/>
        <line num="59" count="0" type="stmt"/>
        <line num="65" count="3" type="stmt"/>
        <line num="66" count="2" type="cond" truecount="1" falsecount="1"/>
        <line num="68" count="0" type="stmt"/>
        <line num="69" count="0" type="stmt"/>
        <line num="71" count="2" type="stmt"/>
        <line num="74" count="3" type="stmt"/>
        <line num="75" count="0" type="stmt"/>
        <line num="80" count="2" type="stmt"/>
      </file>
      <file name="jwt.js" path="/workspaces/tu-mock-test-platform-main/backend/utils/jwt.js">
        <metrics statements="29" coveredstatements="25" conditionals="4" coveredconditionals="1" methods="6" coveredmethods="6"/>
        <line num="1" count="2" type="stmt"/>
        <line num="2" count="2" type="stmt"/>
        <line num="3" count="2" type="stmt"/>
        <line num="4" count="2" type="stmt"/>
        <line num="12" count="2" type="stmt"/>
        <line num="13" count="5" type="stmt"/>
        <line num="24" count="2" type="stmt"/>
        <line num="25" count="4" type="stmt"/>
        <line num="26" count="4" type="stmt"/>
        <line num="29" count="4" type="stmt"/>
        <line num="40" count="2" type="stmt"/>
        <line num="41" count="4" type="stmt"/>
        <line num="50" count="2" type="stmt"/>
        <line num="51" count="39" type="stmt"/>
        <line num="52" count="39" type="stmt"/>
        <line num="54" count="1" type="cond" truecount="1" falsecount="1"/>
        <line num="55" count="0" type="stmt"/>
        <line num="57" count="1" type="stmt"/>
        <line num="66" count="2" type="stmt"/>
        <line num="67" count="2" type="stmt"/>
        <line num="68" count="2" type="stmt"/>
        <line num="70" count="0" type="cond" truecount="0" falsecount="2"/>
        <line num="71" count="0" type="stmt"/>
        <line num="73" count="0" type="stmt"/>
        <line num="83" count="2" type="stmt"/>
        <line num="84" count="4" type="stmt"/>
        <line num="85" count="4" type="stmt"/>
        <line num="87" count="4" type="stmt"/>
        <line num="95" count="2" type="stmt"/>
      </file>
      <file name="password.js" path="/workspaces/tu-mock-test-platform-main/backend/utils/password.js">
        <metrics statements="7" coveredstatements="7" conditionals="0" coveredconditionals="0" methods="2" coveredmethods="2"/>
        <line num="1" count="2" type="stmt"/>
        <line num="2" count="2" type="stmt"/>
        <line num="9" count="2" type="stmt"/>
        <line num="10" count="3" type="stmt"/>
        <line num="19" count="2" type="stmt"/>
        <line num="20" count="5" type="stmt"/>
        <line num="23" count="2" type="stmt"/>
      </file>
    </package>
    <package name="backend.validators">
      <metrics statements="74" coveredstatements="54" conditionals="88" coveredconditionals="35" methods="28" coveredmethods="21"/>
      <file name="attemptValidator.js" path="/workspaces/tu-mock-test-platform-main/backend/validators/attemptValidator.js">
        <metrics statements="11" coveredstatements="11" conditionals="18" coveredconditionals="13" methods="3" coveredmethods="3"/>
        <line num="1" count="2" type="stmt"/>
        <line num="4" count="2" type="stmt"/>
        <line num="9" count="2" type="stmt"/>
        <line num="20" count="1" type="cond" truecount="3" falsecount="1"/>
        <line num="24" count="1" type="cond" truecount="4" falsecount="1"/>
        <line num="25" count="1" type="cond" truecount="1" falsecount="1"/>
        <line num="33" count="2" type="stmt"/>
        <line num="38" count="1" type="cond" truecount="4" falsecount="1"/>
        <line num="39" count="1" type="cond" truecount="1" falsecount="1"/>
        <line num="47" count="2" type="stmt"/>
        <line num="51" count="2" type="stmt"/>
      </file>
      <file name="authValidator.js" path="/workspaces/tu-mock-test-platform-main/backend/validators/authValidator.js">
        <metrics statements="7" coveredstatements="7" conditionals="0" coveredconditionals="0" methods="0" coveredmethods="0"/>
        <line num="1" count="2" type="stmt"/>
        <line num="4" count="2" type="stmt"/>
        <line num="17" count="2" type="stmt"/>
        <line num="35" count="2" type="stmt"/>
        <line num="44" count="2" type="stmt"/>
        <line num="49" count="2" type="stmt"/>
        <line num="56" count="2" type="stmt"/>
      </file>
      <file name="examValidator.js" path="/workspaces/tu-mock-test-platform-main/backend/validators/examValidator.js">
        <metrics statements="29" coveredstatements="18" conditionals="40" coveredconditionals="15" methods="13" coveredmethods="10"/>
        <line num="1" count="2" type="stmt"/>
        <line num="4" count="2" type="stmt"/>
        <line num="18" count="3" type="cond" truecount="1" falsecount="1"/>
        <line num="28" count="3" type="cond" truecount="1" falsecount="1"/>
        <line num="37" count="3" type="cond" truecount="1" falsecount="1"/>
        <line num="48" count="1" type="cond" truecount="1" falsecount="1"/>
        <line num="49" count="0" type="cond" truecount="0" falsecount="2"/>
        <line num="59" count="3" type="cond" truecount="3" falsecount="1"/>
        <line num="64" count="3" type="cond" truecount="3" falsecount="1"/>
        <line num="70" count="2" type="stmt"/>
        <line num="74" count="3" type="cond" truecount="2" falsecount="2"/>
        <line num="75" count="0" type="stmt"/>
        <line num="77" count="3" type="stmt"/>
        <line num="86" count="3" type="cond" truecount="1" falsecount="1"/>
        <line num="87" count="3" type="stmt"/>
        <line num="89" count="0" type="stmt"/>
        <line num="98" count="2" type="stmt"/>
        <line num="103" count="0" type="cond" truecount="0" falsecount="4"/>
        <line num="104" count="0" type="stmt"/>
        <line num="106" count="0" type="stmt"/>
        <line num="115" count="0" type="cond" truecount="0" falsecount="4"/>
        <line num="116" count="0" type="stmt"/>
        <line num="118" count="0" type="stmt"/>
        <line num="127" count="2" type="stmt"/>
        <line num="132" count="0" type="cond" truecount="0" falsecount="2"/>
        <line num="133" count="0" type="cond" truecount="0" falsecount="2"/>
        <line num="139" count="1" type="cond" truecount="1" falsecount="1"/>
        <line num="144" count="1" type="cond" truecount="1" falsecount="1"/>
        <line num="149" count="2" type="stmt"/>
      </file>
      <file name="questionValidator.js" path="/workspaces/tu-mock-test-platform-main/backend/validators/questionValidator.js">
        <metrics statements="27" coveredstatements="18" conditionals="30" coveredconditionals="7" methods="12" coveredmethods="8"/>
        <line num="1" count="2" type="stmt"/>
        <line num="4" count="2" type="stmt"/>
        <line num="7" count="2" type="stmt"/>
        <line num="26" count="3" type="cond" truecount="1" falsecount="1"/>
        <line num="37" count="4" type="cond" truecount="1" falsecount="1"/>
        <line num="38" count="0" type="cond" truecount="0" falsecount="2"/>
        <line num="45" count="2" type="stmt"/>
        <line num="53" count="2" type="stmt"/>
        <line num="74" count="0" type="cond" truecount="0" falsecount="2"/>
        <line num="86" count="0" type="cond" truecount="0" falsecount="2"/>
        <line num="87" count="0" type="cond" truecount="0" falsecount="2"/>
        <line num="94" count="0" type="cond" truecount="0" falsecount="4"/>
        <line num="95" count="0" type="stmt"/>
        <line num="97" count="0" type="stmt"/>
        <line num="106" count="2" type="stmt"/>
        <line num="112" count="0" type="cond" truecount="0" falsecount="2"/>
        <line num="113" count="0" type="cond" truecount="0" falsecount="2"/>
        <line num="119" count="5" type="cond" truecount="1" falsecount="1"/>
        <line num="124" count="5" type="cond" truecount="1" falsecount="1"/>
        <line num="130" count="2" type="stmt"/>
        <line num="142" count="4" type="stmt"/>
        <line num="146" count="4" type="cond" truecount="1" falsecount="1"/>
        <line num="157" count="4" type="stmt"/>
        <line num="158" count="4" type="cond" truecount="1" falsecount="1"/>
        <line num="159" count="4" type="cond" truecount="1" falsecount="1"/>
        <line num="160" count="4" type="stmt"/>
        <line num="168" count="2" type="stmt"/>
      </file>
    </package>
  </project>
</coverage>
