{"/workspaces/tu-mock-test-platform-main/backend/app.js": {"path":"/workspaces/tu-mock-test-platform-main/backend/app.js","statementMap":{"0":{"start":{"line":1,"column":16},"end":{"line":1,"column":34}},"1":{"start":{"line":2,"column":15},"end":{"line":2,"column":32}},"2":{"start":{"line":3,"column":13},"end":{"line":3,"column":28}},"3":{"start":{"line":4,"column":20},"end":{"line":4,"column":42}},"4":{"start":{"line":5,"column":15},"end":{"line":5,"column":38}},"5":{"start":{"line":6,"column":15},"end":{"line":6,"column":41}},"6":{"start":{"line":9,"column":19},"end":{"line":9,"column":49}},"7":{"start":{"line":10,"column":19},"end":{"line":10,"column":49}},"8":{"start":{"line":11,"column":19},"end":{"line":11,"column":49}},"9":{"start":{"line":12,"column":22},"end":{"line":12,"column":55}},"10":{"start":{"line":13,"column":23},"end":{"line":13,"column":57}},"11":{"start":{"line":14,"column":21},"end":{"line":14,"column":53}},"12":{"start":{"line":15,"column":24},"end":{"line":15,"column":59}},"13":{"start":{"line":16,"column":20},"end":{"line":16,"column":51}},"14":{"start":{"line":19,"column":24},"end":{"line":19,"column":63}},"15":{"start":{"line":22,"column":12},"end":{"line":22,"column":21}},"16":{"start":{"line":25,"column":0},"end":{"line":25,"column":26}},"17":{"start":{"line":28,"column":0},"end":{"line":28,"column":18}},"18":{"start":{"line":29,"column":0},"end":{"line":36,"column":2}},"19":{"start":{"line":37,"column":0},"end":{"line":37,"column":23}},"20":{"start":{"line":40,"column":0},"end":{"line":40,"column":41}},"21":{"start":{"line":41,"column":0},"end":{"line":41,"column":63}},"22":{"start":{"line":44,"column":0},"end":{"line":60,"column":3}},"23":{"start":{"line":45,"column":16},"end":{"line":45,"column":26}},"24":{"start":{"line":47,"column":2},"end":{"line":57,"column":5}},"25":{"start":{"line":48,"column":21},"end":{"line":48,"column":39}},"26":{"start":{"line":49,"column":4},"end":{"line":56,"column":7}},"27":{"start":{"line":59,"column":2},"end":{"line":59,"column":9}},"28":{"start":{"line":63,"column":0},"end":{"line":70,"column":3}},"29":{"start":{"line":64,"column":2},"end":{"line":69,"column":5}},"30":{"start":{"line":73,"column":0},"end":{"line":73,"column":36}},"31":{"start":{"line":74,"column":0},"end":{"line":74,"column":37}},"32":{"start":{"line":75,"column":0},"end":{"line":75,"column":37}},"33":{"start":{"line":76,"column":0},"end":{"line":76,"column":43}},"34":{"start":{"line":77,"column":0},"end":{"line":77,"column":45}},"35":{"start":{"line":78,"column":0},"end":{"line":78,"column":41}},"36":{"start":{"line":79,"column":0},"end":{"line":79,"column":46}},"37":{"start":{"line":80,"column":0},"end":{"line":80,"column":38}},"38":{"start":{"line":83,"column":0},"end":{"line":88,"column":3}},"39":{"start":{"line":84,"column":2},"end":{"line":87,"column":5}},"40":{"start":{"line":91,"column":0},"end":{"line":91,"column":25}},"41":{"start":{"line":94,"column":0},"end":{"line":94,"column":21}}},"fnMap":{"0":{"name":"(anonymous_0)","decl":{"start":{"line":44,"column":8},"end":{"line":44,"column":9}},"loc":{"start":{"line":44,"column":28},"end":{"line":60,"column":1}},"line":44},"1":{"name":"(anonymous_1)","decl":{"start":{"line":47,"column":19},"end":{"line":47,"column":20}},"loc":{"start":{"line":47,"column":25},"end":{"line":57,"column":3}},"line":47},"2":{"name":"(anonymous_2)","decl":{"start":{"line":63,"column":19},"end":{"line":63,"column":20}},"loc":{"start":{"line":63,"column":33},"end":{"line":70,"column":1}},"line":63},"3":{"name":"(anonymous_3)","decl":{"start":{"line":83,"column":8},"end":{"line":83,"column":9}},"loc":{"start":{"line":83,"column":22},"end":{"line":88,"column":1}},"line":83}},"branchMap":{},"s":{"0":2,"1":2,"2":2,"3":2,"4":2,"5":2,"6":2,"7":2,"8":2,"9":2,"10":2,"11":2,"12":2,"13":2,"14":2,"15":2,"16":2,"17":2,"18":2,"19":2,"20":2,"21":2,"22":2,"23":63,"24":63,"25":63,"26":63,"27":63,"28":2,"29":0,"30":2,"31":2,"32":2,"33":2,"34":2,"35":2,"36":2,"37":2,"38":2,"39":0,"40":2,"41":2},"f":{"0":63,"1":63,"2":0,"3":0},"b":{},"_coverageSchema":"1a1c01bbd47fc00a2c39e90264f33305004495a9","hash":"bbd24d0352473beb99b269222d5cc2428d211fbb"}
,"/workspaces/tu-mock-test-platform-main/backend/config/db.js": {"path":"/workspaces/tu-mock-test-platform-main/backend/config/db.js","statementMap":{"0":{"start":{"line":1,"column":25},"end":{"line":1,"column":50}},"1":{"start":{"line":2,"column":15},"end":{"line":2,"column":31}},"2":{"start":{"line":3,"column":15},"end":{"line":3,"column":34}},"3":{"start":{"line":9,"column":15},"end":{"line":18,"column":2}},"4":{"start":{"line":21,"column":0},"end":{"line":23,"column":1}},"5":{"start":{"line":22,"column":2},"end":{"line":22,"column":31}},"6":{"start":{"line":26,"column":0},"end":{"line":41,"column":1}},"7":{"start":{"line":27,"column":2},"end":{"line":36,"column":5}},"8":{"start":{"line":29,"column":4},"end":{"line":35,"column":5}},"9":{"start":{"line":30,"column":6},"end":{"line":34,"column":9}},"10":{"start":{"line":38,"column":2},"end":{"line":40,"column":5}},"11":{"start":{"line":39,"column":4},"end":{"line":39,"column":64}},"12":{"start":{"line":44,"column":0},"end":{"line":53,"column":5}},"13":{"start":{"line":45,"column":2},"end":{"line":52,"column":3}},"14":{"start":{"line":46,"column":4},"end":{"line":46,"column":28}},"15":{"start":{"line":47,"column":4},"end":{"line":47,"column":62}},"16":{"start":{"line":49,"column":4},"end":{"line":49,"column":89}},"17":{"start":{"line":51,"column":4},"end":{"line":51,"column":20}},"18":{"start":{"line":59,"column":27},"end":{"line":69,"column":1}},"19":{"start":{"line":60,"column":2},"end":{"line":60,"column":68}},"20":{"start":{"line":61,"column":2},"end":{"line":68,"column":3}},"21":{"start":{"line":62,"column":4},"end":{"line":62,"column":31}},"22":{"start":{"line":63,"column":4},"end":{"line":63,"column":57}},"23":{"start":{"line":65,"column":4},"end":{"line":65,"column":75}},"24":{"start":{"line":67,"column":4},"end":{"line":67,"column":20}},"25":{"start":{"line":71,"column":0},"end":{"line":71,"column":57}},"26":{"start":{"line":71,"column":27},"end":{"line":71,"column":55}},"27":{"start":{"line":72,"column":0},"end":{"line":72,"column":59}},"28":{"start":{"line":72,"column":28},"end":{"line":72,"column":57}},"29":{"start":{"line":75,"column":0},"end":{"line":75,"column":24}}},"fnMap":{"0":{"name":"(anonymous_0)","decl":{"start":{"line":27,"column":22},"end":{"line":27,"column":23}},"loc":{"start":{"line":27,"column":29},"end":{"line":36,"column":3}},"line":27},"1":{"name":"(anonymous_1)","decl":{"start":{"line":38,"column":22},"end":{"line":38,"column":23}},"loc":{"start":{"line":38,"column":29},"end":{"line":40,"column":3}},"line":38},"2":{"name":"(anonymous_2)","decl":{"start":{"line":44,"column":1},"end":{"line":44,"column":2}},"loc":{"start":{"line":44,"column":13},"end":{"line":53,"column":1}},"line":44},"3":{"name":"(anonymous_3)","decl":{"start":{"line":59,"column":27},"end":{"line":59,"column":28}},"loc":{"start":{"line":59,"column":45},"end":{"line":69,"column":1}},"line":59},"4":{"name":"(anonymous_4)","decl":{"start":{"line":71,"column":21},"end":{"line":71,"column":22}},"loc":{"start":{"line":71,"column":27},"end":{"line":71,"column":55}},"line":71},"5":{"name":"(anonymous_5)","decl":{"start":{"line":72,"column":22},"end":{"line":72,"column":23}},"loc":{"start":{"line":72,"column":28},"end":{"line":72,"column":57}},"line":72}},"branchMap":{"0":{"loc":{"start":{"line":9,"column":15},"end":{"line":18,"column":2}},"type":"binary-expr","locations":[{"start":{"line":9,"column":15},"end":{"line":9,"column":34}},{"start":{"line":9,"column":38},"end":{"line":18,"column":2}}],"line":9},"1":{"loc":{"start":{"line":10,"column":7},"end":{"line":17,"column":41}},"type":"cond-expr","locations":[{"start":{"line":11,"column":6},"end":{"line":16,"column":7}},{"start":{"line":17,"column":6},"end":{"line":17,"column":41}}],"line":10},"2":{"loc":{"start":{"line":21,"column":0},"end":{"line":23,"column":1}},"type":"if","locations":[{"start":{"line":21,"column":0},"end":{"line":23,"column":1}},{"start":{},"end":{}}],"line":21},"3":{"loc":{"start":{"line":26,"column":0},"end":{"line":41,"column":1}},"type":"if","locations":[{"start":{"line":26,"column":0},"end":{"line":41,"column":1}},{"start":{},"end":{}}],"line":26},"4":{"loc":{"start":{"line":29,"column":4},"end":{"line":35,"column":5}},"type":"if","locations":[{"start":{"line":29,"column":4},"end":{"line":35,"column":5}},{"start":{},"end":{}}],"line":29}},"s":{"0":2,"1":2,"2":2,"3":2,"4":2,"5":0,"6":2,"7":0,"8":0,"9":0,"10":0,"11":0,"12":2,"13":2,"14":2,"15":2,"16":0,"17":0,"18":2,"19":0,"20":0,"21":0,"22":0,"23":0,"24":0,"25":2,"26":0,"27":2,"28":0,"29":2},"f":{"0":0,"1":0,"2":2,"3":0,"4":0,"5":0},"b":{"0":[2,2],"1":[0,2],"2":[0,2],"3":[0,2],"4":[0,0]},"_coverageSchema":"1a1c01bbd47fc00a2c39e90264f33305004495a9","hash":"e1c62d1dde50e78bb06dcf708ae8265d6980a272"}
,"/workspaces/tu-mock-test-platform-main/backend/config/env.js": {"path":"/workspaces/tu-mock-test-platform-main/backend/config/env.js","statementMap":{"0":{"start":{"line":1,"column":15},"end":{"line":1,"column":32}},"1":{"start":{"line":2,"column":14},"end":{"line":2,"column":28}},"2":{"start":{"line":5,"column":0},"end":{"line":5,"column":16}},"3":{"start":{"line":7,"column":18},"end":{"line":79,"column":2}},"4":{"start":{"line":11,"column":24},"end":{"line":11,"column":41}},"5":{"start":{"line":23,"column":21},"end":{"line":23,"column":52}},"6":{"start":{"line":53,"column":24},"end":{"line":53,"column":41}},"7":{"start":{"line":65,"column":24},"end":{"line":65,"column":41}},"8":{"start":{"line":71,"column":24},"end":{"line":71,"column":41}},"9":{"start":{"line":82,"column":15},"end":{"line":82,"column":43}},"10":{"start":{"line":85,"column":15},"end":{"line":92,"column":2}},"11":{"start":{"line":94,"column":0},"end":{"line":94,"column":24}}},"fnMap":{"0":{"name":"(anonymous_0)","decl":{"start":{"line":11,"column":15},"end":{"line":11,"column":16}},"loc":{"start":{"line":11,"column":24},"end":{"line":11,"column":41}},"line":11},"1":{"name":"(anonymous_1)","decl":{"start":{"line":23,"column":12},"end":{"line":23,"column":13}},"loc":{"start":{"line":23,"column":21},"end":{"line":23,"column":52}},"line":23},"2":{"name":"(anonymous_2)","decl":{"start":{"line":53,"column":15},"end":{"line":53,"column":16}},"loc":{"start":{"line":53,"column":24},"end":{"line":53,"column":41}},"line":53},"3":{"name":"(anonymous_3)","decl":{"start":{"line":65,"column":15},"end":{"line":65,"column":16}},"loc":{"start":{"line":65,"column":24},"end":{"line":65,"column":41}},"line":65},"4":{"name":"(anonymous_4)","decl":{"start":{"line":71,"column":15},"end":{"line":71,"column":16}},"loc":{"start":{"line":71,"column":24},"end":{"line":71,"column":41}},"line":71}},"branchMap":{},"s":{"0":2,"1":2,"2":2,"3":2,"4":2,"5":2,"6":2,"7":2,"8":2,"9":2,"10":2,"11":2},"f":{"0":2,"1":2,"2":2,"3":2,"4":2},"b":{},"_coverageSchema":"1a1c01bbd47fc00a2c39e90264f33305004495a9","hash":"f7f96f8012ac2d30353f478844772f845ef57bf1"}
,"/workspaces/tu-mock-test-platform-main/backend/config/logger.js": {"path":"/workspaces/tu-mock-test-platform-main/backend/config/logger.js","statementMap":{"0":{"start":{"line":1,"column":16},"end":{"line":1,"column":34}},"1":{"start":{"line":2,"column":24},"end":{"line":2,"column":60}},"2":{"start":{"line":3,"column":15},"end":{"line":3,"column":31}},"3":{"start":{"line":5,"column":70},"end":{"line":5,"column":84}},"4":{"start":{"line":8,"column":22},"end":{"line":14,"column":2}},"5":{"start":{"line":9,"column":12},"end":{"line":9,"column":51}},"6":{"start":{"line":10,"column":2},"end":{"line":12,"column":3}},"7":{"start":{"line":11,"column":4},"end":{"line":11,"column":38}},"8":{"start":{"line":13,"column":2},"end":{"line":13,"column":13}},"9":{"start":{"line":17,"column":19},"end":{"line":22,"column":1}},"10":{"start":{"line":25,"column":19},"end":{"line":25,"column":21}},"11":{"start":{"line":28,"column":0},"end":{"line":35,"column":2}},"12":{"start":{"line":38,"column":0},"end":{"line":56,"column":1}},"13":{"start":{"line":39,"column":2},"end":{"line":55,"column":4}},"14":{"start":{"line":59,"column":15},"end":{"line":88,"column":2}},"15":{"start":{"line":91,"column":0},"end":{"line":95,"column":3}},"16":{"start":{"line":92,"column":2},"end":{"line":94,"column":5}},"17":{"start":{"line":93,"column":4},"end":{"line":93,"column":20}},"18":{"start":{"line":97,"column":0},"end":{"line":97,"column":24}}},"fnMap":{"0":{"name":"(anonymous_0)","decl":{"start":{"line":8,"column":29},"end":{"line":8,"column":30}},"loc":{"start":{"line":8,"column":84},"end":{"line":14,"column":1}},"line":8},"1":{"name":"(anonymous_1)","decl":{"start":{"line":91,"column":21},"end":{"line":91,"column":22}},"loc":{"start":{"line":91,"column":27},"end":{"line":95,"column":1}},"line":91},"2":{"name":"(anonymous_2)","decl":{"start":{"line":92,"column":13},"end":{"line":92,"column":14}},"loc":{"start":{"line":92,"column":19},"end":{"line":94,"column":3}},"line":92}},"branchMap":{"0":{"loc":{"start":{"line":9,"column":33},"end":{"line":9,"column":49}},"type":"binary-expr","locations":[{"start":{"line":9,"column":33},"end":{"line":9,"column":38}},{"start":{"line":9,"column":42},"end":{"line":9,"column":49}}],"line":9},"1":{"loc":{"start":{"line":10,"column":2},"end":{"line":12,"column":3}},"type":"if","locations":[{"start":{"line":10,"column":2},"end":{"line":12,"column":3}},{"start":{},"end":{}}],"line":10},"2":{"loc":{"start":{"line":31,"column":12},"end":{"line":33,"column":18}},"type":"cond-expr","locations":[{"start":{"line":32,"column":8},"end":{"line":32,"column":90}},{"start":{"line":33,"column":8},"end":{"line":33,"column":18}}],"line":31},"3":{"loc":{"start":{"line":38,"column":0},"end":{"line":56,"column":1}},"type":"if","locations":[{"start":{"line":38,"column":0},"end":{"line":56,"column":1}},{"start":{},"end":{}}],"line":38},"4":{"loc":{"start":{"line":64,"column":21},"end":{"line":74,"column":40}},"type":"cond-expr","locations":[{"start":{"line":65,"column":6},"end":{"line":73,"column":7}},{"start":{"line":74,"column":6},"end":{"line":74,"column":40}}],"line":64},"5":{"loc":{"start":{"line":76,"column":21},"end":{"line":86,"column":40}},"type":"cond-expr","locations":[{"start":{"line":77,"column":6},"end":{"line":85,"column":7}},{"start":{"line":86,"column":6},"end":{"line":86,"column":40}}],"line":76}},"s":{"0":2,"1":2,"2":2,"3":2,"4":2,"5":0,"6":0,"7":0,"8":0,"9":2,"10":2,"11":2,"12":2,"13":0,"14":2,"15":2,"16":0,"17":0,"18":2},"f":{"0":0,"1":0,"2":0},"b":{"0":[0,0],"1":[0,0],"2":[0,2],"3":[0,2],"4":[0,2],"5":[0,2]},"_coverageSchema":"1a1c01bbd47fc00a2c39e90264f33305004495a9","hash":"c8c61d8899f0142fa72f89906576d1ec7a274b34"}
,"/workspaces/tu-mock-test-platform-main/backend/config/redis.js": {"path":"/workspaces/tu-mock-test-platform-main/backend/config/redis.js","statementMap":{"0":{"start":{"line":1,"column":14},"end":{"line":1,"column":32}},"1":{"start":{"line":2,"column":15},"end":{"line":2,"column":31}},"2":{"start":{"line":3,"column":15},"end":{"line":3,"column":34}},"3":{"start":{"line":9,"column":14},"end":{"line":37,"column":2}},"4":{"start":{"line":19,"column":18},"end":{"line":19,"column":44}},"5":{"start":{"line":20,"column":4},"end":{"line":23,"column":5}},"6":{"start":{"line":21,"column":6},"end":{"line":21,"column":63}},"7":{"start":{"line":22,"column":6},"end":{"line":22,"column":18}},"8":{"start":{"line":24,"column":4},"end":{"line":24,"column":76}},"9":{"start":{"line":25,"column":4},"end":{"line":25,"column":17}},"10":{"start":{"line":30,"column":25},"end":{"line":30,"column":66}},"11":{"start":{"line":31,"column":28},"end":{"line":31,"column":77}},"12":{"start":{"line":31,"column":53},"end":{"line":31,"column":76}},"13":{"start":{"line":32,"column":4},"end":{"line":34,"column":5}},"14":{"start":{"line":33,"column":6},"end":{"line":33,"column":72}},"15":{"start":{"line":35,"column":4},"end":{"line":35,"column":39}},"16":{"start":{"line":40,"column":0},"end":{"line":42,"column":3}},"17":{"start":{"line":41,"column":2},"end":{"line":41,"column":40}},"18":{"start":{"line":44,"column":0},"end":{"line":51,"column":3}},"19":{"start":{"line":45,"column":2},"end":{"line":50,"column":3}},"20":{"start":{"line":46,"column":17},"end":{"line":46,"column":35}},"21":{"start":{"line":47,"column":4},"end":{"line":47,"column":62}},"22":{"start":{"line":49,"column":4},"end":{"line":49,"column":71}},"23":{"start":{"line":53,"column":0},"end":{"line":56,"column":3}},"24":{"start":{"line":55,"column":2},"end":{"line":55,"column":79}},"25":{"start":{"line":58,"column":0},"end":{"line":60,"column":3}},"26":{"start":{"line":59,"column":2},"end":{"line":59,"column":46}},"27":{"start":{"line":62,"column":0},"end":{"line":64,"column":3}},"28":{"start":{"line":63,"column":2},"end":{"line":63,"column":41}},"29":{"start":{"line":66,"column":0},"end":{"line":68,"column":3}},"30":{"start":{"line":67,"column":2},"end":{"line":67,"column":43}},"31":{"start":{"line":74,"column":27},"end":{"line":84,"column":1}},"32":{"start":{"line":75,"column":2},"end":{"line":75,"column":76}},"33":{"start":{"line":76,"column":2},"end":{"line":83,"column":3}},"34":{"start":{"line":77,"column":4},"end":{"line":77,"column":23}},"35":{"start":{"line":78,"column":4},"end":{"line":78,"column":54}},"36":{"start":{"line":80,"column":4},"end":{"line":80,"column":74}},"37":{"start":{"line":82,"column":4},"end":{"line":82,"column":23}},"38":{"start":{"line":86,"column":0},"end":{"line":86,"column":57}},"39":{"start":{"line":86,"column":27},"end":{"line":86,"column":55}},"40":{"start":{"line":87,"column":0},"end":{"line":87,"column":59}},"41":{"start":{"line":87,"column":28},"end":{"line":87,"column":57}},"42":{"start":{"line":90,"column":0},"end":{"line":90,"column":23}}},"fnMap":{"0":{"name":"(anonymous_0)","decl":{"start":{"line":18,"column":2},"end":{"line":18,"column":3}},"loc":{"start":{"line":18,"column":23},"end":{"line":26,"column":3}},"line":18},"1":{"name":"(anonymous_1)","decl":{"start":{"line":29,"column":2},"end":{"line":29,"column":3}},"loc":{"start":{"line":29,"column":24},"end":{"line":36,"column":3}},"line":29},"2":{"name":"(anonymous_2)","decl":{"start":{"line":31,"column":46},"end":{"line":31,"column":47}},"loc":{"start":{"line":31,"column":53},"end":{"line":31,"column":76}},"line":31},"3":{"name":"(anonymous_3)","decl":{"start":{"line":40,"column":20},"end":{"line":40,"column":21}},"loc":{"start":{"line":40,"column":26},"end":{"line":42,"column":1}},"line":40},"4":{"name":"(anonymous_4)","decl":{"start":{"line":44,"column":18},"end":{"line":44,"column":19}},"loc":{"start":{"line":44,"column":30},"end":{"line":51,"column":1}},"line":44},"5":{"name":"(anonymous_5)","decl":{"start":{"line":53,"column":18},"end":{"line":53,"column":19}},"loc":{"start":{"line":53,"column":27},"end":{"line":56,"column":1}},"line":53},"6":{"name":"(anonymous_6)","decl":{"start":{"line":58,"column":25},"end":{"line":58,"column":26}},"loc":{"start":{"line":58,"column":31},"end":{"line":60,"column":1}},"line":58},"7":{"name":"(anonymous_7)","decl":{"start":{"line":62,"column":18},"end":{"line":62,"column":19}},"loc":{"start":{"line":62,"column":24},"end":{"line":64,"column":1}},"line":62},"8":{"name":"(anonymous_8)","decl":{"start":{"line":66,"column":16},"end":{"line":66,"column":17}},"loc":{"start":{"line":66,"column":22},"end":{"line":68,"column":1}},"line":66},"9":{"name":"(anonymous_9)","decl":{"start":{"line":74,"column":27},"end":{"line":74,"column":28}},"loc":{"start":{"line":74,"column":45},"end":{"line":84,"column":1}},"line":74},"10":{"name":"(anonymous_10)","decl":{"start":{"line":86,"column":21},"end":{"line":86,"column":22}},"loc":{"start":{"line":86,"column":27},"end":{"line":86,"column":55}},"line":86},"11":{"name":"(anonymous_11)","decl":{"start":{"line":87,"column":22},"end":{"line":87,"column":23}},"loc":{"start":{"line":87,"column":28},"end":{"line":87,"column":57}},"line":87}},"branchMap":{"0":{"loc":{"start":{"line":20,"column":4},"end":{"line":23,"column":5}},"type":"if","locations":[{"start":{"line":20,"column":4},"end":{"line":23,"column":5}},{"start":{},"end":{}}],"line":20},"1":{"loc":{"start":{"line":32,"column":4},"end":{"line":34,"column":5}},"type":"if","locations":[{"start":{"line":32,"column":4},"end":{"line":34,"column":5}},{"start":{},"end":{}}],"line":32},"2":{"loc":{"start":{"line":35,"column":11},"end":{"line":35,"column":38}},"type":"cond-expr","locations":[{"start":{"line":35,"column":29},"end":{"line":35,"column":30}},{"start":{"line":35,"column":33},"end":{"line":35,"column":38}}],"line":35}},"s":{"0":2,"1":2,"2":2,"3":2,"4":0,"5":0,"6":0,"7":0,"8":0,"9":0,"10":0,"11":0,"12":0,"13":0,"14":0,"15":0,"16":2,"17":2,"18":2,"19":2,"20":2,"21":2,"22":0,"23":2,"24":0,"25":2,"26":0,"27":2,"28":0,"29":2,"30":0,"31":2,"32":0,"33":0,"34":0,"35":0,"36":0,"37":0,"38":2,"39":0,"40":2,"41":0,"42":2},"f":{"0":0,"1":0,"2":0,"3":2,"4":2,"5":0,"6":0,"7":0,"8":0,"9":0,"10":0,"11":0},"b":{"0":[0,0],"1":[0,0],"2":[0,0]},"_coverageSchema":"1a1c01bbd47fc00a2c39e90264f33305004495a9","hash":"a254762682cba1dc5722779e695f1a1014eadabe"}
,"/workspaces/tu-mock-test-platform-main/backend/controllers/adminController.js": {"path":"/workspaces/tu-mock-test-platform-main/backend/controllers/adminController.js","statementMap":{"0":{"start":{"line":1,"column":15},"end":{"line":1,"column":38}},"1":{"start":{"line":2,"column":25},"end":{"line":2,"column":64}},"2":{"start":{"line":3,"column":34},"end":{"line":3,"column":65}},"3":{"start":{"line":4,"column":21},"end":{"line":4,"column":53}},"4":{"start":{"line":6,"column":17},"end":{"line":11,"column":1}},"5":{"start":{"line":7,"column":22},"end":{"line":7,"column":56}},"6":{"start":{"line":8,"column":2},"end":{"line":10,"column":18}},"7":{"start":{"line":19,"column":20},"end":{"line":48,"column":2}},"8":{"start":{"line":20,"column":47},"end":{"line":43,"column":4}},"9":{"start":{"line":45,"column":2},"end":{"line":47,"column":4}},"10":{"start":{"line":50,"column":22},"end":{"line":79,"column":2}},"11":{"start":{"line":51,"column":21},"end":{"line":51,"column":30}},"12":{"start":{"line":52,"column":19},"end":{"line":62,"column":4}},"13":{"start":{"line":64,"column":17},"end":{"line":64,"column":68}},"14":{"start":{"line":65,"column":15},"end":{"line":72,"column":28}},"15":{"start":{"line":65,"column":41},"end":{"line":72,"column":27}},"16":{"start":{"line":74,"column":2},"end":{"line":78,"column":40}},"17":{"start":{"line":87,"column":22},"end":{"line":98,"column":2}},"18":{"start":{"line":88,"column":21},"end":{"line":93,"column":4}},"19":{"start":{"line":95,"column":2},"end":{"line":97,"column":4}},"20":{"start":{"line":104,"column":23},"end":{"line":128,"column":2}},"21":{"start":{"line":105,"column":38},"end":{"line":105,"column":46}},"22":{"start":{"line":107,"column":2},"end":{"line":109,"column":3}},"23":{"start":{"line":108,"column":4},"end":{"line":108,"column":57}},"24":{"start":{"line":110,"column":2},"end":{"line":112,"column":3}},"25":{"start":{"line":111,"column":4},"end":{"line":111,"column":57}},"26":{"start":{"line":113,"column":2},"end":{"line":115,"column":3}},"27":{"start":{"line":114,"column":4},"end":{"line":114,"column":85}},"28":{"start":{"line":117,"column":19},"end":{"line":123,"column":4}},"29":{"start":{"line":125,"column":2},"end":{"line":127,"column":4}},"30":{"start":{"line":134,"column":23},"end":{"line":170,"column":2}},"31":{"start":{"line":135,"column":17},"end":{"line":135,"column":27}},"32":{"start":{"line":136,"column":38},"end":{"line":136,"column":46}},"33":{"start":{"line":138,"column":19},"end":{"line":141,"column":4}},"34":{"start":{"line":142,"column":2},"end":{"line":142,"column":63}},"35":{"start":{"line":142,"column":17},"end":{"line":142,"column":63}},"36":{"start":{"line":144,"column":15},"end":{"line":144,"column":17}},"37":{"start":{"line":145,"column":2},"end":{"line":150,"column":3}},"38":{"start":{"line":146,"column":4},"end":{"line":148,"column":5}},"39":{"start":{"line":147,"column":6},"end":{"line":147,"column":63}},"40":{"start":{"line":149,"column":4},"end":{"line":149,"column":28}},"41":{"start":{"line":151,"column":2},"end":{"line":159,"column":3}},"42":{"start":{"line":152,"column":4},"end":{"line":154,"column":5}},"43":{"start":{"line":153,"column":6},"end":{"line":153,"column":63}},"44":{"start":{"line":155,"column":4},"end":{"line":157,"column":5}},"45":{"start":{"line":156,"column":6},"end":{"line":156,"column":87}},"46":{"start":{"line":158,"column":4},"end":{"line":158,"column":42}},"47":{"start":{"line":160,"column":2},"end":{"line":160,"column":80}},"48":{"start":{"line":160,"column":33},"end":{"line":160,"column":80}},"49":{"start":{"line":162,"column":18},"end":{"line":165,"column":4}},"50":{"start":{"line":167,"column":2},"end":{"line":169,"column":4}},"51":{"start":{"line":176,"column":23},"end":{"line":190,"column":2}},"52":{"start":{"line":177,"column":17},"end":{"line":177,"column":27}},"53":{"start":{"line":179,"column":19},"end":{"line":182,"column":4}},"54":{"start":{"line":183,"column":2},"end":{"line":183,"column":63}},"55":{"start":{"line":183,"column":17},"end":{"line":183,"column":63}},"56":{"start":{"line":185,"column":2},"end":{"line":185,"column":50}},"57":{"start":{"line":187,"column":2},"end":{"line":189,"column":4}},"58":{"start":{"line":192,"column":0},"end":{"line":199,"column":2}}},"fnMap":{"0":{"name":"(anonymous_0)","decl":{"start":{"line":6,"column":17},"end":{"line":6,"column":18}},"loc":{"start":{"line":6,"column":28},"end":{"line":11,"column":1}},"line":6},"1":{"name":"(anonymous_1)","decl":{"start":{"line":19,"column":33},"end":{"line":19,"column":34}},"loc":{"start":{"line":19,"column":53},"end":{"line":48,"column":1}},"line":19},"2":{"name":"(anonymous_2)","decl":{"start":{"line":50,"column":35},"end":{"line":50,"column":36}},"loc":{"start":{"line":50,"column":55},"end":{"line":79,"column":1}},"line":50},"3":{"name":"(anonymous_3)","decl":{"start":{"line":65,"column":28},"end":{"line":65,"column":29}},"loc":{"start":{"line":65,"column":41},"end":{"line":72,"column":27}},"line":65},"4":{"name":"(anonymous_4)","decl":{"start":{"line":87,"column":35},"end":{"line":87,"column":36}},"loc":{"start":{"line":87,"column":55},"end":{"line":98,"column":1}},"line":87},"5":{"name":"(anonymous_5)","decl":{"start":{"line":104,"column":36},"end":{"line":104,"column":37}},"loc":{"start":{"line":104,"column":56},"end":{"line":128,"column":1}},"line":104},"6":{"name":"(anonymous_6)","decl":{"start":{"line":134,"column":36},"end":{"line":134,"column":37}},"loc":{"start":{"line":134,"column":56},"end":{"line":170,"column":1}},"line":134},"7":{"name":"(anonymous_7)","decl":{"start":{"line":176,"column":36},"end":{"line":176,"column":37}},"loc":{"start":{"line":176,"column":56},"end":{"line":190,"column":1}},"line":176}},"branchMap":{"0":{"loc":{"start":{"line":7,"column":22},"end":{"line":7,"column":56}},"type":"cond-expr","locations":[{"start":{"line":7,"column":38},"end":{"line":7,"column":40}},{"start":{"line":7,"column":43},"end":{"line":7,"column":56}}],"line":7},"1":{"loc":{"start":{"line":8,"column":9},"end":{"line":10,"column":17}},"type":"cond-expr","locations":[{"start":{"line":9,"column":6},"end":{"line":9,"column":44}},{"start":{"line":10,"column":6},"end":{"line":10,"column":17}}],"line":8},"2":{"loc":{"start":{"line":54,"column":10},"end":{"line":54,"column":34}},"type":"cond-expr","locations":[{"start":{"line":54,"column":19},"end":{"line":54,"column":29}},{"start":{"line":54,"column":32},"end":{"line":54,"column":34}}],"line":54},"3":{"loc":{"start":{"line":107,"column":2},"end":{"line":109,"column":3}},"type":"if","locations":[{"start":{"line":107,"column":2},"end":{"line":109,"column":3}},{"start":{},"end":{}}],"line":107},"4":{"loc":{"start":{"line":107,"column":6},"end":{"line":107,"column":67}},"type":"binary-expr","locations":[{"start":{"line":107,"column":6},"end":{"line":107,"column":11}},{"start":{"line":107,"column":15},"end":{"line":107,"column":39}},{"start":{"line":107,"column":43},"end":{"line":107,"column":67}}],"line":107},"5":{"loc":{"start":{"line":110,"column":2},"end":{"line":112,"column":3}},"type":"if","locations":[{"start":{"line":110,"column":2},"end":{"line":112,"column":3}},{"start":{},"end":{}}],"line":110},"6":{"loc":{"start":{"line":110,"column":6},"end":{"line":110,"column":67}},"type":"binary-expr","locations":[{"start":{"line":110,"column":6},"end":{"line":110,"column":11}},{"start":{"line":110,"column":15},"end":{"line":110,"column":39}},{"start":{"line":110,"column":43},"end":{"line":110,"column":67}}],"line":110},"7":{"loc":{"start":{"line":113,"column":2},"end":{"line":115,"column":3}},"type":"if","locations":[{"start":{"line":113,"column":2},"end":{"line":115,"column":3}},{"start":{},"end":{}}],"line":113},"8":{"loc":{"start":{"line":121,"column":19},"end":{"line":121,"column":46}},"type":"binary-expr","locations":[{"start":{"line":121,"column":19},"end":{"line":121,"column":38}},{"start":{"line":121,"column":42},"end":{"line":121,"column":46}}],"line":121},"9":{"loc":{"start":{"line":142,"column":2},"end":{"line":142,"column":63}},"type":"if","locations":[{"start":{"line":142,"column":2},"end":{"line":142,"column":63}},{"start":{},"end":{}}],"line":142},"10":{"loc":{"start":{"line":145,"column":2},"end":{"line":150,"column":3}},"type":"if","locations":[{"start":{"line":145,"column":2},"end":{"line":150,"column":3}},{"start":{},"end":{}}],"line":145},"11":{"loc":{"start":{"line":146,"column":4},"end":{"line":148,"column":5}},"type":"if","locations":[{"start":{"line":146,"column":4},"end":{"line":148,"column":5}},{"start":{},"end":{}}],"line":146},"12":{"loc":{"start":{"line":146,"column":8},"end":{"line":146,"column":60}},"type":"binary-expr","locations":[{"start":{"line":146,"column":8},"end":{"line":146,"column":32}},{"start":{"line":146,"column":36},"end":{"line":146,"column":60}}],"line":146},"13":{"loc":{"start":{"line":151,"column":2},"end":{"line":159,"column":3}},"type":"if","locations":[{"start":{"line":151,"column":2},"end":{"line":159,"column":3}},{"start":{},"end":{}}],"line":151},"14":{"loc":{"start":{"line":152,"column":4},"end":{"line":154,"column":5}},"type":"if","locations":[{"start":{"line":152,"column":4},"end":{"line":154,"column":5}},{"start":{},"end":{}}],"line":152},"15":{"loc":{"start":{"line":152,"column":8},"end":{"line":152,"column":60}},"type":"binary-expr","locations":[{"start":{"line":152,"column":8},"end":{"line":152,"column":32}},{"start":{"line":152,"column":36},"end":{"line":152,"column":60}}],"line":152},"16":{"loc":{"start":{"line":155,"column":4},"end":{"line":157,"column":5}},"type":"if","locations":[{"start":{"line":155,"column":4},"end":{"line":157,"column":5}},{"start":{},"end":{}}],"line":155},"17":{"loc":{"start":{"line":160,"column":2},"end":{"line":160,"column":80}},"type":"if","locations":[{"start":{"line":160,"column":2},"end":{"line":160,"column":80}},{"start":{},"end":{}}],"line":160},"18":{"loc":{"start":{"line":160,"column":52},"end":{"line":160,"column":79}},"type":"binary-expr","locations":[{"start":{"line":160,"column":52},"end":{"line":160,"column":71}},{"start":{"line":160,"column":75},"end":{"line":160,"column":79}}],"line":160},"19":{"loc":{"start":{"line":183,"column":2},"end":{"line":183,"column":63}},"type":"if","locations":[{"start":{"line":183,"column":2},"end":{"line":183,"column":63}},{"start":{},"end":{}}],"line":183}},"s":{"0":2,"1":2,"2":2,"3":2,"4":2,"5":0,"6":0,"7":2,"8":0,"9":0,"10":2,"11":1,"12":1,"13":1,"14":1,"15":0,"16":1,"17":2,"18":1,"19":1,"20":2,"21":2,"22":2,"23":0,"24":2,"25":0,"26":2,"27":0,"28":2,"29":1,"30":2,"31":0,"32":0,"33":0,"34":0,"35":0,"36":0,"37":0,"38":0,"39":0,"40":0,"41":0,"42":0,"43":0,"44":0,"45":0,"46":0,"47":0,"48":0,"49":0,"50":0,"51":2,"52":0,"53":0,"54":0,"55":0,"56":0,"57":0,"58":2},"f":{"0":0,"1":0,"2":1,"3":0,"4":1,"5":2,"6":0,"7":0},"b":{"0":[0,0],"1":[0,0],"2":[0,1],"3":[0,2],"4":[2,2,2],"5":[0,2],"6":[2,2,2],"7":[0,2],"8":[2,0],"9":[0,0],"10":[0,0],"11":[0,0],"12":[0,0],"13":[0,0],"14":[0,0],"15":[0,0],"16":[0,0],"17":[0,0],"18":[0,0],"19":[0,0]},"_coverageSchema":"1a1c01bbd47fc00a2c39e90264f33305004495a9","hash":"1b7ce8ad70689e3291dbb2244d18425818bca050"}
,"/workspaces/tu-mock-test-platform-main/backend/controllers/analyticsController.js": {"path":"/workspaces/tu-mock-test-platform-main/backend/controllers/analyticsController.js","statementMap":{"0":{"start":{"line":1,"column":25},"end":{"line":1,"column":64}},"1":{"start":{"line":2,"column":24},"end":{"line":2,"column":55}},"2":{"start":{"line":3,"column":21},"end":{"line":3,"column":53}},"3":{"start":{"line":6,"column":14},"end":{"line":6,"column":87}},"4":{"start":{"line":6,"column":33},"end":{"line":6,"column":87}},"5":{"start":{"line":12,"column":23},"end":{"line":18,"column":2}},"6":{"start":{"line":13,"column":16},"end":{"line":13,"column":55}},"7":{"start":{"line":15,"column":2},"end":{"line":17,"column":4}},"8":{"start":{"line":24,"column":29},"end":{"line":30,"column":2}},"9":{"start":{"line":25,"column":20},"end":{"line":25,"column":65}},"10":{"start":{"line":27,"column":2},"end":{"line":29,"column":4}},"11":{"start":{"line":36,"column":25},"end":{"line":44,"column":2}},"12":{"start":{"line":37,"column":15},"end":{"line":37,"column":43}},"13":{"start":{"line":39,"column":17},"end":{"line":39,"column":66}},"14":{"start":{"line":41,"column":2},"end":{"line":43,"column":4}},"15":{"start":{"line":50,"column":27},"end":{"line":59,"column":2}},"16":{"start":{"line":51,"column":21},"end":{"line":51,"column":29}},"17":{"start":{"line":52,"column":15},"end":{"line":52,"column":43}},"18":{"start":{"line":54,"column":17},"end":{"line":54,"column":74}},"19":{"start":{"line":56,"column":2},"end":{"line":58,"column":4}},"20":{"start":{"line":65,"column":28},"end":{"line":73,"column":2}},"21":{"start":{"line":66,"column":21},"end":{"line":66,"column":29}},"22":{"start":{"line":68,"column":20},"end":{"line":68,"column":70}},"23":{"start":{"line":70,"column":2},"end":{"line":72,"column":4}},"24":{"start":{"line":75,"column":26},"end":{"line":75,"column":40}},"25":{"start":{"line":77,"column":0},"end":{"line":84,"column":2}}},"fnMap":{"0":{"name":"(anonymous_0)","decl":{"start":{"line":6,"column":14},"end":{"line":6,"column":15}},"loc":{"start":{"line":6,"column":33},"end":{"line":6,"column":87}},"line":6},"1":{"name":"(anonymous_1)","decl":{"start":{"line":12,"column":36},"end":{"line":12,"column":37}},"loc":{"start":{"line":12,"column":56},"end":{"line":18,"column":1}},"line":12},"2":{"name":"(anonymous_2)","decl":{"start":{"line":24,"column":42},"end":{"line":24,"column":43}},"loc":{"start":{"line":24,"column":62},"end":{"line":30,"column":1}},"line":24},"3":{"name":"(anonymous_3)","decl":{"start":{"line":36,"column":38},"end":{"line":36,"column":39}},"loc":{"start":{"line":36,"column":58},"end":{"line":44,"column":1}},"line":36},"4":{"name":"(anonymous_4)","decl":{"start":{"line":50,"column":40},"end":{"line":50,"column":41}},"loc":{"start":{"line":50,"column":60},"end":{"line":59,"column":1}},"line":50},"5":{"name":"(anonymous_5)","decl":{"start":{"line":65,"column":41},"end":{"line":65,"column":42}},"loc":{"start":{"line":65,"column":61},"end":{"line":73,"column":1}},"line":65}},"branchMap":{"0":{"loc":{"start":{"line":6,"column":51},"end":{"line":6,"column":75}},"type":"binary-expr","locations":[{"start":{"line":6,"column":51},"end":{"line":6,"column":68}},{"start":{"line":6,"column":72},"end":{"line":6,"column":75}}],"line":6}},"s":{"0":2,"1":2,"2":2,"3":2,"4":1,"5":2,"6":1,"7":1,"8":2,"9":1,"10":1,"11":2,"12":0,"13":0,"14":0,"15":2,"16":1,"17":1,"18":1,"19":1,"20":2,"21":1,"22":1,"23":1,"24":2,"25":2},"f":{"0":1,"1":1,"2":1,"3":0,"4":1,"5":1},"b":{"0":[1,0]},"_coverageSchema":"1a1c01bbd47fc00a2c39e90264f33305004495a9","hash":"eae7b76f300ca012ca05da681222a27b13494b9d"}
,"/workspaces/tu-mock-test-platform-main/backend/controllers/attemptController.js": {"path":"/workspaces/tu-mock-test-platform-main/backend/controllers/attemptController.js","statementMap":{"0":{"start":{"line":1,"column":23},"end":{"line":1,"column":60}},"1":{"start":{"line":2,"column":24},"end":{"line":2,"column":55}},"2":{"start":{"line":3,"column":21},"end":{"line":3,"column":53}},"3":{"start":{"line":6,"column":21},"end":{"line":15,"column":2}},"4":{"start":{"line":7,"column":21},"end":{"line":7,"column":29}},"5":{"start":{"line":8,"column":17},"end":{"line":8,"column":49}},"6":{"start":{"line":10,"column":18},"end":{"line":10,"column":67}},"7":{"start":{"line":12,"column":2},"end":{"line":14,"column":4}},"8":{"start":{"line":18,"column":21},"end":{"line":33,"column":2}},"9":{"start":{"line":19,"column":66},"end":{"line":19,"column":74}},"10":{"start":{"line":20,"column":17},"end":{"line":20,"column":49}},"11":{"start":{"line":22,"column":17},"end":{"line":28,"column":3}},"12":{"start":{"line":30,"column":2},"end":{"line":32,"column":4}},"13":{"start":{"line":36,"column":22},"end":{"line":45,"column":2}},"14":{"start":{"line":37,"column":38},"end":{"line":37,"column":46}},"15":{"start":{"line":38,"column":17},"end":{"line":38,"column":49}},"16":{"start":{"line":40,"column":17},"end":{"line":40,"column":84}},"17":{"start":{"line":42,"column":2},"end":{"line":44,"column":4}},"18":{"start":{"line":48,"column":19},"end":{"line":57,"column":2}},"19":{"start":{"line":49,"column":17},"end":{"line":49,"column":27}},"20":{"start":{"line":50,"column":17},"end":{"line":50,"column":49}},"21":{"start":{"line":52,"column":18},"end":{"line":52,"column":61}},"22":{"start":{"line":54,"column":2},"end":{"line":56,"column":4}},"23":{"start":{"line":60,"column":26},"end":{"line":60,"column":58}},"24":{"start":{"line":62,"column":0},"end":{"line":68,"column":2}}},"fnMap":{"0":{"name":"(anonymous_0)","decl":{"start":{"line":6,"column":34},"end":{"line":6,"column":35}},"loc":{"start":{"line":6,"column":54},"end":{"line":15,"column":1}},"line":6},"1":{"name":"(anonymous_1)","decl":{"start":{"line":18,"column":34},"end":{"line":18,"column":35}},"loc":{"start":{"line":18,"column":54},"end":{"line":33,"column":1}},"line":18},"2":{"name":"(anonymous_2)","decl":{"start":{"line":36,"column":35},"end":{"line":36,"column":36}},"loc":{"start":{"line":36,"column":55},"end":{"line":45,"column":1}},"line":36},"3":{"name":"(anonymous_3)","decl":{"start":{"line":48,"column":32},"end":{"line":48,"column":33}},"loc":{"start":{"line":48,"column":52},"end":{"line":57,"column":1}},"line":48}},"branchMap":{"0":{"loc":{"start":{"line":8,"column":17},"end":{"line":8,"column":49}},"type":"binary-expr","locations":[{"start":{"line":8,"column":17},"end":{"line":8,"column":33}},{"start":{"line":8,"column":37},"end":{"line":8,"column":49}}],"line":8},"1":{"loc":{"start":{"line":20,"column":17},"end":{"line":20,"column":49}},"type":"binary-expr","locations":[{"start":{"line":20,"column":17},"end":{"line":20,"column":33}},{"start":{"line":20,"column":37},"end":{"line":20,"column":49}}],"line":20},"2":{"loc":{"start":{"line":38,"column":17},"end":{"line":38,"column":49}},"type":"binary-expr","locations":[{"start":{"line":38,"column":17},"end":{"line":38,"column":33}},{"start":{"line":38,"column":37},"end":{"line":38,"column":49}}],"line":38},"3":{"loc":{"start":{"line":50,"column":17},"end":{"line":50,"column":49}},"type":"binary-expr","locations":[{"start":{"line":50,"column":17},"end":{"line":50,"column":33}},{"start":{"line":50,"column":37},"end":{"line":50,"column":49}}],"line":50}},"s":{"0":2,"1":2,"2":2,"3":2,"4":4,"5":4,"6":4,"7":1,"8":2,"9":1,"10":1,"11":1,"12":1,"13":2,"14":1,"15":1,"16":1,"17":1,"18":2,"19":2,"20":2,"21":2,"22":2,"23":2,"24":2},"f":{"0":4,"1":1,"2":1,"3":2},"b":{"0":[4,0],"1":[1,0],"2":[1,0],"3":[2,0]},"_coverageSchema":"1a1c01bbd47fc00a2c39e90264f33305004495a9","hash":"3290d5396a53c5904345ebd09a54adcdbc4e1b4b"}
,"/workspaces/tu-mock-test-platform-main/backend/controllers/authController.js": {"path":"/workspaces/tu-mock-test-platform-main/backend/controllers/authController.js","statementMap":{"0":{"start":{"line":1,"column":20},"end":{"line":1,"column":54}},"1":{"start":{"line":2,"column":15},"end":{"line":2,"column":39}},"2":{"start":{"line":3,"column":24},"end":{"line":3,"column":55}},"3":{"start":{"line":4,"column":21},"end":{"line":4,"column":53}},"4":{"start":{"line":6,"column":21},"end":{"line":13,"column":1}},"5":{"start":{"line":7,"column":2},"end":{"line":12,"column":9}},"6":{"start":{"line":8,"column":28},"end":{"line":8,"column":52}},"7":{"start":{"line":9,"column":4},"end":{"line":9,"column":30}},"8":{"start":{"line":9,"column":15},"end":{"line":9,"column":30}},"9":{"start":{"line":10,"column":4},"end":{"line":10,"column":55}},"10":{"start":{"line":11,"column":4},"end":{"line":11,"column":19}},"11":{"start":{"line":15,"column":35},"end":{"line":22,"column":1}},"12":{"start":{"line":16,"column":2},"end":{"line":18,"column":3}},"13":{"start":{"line":17,"column":4},"end":{"line":17,"column":33}},"14":{"start":{"line":20,"column":18},"end":{"line":20,"column":56}},"15":{"start":{"line":21,"column":2},"end":{"line":21,"column":30}},"16":{"start":{"line":24,"column":30},"end":{"line":32,"column":1}},"17":{"start":{"line":25,"column":2},"end":{"line":31,"column":5}},"18":{"start":{"line":34,"column":32},"end":{"line":41,"column":1}},"19":{"start":{"line":35,"column":2},"end":{"line":40,"column":5}},"20":{"start":{"line":47,"column":17},"end":{"line":56,"column":2}},"21":{"start":{"line":48,"column":46},"end":{"line":48,"column":54}},"22":{"start":{"line":50,"column":17},"end":{"line":50,"column":80}},"23":{"start":{"line":51,"column":2},"end":{"line":51,"column":50}},"24":{"start":{"line":53,"column":2},"end":{"line":55,"column":4}},"25":{"start":{"line":62,"column":14},"end":{"line":71,"column":2}},"26":{"start":{"line":63,"column":30},"end":{"line":63,"column":38}},"27":{"start":{"line":65,"column":17},"end":{"line":65,"column":57}},"28":{"start":{"line":66,"column":2},"end":{"line":66,"column":50}},"29":{"start":{"line":68,"column":2},"end":{"line":70,"column":4}},"30":{"start":{"line":77,"column":15},"end":{"line":89,"column":2}},"31":{"start":{"line":78,"column":23},"end":{"line":78,"column":54}},"32":{"start":{"line":80,"column":2},"end":{"line":82,"column":3}},"33":{"start":{"line":81,"column":4},"end":{"line":81,"column":43}},"34":{"start":{"line":84,"column":2},"end":{"line":84,"column":31}},"35":{"start":{"line":86,"column":2},"end":{"line":88,"column":4}},"36":{"start":{"line":95,"column":16},"end":{"line":108,"column":2}},"37":{"start":{"line":96,"column":23},"end":{"line":96,"column":54}},"38":{"start":{"line":98,"column":2},"end":{"line":100,"column":3}},"39":{"start":{"line":99,"column":4},"end":{"line":99,"column":85}},"40":{"start":{"line":102,"column":17},"end":{"line":102,"column":67}},"41":{"start":{"line":103,"column":2},"end":{"line":103,"column":50}},"42":{"start":{"line":105,"column":2},"end":{"line":107,"column":4}},"43":{"start":{"line":114,"column":18},"end":{"line":122,"column":2}},"44":{"start":{"line":115,"column":21},"end":{"line":115,"column":29}},"45":{"start":{"line":117,"column":17},"end":{"line":117,"column":59}},"46":{"start":{"line":119,"column":2},"end":{"line":121,"column":4}},"47":{"start":{"line":124,"column":0},"end":{"line":130,"column":2}}},"fnMap":{"0":{"name":"(anonymous_0)","decl":{"start":{"line":6,"column":21},"end":{"line":6,"column":22}},"loc":{"start":{"line":6,"column":44},"end":{"line":13,"column":1}},"line":6},"1":{"name":"(anonymous_1)","decl":{"start":{"line":7,"column":40},"end":{"line":7,"column":41}},"loc":{"start":{"line":7,"column":61},"end":{"line":12,"column":3}},"line":7},"2":{"name":"(anonymous_2)","decl":{"start":{"line":15,"column":35},"end":{"line":15,"column":36}},"loc":{"start":{"line":15,"column":44},"end":{"line":22,"column":1}},"line":15},"3":{"name":"(anonymous_3)","decl":{"start":{"line":24,"column":30},"end":{"line":24,"column":31}},"loc":{"start":{"line":24,"column":53},"end":{"line":32,"column":1}},"line":24},"4":{"name":"(anonymous_4)","decl":{"start":{"line":34,"column":32},"end":{"line":34,"column":33}},"loc":{"start":{"line":34,"column":41},"end":{"line":41,"column":1}},"line":34},"5":{"name":"(anonymous_5)","decl":{"start":{"line":47,"column":30},"end":{"line":47,"column":31}},"loc":{"start":{"line":47,"column":50},"end":{"line":56,"column":1}},"line":47},"6":{"name":"(anonymous_6)","decl":{"start":{"line":62,"column":27},"end":{"line":62,"column":28}},"loc":{"start":{"line":62,"column":47},"end":{"line":71,"column":1}},"line":62},"7":{"name":"(anonymous_7)","decl":{"start":{"line":77,"column":28},"end":{"line":77,"column":29}},"loc":{"start":{"line":77,"column":48},"end":{"line":89,"column":1}},"line":77},"8":{"name":"(anonymous_8)","decl":{"start":{"line":95,"column":29},"end":{"line":95,"column":30}},"loc":{"start":{"line":95,"column":49},"end":{"line":108,"column":1}},"line":95},"9":{"name":"(anonymous_9)","decl":{"start":{"line":114,"column":31},"end":{"line":114,"column":32}},"loc":{"start":{"line":114,"column":51},"end":{"line":122,"column":1}},"line":114}},"branchMap":{"0":{"loc":{"start":{"line":6,"column":22},"end":{"line":6,"column":39}},"type":"default-arg","locations":[{"start":{"line":6,"column":37},"end":{"line":6,"column":39}}],"line":6},"1":{"loc":{"start":{"line":9,"column":4},"end":{"line":9,"column":30}},"type":"if","locations":[{"start":{"line":9,"column":4},"end":{"line":9,"column":30}},{"start":{},"end":{}}],"line":9},"2":{"loc":{"start":{"line":16,"column":2},"end":{"line":18,"column":3}},"type":"if","locations":[{"start":{"line":16,"column":2},"end":{"line":18,"column":3}},{"start":{},"end":{}}],"line":16},"3":{"loc":{"start":{"line":20,"column":31},"end":{"line":20,"column":55}},"type":"binary-expr","locations":[{"start":{"line":20,"column":31},"end":{"line":20,"column":49}},{"start":{"line":20,"column":53},"end":{"line":20,"column":55}}],"line":20},"4":{"loc":{"start":{"line":80,"column":2},"end":{"line":82,"column":3}},"type":"if","locations":[{"start":{"line":80,"column":2},"end":{"line":82,"column":3}},{"start":{},"end":{}}],"line":80},"5":{"loc":{"start":{"line":98,"column":2},"end":{"line":100,"column":3}},"type":"if","locations":[{"start":{"line":98,"column":2},"end":{"line":100,"column":3}},{"start":{},"end":{}}],"line":98}},"s":{"0":2,"1":2,"2":2,"3":2,"4":2,"5":0,"6":0,"7":0,"8":0,"9":0,"10":0,"11":2,"12":3,"13":3,"14":0,"15":0,"16":2,"17":4,"18":2,"19":1,"20":2,"21":1,"22":1,"23":1,"24":1,"25":2,"26":3,"27":3,"28":2,"29":2,"30":2,"31":1,"32":1,"33":1,"34":1,"35":1,"36":2,"37":2,"38":2,"39":0,"40":2,"41":1,"42":1,"43":2,"44":0,"45":0,"46":0,"47":2},"f":{"0":0,"1":0,"2":3,"3":4,"4":1,"5":1,"6":3,"7":1,"8":2,"9":0},"b":{"0":[0],"1":[0,0],"2":[3,0],"3":[0,0],"4":[1,0],"5":[0,2]},"_coverageSchema":"1a1c01bbd47fc00a2c39e90264f33305004495a9","hash":"b0e3b1195b38d8434abb65bfa0d4b87e358f0258"}
,"/workspaces/tu-mock-test-platform-main/backend/controllers/examController.js": {"path":"/workspaces/tu-mock-test-platform-main/backend/controllers/examController.js","statementMap":{"0":{"start":{"line":1,"column":20},"end":{"line":1,"column":54}},"1":{"start":{"line":2,"column":24},"end":{"line":2,"column":55}},"2":{"start":{"line":3,"column":21},"end":{"line":3,"column":53}},"3":{"start":{"line":10,"column":18},"end":{"line":25,"column":2}},"4":{"start":{"line":11,"column":51},"end":{"line":11,"column":60}},"5":{"start":{"line":12,"column":15},"end":{"line":12,"column":42}},"6":{"start":{"line":14,"column":17},"end":{"line":20,"column":4}},"7":{"start":{"line":22,"column":2},"end":{"line":24,"column":4}},"8":{"start":{"line":31,"column":16},"end":{"line":39,"column":2}},"9":{"start":{"line":32,"column":17},"end":{"line":32,"column":27}},"10":{"start":{"line":34,"column":15},"end":{"line":34,"column":48}},"11":{"start":{"line":36,"column":2},"end":{"line":38,"column":4}},"12":{"start":{"line":46,"column":25},"end":{"line":56,"column":2}},"13":{"start":{"line":47,"column":17},"end":{"line":47,"column":27}},"14":{"start":{"line":48,"column":18},"end":{"line":48,"column":78}},"15":{"start":{"line":49,"column":21},"end":{"line":49,"column":29}},"16":{"start":{"line":51,"column":15},"end":{"line":51,"column":69}},"17":{"start":{"line":53,"column":2},"end":{"line":55,"column":4}},"18":{"start":{"line":62,"column":19},"end":{"line":68,"column":2}},"19":{"start":{"line":63,"column":15},"end":{"line":63,"column":53}},"20":{"start":{"line":65,"column":2},"end":{"line":67,"column":4}},"21":{"start":{"line":74,"column":19},"end":{"line":82,"column":2}},"22":{"start":{"line":75,"column":17},"end":{"line":75,"column":27}},"23":{"start":{"line":77,"column":15},"end":{"line":77,"column":57}},"24":{"start":{"line":79,"column":2},"end":{"line":81,"column":4}},"25":{"start":{"line":88,"column":19},"end":{"line":96,"column":2}},"26":{"start":{"line":89,"column":17},"end":{"line":89,"column":27}},"27":{"start":{"line":91,"column":17},"end":{"line":91,"column":49}},"28":{"start":{"line":93,"column":2},"end":{"line":95,"column":4}},"29":{"start":{"line":102,"column":21},"end":{"line":111,"column":2}},"30":{"start":{"line":103,"column":17},"end":{"line":103,"column":27}},"31":{"start":{"line":104,"column":26},"end":{"line":104,"column":34}},"32":{"start":{"line":106,"column":17},"end":{"line":106,"column":67}},"33":{"start":{"line":108,"column":2},"end":{"line":110,"column":4}},"34":{"start":{"line":117,"column":21},"end":{"line":126,"column":2}},"35":{"start":{"line":118,"column":17},"end":{"line":118,"column":27}},"36":{"start":{"line":119,"column":26},"end":{"line":119,"column":34}},"37":{"start":{"line":121,"column":17},"end":{"line":121,"column":68}},"38":{"start":{"line":123,"column":2},"end":{"line":125,"column":4}},"39":{"start":{"line":132,"column":24},"end":{"line":141,"column":2}},"40":{"start":{"line":133,"column":17},"end":{"line":133,"column":27}},"41":{"start":{"line":134,"column":26},"end":{"line":134,"column":34}},"42":{"start":{"line":136,"column":17},"end":{"line":136,"column":67}},"43":{"start":{"line":138,"column":2},"end":{"line":140,"column":4}},"44":{"start":{"line":147,"column":25},"end":{"line":156,"column":2}},"45":{"start":{"line":148,"column":17},"end":{"line":148,"column":27}},"46":{"start":{"line":149,"column":21},"end":{"line":149,"column":29}},"47":{"start":{"line":151,"column":17},"end":{"line":151,"column":63}},"48":{"start":{"line":153,"column":2},"end":{"line":155,"column":4}},"49":{"start":{"line":158,"column":0},"end":{"line":169,"column":2}}},"fnMap":{"0":{"name":"(anonymous_0)","decl":{"start":{"line":10,"column":31},"end":{"line":10,"column":32}},"loc":{"start":{"line":10,"column":51},"end":{"line":25,"column":1}},"line":10},"1":{"name":"(anonymous_1)","decl":{"start":{"line":31,"column":29},"end":{"line":31,"column":30}},"loc":{"start":{"line":31,"column":49},"end":{"line":39,"column":1}},"line":31},"2":{"name":"(anonymous_2)","decl":{"start":{"line":46,"column":38},"end":{"line":46,"column":39}},"loc":{"start":{"line":46,"column":58},"end":{"line":56,"column":1}},"line":46},"3":{"name":"(anonymous_3)","decl":{"start":{"line":62,"column":32},"end":{"line":62,"column":33}},"loc":{"start":{"line":62,"column":52},"end":{"line":68,"column":1}},"line":62},"4":{"name":"(anonymous_4)","decl":{"start":{"line":74,"column":32},"end":{"line":74,"column":33}},"loc":{"start":{"line":74,"column":52},"end":{"line":82,"column":1}},"line":74},"5":{"name":"(anonymous_5)","decl":{"start":{"line":88,"column":32},"end":{"line":88,"column":33}},"loc":{"start":{"line":88,"column":52},"end":{"line":96,"column":1}},"line":88},"6":{"name":"(anonymous_6)","decl":{"start":{"line":102,"column":34},"end":{"line":102,"column":35}},"loc":{"start":{"line":102,"column":54},"end":{"line":111,"column":1}},"line":102},"7":{"name":"(anonymous_7)","decl":{"start":{"line":117,"column":34},"end":{"line":117,"column":35}},"loc":{"start":{"line":117,"column":54},"end":{"line":126,"column":1}},"line":117},"8":{"name":"(anonymous_8)","decl":{"start":{"line":132,"column":37},"end":{"line":132,"column":38}},"loc":{"start":{"line":132,"column":57},"end":{"line":141,"column":1}},"line":132},"9":{"name":"(anonymous_9)","decl":{"start":{"line":147,"column":38},"end":{"line":147,"column":39}},"loc":{"start":{"line":147,"column":58},"end":{"line":156,"column":1}},"line":147}},"branchMap":{"0":{"loc":{"start":{"line":12,"column":15},"end":{"line":12,"column":42}},"type":"binary-expr","locations":[{"start":{"line":12,"column":15},"end":{"line":12,"column":29}},{"start":{"line":12,"column":33},"end":{"line":12,"column":42}}],"line":12},"1":{"loc":{"start":{"line":48,"column":18},"end":{"line":48,"column":78}},"type":"binary-expr","locations":[{"start":{"line":48,"column":18},"end":{"line":48,"column":26}},{"start":{"line":48,"column":30},"end":{"line":48,"column":78}}],"line":48}},"s":{"0":2,"1":2,"2":2,"3":2,"4":1,"5":1,"6":1,"7":1,"8":2,"9":0,"10":0,"11":0,"12":2,"13":2,"14":2,"15":2,"16":2,"17":2,"18":2,"19":1,"20":1,"21":2,"22":0,"23":0,"24":0,"25":2,"26":0,"27":0,"28":0,"29":2,"30":1,"31":1,"32":1,"33":1,"34":2,"35":0,"36":0,"37":0,"38":0,"39":2,"40":0,"41":0,"42":0,"43":0,"44":2,"45":0,"46":0,"47":0,"48":0,"49":2},"f":{"0":1,"1":0,"2":2,"3":1,"4":0,"5":0,"6":1,"7":0,"8":0,"9":0},"b":{"0":[1,1],"1":[2,0]},"_coverageSchema":"1a1c01bbd47fc00a2c39e90264f33305004495a9","hash":"1e41b2b1f57ff32db0549f4d012fb972c426a572"}
,"/workspaces/tu-mock-test-platform-main/backend/controllers/leaderboardController.js": {"path":"/workspaces/tu-mock-test-platform-main/backend/controllers/leaderboardController.js","statementMap":{"0":{"start":{"line":1,"column":34},"end":{"line":1,"column":65}},"1":{"start":{"line":2,"column":21},"end":{"line":2,"column":53}},"2":{"start":{"line":3,"column":27},"end":{"line":3,"column":68}},"3":{"start":{"line":5,"column":25},"end":{"line":18,"column":2}},"4":{"start":{"line":6,"column":17},"end":{"line":6,"column":50}},"5":{"start":{"line":7,"column":16},"end":{"line":7,"column":59}},"6":{"start":{"line":9,"column":2},"end":{"line":11,"column":3}},"7":{"start":{"line":10,"column":4},"end":{"line":10,"column":58}},"8":{"start":{"line":13,"column":22},"end":{"line":13,"column":69}},"9":{"start":{"line":15,"column":2},"end":{"line":17,"column":4}},"10":{"start":{"line":20,"column":0},"end":{"line":22,"column":2}}},"fnMap":{"0":{"name":"(anonymous_0)","decl":{"start":{"line":5,"column":38},"end":{"line":5,"column":39}},"loc":{"start":{"line":5,"column":58},"end":{"line":18,"column":1}},"line":5}},"branchMap":{"0":{"loc":{"start":{"line":6,"column":17},"end":{"line":6,"column":50}},"type":"binary-expr","locations":[{"start":{"line":6,"column":17},"end":{"line":6,"column":30}},{"start":{"line":6,"column":34},"end":{"line":6,"column":50}}],"line":6},"1":{"loc":{"start":{"line":7,"column":32},"end":{"line":7,"column":53}},"type":"binary-expr","locations":[{"start":{"line":7,"column":32},"end":{"line":7,"column":47}},{"start":{"line":7,"column":51},"end":{"line":7,"column":53}}],"line":7},"2":{"loc":{"start":{"line":9,"column":2},"end":{"line":11,"column":3}},"type":"if","locations":[{"start":{"line":9,"column":2},"end":{"line":11,"column":3}},{"start":{},"end":{}}],"line":9},"3":{"loc":{"start":{"line":9,"column":6},"end":{"line":9,"column":54}},"type":"binary-expr","locations":[{"start":{"line":9,"column":6},"end":{"line":9,"column":13}},{"start":{"line":9,"column":17},"end":{"line":9,"column":41}},{"start":{"line":9,"column":45},"end":{"line":9,"column":54}}],"line":9}},"s":{"0":2,"1":2,"2":2,"3":2,"4":0,"5":0,"6":0,"7":0,"8":0,"9":0,"10":2},"f":{"0":0},"b":{"0":[0,0],"1":[0,0],"2":[0,0],"3":[0,0,0]},"_coverageSchema":"1a1c01bbd47fc00a2c39e90264f33305004495a9","hash":"6a9a5e872073d8c9782bcfc257789d60599366f6"}
,"/workspaces/tu-mock-test-platform-main/backend/controllers/questionController.js": {"path":"/workspaces/tu-mock-test-platform-main/backend/controllers/questionController.js","statementMap":{"0":{"start":{"line":1,"column":11},"end":{"line":1,"column":24}},"1":{"start":{"line":2,"column":24},"end":{"line":2,"column":62}},"2":{"start":{"line":3,"column":25},"end":{"line":3,"column":64}},"3":{"start":{"line":4,"column":34},"end":{"line":4,"column":65}},"4":{"start":{"line":5,"column":21},"end":{"line":5,"column":53}},"5":{"start":{"line":6,"column":15},"end":{"line":6,"column":42}},"6":{"start":{"line":12,"column":22},"end":{"line":27,"column":2}},"7":{"start":{"line":13,"column":68},"end":{"line":13,"column":77}},"8":{"start":{"line":15,"column":17},"end":{"line":22,"column":4}},"9":{"start":{"line":24,"column":2},"end":{"line":26,"column":4}},"10":{"start":{"line":33,"column":20},"end":{"line":41,"column":2}},"11":{"start":{"line":34,"column":17},"end":{"line":34,"column":27}},"12":{"start":{"line":36,"column":19},"end":{"line":36,"column":60}},"13":{"start":{"line":38,"column":2},"end":{"line":40,"column":4}},"14":{"start":{"line":47,"column":23},"end":{"line":53,"column":2}},"15":{"start":{"line":48,"column":19},"end":{"line":48,"column":65}},"16":{"start":{"line":50,"column":2},"end":{"line":52,"column":4}},"17":{"start":{"line":59,"column":23},"end":{"line":67,"column":2}},"18":{"start":{"line":60,"column":17},"end":{"line":60,"column":27}},"19":{"start":{"line":62,"column":19},"end":{"line":62,"column":69}},"20":{"start":{"line":64,"column":2},"end":{"line":66,"column":4}},"21":{"start":{"line":73,"column":23},"end":{"line":81,"column":2}},"22":{"start":{"line":74,"column":17},"end":{"line":74,"column":27}},"23":{"start":{"line":76,"column":17},"end":{"line":76,"column":57}},"24":{"start":{"line":78,"column":2},"end":{"line":80,"column":4}},"25":{"start":{"line":87,"column":21},"end":{"line":99,"column":2}},"26":{"start":{"line":88,"column":17},"end":{"line":88,"column":27}},"27":{"start":{"line":90,"column":18},"end":{"line":90,"column":64}},"28":{"start":{"line":92,"column":18},"end":{"line":94,"column":41}},"29":{"start":{"line":96,"column":2},"end":{"line":98,"column":4}},"30":{"start":{"line":106,"column":19},"end":{"line":129,"column":2}},"31":{"start":{"line":107,"column":2},"end":{"line":109,"column":3}},"32":{"start":{"line":108,"column":4},"end":{"line":108,"column":52}},"33":{"start":{"line":112,"column":2},"end":{"line":124,"column":3}},"34":{"start":{"line":113,"column":4},"end":{"line":113,"column":71}},"35":{"start":{"line":116,"column":4},"end":{"line":123,"column":5}},"36":{"start":{"line":117,"column":6},"end":{"line":117,"column":46}},"37":{"start":{"line":119,"column":6},"end":{"line":122,"column":9}},"38":{"start":{"line":126,"column":2},"end":{"line":128,"column":4}},"39":{"start":{"line":131,"column":0},"end":{"line":139,"column":2}}},"fnMap":{"0":{"name":"(anonymous_0)","decl":{"start":{"line":12,"column":35},"end":{"line":12,"column":36}},"loc":{"start":{"line":12,"column":55},"end":{"line":27,"column":1}},"line":12},"1":{"name":"(anonymous_1)","decl":{"start":{"line":33,"column":33},"end":{"line":33,"column":34}},"loc":{"start":{"line":33,"column":53},"end":{"line":41,"column":1}},"line":33},"2":{"name":"(anonymous_2)","decl":{"start":{"line":47,"column":36},"end":{"line":47,"column":37}},"loc":{"start":{"line":47,"column":56},"end":{"line":53,"column":1}},"line":47},"3":{"name":"(anonymous_3)","decl":{"start":{"line":59,"column":36},"end":{"line":59,"column":37}},"loc":{"start":{"line":59,"column":56},"end":{"line":67,"column":1}},"line":59},"4":{"name":"(anonymous_4)","decl":{"start":{"line":73,"column":36},"end":{"line":73,"column":37}},"loc":{"start":{"line":73,"column":56},"end":{"line":81,"column":1}},"line":73},"5":{"name":"(anonymous_5)","decl":{"start":{"line":87,"column":34},"end":{"line":87,"column":35}},"loc":{"start":{"line":87,"column":54},"end":{"line":99,"column":1}},"line":87},"6":{"name":"(anonymous_6)","decl":{"start":{"line":106,"column":32},"end":{"line":106,"column":33}},"loc":{"start":{"line":106,"column":52},"end":{"line":129,"column":1}},"line":106}},"branchMap":{"0":{"loc":{"start":{"line":92,"column":18},"end":{"line":94,"column":41}},"type":"cond-expr","locations":[{"start":{"line":93,"column":6},"end":{"line":93,"column":39}},{"start":{"line":94,"column":6},"end":{"line":94,"column":41}}],"line":92},"1":{"loc":{"start":{"line":107,"column":2},"end":{"line":109,"column":3}},"type":"if","locations":[{"start":{"line":107,"column":2},"end":{"line":109,"column":3}},{"start":{},"end":{}}],"line":107}},"s":{"0":2,"1":2,"2":2,"3":2,"4":2,"5":2,"6":2,"7":5,"8":5,"9":5,"10":2,"11":0,"12":0,"13":0,"14":2,"15":1,"16":1,"17":2,"18":0,"19":0,"20":0,"21":2,"22":0,"23":0,"24":0,"25":2,"26":0,"27":0,"28":0,"29":0,"30":2,"31":3,"32":0,"33":3,"34":3,"35":3,"36":3,"37":0,"38":2,"39":2},"f":{"0":5,"1":0,"2":1,"3":0,"4":0,"5":0,"6":3},"b":{"0":[0,0],"1":[0,3]},"_coverageSchema":"1a1c01bbd47fc00a2c39e90264f33305004495a9","hash":"b5980adad49bc8664462b9fec6e0378897d6af22"}
,"/workspaces/tu-mock-test-platform-main/backend/controllers/resultController.js": {"path":"/workspaces/tu-mock-test-platform-main/backend/controllers/resultController.js","statementMap":{"0":{"start":{"line":1,"column":15},"end":{"line":1,"column":38}},"1":{"start":{"line":2,"column":22},"end":{"line":2,"column":58}},"2":{"start":{"line":3,"column":34},"end":{"line":3,"column":65}},"3":{"start":{"line":4,"column":21},"end":{"line":4,"column":53}},"4":{"start":{"line":11,"column":18},"end":{"line":34,"column":2}},"5":{"start":{"line":12,"column":24},"end":{"line":12,"column":34}},"6":{"start":{"line":13,"column":27},"end":{"line":13,"column":35}},"7":{"start":{"line":16,"column":22},"end":{"line":19,"column":4}},"8":{"start":{"line":21,"column":2},"end":{"line":23,"column":3}},"9":{"start":{"line":22,"column":4},"end":{"line":22,"column":49}},"10":{"start":{"line":25,"column":2},"end":{"line":27,"column":3}},"11":{"start":{"line":26,"column":4},"end":{"line":26,"column":69}},"12":{"start":{"line":29,"column":17},"end":{"line":29,"column":57}},"13":{"start":{"line":31,"column":2},"end":{"line":33,"column":4}},"14":{"start":{"line":40,"column":21},"end":{"line":52,"column":2}},"15":{"start":{"line":41,"column":21},"end":{"line":41,"column":29}},"16":{"start":{"line":42,"column":26},"end":{"line":42,"column":35}},"17":{"start":{"line":44,"column":18},"end":{"line":47,"column":4}},"18":{"start":{"line":49,"column":2},"end":{"line":51,"column":4}},"19":{"start":{"line":54,"column":26},"end":{"line":76,"column":2}},"20":{"start":{"line":55,"column":24},"end":{"line":55,"column":34}},"21":{"start":{"line":56,"column":27},"end":{"line":56,"column":35}},"22":{"start":{"line":58,"column":22},"end":{"line":61,"column":4}},"23":{"start":{"line":63,"column":2},"end":{"line":65,"column":3}},"24":{"start":{"line":64,"column":4},"end":{"line":64,"column":49}},"25":{"start":{"line":67,"column":2},"end":{"line":69,"column":3}},"26":{"start":{"line":68,"column":4},"end":{"line":68,"column":71}},"27":{"start":{"line":71,"column":18},"end":{"line":71,"column":66}},"28":{"start":{"line":73,"column":2},"end":{"line":75,"column":4}},"29":{"start":{"line":78,"column":0},"end":{"line":82,"column":2}}},"fnMap":{"0":{"name":"(anonymous_0)","decl":{"start":{"line":11,"column":31},"end":{"line":11,"column":32}},"loc":{"start":{"line":11,"column":51},"end":{"line":34,"column":1}},"line":11},"1":{"name":"(anonymous_1)","decl":{"start":{"line":40,"column":34},"end":{"line":40,"column":35}},"loc":{"start":{"line":40,"column":54},"end":{"line":52,"column":1}},"line":40},"2":{"name":"(anonymous_2)","decl":{"start":{"line":54,"column":39},"end":{"line":54,"column":40}},"loc":{"start":{"line":54,"column":59},"end":{"line":76,"column":1}},"line":54}},"branchMap":{"0":{"loc":{"start":{"line":21,"column":2},"end":{"line":23,"column":3}},"type":"if","locations":[{"start":{"line":21,"column":2},"end":{"line":23,"column":3}},{"start":{},"end":{}}],"line":21},"1":{"loc":{"start":{"line":25,"column":2},"end":{"line":27,"column":3}},"type":"if","locations":[{"start":{"line":25,"column":2},"end":{"line":27,"column":3}},{"start":{},"end":{}}],"line":25},"2":{"loc":{"start":{"line":25,"column":6},"end":{"line":25,"column":79}},"type":"binary-expr","locations":[{"start":{"line":25,"column":6},"end":{"line":25,"column":35}},{"start":{"line":25,"column":39},"end":{"line":25,"column":79}}],"line":25},"3":{"loc":{"start":{"line":45,"column":10},"end":{"line":45,"column":39}},"type":"cond-expr","locations":[{"start":{"line":45,"column":17},"end":{"line":45,"column":35}},{"start":{"line":45,"column":38},"end":{"line":45,"column":39}}],"line":45},"4":{"loc":{"start":{"line":46,"column":11},"end":{"line":46,"column":43}},"type":"cond-expr","locations":[{"start":{"line":46,"column":19},"end":{"line":46,"column":38}},{"start":{"line":46,"column":41},"end":{"line":46,"column":43}}],"line":46},"5":{"loc":{"start":{"line":63,"column":2},"end":{"line":65,"column":3}},"type":"if","locations":[{"start":{"line":63,"column":2},"end":{"line":65,"column":3}},{"start":{},"end":{}}],"line":63},"6":{"loc":{"start":{"line":67,"column":2},"end":{"line":69,"column":3}},"type":"if","locations":[{"start":{"line":67,"column":2},"end":{"line":69,"column":3}},{"start":{},"end":{}}],"line":67},"7":{"loc":{"start":{"line":67,"column":6},"end":{"line":67,"column":79}},"type":"binary-expr","locations":[{"start":{"line":67,"column":6},"end":{"line":67,"column":35}},{"start":{"line":67,"column":39},"end":{"line":67,"column":79}}],"line":67}},"s":{"0":2,"1":2,"2":2,"3":2,"4":2,"5":2,"6":2,"7":2,"8":2,"9":0,"10":2,"11":0,"12":2,"13":2,"14":2,"15":0,"16":0,"17":0,"18":0,"19":2,"20":0,"21":0,"22":0,"23":0,"24":0,"25":0,"26":0,"27":0,"28":0,"29":2},"f":{"0":2,"1":0,"2":0},"b":{"0":[0,2],"1":[0,2],"2":[2,0],"3":[0,0],"4":[0,0],"5":[0,0],"6":[0,0],"7":[0,0]},"_coverageSchema":"1a1c01bbd47fc00a2c39e90264f33305004495a9","hash":"62c223c113fd662e4f68a4a1b44814f54faf86b2"}
,"/workspaces/tu-mock-test-platform-main/backend/controllers/userController.js": {"path":"/workspaces/tu-mock-test-platform-main/backend/controllers/userController.js","statementMap":{"0":{"start":{"line":1,"column":20},"end":{"line":1,"column":54}},"1":{"start":{"line":2,"column":20},"end":{"line":2,"column":54}},"2":{"start":{"line":3,"column":24},"end":{"line":3,"column":55}},"3":{"start":{"line":4,"column":21},"end":{"line":4,"column":53}},"4":{"start":{"line":10,"column":14},"end":{"line":18,"column":2}},"5":{"start":{"line":11,"column":21},"end":{"line":11,"column":29}},"6":{"start":{"line":13,"column":15},"end":{"line":13,"column":55}},"7":{"start":{"line":15,"column":2},"end":{"line":17,"column":4}},"8":{"start":{"line":24,"column":17},"end":{"line":39,"column":2}},"9":{"start":{"line":25,"column":21},"end":{"line":25,"column":29}},"10":{"start":{"line":26,"column":66},"end":{"line":26,"column":74}},"11":{"start":{"line":28,"column":18},"end":{"line":34,"column":4}},"12":{"start":{"line":36,"column":2},"end":{"line":38,"column":4}},"13":{"start":{"line":41,"column":23},"end":{"line":50,"column":2}},"14":{"start":{"line":42,"column":21},"end":{"line":42,"column":29}},"15":{"start":{"line":43,"column":39},"end":{"line":43,"column":47}},"16":{"start":{"line":45,"column":2},"end":{"line":45,"column":69}},"17":{"start":{"line":47,"column":2},"end":{"line":49,"column":4}},"18":{"start":{"line":56,"column":16},"end":{"line":64,"column":2}},"19":{"start":{"line":57,"column":17},"end":{"line":57,"column":27}},"20":{"start":{"line":59,"column":15},"end":{"line":59,"column":48}},"21":{"start":{"line":61,"column":2},"end":{"line":63,"column":4}},"22":{"start":{"line":70,"column":19},"end":{"line":79,"column":2}},"23":{"start":{"line":71,"column":17},"end":{"line":71,"column":27}},"24":{"start":{"line":72,"column":29},"end":{"line":72,"column":37}},"25":{"start":{"line":74,"column":18},"end":{"line":74,"column":70}},"26":{"start":{"line":76,"column":2},"end":{"line":78,"column":4}},"27":{"start":{"line":85,"column":20},"end":{"line":97,"column":2}},"28":{"start":{"line":86,"column":33},"end":{"line":86,"column":42}},"29":{"start":{"line":88,"column":17},"end":{"line":92,"column":4}},"30":{"start":{"line":94,"column":2},"end":{"line":96,"column":4}},"31":{"start":{"line":103,"column":19},"end":{"line":111,"column":2}},"32":{"start":{"line":104,"column":17},"end":{"line":104,"column":27}},"33":{"start":{"line":106,"column":18},"end":{"line":106,"column":50}},"34":{"start":{"line":108,"column":2},"end":{"line":110,"column":4}},"35":{"start":{"line":113,"column":25},"end":{"line":125,"column":2}},"36":{"start":{"line":114,"column":17},"end":{"line":114,"column":27}},"37":{"start":{"line":116,"column":18},"end":{"line":116,"column":60}},"38":{"start":{"line":118,"column":18},"end":{"line":120,"column":37}},"39":{"start":{"line":122,"column":2},"end":{"line":124,"column":4}},"40":{"start":{"line":127,"column":0},"end":{"line":136,"column":2}}},"fnMap":{"0":{"name":"(anonymous_0)","decl":{"start":{"line":10,"column":27},"end":{"line":10,"column":28}},"loc":{"start":{"line":10,"column":47},"end":{"line":18,"column":1}},"line":10},"1":{"name":"(anonymous_1)","decl":{"start":{"line":24,"column":30},"end":{"line":24,"column":31}},"loc":{"start":{"line":24,"column":50},"end":{"line":39,"column":1}},"line":24},"2":{"name":"(anonymous_2)","decl":{"start":{"line":41,"column":36},"end":{"line":41,"column":37}},"loc":{"start":{"line":41,"column":56},"end":{"line":50,"column":1}},"line":41},"3":{"name":"(anonymous_3)","decl":{"start":{"line":56,"column":29},"end":{"line":56,"column":30}},"loc":{"start":{"line":56,"column":49},"end":{"line":64,"column":1}},"line":56},"4":{"name":"(anonymous_4)","decl":{"start":{"line":70,"column":32},"end":{"line":70,"column":33}},"loc":{"start":{"line":70,"column":52},"end":{"line":79,"column":1}},"line":70},"5":{"name":"(anonymous_5)","decl":{"start":{"line":85,"column":33},"end":{"line":85,"column":34}},"loc":{"start":{"line":85,"column":53},"end":{"line":97,"column":1}},"line":85},"6":{"name":"(anonymous_6)","decl":{"start":{"line":103,"column":32},"end":{"line":103,"column":33}},"loc":{"start":{"line":103,"column":52},"end":{"line":111,"column":1}},"line":103},"7":{"name":"(anonymous_7)","decl":{"start":{"line":113,"column":38},"end":{"line":113,"column":39}},"loc":{"start":{"line":113,"column":58},"end":{"line":125,"column":1}},"line":113}},"branchMap":{"0":{"loc":{"start":{"line":90,"column":10},"end":{"line":90,"column":39}},"type":"cond-expr","locations":[{"start":{"line":90,"column":17},"end":{"line":90,"column":35}},{"start":{"line":90,"column":38},"end":{"line":90,"column":39}}],"line":90},"1":{"loc":{"start":{"line":91,"column":11},"end":{"line":91,"column":43}},"type":"cond-expr","locations":[{"start":{"line":91,"column":19},"end":{"line":91,"column":38}},{"start":{"line":91,"column":41},"end":{"line":91,"column":43}}],"line":91},"2":{"loc":{"start":{"line":118,"column":18},"end":{"line":120,"column":37}},"type":"cond-expr","locations":[{"start":{"line":119,"column":6},"end":{"line":119,"column":35}},{"start":{"line":120,"column":6},"end":{"line":120,"column":37}}],"line":118}},"s":{"0":2,"1":2,"2":2,"3":2,"4":2,"5":3,"6":3,"7":3,"8":2,"9":1,"10":1,"11":1,"12":1,"13":2,"14":2,"15":2,"16":2,"17":1,"18":2,"19":0,"20":0,"21":0,"22":2,"23":0,"24":0,"25":0,"26":0,"27":2,"28":0,"29":0,"30":0,"31":2,"32":0,"33":0,"34":0,"35":2,"36":0,"37":0,"38":0,"39":0,"40":2},"f":{"0":3,"1":1,"2":2,"3":0,"4":0,"5":0,"6":0,"7":0},"b":{"0":[0,0],"1":[0,0],"2":[0,0]},"_coverageSchema":"1a1c01bbd47fc00a2c39e90264f33305004495a9","hash":"bc489d0b72244f67d5e2acb5ad6672814fadaec3"}
,"/workspaces/tu-mock-test-platform-main/backend/middleware/authMiddleware.js": {"path":"/workspaces/tu-mock-test-platform-main/backend/middleware/authMiddleware.js","statementMap":{"0":{"start":{"line":1,"column":30},"end":{"line":1,"column":53}},"1":{"start":{"line":2,"column":21},"end":{"line":2,"column":52}},"2":{"start":{"line":14,"column":23},"end":{"line":35,"column":1}},"3":{"start":{"line":15,"column":21},"end":{"line":15,"column":46}},"4":{"start":{"line":17,"column":2},"end":{"line":19,"column":3}},"5":{"start":{"line":18,"column":4},"end":{"line":18,"column":65}},"6":{"start":{"line":21,"column":16},"end":{"line":21,"column":40}},"7":{"start":{"line":23,"column":2},"end":{"line":25,"column":3}},"8":{"start":{"line":24,"column":4},"end":{"line":24,"column":52}},"9":{"start":{"line":27,"column":18},"end":{"line":27,"column":42}},"10":{"start":{"line":28,"column":2},"end":{"line":32,"column":4}},"11":{"start":{"line":34,"column":2},"end":{"line":34,"column":9}},"12":{"start":{"line":37,"column":0},"end":{"line":37,"column":32}}},"fnMap":{"0":{"name":"(anonymous_0)","decl":{"start":{"line":14,"column":23},"end":{"line":14,"column":24}},"loc":{"start":{"line":14,"column":43},"end":{"line":35,"column":1}},"line":14}},"branchMap":{"0":{"loc":{"start":{"line":17,"column":2},"end":{"line":19,"column":3}},"type":"if","locations":[{"start":{"line":17,"column":2},"end":{"line":19,"column":3}},{"start":{},"end":{}}],"line":17},"1":{"loc":{"start":{"line":17,"column":6},"end":{"line":17,"column":54}},"type":"binary-expr","locations":[{"start":{"line":17,"column":6},"end":{"line":17,"column":17}},{"start":{"line":17,"column":21},"end":{"line":17,"column":54}}],"line":17},"2":{"loc":{"start":{"line":23,"column":2},"end":{"line":25,"column":3}},"type":"if","locations":[{"start":{"line":23,"column":2},"end":{"line":25,"column":3}},{"start":{},"end":{}}],"line":23},"3":{"loc":{"start":{"line":30,"column":8},"end":{"line":30,"column":36}},"type":"binary-expr","locations":[{"start":{"line":30,"column":8},"end":{"line":30,"column":22}},{"start":{"line":30,"column":26},"end":{"line":30,"column":36}}],"line":30},"4":{"loc":{"start":{"line":31,"column":12},"end":{"line":31,"column":40}},"type":"binary-expr","locations":[{"start":{"line":31,"column":12},"end":{"line":31,"column":26}},{"start":{"line":31,"column":30},"end":{"line":31,"column":40}}],"line":31}},"s":{"0":2,"1":2,"2":2,"3":40,"4":40,"5":1,"6":39,"7":39,"8":0,"9":39,"10":38,"11":38,"12":2},"f":{"0":40},"b":{"0":[1,39],"1":[40,39],"2":[0,39],"3":[38,0],"4":[38,0]},"_coverageSchema":"1a1c01bbd47fc00a2c39e90264f33305004495a9","hash":"dfd09a893b066fb32f4fbf9a200fc34e25276dd6"}
,"/workspaces/tu-mock-test-platform-main/backend/middleware/errorMiddleware.js": {"path":"/workspaces/tu-mock-test-platform-main/backend/middleware/errorMiddleware.js","statementMap":{"0":{"start":{"line":1,"column":21},"end":{"line":1,"column":52}},"1":{"start":{"line":2,"column":15},"end":{"line":2,"column":39}},"2":{"start":{"line":3,"column":15},"end":{"line":3,"column":42}},"3":{"start":{"line":12,"column":24},"end":{"line":109,"column":1}},"4":{"start":{"line":13,"column":19},"end":{"line":13,"column":40}},"5":{"start":{"line":14,"column":16},"end":{"line":14,"column":54}},"6":{"start":{"line":15,"column":15},"end":{"line":15,"column":31}},"7":{"start":{"line":16,"column":22},"end":{"line":16,"column":45}},"8":{"start":{"line":19,"column":2},"end":{"line":50,"column":3}},"9":{"start":{"line":20,"column":4},"end":{"line":20,"column":25}},"10":{"start":{"line":22,"column":4},"end":{"line":49,"column":5}},"11":{"start":{"line":24,"column":8},"end":{"line":24,"column":25}},"12":{"start":{"line":25,"column":22},"end":{"line":25,"column":54}},"13":{"start":{"line":26,"column":8},"end":{"line":26,"column":64}},"14":{"start":{"line":27,"column":8},"end":{"line":27,"column":45}},"15":{"start":{"line":28,"column":8},"end":{"line":28,"column":14}},"16":{"start":{"line":31,"column":8},"end":{"line":31,"column":25}},"17":{"start":{"line":32,"column":8},"end":{"line":32,"column":56}},"18":{"start":{"line":33,"column":8},"end":{"line":33,"column":14}},"19":{"start":{"line":36,"column":8},"end":{"line":36,"column":25}},"20":{"start":{"line":37,"column":8},"end":{"line":37,"column":54}},"21":{"start":{"line":38,"column":8},"end":{"line":38,"column":14}},"22":{"start":{"line":41,"column":8},"end":{"line":41,"column":25}},"23":{"start":{"line":42,"column":8},"end":{"line":42,"column":72}},"24":{"start":{"line":43,"column":8},"end":{"line":43,"column":14}},"25":{"start":{"line":46,"column":8},"end":{"line":46,"column":25}},"26":{"start":{"line":47,"column":8},"end":{"line":47,"column":46}},"27":{"start":{"line":48,"column":8},"end":{"line":48,"column":14}},"28":{"start":{"line":53,"column":2},"end":{"line":57,"column":3}},"29":{"start":{"line":54,"column":4},"end":{"line":54,"column":25}},"30":{"start":{"line":55,"column":4},"end":{"line":55,"column":21}},"31":{"start":{"line":56,"column":4},"end":{"line":56,"column":38}},"32":{"start":{"line":60,"column":2},"end":{"line":68,"column":3}},"33":{"start":{"line":61,"column":4},"end":{"line":61,"column":25}},"34":{"start":{"line":62,"column":4},"end":{"line":62,"column":21}},"35":{"start":{"line":63,"column":4},"end":{"line":63,"column":37}},"36":{"start":{"line":64,"column":9},"end":{"line":68,"column":3}},"37":{"start":{"line":65,"column":4},"end":{"line":65,"column":25}},"38":{"start":{"line":66,"column":4},"end":{"line":66,"column":21}},"39":{"start":{"line":67,"column":4},"end":{"line":67,"column":30}},"40":{"start":{"line":71,"column":2},"end":{"line":76,"column":3}},"41":{"start":{"line":72,"column":4},"end":{"line":72,"column":25}},"42":{"start":{"line":73,"column":4},"end":{"line":73,"column":21}},"43":{"start":{"line":74,"column":4},"end":{"line":74,"column":45}},"44":{"start":{"line":75,"column":4},"end":{"line":75,"column":84}},"45":{"start":{"line":75,"column":39},"end":{"line":75,"column":82}},"46":{"start":{"line":80,"column":18},"end":{"line":88,"column":3}},"47":{"start":{"line":90,"column":2},"end":{"line":94,"column":3}},"48":{"start":{"line":91,"column":4},"end":{"line":91,"column":35}},"49":{"start":{"line":93,"column":4},"end":{"line":93,"column":34}},"50":{"start":{"line":97,"column":19},"end":{"line":101,"column":3}},"51":{"start":{"line":104,"column":2},"end":{"line":106,"column":3}},"52":{"start":{"line":105,"column":4},"end":{"line":105,"column":31}},"53":{"start":{"line":108,"column":2},"end":{"line":108,"column":40}},"54":{"start":{"line":111,"column":0},"end":{"line":111,"column":33}}},"fnMap":{"0":{"name":"(anonymous_0)","decl":{"start":{"line":12,"column":24},"end":{"line":12,"column":25}},"loc":{"start":{"line":12,"column":49},"end":{"line":109,"column":1}},"line":12},"1":{"name":"(anonymous_1)","decl":{"start":{"line":75,"column":28},"end":{"line":75,"column":29}},"loc":{"start":{"line":75,"column":39},"end":{"line":75,"column":82}},"line":75}},"branchMap":{"0":{"loc":{"start":{"line":13,"column":19},"end":{"line":13,"column":40}},"type":"binary-expr","locations":[{"start":{"line":13,"column":19},"end":{"line":13,"column":33}},{"start":{"line":13,"column":37},"end":{"line":13,"column":40}}],"line":13},"1":{"loc":{"start":{"line":14,"column":16},"end":{"line":14,"column":54}},"type":"binary-expr","locations":[{"start":{"line":14,"column":16},"end":{"line":14,"column":27}},{"start":{"line":14,"column":31},"end":{"line":14,"column":54}}],"line":14},"2":{"loc":{"start":{"line":15,"column":15},"end":{"line":15,"column":31}},"type":"binary-expr","locations":[{"start":{"line":15,"column":15},"end":{"line":15,"column":25}},{"start":{"line":15,"column":29},"end":{"line":15,"column":31}}],"line":15},"3":{"loc":{"start":{"line":19,"column":2},"end":{"line":50,"column":3}},"type":"if","locations":[{"start":{"line":19,"column":2},"end":{"line":50,"column":3}},{"start":{},"end":{}}],"line":19},"4":{"loc":{"start":{"line":22,"column":4},"end":{"line":49,"column":5}},"type":"switch","locations":[{"start":{"line":23,"column":6},"end":{"line":28,"column":14}},{"start":{"line":30,"column":6},"end":{"line":33,"column":14}},{"start":{"line":35,"column":6},"end":{"line":38,"column":14}},{"start":{"line":40,"column":6},"end":{"line":43,"column":14}},{"start":{"line":45,"column":6},"end":{"line":48,"column":14}}],"line":22},"5":{"loc":{"start":{"line":25,"column":22},"end":{"line":25,"column":54}},"type":"binary-expr","locations":[{"start":{"line":25,"column":22},"end":{"line":25,"column":43}},{"start"
[...]
,"/workspaces/tu-mock-test-platform-main/backend/validators/authValidator.js": {"path":"/workspaces/tu-mock-test-platform-main/backend/validators/authValidator.js","statementMap":{"0":{"start":{"line":1,"column":14},"end":{"line":1,"column":28}},"1":{"start":{"line":4,"column":23},"end":{"line":14,"column":3}},"2":{"start":{"line":17,"column":23},"end":{"line":32,"column":2}},"3":{"start":{"line":35,"column":20},"end":{"line":41,"column":2}},"4":{"start":{"line":44,"column":27},"end":{"line":46,"column":2}},"5":{"start":{"line":49,"column":29},"end":{"line":54,"column":2}},"6":{"start":{"line":56,"column":0},"end":{"line":61,"column":2}}},"fnMap":{},"branchMap":{},"s":{"0":2,"1":2,"2":2,"3":2,"4":2,"5":2,"6":2},"f":{},"b":{},"_coverageSchema":"1a1c01bbd47fc00a2c39e90264f33305004495a9","hash":"e680bf7c83f6db14a755d70d29d3523725c04c2b"}
,"/workspaces/tu-mock-test-platform-main/backend/validators/examValidator.js": {"path":"/workspaces/tu-mock-test-platform-main/backend/validators/examValidator.js","statementMap":{"0":{"start":{"line":1,"column":14},"end":{"line":1,"column":28}},"1":{"start":{"line":4,"column":23},"end":{"line":67,"column":1}},"2":{"start":{"line":18,"column":25},"end":{"line":18,"column":74}},"3":{"start":{"line":28,"column":25},"end":{"line":28,"column":74}},"4":{"start":{"line":37,"column":25},"end":{"line":37,"column":74}},"5":{"start":{"line":48,"column":6},"end":{"line":48,"column":47}},"6":{"start":{"line":48,"column":36},"end":{"line":48,"column":47}},"7":{"start":{"line":49,"column":6},"end":{"line":49,"column":43}},"8":{"start":{"line":59,"column":16},"end":{"line":59,"column":60}},"9":{"start":{"line":64,"column":16},"end":{"line":64,"column":60}},"10":{"start":{"line":70,"column":25},"end":{"line":95,"column":3}},"11":{"start":{"line":74,"column":6},"end":{"line":76,"column":7}},"12":{"start":{"line":75,"column":8},"end":{"line":75,"column":65}},"13":{"start":{"line":77,"column":6},"end":{"line":77,"column":18}},"14":{"start":{"line":86,"column":6},"end":{"line":88,"column":7}},"15":{"start":{"line":87,"column":8},"end":{"line":87,"column":52}},"16":{"start":{"line":89,"column":6},"end":{"line":89,"column":18}},"17":{"start":{"line":98,"column":25},"end":{"line":124,"column":3}},"18":{"start":{"line":103,"column":6},"end":{"line":105,"column":7}},"19":{"start":{"line":104,"column":8},"end":{"line":104,"column":65}},"20":{"start":{"line":106,"column":6},"end":{"line":106,"column":18}},"21":{"start":{"line":115,"column":6},"end":{"line":117,"column":7}},"22":{"start":{"line":116,"column":8},"end":{"line":116,"column":52}},"23":{"start":{"line":118,"column":6},"end":{"line":118,"column":18}},"24":{"start":{"line":127,"column":24},"end":{"line":147,"column":2}},"25":{"start":{"line":132,"column":6},"end":{"line":132,"column":47}},"26":{"start":{"line":132,"column":36},"end":{"line":132,"column":47}},"27":{"start":{"line":133,"column":6},"end":{"line":133,"column":43}},"28":{"start":{"line":139,"column":25},"end":{"line":139,"column":74}},"29":{"start":{"line":144,"column":25},"end":{"line":144,"column":74}},"30":{"start":{"line":149,"column":0},"end":{"line":153,"column":2}}},"fnMap":{"0":{"name":"(anonymous_0)","decl":{"start":{"line":18,"column":15},"end":{"line":18,"column":16}},"loc":{"start":{"line":18,"column":25},"end":{"line":18,"column":74}},"line":18},"1":{"name":"(anonymous_1)","decl":{"start":{"line":28,"column":15},"end":{"line":28,"column":16}},"loc":{"start":{"line":28,"column":25},"end":{"line":28,"column":74}},"line":28},"2":{"name":"(anonymous_2)","decl":{"start":{"line":37,"column":15},"end":{"line":37,"column":16}},"loc":{"start":{"line":37,"column":25},"end":{"line":37,"column":74}},"line":37},"3":{"name":"(anonymous_3)","decl":{"start":{"line":47,"column":15},"end":{"line":47,"column":16}},"loc":{"start":{"line":47,"column":24},"end":{"line":50,"column":5}},"line":47},"4":{"name":"(anonymous_4)","decl":{"start":{"line":59,"column":6},"end":{"line":59,"column":7}},"loc":{"start":{"line":59,"column":16},"end":{"line":59,"column":60}},"line":59},"5":{"name":"(anonymous_5)","decl":{"start":{"line":64,"column":6},"end":{"line":64,"column":7}},"loc":{"start":{"line":64,"column":16},"end":{"line":64,"column":60}},"line":64},"6":{"name":"(anonymous_6)","decl":{"start":{"line":73,"column":4},"end":{"line":73,"column":5}},"loc":{"start":{"line":73,"column":14},"end":{"line":78,"column":5}},"line":73},"7":{"name":"(anonymous_7)","decl":{"start":{"line":85,"column":4},"end":{"line":85,"column":5}},"loc":{"start":{"line":85,"column":14},"end":{"line":90,"column":5}},"line":85},"8":{"name":"(anonymous_8)","decl":{"start":{"line":102,"column":4},"end":{"line":102,"column":5}},"loc":{"start":{"line":102,"column":14},"end":{"line":107,"column":5}},"line":102},"9":{"name":"(anonymous_9)","decl":{"start":{"line":114,"column":4},"end":{"line":114,"column":5}},"loc":{"start":{"line":114,"column":14},"end":{"line":119,"column":5}},"line":114},"10":{"name":"(anonymous_10)","decl":{"start":{"line":131,"column":15},"end":{"line":131,"column":16}},"loc":{"start":{"line":131,"column":24},"end":{"line":134,"column":5}},"line":131},"11":{"name":"(anonymous_11)","decl":{"start":{"line":139,"column":15},"end":{"line":139,"column":16}},"loc":{"start":{"line":139,"column":25},"end":{"line":139,"column":74}},"line":139},"12":{"name":"(anonymous_12)","decl":{"start":{"line":144,"column":15},"end":{"line":144,"column":16}},"loc":{"start":{"line":144,"column":25},"end":{"line":144,"column":74}},"line":144}},"branchMap":{"0":{"loc":{"start":{"line":18,"column":25},"end":{"line":18,"column":74}},"type":"cond-expr","locations":[{"start":{"line":18,"column":51},"end":{"line":18,"column":68}},{"start":{"line":18,"column":71},"end":{"line":18,"column":74}}],"line":18},"1":{"loc":{"start":{"line":28,"column":25},"end":{"line":28,"column":74}},"type":"cond-expr","locations":[{"start":{"line":28,"column":51},"end":{"line":28,"column":68}},{"start":{"line":28,"column":71},"end":{"line":28,"column":74}}],"line":28},"2":{"loc":{"start":{"line":37,"column":25},"end":{"line":37,"column":74}},"type":"cond-expr","locations":[{"start":{"line":37,"column":51},"end":{"line":37,"column":68}},{"start":{"line":37,"column":71},"end":{"line":37,"column":74}}],"line":37},"3":{"loc":{"start":{"line":48,"column":6},"end":{"line":48,"column":47}},"type":"if","locations":[{"start":{"line":48,"column":6},"end":{"line":48,"column":47}},{"start":{},"end":{}}],"line":48},"4":{"loc":{"start":{"line":49,"column":13},"end":{"line":49,"column":42}},"type":"binary-expr","locations":[{"start":{"line":49,"column":13},"end":{"line":49,"column":27}},{"start":{"line":49,"column":31},"end":{"line":49,"column":42}}],"line":49},"5":{"loc":{"start":{"line":59,"column":16},"end":{"line":59,"column":60}},"type":"cond-expr","locations":[{"start":{"line":59,"column":45},"end":{"line":59,"column":54}},{"start":{"line":59,"column":57},"end":{"line":59,"column":60}}],"line":59},"6":{"loc":{"start":{"line":59,"column":16},"end":{"line":59,"column":42}},"type":"binary-expr","locations":[{"start":{"line":59,"column":16},"end":{"line":59,"column":28}},{"start":{"line":59,"column":32},"end":{"line":59,"column":42}}],"line":59},"7":{"loc":{"start":{"line":64,"column":16},"end":{"line":64,"column":60}},"type":"cond-expr","locations":[{"start":{"line":64,"column":45},"end":{"line":64,"column":54}},{"start":{"line":64,"column":57},"end":{"line":64,"column":60}}],"line":64},"8":{"loc":{"start":{"line":64,"column":16},"end":{"line":64,"column":42}},"type":"binary-expr","locations":[{"start":{"line":64,"column":16},"end":{"line":64,"column":28}},{"start":{"line":64,"column":32},"end":{"line":64,"column":42}}],"line":64},"9":{"loc":{"start":{"line":74,"column":6},"end":{"line":76,"column":7}},"type":"if","locations":[{"start":{"line":74,"column":6},"end":{"line":76,"column":7}},{"start":{},"end":{}}],"line":74},"10":{"loc":{"start":{"line":74,"column":10},"end":{"line":74,"column":40}},"type":"binary-expr","locations":[{"start":{"line":74,"column":10},"end":{"line":74,"column":24}},{"start":{"line":74,"column":28},"end":{"line":74,"column":40}}],"line":74},"11":{"loc":{"start":{"line":86,"column":6},"end":{"line":88,"column":7}},"type":"if","locations":[{"start":{"line":86,"column":6},"end":{"line":88,"column":7}},{"start":{},"end":{}}],"line":86},"12":{"loc":{"start":{"line":103,"column":6},"end":{"line":105,"column":7}},"type":"if","locations":[{"start":{"line":103,"column":6},"end":{"line":105,"column":7}},{"start":{},"end":{}}],"line":103},"13":{"loc":{"start":{"line":103,"column":10},"end":{"line":103,"column":40}},"type":"binary-expr","locations":[{"start":{"line":103,"column":10},"end":{"line":103,"column":24}},{"start":{"line":103,"column":28},"end":{"line":103,"column":40}}],"line":103},"14":{"loc":{"start":{"line":115,"column":6},"end":{"line":117,"column":7}},"type":"if","locations":[{"start":{"line":115,"column":6},"end":{"line":117,"column":7}},{"start":{},"end":{}}],"line":115},"15":{"loc":{"start":{"line":115,"column":10},"end":{"line":115,"column":74}},"type":"binary-expr","locations":[{"start":{"line":115,"column":10},"end":{"line":115,"column":41}},{"start":{"line":115,"column":45},"end":{"line":115,"column":74}}],"line":115},"16":{"loc":{"start":{"line":132,"column":6},"end":{"line":132,"column":47}},"type":"if","locations":[{"start":{"line":132,"column":6},"end":{"line":132,"column":47}},{"start":{},"end":{}}],"line":132},"17":{"loc":{"start":{"line":133,"column":13},"end":{"line":133,"column":42}},"type":"binary-expr","locations":[{"start":{"line":133,"column":13},"end":{"line":133,"column":27}},{"start":{"line":133,"column":31},"end":{"line":133,"column":42}}],"line":133},"18":{"loc":{"start":{"line":139,"column":25},"end":{"line":139,"column":74}},"type":"cond-expr","locations":[{"start":{"line":139,"column":51},"end":{"line":139,"column":68}},{"start":{"line":139,"column":71},"end":{"line":139,"column":74}}],"line":139},"19":{"loc":{"start":{"line":144,"column":25},"end":{"line":144,"column":74}},"type":"cond-expr","locations":[{"start":{"line":144,"column":51},"end":{"line":144,"column":68}},{"start":{"line":144,"column":71},"end":{"line":144,"column":74}}],"line":144}},"s":{"0":2,"1":2,"2":3,"3":3,"4":3,"5":1,"6":1,"7":0,"8":3,"9":3,"10":2,"11":3,"12":0,"13":3,"14":3,"15":3,"16":0,"17":2,"18":0,"19":0,"20":0,"21":0,"22":0,"23":0,"24":2,"25":0,"26":0,"27":0,"28":1,"29":1,"30":2},"f":{"0":3,"1":3,"2":3,"3":1,"4":3,"5":3,"6":3,"7":3,"8":0,"9":0,"10":0,"11":1,"12":1},"b":{"0":[0,3],"1":[0,3],"2":[0,3],"3":[1,0],"4":[0,0],"5":[0,3],"6":[3,3],"7":[0,3],"8":[3,3],"9":[0,3],"10":[3,0],"11":[3,0],"12":[0,0],"13":[0,0],"14":[0,0],"15":[0,0],"16":[0,0],"17":[0,0],"18":[1,0],"19":[1,0]},"_coverageSchema":"1a1c01bbd47fc00a2c39e90264f33305004495a9","hash":"0bca3a2bcb51e5574e4c187085b2f531b909a35b"}
,"/workspaces/tu-mock-test-platform-main/backend/validators/questionValidator.js": {"path":"/workspaces/tu-mock-test-platform-main/backend/validators/questionValidator.js","statementMap":{"0":{"start":{"line":1,"column":14},"end":{"line":1,"column":28}},"1":{"start":{"line":4,"column":23},"end":{"line":4,"column":57}},"2":{"start":{"line":7,"column":29},"end":{"line":50,"column":3}},"3":{"start":{"line":26,"column":27},"end":{"line":26,"column":76}},"4":{"start":{"line":37,"column":8},"end":{"line":37,"column":49}},"5":{"start":{"line":37,"column":38},"end":{"line":37,"column":49}},"6":{"start":{"line":38,"column":8},"end":{"line":38,"column":45}},"7":{"start":{"line":45,"column":14},"end":{"line":45,"column":55}},"8":{"start":{"line":53,"column":29},"end":{"line":103,"column":3}},"9":{"start":{"line":74,"column":27},"end":{"line":74,"column":76}},"10":{"start":{"line":86,"column":8},"end":{"line":86,"column":49}},"11":{"start":{"line":86,"column":38},"end":{"line":86,"column":49}},"12":{"start":{"line":87,"column":8},"end":{"line":87,"column":45}},"13":{"start":{"line":94,"column":6},"end":{"line":96,"column":7}},"14":{"start":{"line":95,"column":8},"end":{"line":95,"column":57}},"15":{"start":{"line":97,"column":6},"end":{"line":97,"column":18}},"16":{"start":{"line":106,"column":28},"end":{"line":127,"column":2}},"17":{"start":{"line":112,"column":6},"end":{"line":112,"column":47}},"18":{"start":{"line":112,"column":36},"end":{"line":112,"column":47}},"19":{"start":{"line":113,"column":6},"end":{"line":113,"column":43}},"20":{"start":{"line":119,"column":25},"end":{"line":119,"column":74}},"21":{"start":{"line":124,"column":24},"end":{"line":124,"column":88}},"22":{"start":{"line":130,"column":21},"end":{"line":166,"column":3}},"23":{"start":{"line":142,"column":26},"end":{"line":142,"column":50}},"24":{"start":{"line":146,"column":27},"end":{"line":146,"column":76}},"25":{"start":{"line":157,"column":22},"end":{"line":157,"column":52}},"26":{"start":{"line":158,"column":6},"end":{"line":158,"column":53}},"27":{"start":{"line":158,"column":25},"end":{"line":158,"column":53}},"28":{"start":{"line":159,"column":6},"end":{"line":159,"column":53}},"29":{"start":{"line":159,"column":25},"end":{"line":159,"column":53}},"30":{"start":{"line":160,"column":6},"end":{"line":160,"column":51}},"31":{"start":{"line":168,"column":0},"end":{"line":173,"column":2}}},"fnMap":{"0":{"name":"(anonymous_0)","decl":{"start":{"line":26,"column":17},"end":{"line":26,"column":18}},"loc":{"start":{"line":26,"column":27},"end":{"line":26,"column":76}},"line":26},"1":{"name":"(anonymous_1)","decl":{"start":{"line":36,"column":17},"end":{"line":36,"column":18}},"loc":{"start":{"line":36,"column":26},"end":{"line":39,"column":7}},"line":36},"2":{"name":"(anonymous_2)","decl":{"start":{"line":45,"column":4},"end":{"line":45,"column":5}},"loc":{"start":{"line":45,"column":14},"end":{"line":45,"column":55}},"line":45},"3":{"name":"(anonymous_3)","decl":{"start":{"line":74,"column":17},"end":{"line":74,"column":18}},"loc":{"start":{"line":74,"column":27},"end":{"line":74,"column":76}},"line":74},"4":{"name":"(anonymous_4)","decl":{"start":{"line":85,"column":17},"end":{"line":85,"column":18}},"loc":{"start":{"line":85,"column":26},"end":{"line":88,"column":7}},"line":85},"5":{"name":"(anonymous_5)","decl":{"start":{"line":93,"column":4},"end":{"line":93,"column":5}},"loc":{"start":{"line":93,"column":14},"end":{"line":98,"column":5}},"line":93},"6":{"name":"(anonymous_6)","decl":{"start":{"line":111,"column":15},"end":{"line":111,"column":16}},"loc":{"start":{"line":111,"column":24},"end":{"line":114,"column":5}},"line":111},"7":{"name":"(anonymous_7)","decl":{"start":{"line":119,"column":15},"end":{"line":119,"column":16}},"loc":{"start":{"line":119,"column":25},"end":{"line":119,"column":74}},"line":119},"8":{"name":"(anonymous_8)","decl":{"start":{"line":124,"column":15},"end":{"line":124,"column":16}},"loc":{"start":{"line":124,"column":24},"end":{"line":124,"column":88}},"line":124},"9":{"name":"(anonymous_9)","decl":{"start":{"line":142,"column":17},"end":{"line":142,"column":18}},"loc":{"start":{"line":142,"column":26},"end":{"line":142,"column":50}},"line":142},"10":{"name":"(anonymous_10)","decl":{"start":{"line":146,"column":17},"end":{"line":146,"column":18}},"loc":{"start":{"line":146,"column":27},"end":{"line":146,"column":76}},"line":146},"11":{"name":"(anonymous_11)","decl":{"start":{"line":156,"column":4},"end":{"line":156,"column":5}},"loc":{"start":{"line":156,"column":14},"end":{"line":161,"column":5}},"line":156}},"branchMap":{"0":{"loc":{"start":{"line":26,"column":27},"end":{"line":26,"column":76}},"type":"cond-expr","locations":[{"start":{"line":26,"column":53},"end":{"line":26,"column":70}},{"start":{"line":26,"column":73},"end":{"line":26,"column":76}}],"line":26},"1":{"loc":{"start":{"line":37,"column":8},"end":{"line":37,"column":49}},"type":"if","locations":[{"start":{"line":37,"column":8},"end":{"line":37,"column":49}},{"start":{},"end":{}}],"line":37},"2":{"loc":{"start":{"line":38,"column":15},"end":{"line":38,"column":44}},"type":"binary-expr","locations":[{"start":{"line":38,"column":15},"end":{"line":38,"column":29}},{"start":{"line":38,"column":33},"end":{"line":38,"column":44}}],"line":38},"3":{"loc":{"start":{"line":74,"column":27},"end":{"line":74,"column":76}},"type":"cond-expr","locations":[{"start":{"line":74,"column":53},"end":{"line":74,"column":70}},{"start":{"line":74,"column":73},"end":{"line":74,"column":76}}],"line":74},"4":{"loc":{"start":{"line":86,"column":8},"end":{"line":86,"column":49}},"type":"if","locations":[{"start":{"line":86,"column":8},"end":{"line":86,"column":49}},{"start":{},"end":{}}],"line":86},"5":{"loc":{"start":{"line":87,"column":15},"end":{"line":87,"column":44}},"type":"binary-expr","locations":[{"start":{"line":87,"column":15},"end":{"line":87,"column":29}},{"start":{"line":87,"column":33},"end":{"line":87,"column":44}}],"line":87},"6":{"loc":{"start":{"line":94,"column":6},"end":{"line":96,"column":7}},"type":"if","locations":[{"start":{"line":94,"column":6},"end":{"line":96,"column":7}},{"start":{},"end":{}}],"line":94},"7":{"loc":{"start":{"line":94,"column":10},"end":{"line":94,"column":44}},"type":"binary-expr","locations":[{"start":{"line":94,"column":10},"end":{"line":94,"column":22}},{"start":{"line":94,"column":26},"end":{"line":94,"column":44}}],"line":94},"8":{"loc":{"start":{"line":112,"column":6},"end":{"line":112,"column":47}},"type":"if","locations":[{"start":{"line":112,"column":6},"end":{"line":112,"column":47}},{"start":{},"end":{}}],"line":112},"9":{"loc":{"start":{"line":113,"column":13},"end":{"line":113,"column":42}},"type":"binary-expr","locations":[{"start":{"line":113,"column":13},"end":{"line":113,"column":27}},{"start":{"line":113,"column":31},"end":{"line":113,"column":42}}],"line":113},"10":{"loc":{"start":{"line":119,"column":25},"end":{"line":119,"column":74}},"type":"cond-expr","locations":[{"start":{"line":119,"column":51},"end":{"line":119,"column":68}},{"start":{"line":119,"column":71},"end":{"line":119,"column":74}}],"line":119},"11":{"loc":{"start":{"line":124,"column":33},"end":{"line":124,"column":82}},"type":"cond-expr","locations":[{"start":{"line":124,"column":59},"end":{"line":124,"column":76}},{"start":{"line":124,"column":79},"end":{"line":124,"column":82}}],"line":124},"12":{"loc":{"start":{"line":146,"column":27},"end":{"line":146,"column":76}},"type":"cond-expr","locations":[{"start":{"line":146,"column":53},"end":{"line":146,"column":70}},{"start":{"line":146,"column":73},"end":{"line":146,"column":76}}],"line":146},"13":{"loc":{"start":{"line":158,"column":6},"end":{"line":158,"column":53}},"type":"if","locations":[{"start":{"line":158,"column":6},"end":{"line":158,"column":53}},{"start":{},"end":{}}],"line":158},"14":{"loc":{"start":{"line":159,"column":6},"end":{"line":159,"column":53}},"type":"if","locations":[{"start":{"line":159,"column":6},"end":{"line":159,"column":53}},{"start":{},"end":{}}],"line":159}},"s":{"0":2,"1":2,"2":2,"3":3,"4":4,"5":4,"6":0,"7":2,"8":2,"9":0,"10":0,"11":0,"12":0,"13":0,"14":0,"15":0,"16":2,"17":0,"18":0,"19":0,"20":5,"21":5,"22":2,"23":4,"24":4,"25":4,"26":4,"27":4,"28":4,"29":4,"30":4,"31":2},"f":{"0":3,"1":4,"2":2,"3":0,"4":0,"5":0,"6":0,"7":5,"8":5,"9":4,"10":4,"11":4},"b":{"0":[0,3],"1":[4,0],"2":[0,0],"3":[0,0],"4":[0,0],"5":[0,0],"6":[0,0],"7":[0,0],"8":[0,0],"9":[0,0],"10":[5,0],"11":[5,0],"12":[4,0],"13":[4,0],"14":[4,0]},"_coverageSchema":"1a1c01bbd47fc00a2c39e90264f33305004495a9","hash":"4ba611e3b3aedec9984d9d4666f9a178884f3daa"}
}
