{"D:\\tu-mock-test-platform-main\\backend\\app.js": {"path":"D:\\tu-mock-test-platform-main\\backend\\app.js","statementMap":{"0":{"start":{"line":1,"column":16},"end":{"line":1,"column":34}},"1":{"start":{"line":2,"column":15},"end":{"line":2,"column":32}},"2":{"start":{"line":3,"column":13},"end":{"line":3,"column":28}},"3":{"start":{"line":4,"column":20},"end":{"line":4,"column":42}},"4":{"start":{"line":5,"column":15},"end":{"line":5,"column":38}},"5":{"start":{"line":6,"column":15},"end":{"line":6,"column":41}},"6":{"start":{"line":9,"column":19},"end":{"line":9,"column":49}},"7":{"start":{"line":10,"column":19},"end":{"line":10,"column":49}},"8":{"start":{"line":11,"column":19},"end":{"line":11,"column":49}},"9":{"start":{"line":12,"column":22},"end":{"line":12,"column":55}},"10":{"start":{"line":13,"column":23},"end":{"line":13,"column":57}},"11":{"start":{"line":14,"column":21},"end":{"line":14,"column":53}},"12":{"start":{"line":15,"column":24},"end":{"line":15,"column":59}},"13":{"start":{"line":16,"column":20},"end":{"line":16,"column":51}},"14":{"start":{"line":19,"column":24},"end":{"line":19,"column":63}},"15":{"start":{"line":22,"column":12},"end":{"line":22,"column":21}},"16":{"start":{"line":25,"column":0},"end":{"line":25,"column":26}},"17":{"start":{"line":28,"column":0},"end":{"line":28,"column":18}},"18":{"start":{"line":29,"column":0},"end":{"line":36,"column":2}},"19":{"start":{"line":37,"column":0},"end":{"line":37,"column":23}},"20":{"start":{"line":40,"column":0},"end":{"line":40,"column":41}},"21":{"start":{"line":41,"column":0},"end":{"line":41,"column":63}},"22":{"start":{"line":44,"column":0},"end":{"line":60,"column":3}},"23":{"start":{"line":45,"column":16},"end":{"line":45,"column":26}},"24":{"start":{"line":47,"column":2},"end":{"line":57,"column":5}},"25":{"start":{"line":48,"column":21},"end":{"line":48,"column":39}},"26":{"start":{"line":49,"column":4},"end":{"line":56,"column":7}},"27":{"start":{"line":59,"column":2},"end":{"line":59,"column":9}},"28":{"start":{"line":63,"column":0},"end":{"line":70,"column":3}},"29":{"start":{"line":64,"column":2},"end":{"line":69,"column":5}},"30":{"start":{"line":73,"column":0},"end":{"line":73,"column":36}},"31":{"start":{"line":74,"column":0},"end":{"line":74,"column":37}},"32":{"start":{"line":75,"column":0},"end":{"line":75,"column":37}},"33":{"start":{"line":76,"column":0},"end":{"line":76,"column":43}},"34":{"start":{"line":77,"column":0},"end":{"line":77,"column":45}},"35":{"start":{"line":78,"column":0},"end":{"line":78,"column":41}},"36":{"start":{"line":79,"column":0},"end":{"line":79,"column":46}},"37":{"start":{"line":80,"column":0},"end":{"line":80,"column":38}},"38":{"start":{"line":83,"column":0},"end":{"line":88,"column":3}},"39":{"start":{"line":84,"column":2},"end":{"line":87,"column":5}},"40":{"start":{"line":91,"column":0},"end":{"line":91,"column":25}},"41":{"start":{"line":94,"column":0},"end":{"line":94,"column":21}}},"fnMap":{"0":{"name":"(anonymous_0)","decl":{"start":{"line":44,"column":8},"end":{"line":44,"column":9}},"loc":{"start":{"line":44,"column":28},"end":{"line":60,"column":1}},"line":44},"1":{"name":"(anonymous_1)","decl":{"start":{"line":47,"column":19},"end":{"line":47,"column":20}},"loc":{"start":{"line":47,"column":25},"end":{"line":57,"column":3}},"line":47},"2":{"name":"(anonymous_2)","decl":{"start":{"line":63,"column":19},"end":{"line":63,"column":20}},"loc":{"start":{"line":63,"column":33},"end":{"line":70,"column":1}},"line":63},"3":{"name":"(anonymous_3)","decl":{"start":{"line":83,"column":8},"end":{"line":83,"column":9}},"loc":{"start":{"line":83,"column":22},"end":{"line":88,"column":1}},"line":83}},"branchMap":{},"s":{"0":1,"1":1,"2":1,"3":1,"4":1,"5":1,"6":1,"7":1,"8":1,"9":1,"10":1,"11":1,"12":1,"13":1,"14":1,"15":1,"16":1,"17":1,"18":1,"19":1,"20":1,"21":1,"22":1,"23":0,"24":0,"25":0,"26":0,"27":0,"28":1,"29":0,"30":1,"31":1,"32":1,"33":1,"34":1,"35":1,"36":1,"37":1,"38":1,"39":0,"40":1,"41":1},"f":{"0":0,"1":0,"2":0,"3":0},"b":{},"_coverageSchema":"1a1c01bbd47fc00a2c39e90264f33305004495a9","hash":"9670bfbccf5beca2426521bb044a14d748ae018a"}
,"D:\\tu-mock-test-platform-main\\backend\\config\\db.js": {"path":"D:\\tu-mock-test-platform-main\\backend\\config\\db.js","statementMap":{"0":{"start":{"line":1,"column":25},"end":{"line":1,"column":50}},"1":{"start":{"line":2,"column":15},"end":{"line":2,"column":31}},"2":{"start":{"line":3,"column":15},"end":{"line":3,"column":34}},"3":{"start":{"line":9,"column":15},"end":{"line":18,"column":2}},"4":{"start":{"line":21,"column":0},"end":{"line":23,"column":1}},"5":{"start":{"line":22,"column":2},"end":{"line":22,"column":31}},"6":{"start":{"line":26,"column":0},"end":{"line":41,"column":1}},"7":{"start":{"line":27,"column":2},"end":{"line":36,"column":5}},"8":{"start":{"line":29,"column":4},"end":{"line":35,"column":5}},"9":{"start":{"line":30,"column":6},"end":{"line":34,"column":9}},"10":{"start":{"line":38,"column":2},"end":{"line":40,"column":5}},"11":{"start":{"line":39,"column":4},"end":{"line":39,"column":64}},"12":{"start":{"line":44,"column":0},"end":{"line":53,"column":5}},"13":{"start":{"line":45,"column":2},"end":{"line":52,"column":3}},"14":{"start":{"line":46,"column":4},"end":{"line":46,"column":28}},"15":{"start":{"line":47,"column":4},"end":{"line":47,"column":62}},"16":{"start":{"line":49,"column":4},"end":{"line":49,"column":89}},"17":{"start":{"line":51,"column":4},"end":{"line":51,"column":20}},"18":{"start":{"line":59,"column":27},"end":{"line":69,"column":1}},"19":{"start":{"line":60,"column":2},"end":{"line":60,"column":68}},"20":{"start":{"line":61,"column":2},"end":{"line":68,"column":3}},"21":{"start":{"line":62,"column":4},"end":{"line":62,"column":31}},"22":{"start":{"line":63,"column":4},"end":{"line":63,"column":57}},"23":{"start":{"line":65,"column":4},"end":{"line":65,"column":75}},"24":{"start":{"line":67,"column":4},"end":{"line":67,"column":20}},"25":{"start":{"line":71,"column":0},"end":{"line":71,"column":57}},"26":{"start":{"line":71,"column":27},"end":{"line":71,"column":55}},"27":{"start":{"line":72,"column":0},"end":{"line":72,"column":59}},"28":{"start":{"line":72,"column":28},"end":{"line":72,"column":57}},"29":{"start":{"line":75,"column":0},"end":{"line":75,"column":24}}},"fnMap":{"0":{"name":"(anonymous_0)","decl":{"start":{"line":27,"column":22},"end":{"line":27,"column":23}},"loc":{"start":{"line":27,"column":29},"end":{"line":36,"column":3}},"line":27},"1":{"name":"(anonymous_1)","decl":{"start":{"line":38,"column":22},"end":{"line":38,"column":23}},"loc":{"start":{"line":38,"column":29},"end":{"line":40,"column":3}},"line":38},"2":{"name":"(anonymous_2)","decl":{"start":{"line":44,"column":1},"end":{"line":44,"column":2}},"loc":{"start":{"line":44,"column":13},"end":{"line":53,"column":1}},"line":44},"3":{"name":"(anonymous_3)","decl":{"start":{"line":59,"column":27},"end":{"line":59,"column":28}},"loc":{"start":{"line":59,"column":45},"end":{"line":69,"column":1}},"line":59},"4":{"name":"(anonymous_4)","decl":{"start":{"line":71,"column":21},"end":{"line":71,"column":22}},"loc":{"start":{"line":71,"column":27},"end":{"line":71,"column":55}},"line":71},"5":{"name":"(anonymous_5)","decl":{"start":{"line":72,"column":22},"end":{"line":72,"column":23}},"loc":{"start":{"line":72,"column":28},"end":{"line":72,"column":57}},"line":72}},"branchMap":{"0":{"loc":{"start":{"line":9,"column":15},"end":{"line":18,"column":2}},"type":"binary-expr","locations":[{"start":{"line":9,"column":15},"end":{"line":9,"column":34}},{"start":{"line":9,"column":38},"end":{"line":18,"column":2}}],"line":9},"1":{"loc":{"start":{"line":10,"column":7},"end":{"line":17,"column":41}},"type":"cond-expr","locations":[{"start":{"line":11,"column":6},"end":{"line":16,"column":7}},{"start":{"line":17,"column":6},"end":{"line":17,"column":41}}],"line":10},"2":{"loc":{"start":{"line":21,"column":0},"end":{"line":23,"column":1}},"type":"if","locations":[{"start":{"line":21,"column":0},"end":{"line":23,"column":1}},{"start":{},"end":{}}],"line":21},"3":{"loc":{"start":{"line":26,"column":0},"end":{"line":41,"column":1}},"type":"if","locations":[{"start":{"line":26,"column":0},"end":{"line":41,"column":1}},{"start":{},"end":{}}],"line":26},"4":{"loc":{"start":{"line":29,"column":4},"end":{"line":35,"column":5}},"type":"if","locations":[{"start":{"line":29,"column":4},"end":{"line":35,"column":5}},{"start":{},"end":{}}],"line":29}},"s":{"0":1,"1":1,"2":1,"3":1,"4":1,"5":0,"6":1,"7":0,"8":0,"9":0,"10":0,"11":0,"12":1,"13":1,"14":1,"15":1,"16":0,"17":0,"18":1,"19":0,"20":0,"21":0,"22":0,"23":0,"24":0,"25":1,"26":0,"27":1,"28":0,"29":1},"f":{"0":0,"1":0,"2":1,"3":0,"4":0,"5":0},"b":{"0":[1,1],"1":[0,1],"2":[0,1],"3":[0,1],"4":[0,0]},"_coverageSchema":"1a1c01bbd47fc00a2c39e90264f33305004495a9","hash":"e4f214bff969f65ae9a7b62b390d8b8cb8dbfc79"}
,"D:\\tu-mock-test-platform-main\\backend\\config\\env.js": {"path":"D:\\tu-mock-test-platform-main\\backend\\config\\env.js","statementMap":{"0":{"start":{"line":1,"column":15},"end":{"line":1,"column":32}},"1":{"start":{"line":2,"column":14},"end":{"line":2,"column":28}},"2":{"start":{"line":5,"column":0},"end":{"line":5,"column":16}},"3":{"start":{"line":7,"column":18},"end":{"line":79,"column":2}},"4":{"start":{"line":11,"column":24},"end":{"line":11,"column":41}},"5":{"start":{"line":23,"column":21},"end":{"line":23,"column":52}},"6":{"start":{"line":53,"column":24},"end":{"line":53,"column":41}},"7":{"start":{"line":65,"column":24},"end":{"line":65,"column":41}},"8":{"start":{"line":71,"column":24},"end":{"line":71,"column":41}},"9":{"start":{"line":82,"column":15},"end":{"line":82,"column":43}},"10":{"start":{"line":85,"column":15},"end":{"line":92,"column":2}},"11":{"start":{"line":94,"column":0},"end":{"line":94,"column":24}}},"fnMap":{"0":{"name":"(anonymous_0)","decl":{"start":{"line":11,"column":15},"end":{"line":11,"column":16}},"loc":{"start":{"line":11,"column":24},"end":{"line":11,"column":41}},"line":11},"1":{"name":"(anonymous_1)","decl":{"start":{"line":23,"column":12},"end":{"line":23,"column":13}},"loc":{"start":{"line":23,"column":21},"end":{"line":23,"column":52}},"line":23},"2":{"name":"(anonymous_2)","decl":{"start":{"line":53,"column":15},"end":{"line":53,"column":16}},"loc":{"start":{"line":53,"column":24},"end":{"line":53,"column":41}},"line":53},"3":{"name":"(anonymous_3)","decl":{"start":{"line":65,"column":15},"end":{"line":65,"column":16}},"loc":{"start":{"line":65,"column":24},"end":{"line":65,"column":41}},"line":65},"4":{"name":"(anonymous_4)","decl":{"start":{"line":71,"column":15},"end":{"line":71,"column":16}},"loc":{"start":{"line":71,"column":24},"end":{"line":71,"column":41}},"line":71}},"branchMap":{},"s":{"0":1,"1":1,"2":1,"3":1,"4":1,"5":1,"6":1,"7":1,"8":1,"9":1,"10":1,"11":1},"f":{"0":1,"1":1,"2":1,"3":1,"4":1},"b":{},"_coverageSchema":"1a1c01bbd47fc00a2c39e90264f33305004495a9","hash":"d4091738260d89ebd148a6abe1fa0d152bced308"}
,"D:\\tu-mock-test-platform-main\\backend\\config\\logger.js": {"path":"D:\\tu-mock-test-platform-main\\backend\\config\\logger.js","statementMap":{"0":{"start":{"line":1,"column":16},"end":{"line":1,"column":34}},"1":{"start":{"line":2,"column":24},"end":{"line":2,"column":60}},"2":{"start":{"line":3,"column":15},"end":{"line":3,"column":31}},"3":{"start":{"line":5,"column":70},"end":{"line":5,"column":84}},"4":{"start":{"line":8,"column":22},"end":{"line":14,"column":2}},"5":{"start":{"line":9,"column":12},"end":{"line":9,"column":51}},"6":{"start":{"line":10,"column":2},"end":{"line":12,"column":3}},"7":{"start":{"line":11,"column":4},"end":{"line":11,"column":38}},"8":{"start":{"line":13,"column":2},"end":{"line":13,"column":13}},"9":{"start":{"line":17,"column":19},"end":{"line":22,"column":1}},"10":{"start":{"line":25,"column":19},"end":{"line":25,"column":21}},"11":{"start":{"line":28,"column":0},"end":{"line":35,"column":2}},"12":{"start":{"line":38,"column":0},"end":{"line":56,"column":1}},"13":{"start":{"line":39,"column":2},"end":{"line":55,"column":4}},"14":{"start":{"line":59,"column":15},"end":{"line":88,"column":2}},"15":{"start":{"line":91,"column":0},"end":{"line":95,"column":3}},"16":{"start":{"line":92,"column":2},"end":{"line":94,"column":5}},"17":{"start":{"line":93,"column":4},"end":{"line":93,"column":20}},"18":{"start":{"line":97,"column":0},"end":{"line":97,"column":24}}},"fnMap":{"0":{"name":"(anonymous_0)","decl":{"start":{"line":8,"column":29},"end":{"line":8,"column":30}},"loc":{"start":{"line":8,"column":84},"end":{"line":14,"column":1}},"line":8},"1":{"name":"(anonymous_1)","decl":{"start":{"line":91,"column":21},"end":{"line":91,"column":22}},"loc":{"start":{"line":91,"column":27},"end":{"line":95,"column":1}},"line":91},"2":{"name":"(anonymous_2)","decl":{"start":{"line":92,"column":13},"end":{"line":92,"column":14}},"loc":{"start":{"line":92,"column":19},"end":{"line":94,"column":3}},"line":92}},"branchMap":{"0":{"loc":{"start":{"line":9,"column":33},"end":{"line":9,"column":49}},"type":"binary-expr","locations":[{"start":{"line":9,"column":33},"end":{"line":9,"column":38}},{"start":{"line":9,"column":42},"end":{"line":9,"column":49}}],"line":9},"1":{"loc":{"start":{"line":10,"column":2},"end":{"line":12,"column":3}},"type":"if","locations":[{"start":{"line":10,"column":2},"end":{"line":12,"column":3}},{"start":{},"end":{}}],"line":10},"2":{"loc":{"start":{"line":31,"column":12},"end":{"line":33,"column":18}},"type":"cond-expr","locations":[{"start":{"line":32,"column":8},"end":{"line":32,"column":90}},{"start":{"line":33,"column":8},"end":{"line":33,"column":18}}],"line":31},"3":{"loc":{"start":{"line":38,"column":0},"end":{"line":56,"column":1}},"type":"if","locations":[{"start":{"line":38,"column":0},"end":{"line":56,"column":1}},{"start":{},"end":{}}],"line":38},"4":{"loc":{"start":{"line":64,"column":21},"end":{"line":74,"column":40}},"type":"cond-expr","locations":[{"start":{"line":65,"column":6},"end":{"line":73,"column":7}},{"start":{"line":74,"column":6},"end":{"line":74,"column":40}}],"line":64},"5":{"loc":{"start":{"line":76,"column":21},"end":{"line":86,"column":40}},"type":"cond-expr","locations":[{"start":{"line":77,"column":6},"end":{"line":85,"column":7}},{"start":{"line":86,"column":6},"end":{"line":86,"column":40}}],"line":76}},"s":{"0":1,"1":1,"2":1,"3":1,"4":1,"5":0,"6":0,"7":0,"8":0,"9":1,"10":1,"11":1,"12":1,"13":0,"14":1,"15":1,"16":0,"17":0,"18":1},"f":{"0":0,"1":0,"2":0},"b":{"0":[0,0],"1":[0,0],"2":[0,1],"3":[0,1],"4":[0,1],"5":[0,1]},"_coverageSchema":"1a1c01bbd47fc00a2c39e90264f33305004495a9","hash":"051d9eb6f0a11ed9b409951a187cf7e08d4907ce"}
,"D:\\tu-mock-test-platform-main\\backend\\config\\redis.js": {"path":"D:\\tu-mock-test-platform-main\\backend\\config\\redis.js","statementMap":{"0":{"start":{"line":1,"column":14},"end":{"line":1,"column":32}},"1":{"start":{"line":2,"column":15},"end":{"line":2,"column":31}},"2":{"start":{"line":3,"column":15},"end":{"line":3,"column":34}},"3":{"start":{"line":9,"column":14},"end":{"line":37,"column":2}},"4":{"start":{"line":19,"column":18},"end":{"line":19,"column":44}},"5":{"start":{"line":20,"column":4},"end":{"line":23,"column":5}},"6":{"start":{"line":21,"column":6},"end":{"line":21,"column":63}},"7":{"start":{"line":22,"column":6},"end":{"line":22,"column":18}},"8":{"start":{"line":24,"column":4},"end":{"line":24,"column":76}},"9":{"start":{"line":25,"column":4},"end":{"line":25,"column":17}},"10":{"start":{"line":30,"column":25},"end":{"line":30,"column":66}},"11":{"start":{"line":31,"column":28},"end":{"line":31,"column":77}},"12":{"start":{"line":31,"column":53},"end":{"line":31,"column":76}},"13":{"start":{"line":32,"column":4},"end":{"line":34,"column":5}},"14":{"start":{"line":33,"column":6},"end":{"line":33,"column":72}},"15":{"start":{"line":35,"column":4},"end":{"line":35,"column":39}},"16":{"start":{"line":40,"column":0},"end":{"line":42,"column":3}},"17":{"start":{"line":41,"column":2},"end":{"line":41,"column":40}},"18":{"start":{"line":44,"column":0},"end":{"line":51,"column":3}},"19":{"start":{"line":45,"column":2},"end":{"line":50,"column":3}},"20":{"start":{"line":46,"column":17},"end":{"line":46,"column":35}},"21":{"start":{"line":47,"column":4},"end":{"line":47,"column":62}},"22":{"start":{"line":49,"column":4},"end":{"line":49,"column":71}},"23":{"start":{"line":53,"column":0},"end":{"line":56,"column":3}},"24":{"start":{"line":55,"column":2},"end":{"line":55,"column":79}},"25":{"start":{"line":58,"column":0},"end":{"line":60,"column":3}},"26":{"start":{"line":59,"column":2},"end":{"line":59,"column":46}},"27":{"start":{"line":62,"column":0},"end":{"line":64,"column":3}},"28":{"start":{"line":63,"column":2},"end":{"line":63,"column":41}},"29":{"start":{"line":66,"column":0},"end":{"line":68,"column":3}},"30":{"start":{"line":67,"column":2},"end":{"line":67,"column":43}},"31":{"start":{"line":74,"column":27},"end":{"line":84,"column":1}},"32":{"start":{"line":75,"column":2},"end":{"line":75,"column":76}},"33":{"start":{"line":76,"column":2},"end":{"line":83,"column":3}},"34":{"start":{"line":77,"column":4},"end":{"line":77,"column":23}},"35":{"start":{"line":78,"column":4},"end":{"line":78,"column":54}},"36":{"start":{"line":80,"column":4},"end":{"line":80,"column":74}},"37":{"start":{"line":82,"column":4},"end":{"line":82,"column":23}},"38":{"start":{"line":86,"column":0},"end":{"line":86,"column":57}},"39":{"start":{"line":86,"column":27},"end":{"line":86,"column":55}},"40":{"start":{"line":87,"column":0},"end":{"line":87,"column":59}},"41":{"start":{"line":87,"column":28},"end":{"line":87,"column":57}},"42":{"start":{"line":90,"column":0},"end":{"line":90,"column":23}}},"fnMap":{"0":{"name":"(anonymous_0)","decl":{"start":{"line":18,"column":2},"end":{"line":18,"column":3}},"loc":{"start":{"line":18,"column":23},"end":{"line":26,"column":3}},"line":18},"1":{"name":"(anonymous_1)","decl":{"start":{"line":29,"column":2},"end":{"line":29,"column":3}},"loc":{"start":{"line":29,"column":24},"end":{"line":36,"column":3}},"line":29},"2":{"name":"(anonymous_2)","decl":{"start":{"line":31,"column":46},"end":{"line":31,"column":47}},"loc":{"start":{"line":31,"column":53},"end":{"line":31,"column":76}},"line":31},"3":{"name":"(anonymous_3)","decl":{"start":{"line":40,"column":20},"end":{"line":40,"column":21}},"loc":{"start":{"line":40,"column":26},"end":{"line":42,"column":1}},"line":40},"4":{"name":"(anonymous_4)","decl":{"start":{"line":44,"column":18},"end":{"line":44,"column":19}},"loc":{"start":{"line":44,"column":30},"end":{"line":51,"column":1}},"line":44},"5":{"name":"(anonymous_5)","decl":{"start":{"line":53,"column":18},"end":{"line":53,"column":19}},"loc":{"start":{"line":53,"column":27},"end":{"line":56,"column":1}},"line":53},"6":{"name":"(anonymous_6)","decl":{"start":{"line":58,"column":25},"end":{"line":58,"column":26}},"loc":{"start":{"line":58,"column":31},"end":{"line":60,"column":1}},"line":58},"7":{"name":"(anonymous_7)","decl":{"start":{"line":62,"column":18},"end":{"line":62,"column":19}},"loc":{"start":{"line":62,"column":24},"end":{"line":64,"column":1}},"line":62},"8":{"name":"(anonymous_8)","decl":{"start":{"line":66,"column":16},"end":{"line":66,"column":17}},"loc":{"start":{"line":66,"column":22},"end":{"line":68,"column":1}},"line":66},"9":{"name":"(anonymous_9)","decl":{"start":{"line":74,"column":27},"end":{"line":74,"column":28}},"loc":{"start":{"line":74,"column":45},"end":{"line":84,"column":1}},"line":74},"10":{"name":"(anonymous_10)","decl":{"start":{"line":86,"column":21},"end":{"line":86,"column":22}},"loc":{"start":{"line":86,"column":27},"end":{"line":86,"column":55}},"line":86},"11":{"name":"(anonymous_11)","decl":{"start":{"line":87,"column":22},"end":{"line":87,"column":23}},"loc":{"start":{"line":87,"column":28},"end":{"line":87,"column":57}},"line":87}},"branchMap":{"0":{"loc":{"start":{"line":20,"column":4},"end":{"line":23,"column":5}},"type":"if","locations":[{"start":{"line":20,"column":4},"end":{"line":23,"column":5}},{"start":{},"end":{}}],"line":20},"1":{"loc":{"start":{"line":32,"column":4},"end":{"line":34,"column":5}},"type":"if","locations":[{"start":{"line":32,"column":4},"end":{"line":34,"column":5}},{"start":{},"end":{}}],"line":32},"2":{"loc":{"start":{"line":35,"column":11},"end":{"line":35,"column":38}},"type":"cond-expr","locations":[{"start":{"line":35,"column":29},"end":{"line":35,"column":30}},{"start":{"line":35,"column":33},"end":{"line":35,"column":38}}],"line":35}},"s":{"0":1,"1":1,"2":1,"3":1,"4":0,"5":0,"6":0,"7":0,"8":0,"9":0,"10":0,"11":0,"12":0,"13":0,"14":0,"15":0,"16":1,"17":1,"18":1,"19":1,"20":1,"21":1,"22":0,"23":1,"24":0,"25":1,"26":0,"27":1,"28":0,"29":1,"30":0,"31":1,"32":0,"33":0,"34":0,"35":0,"36":0,"37":0,"38":1,"39":0,"40":1,"41":0,"42":1},"f":{"0":0,"1":0,"2":0,"3":1,"4":1,"5":0,"6":0,"7":0,"8":0,"9":0,"10":0,"11":0},"b":{"0":[0,0],"1":[0,0],"2":[0,0]},"_coverageSchema":"1a1c01bbd47fc00a2c39e90264f33305004495a9","hash":"036b61a39ebd377c7016e06bc813acb02ed9f809"}
,"D:\\tu-mock-test-platform-main\\backend\\controllers\\adminController.js": {"path":"D:\\tu-mock-test-platform-main\\backend\\controllers\\adminController.js","statementMap":{"0":{"start":{"line":1,"column":15},"end":{"line":1,"column":38}},"1":{"start":{"line":2,"column":25},"end":{"line":2,"column":64}},"2":{"start":{"line":3,"column":34},"end":{"line":3,"column":65}},"3":{"start":{"line":4,"column":21},"end":{"line":4,"column":53}},"4":{"start":{"line":12,"column":20},"end":{"line":41,"column":2}},"5":{"start":{"line":13,"column":47},"end":{"line":36,"column":4}},"6":{"start":{"line":38,"column":2},"end":{"line":40,"column":4}},"7":{"start":{"line":49,"column":22},"end":{"line":60,"column":2}},"8":{"start":{"line":50,"column":21},"end":{"line":55,"column":4}},"9":{"start":{"line":57,"column":2},"end":{"line":59,"column":4}},"10":{"start":{"line":66,"column":23},"end":{"line":90,"column":2}},"11":{"start":{"line":67,"column":38},"end":{"line":67,"column":46}},"12":{"start":{"line":69,"column":2},"end":{"line":71,"column":3}},"13":{"start":{"line":70,"column":4},"end":{"line":70,"column":57}},"14":{"start":{"line":72,"column":2},"end":{"line":74,"column":3}},"15":{"start":{"line":73,"column":4},"end":{"line":73,"column":57}},"16":{"start":{"line":75,"column":2},"end":{"line":77,"column":3}},"17":{"start":{"line":76,"column":4},"end":{"line":76,"column":85}},"18":{"start":{"line":79,"column":19},"end":{"line":85,"column":4}},"19":{"start":{"line":87,"column":2},"end":{"line":89,"column":4}},"20":{"start":{"line":96,"column":23},"end":{"line":132,"column":2}},"21":{"start":{"line":97,"column":17},"end":{"line":97,"column":27}},"22":{"start":{"line":98,"column":38},"end":{"line":98,"column":46}},"23":{"start":{"line":100,"column":19},"end":{"line":103,"column":4}},"24":{"start":{"line":104,"column":2},"end":{"line":104,"column":63}},"25":{"start":{"line":104,"column":17},"end":{"line":104,"column":63}},"26":{"start":{"line":106,"column":15},"end":{"line":106,"column":17}},"27":{"start":{"line":107,"column":2},"end":{"line":112,"column":3}},"28":{"start":{"line":108,"column":4},"end":{"line":110,"column":5}},"29":{"start":{"line":109,"column":6},"end":{"line":109,"column":63}},"30":{"start":{"line":111,"column":4},"end":{"line":111,"column":28}},"31":{"start":{"line":113,"column":2},"end":{"line":121,"column":3}},"32":{"start":{"line":114,"column":4},"end":{"line":116,"column":5}},"33":{"start":{"line":115,"column":6},"end":{"line":115,"column":63}},"34":{"start":{"line":117,"column":4},"end":{"line":119,"column":5}},"35":{"start":{"line":118,"column":6},"end":{"line":118,"column":87}},"36":{"start":{"line":120,"column":4},"end":{"line":120,"column":42}},"37":{"start":{"line":122,"column":2},"end":{"line":122,"column":80}},"38":{"start":{"line":122,"column":33},"end":{"line":122,"column":80}},"39":{"start":{"line":124,"column":18},"end":{"line":127,"column":4}},"40":{"start":{"line":129,"column":2},"end":{"line":131,"column":4}},"41":{"start":{"line":138,"column":23},"end":{"line":152,"column":2}},"42":{"start":{"line":139,"column":17},"end":{"line":139,"column":27}},"43":{"start":{"line":141,"column":19},"end":{"line":144,"column":4}},"44":{"start":{"line":145,"column":2},"end":{"line":145,"column":63}},"45":{"start":{"line":145,"column":17},"end":{"line":145,"column":63}},"46":{"start":{"line":147,"column":2},"end":{"line":147,"column":50}},"47":{"start":{"line":149,"column":2},"end":{"line":151,"column":4}},"48":{"start":{"line":154,"column":0},"end":{"line":160,"column":2}}},"fnMap":{"0":{"name":"(anonymous_0)","decl":{"start":{"line":12,"column":33},"end":{"line":12,"column":34}},"loc":{"start":{"line":12,"column":53},"end":{"line":41,"column":1}},"line":12},"1":{"name":"(anonymous_1)","decl":{"start":{"line":49,"column":35},"end":{"line":49,"column":36}},"loc":{"start":{"line":49,"column":55},"end":{"line":60,"column":1}},"line":49},"2":{"name":"(anonymous_2)","decl":{"start":{"line":66,"column":36},"end":{"line":66,"column":37}},"loc":{"start":{"line":66,"column":56},"end":{"line":90,"column":1}},"line":66},"3":{"name":"(anonymous_3)","decl":{"start":{"line":96,"column":36},"end":{"line":96,"column":37}},"loc":{"start":{"line":96,"column":56},"end":{"line":132,"column":1}},"line":96},"4":{"name":"(anonymous_4)","decl":{"start":{"line":138,"column":36},"end":{"line":138,"column":37}},"loc":{"start":{"line":138,"column":56},"end":{"line":152,"column":1}},"line":138}},"branchMap":{"0":{"loc":{"start":{"line":69,"column":2},"end":{"line":71,"column":3}},"type":"if","locations":[{"start":{"line":69,"column":2},"end":{"line":71,"column":3}},{"start":{},"end":{}}],"line":69},"1":{"loc":{"start":{"line":69,"column":6},"end":{"line":69,"column":67}},"type":"binary-expr","locations":[{"start":{"line":69,"column":6},"end":{"line":69,"column":11}},{"start":{"line":69,"column":15},"end":{"line":69,"column":39}},{"start":{"line":69,"column":43},"end":{"line":69,"column":67}}],"line":69},"2":{"loc":{"start":{"line":72,"column":2},"end":{"line":74,"column":3}},"type":"if","locations":[{"start":{"line":72,"column":2},"end":{"line":74,"column":3}},{"start":{},"end":{}}],"line":72},"3":{"loc":{"start":{"line":72,"column":6},"end":{"line":72,"column":67}},"type":"binary-expr","locations":[{"start":{"line":72,"column":6},"end":{"line":72,"column":11}},{"start":{"line":72,"column":15},"end":{"line":72,"column":39}},{"start":{"line":72,"column":43},"end":{"line":72,"column":67}}],"line":72},"4":{"loc":{"start":{"line":75,"column":2},"end":{"line":77,"column":3}},"type":"if","locations":[{"start":{"line":75,"column":2},"end":{"line":77,"column":3}},{"start":{},"end":{}}],"line":75},"5":{"loc":{"start":{"line":83,"column":19},"end":{"line":83,"column":46}},"type":"binary-expr","locations":[{"start":{"line":83,"column":19},"end":{"line":83,"column":38}},{"start":{"line":83,"column":42},"end":{"line":83,"column":46}}],"line":83},"6":{"loc":{"start":{"line":104,"column":2},"end":{"line":104,"column":63}},"type":"if","locations":[{"start":{"line":104,"column":2},"end":{"line":104,"column":63}},{"start":{},"end":{}}],"line":104},"7":{"loc":{"start":{"line":107,"column":2},"end":{"line":112,"column":3}},"type":"if","locations":[{"start":{"line":107,"column":2},"end":{"line":112,"column":3}},{"start":{},"end":{}}],"line":107},"8":{"loc":{"start":{"line":108,"column":4},"end":{"line":110,"column":5}},"type":"if","locations":[{"start":{"line":108,"column":4},"end":{"line":110,"column":5}},{"start":{},"end":{}}],"line":108},"9":{"loc":{"start":{"line":108,"column":8},"end":{"line":108,"column":60}},"type":"binary-expr","locations":[{"start":{"line":108,"column":8},"end":{"line":108,"column":32}},{"start":{"line":108,"column":36},"end":{"line":108,"column":60}}],"line":108},"10":{"loc":{"start":{"line":113,"column":2},"end":{"line":121,"column":3}},"type":"if","locations":[{"start":{"line":113,"column":2},"end":{"line":121,"column":3}},{"start":{},"end":{}}],"line":113},"11":{"loc":{"start":{"line":114,"column":4},"end":{"line":116,"column":5}},"type":"if","locations":[{"start":{"line":114,"column":4},"end":{"line":116,"column":5}},{"start":{},"end":{}}],"line":114},"12":{"loc":{"start":{"line":114,"column":8},"end":{"line":114,"column":60}},"type":"binary-expr","locations":[{"start":{"line":114,"column":8},"end":{"line":114,"column":32}},{"start":{"line":114,"column":36},"end":{"line":114,"column":60}}],"line":114},"13":{"loc":{"start":{"line":117,"column":4},"end":{"line":119,"column":5}},"type":"if","locations":[{"start":{"line":117,"column":4},"end":{"line":119,"column":5}},{"start":{},"end":{}}],"line":117},"14":{"loc":{"start":{"line":122,"column":2},"end":{"line":122,"column":80}},"type":"if","locations":[{"start":{"line":122,"column":2},"end":{"line":122,"column":80}},{"start":{},"end":{}}],"line":122},"15":{"loc":{"start":{"line":122,"column":52},"end":{"line":122,"column":79}},"type":"binary-expr","locations":[{"start":{"line":122,"column":52},"end":{"line":122,"column":71}},{"start":{"line":122,"column":75},"end":{"line":122,"column":79}}],"line":122},"16":{"loc":{"start":{"line":145,"column":2},"end":{"line":145,"column":63}},"type":"if","locations":[{"start":{"line":145,"column":2},"end":{"line":145,"column":63}},{"start":{},"end":{}}],"line":145}},"s":{"0":1,"1":1,"2":1,"3":1,"4":1,"5":0,"6":0,"7":1,"8":0,"9":0,"10":1,"11":0,"12":0,"13":0,"14":0,"15":0,"16":0,"17":0,"18":0,"19":0,"20":1,"21":0,"22":0,"23":0,"24":0,"25":0,"26":0,"27":0,"28":0,"29":0,"30":0,"31":0,"32":0,"33":0,"34":0,"35":0,"36":0,"37":0,"38":0,"39":0,"40":0,"41":1,"42":0,"43":0,"44":0,"45":0,"46":0,"47":0,"48":1},"f":{"0":0,"1":0,"2":0,"3":0,"4":0},"b":{"0":[0,0],"1":[0,0,0],"2":[0,0],"3":[0,0,0],"4":[0,0],"5":[0,0],"6":[0,0],"7":[0,0],"8":[0,0],"9":[0,0],"10":[0,0],"11":[0,0],"12":[0,0],"13":[0,0],"14":[0,0],"15":[0,0],"16":[0,0]},"_coverageSchema":"1a1c01bbd47fc00a2c39e90264f33305004495a9","hash":"629011f16a318d596bab18c6ad49166de2e40e5f"}
,"D:\\tu-mock-test-platform-main\\backend\\controllers\\analyticsController.js": {"path":"D:\\tu-mock-test-platform-main\\backend\\controllers\\analyticsController.js","statementMap":{"0":{"start":{"line":1,"column":25},"end":{"line":1,"column":64}},"1":{"start":{"line":2,"column":24},"end":{"line":2,"column":55}},"2":{"start":{"line":3,"column":21},"end":{"line":3,"column":53}},"3":{"start":{"line":6,"column":14},"end":{"line":6,"column":87}},"4":{"start":{"line":6,"column":33},"end":{"line":6,"column":87}},"5":{"start":{"line":12,"column":23},"end":{"line":18,"column":2}},"6":{"start":{"line":13,"column":16},"end":{"line":13,"column":55}},"7":{"start":{"line":15,"column":2},"end":{"line":17,"column":4}},"8":{"start":{"line":24,"column":29},"end":{"line":30,"column":2}},"9":{"start":{"line":25,"column":20},"end":{"line":25,"column":65}},"10":{"start":{"line":27,"column":2},"end":{"line":29,"column":4}},"11":{"start":{"line":36,"column":25},"end":{"line":44,"column":2}},"12":{"start":{"line":37,"column":15},"end":{"line":37,"column":43}},"13":{"start":{"line":39,"column":17},"end":{"line":39,"column":66}},"14":{"start":{"line":41,"column":2},"end":{"line":43,"column":4}},"15":{"start":{"line":50,"column":27},"end":{"line":59,"column":2}},"16":{"start":{"line":51,"column":21},"end":{"line":51,"column":29}},"17":{"start":{"line":52,"column":15},"end":{"line":52,"column":43}},"18":{"start":{"line":54,"column":17},"end":{"line":54,"column":74}},"19":{"start":{"line":56,"column":2},"end":{"line":58,"column":4}},"20":{"start":{"line":65,"column":28},"end":{"line":73,"column":2}},"21":{"start":{"line":66,"column":21},"end":{"line":66,"column":29}},"22":{"start":{"line":68,"column":20},"end":{"line":68,"column":70}},"23":{"start":{"line":70,"column":2},"end":{"line":72,"column":4}},"24":{"start":{"line":75,"column":0},"end":{"line":81,"column":2}}},"fnMap":{"0":{"name":"(anonymous_0)","decl":{"start":{"line":6,"column":14},"end":{"line":6,"column":15}},"loc":{"start":{"line":6,"column":33},"end":{"line":6,"column":87}},"line":6},"1":{"name":"(anonymous_1)","decl":{"start":{"line":12,"column":36},"end":{"line":12,"column":37}},"loc":{"start":{"line":12,"column":56},"end":{"line":18,"column":1}},"line":12},"2":{"name":"(anonymous_2)","decl":{"start":{"line":24,"column":42},"end":{"line":24,"column":43}},"loc":{"start":{"line":24,"column":62},"end":{"line":30,"column":1}},"line":24},"3":{"name":"(anonymous_3)","decl":{"start":{"line":36,"column":38},"end":{"line":36,"column":39}},"loc":{"start":{"line":36,"column":58},"end":{"line":44,"column":1}},"line":36},"4":{"name":"(anonymous_4)","decl":{"start":{"line":50,"column":40},"end":{"line":50,"column":41}},"loc":{"start":{"line":50,"column":60},"end":{"line":59,"column":1}},"line":50},"5":{"name":"(anonymous_5)","decl":{"start":{"line":65,"column":41},"end":{"line":65,"column":42}},"loc":{"start":{"line":65,"column":61},"end":{"line":73,"column":1}},"line":65}},"branchMap":{"0":{"loc":{"start":{"line":6,"column":51},"end":{"line":6,"column":75}},"type":"binary-expr","locations":[{"start":{"line":6,"column":51},"end":{"line":6,"column":68}},{"start":{"line":6,"column":72},"end":{"line":6,"column":75}}],"line":6}},"s":{"0":1,"1":1,"2":1,"3":1,"4":0,"5":1,"6":0,"7":0,"8":1,"9":0,"10":0,"11":1,"12":0,"13":0,"14":0,"15":1,"16":0,"17":0,"18":0,"19":0,"20":1,"21":0,"22":0,"23":0,"24":1},"f":{"0":0,"1":0,"2":0,"3":0,"4":0,"5":0},"b":{"0":[0,0]},"_coverageSchema":"1a1c01bbd47fc00a2c39e90264f33305004495a9","hash":"5e32f0f796188e5da9121187b0fa371e10b846b7"}
,"D:\\tu-mock-test-platform-main\\backend\\controllers\\attemptController.js": {"path":"D:\\tu-mock-test-platform-main\\backend\\controllers\\attemptController.js","statementMap":{"0":{"start":{"line":1,"column":15},"end":{"line":1,"column":38}},"1":{"start":{"line":2,"column":21},"end":{"line":2,"column":52}},"2":{"start":{"line":6,"column":25},"end":{"line":12,"column":1}},"3":{"start":{"line":7,"column":14},"end":{"line":7,"column":24}},"4":{"start":{"line":8,"column":20},"end":{"line":8,"column":57}},"5":{"start":{"line":9,"column":20},"end":{"line":9,"column":35}},"6":{"start":{"line":10,"column":21},"end":{"line":10,"column":53}},"7":{"start":{"line":11,"column":2},"end":{"line":11,"column":32}},"8":{"start":{"line":14,"column":27},"end":{"line":16,"column":1}},"9":{"start":{"line":15,"column":2},"end":{"line":15,"column":81}},"10":{"start":{"line":19,"column":21},"end":{"line":98,"column":1}},"11":{"start":{"line":20,"column":14},"end":{"line":20,"column":24}},"12":{"start":{"line":22,"column":15},"end":{"line":27,"column":4}},"13":{"start":{"line":29,"column":2},"end":{"line":29,"column":55}},"14":{"start":{"line":29,"column":13},"end":{"line":29,"column":55}},"15":{"start":{"line":30,"column":2},"end":{"line":30,"column":79}},"16":{"start":{"line":30,"column":25},"end":{"line":30,"column":79}},"17":{"start":{"line":31,"column":2},"end":{"line":33,"column":3}},"18":{"start":{"line":32,"column":4},"end":{"line":32,"column":61}},"19":{"start":{"line":34,"column":2},"end":{"line":36,"column":3}},"20":{"start":{"line":35,"column":4},"end":{"line":35,"column":51}},"21":{"start":{"line":37,"column":2},"end":{"line":39,"column":3}},"22":{"start":{"line":38,"column":4},"end":{"line":38,"column":58}},"23":{"start":{"line":42,"column":18},"end":{"line":82,"column":4}},"24":{"start":{"line":43,"column":21},"end":{"line":45,"column":6}},"25":{"start":{"line":47,"column":4},"end":{"line":49,"column":5}},"26":{"start":{"line":48,"column":6},"end":{"line":48,"column":82}},"27":{"start":{"line":51,"column":4},"end":{"line":81,"column":7}},"28":{"start":{"line":85,"column":20},"end":{"line":88,"column":5}},"29":{"start":{"line":85,"column":60},"end":{"line":88,"column":3}},"30":{"start":{"line":90,"column":2},"end":{"line":97,"column":4}},"31":{"start":{"line":101,"column":21},"end":{"line":166,"column":1}},"32":{"start":{"line":108,"column":18},"end":{"line":111,"column":4}},"33":{"start":{"line":113,"column":2},"end":{"line":113,"column":61}},"34":{"start":{"line":113,"column":16},"end":{"line":113,"column":61}},"35":{"start":{"line":114,"column":2},"end":{"line":116,"column":3}},"36":{"start":{"line":115,"column":4},"end":{"line":115,"column":71}},"37":{"start":{"line":119,"column":2},"end":{"line":122,"column":3}},"38":{"start":{"line":120,"column":4},"end":{"line":120,"column":39}},"39":{"start":{"line":121,"column":4},"end":{"line":121,"column":83}},"40":{"start":{"line":125,"column":23},"end":{"line":127,"column":4}},"41":{"start":{"line":128,"column":2},"end":{"line":130,"column":3}},"42":{"start":{"line":129,"column":4},"end":{"line":129,"column":69}},"43":{"start":{"line":133,"column":19},"end":{"line":136,"column":4}},"44":{"start":{"line":138,"column":20},"end":{"line":138,"column":75}},"45":{"start":{"line":139,"column":20},"end":{"line":139,"column":81}},"46":{"start":{"line":140,"column":24},"end":{"line":140,"column":54}},"47":{"start":{"line":142,"column":17},"end":{"line":163,"column":4}},"48":{"start":{"line":165,"column":2},"end":{"line":165,"column":16}},"49":{"start":{"line":169,"column":22},"end":{"line":242,"column":1}},"50":{"start":{"line":170,"column":18},"end":{"line":173,"column":4}},"51":{"start":{"line":175,"column":2},"end":{"line":175,"column":61}},"52":{"start":{"line":175,"column":16},"end":{"line":175,"column":61}},"53":{"start":{"line":176,"column":2},"end":{"line":178,"column":3}},"54":{"start":{"line":177,"column":4},"end":{"line":177,"column":71}},"55":{"start":{"line":180,"column":18},"end":{"line":180,"column":57}},"56":{"start":{"line":181,"column":17},"end":{"line":181,"column":50}},"57":{"start":{"line":184,"column":26},"end":{"line":184,"column":53}},"58":{"start":{"line":185,"column":18},"end":{"line":185,"column":51}},"59":{"start":{"line":186,"column":23},"end":{"line":188,"column":64}},"60":{"start":{"line":190,"column":17},"end":{"line":239,"column":4}},"61":{"start":{"line":192,"column":38},"end":{"line":195,"column":6}},"62":{"start":{"line":197,"column":25},"end":{"line":197,"column":66}},"63":{"start":{"line":197,"column":47},"end":{"line":197,"column":58}},"64":{"start":{"line":198,"column":23},"end":{"line":200,"column":12}},"65":{"start":{"line":199,"column":13},"end":{"line":199,"column":54}},"66":{"start":{"line":201,"column":28},"end":{"line":201,"column":59}},"67":{"start":{"line":202,"column":18},"end":{"line":202,"column":70}},"68":{"start":{"line":202,"column":45},"end":{"line":202,"column":66}},"69":{"start":{"line":205,"column":20},"end":{"line":216,"column":6}},"70":{"start":{"line":219,"column":4},"end":{"line":236,"column":7}},"71":{"start":{"line":238,"column":4},"end":{"line":238,"column":19}},"72":{"start":{"line":241,"column":2},"end":{"line":241,"column":16}},"73":{"start":{"line":245,"column":26},"end":{"line":254,"column":1}},"74":{"start":{"line":246,"column":18},"end":{"line":249,"column":4}},"75":{"start":{"line":251,"column":2},"end":{"line":251,"column":64}},"76":{"start":{"line":251,"column":52},"end":{"line":251,"column":64}},"77":{"start":{"line":253,"column":2},"end":{"line":253,"column":85}},"78":{"start":{"line":257,"column":19},"end":{"line":285,"column":1}},"79":{"start":{"line":258,"column":18},"end":{"line":280,"column":4}},"80":{"start":{"line":282,"column":2},"end":{"line":282,"column":61}},"81":{"start":{"line":282,"column":16},"end":{"line":282,"column":61}},"82":{"start":{"line":284,"column":2},"end":{"line":284,"column":17}},"83":{"start":{"line":287,"column":0},"end":{"line":293,"column":2}}},"fnMap":{"0":{"name":"(anonymous_0)","decl":{"start":{"line":6,"column":25},"end":{"line":6,"column":26}},"loc":{"start":{"line":6,"column":44},"end":{"line":12,"column":1}},"line":6},"1":{"name":"(anonymous_1)","decl":{"start":{"line":14,"column":27},"end":{"line":14,"column":28}},"loc":{"start":{"line":14,"column":40},"end":{"line":16,"column":1}},"line":14},"2":{"name":"(anonymous_2)","decl":{"start":{"line":19,"column":21},"end":{"line":19,"column":22}},"loc":{"start":{"line":19,"column":47},"end":{"line":98,"column":1}},"line":19},"3":{"name":"(anonymous_3)","decl":{"start":{"line":42,"column":44},"end":{"line":42,"column":45}},"loc":{"start":{"line":42,"column":58},"end":{"line":82,"column":3}},"line":42},"4":{"name":"(anonymous_4)","decl":{"start":{"line":85,"column":51},"end":{"line":85,"column":52}},"loc":{"start":{"line":85,"column":60},"end":{"line":88,"column":3}},"line":85},"5":{"name":"(anonymous_5)","decl":{"start":{"line":101,"column":21},"end":{"line":101,"column":22}},"loc":{"start":{"line":107,"column":5},"end":{"line":166,"column":1}},"line":107},"6":{"name":"(anonymous_6)","decl":{"start":{"line":169,"column":22},"end":{"line":169,"column":23}},"loc":{"start":{"line":169,"column":71},"end":{"line":242,"column":1}},"line":169},"7":{"name":"(anonymous_7)","decl":{"start":{"line":190,"column":43},"end":{"line":190,"column":44}},"loc":{"start":{"line":190,"column":57},"end":{"line":239,"column":3}},"line":190},"8":{"name":"(anonymous_8)","decl":{"start":{"line":197,"column":40},"end":{"line":197,"column":41}},"loc":{"start":{"line":197,"column":47},"end":{"line":197,"column":58}},"line":197},"9":{"name":"(anonymous_9)","decl":{"start":{"line":199,"column":6},"end":{"line":199,"column":7}},"loc":{"start":{"line":199,"column":13},"end":{"line":199,"column":54}},"line":199},"10":{"name":"(anonymous_10)","decl":{"start":{"line":202,"column":33},"end":{"line":202,"column":34}},"loc":{"start":{"line":202,"column":45},"end":{"line":202,"column":66}},"line":202},"11":{"name":"(anonymous_11)","decl":{"start":{"line":245,"column":26},"end":{"line":245,"column":27}},"loc":{"start":{"line":245,"column":47},"end":{"line":254,"column":1}},"line":245},"12":{"name":"(anonymous_12)","decl":{"start":{"line":257,"column":19},"end":{"line":257,"column":20}},"loc":{"start":{"line":257,"column":48},"end":{"line":285,"column":1}},"line":257}},"branchMap":{"0":{"loc":{"start":{"line":29,"column":2},"end":{"line":29,"column":55}},"type":"if","locations":[{"start":{"line":29,"column":2},"end":{"line":29,"column":55}},{"start":{},"end":{}}],"line":29},"1":{"loc":{"start":{"line":30,"column":2},"end":{"line":30,"column":79}},"type":"if","locations":[{"start":{"line":30,"column":2},"end":{"line":30,"column":79}},{"start":{},"end":{}}],"line":30},"2":{"loc":{"start":{"line":31,"column":2},"end":{"line":33,"column":3}},"type":"if","locations":[{"start":{"line":31,"column":2},"end":{"line":33,"column":3}},{"start":{},"end":{}}],"line":31},"3":{"loc":{"start":{"line":31,"column":6},"end":{"line":31,"column":44}},"type":"binary-expr","locations":[{"start":{"line":31,"column":6},"end":{"line":31,"column":20}},{"start":{"line":31,"column":24},"end":{"line":31,"column":44}}],"line":31},"4":{"loc":{"start":{"line":34,"column":2},"end":{"line":36,"column":3}},"type":"if","locations":[{"start":{"line":34,"column":2},"end":{"line":36,"column":3}},{"start":{},"end":{}}],"line":34},"5":{"loc":{"start":{"line":34,"column":6},"end":{"line":34,"column":40}},"type":"binary-expr","locations":[{"start":{"line":34,"column":6},"end":{"line":34,"column":18}},{"start":{"line":34,"column":22},"end":{"line":34,"column":40}}],"line":34},"6":{"loc":{"start":{"line":37,"column":2},"end":{"line":39,"column":3}},"type":"if","locations":[{"start":{"line":37,"column":2},"end":{"line":39,"column":3}},{"start":{},"end":{}}],"line":37},"7":{"loc":{"start":{"line":47,"column":4},"end":{"line":49,"column":5}},"type":"if","locations":[{"start":{"line":47,"column":4},"end":{"line":49,"column":5}},{"start":{},"end":{}}],"line":47},"8":{"loc":{"start":{"line":113,"column":2},"end":{"line":113,"column":61}},"type":"if","locations":[{"start":{"line":113,"column":2},"end":{"line":113,"column":61}},{"start":{},"end":{}}],"line":113},"9":{"loc":{"start":{"line":114,"column":2},"end":{"line":116,"column":3}},"type":"if","locations":[{"start":{"line":114,"column":2},"end":{"line":116,"column":3}},{"start":{},"end":{}}],"line":114},"10":{"loc":{"start":{"line":119,"column":2},"end":{"line":122,"column":3}},"type":"if","locations":[{"start":{"line":119,"column":2},"end":{"line":122,"column":3}},{"start":{},"end":{}}],"line":119},"11":{"loc":{"start":{"line":128,"column":2},"end":{"line":130,"column":3}},"type":"if","locations":[{"start":{"line":128,"column":2},"end":{"line":130,"column":3}},{"start":{},"end":{}}],"line":128},"12":{"loc":{"start":{"line":138,"column":20},"end":{"line":138,"column":75}},"type":"binary-expr","locations":[{"start":{"line":138,"column":20},"end":{"line":138,"column":43}},{"start":{"line":138,"column":47},"end":{"line":138,"column":75}}],"line":138},"13":{"loc":{"start":{"line":139,"column":20},"end":{"line":139,"column":81}},"type":"cond-expr","locations":[{"start":{"line":139,"column":32},"end":{"line":139,"column":73}},{"start":{"line":139,"column":76},"end":{"line":139,"column":81}}],"line":139},"14":{"loc":{"start":{"line":140,"column":24},"end":{"line":140,"column":54}},"type":"cond-expr","locations":[{"start":{"line":140,"column":36},"end":{"line":140,"column":50}},{"start":{"line":140,"column":53},"end":{"line":140,"column":54}}],"line":140},"15":{"loc":{"start":{"line":152,"column":22},"end":{"line":152,"column":55}},"type":"cond-expr","locations":[{"start":{"line":152,"column":34},"end":{"line":152,"column":48}},{"start":{"line":152,"column":51},"end":{"line":152,"column":55}}],"line":152},"16":{"loc":{"start":{"line":158,"column":22},"end":{"line":158,"column":55}},"type":"cond-expr","locations":[{"start":{"line":158,"column":34},"end":{"line":158,"column":48}},{"start":{"line":158,"column":51},"end":{"line":158,"column":55}}],"line":158},"17":{"loc":{"start":{"line":175,"column":2},"end":{"line":175,"column":61}},"type":"if","locations":[{"start":{"line":175,"column":2},"end":{"line":175,"column":61}},{"start":{},"end":{}}],"line":175},"18":{"loc":{"start":{"line":176,"column":2},"end":{"line":178,"column":3}},"type":"if","locations":[{"start":{"line":176,"column":2},"end":{"line":178,"column":3}},{"start":{},"end":{}}],"line":176},"19":{"loc":{"start":{"line":181,"column":17},"end":{"line":181,"column":50}},"type":"cond-expr","locations":[{"start":{"line":181,"column":27},"end":{"line":181,"column":36}},{"start":{"line":181,"column":39},"end":{"line":181,"column":50}}],"line":181},"20":{"loc":{"start":{"line":186,"column":23},"end":{"line":188,"column":64}},"type":"cond-expr","locations":[{"start":{"line":187,"column":6},"end":{"line":187,"column":40}},{"start":{"line":188,"column":6},"end":{"line":188,"column":64}}],"line":186},"21":{"loc":{"start":{"line":199,"column":13},"end":{"line":199,"column":54}},"type":"binary-expr","locations":[{"start":{"line":199,"column":13},"end":{"line":199,"column":25}},{"start":{"line":199,"column":29},"end":{"line":199,"column":54}}],"line":199},"22":{"loc":{"start":{"line":251,"column":2},"end":{"line":251,"column":64}},"type":"if","locations":[{"start":{"line":251,"column":2},"end":{"line":251,"column":64}},{"start":{},"end":{}}],"line":251},"23":{"loc":{"start":{"line":251,"column":6},"end":{"line":251,"column":50}},"type":"binary-expr","locations":[{"start":{"line":251,"column":6},"end":{"line":251,"column":14}},{"start":{"line":251,"column":18},"end":{"line":251,"column":50}}],"line":251},"24":{"loc":{"start":{"line":282,"column":2},"end":{"line":282,"column":61}},"type":"if","locations":[{"start":{"line":282,"column":2},"end":{"line":282,"column":61}},{"start":{},"end":{}}],"line":282}},"s":{"0":1,"1":1,"2":1,"3":0,"4":0,"5":0,"6":0,"7":0,"8":1,"9":0,"10":1,"11":0,"12":0,"13":0,"14":0,"15":0,"16":0,"17":0,"18":0,"19":0,"20":0,"21":0,"22":0,"23":0,"24":0,"25":0,"26":0,"27":0,"28":0,"29":0,"30":0,"31":1,"32":0,"33":0,"34":0,"35":0,"36":0,"37":0,"38":0,"39":0,"40":0,"41":0,"42":0,"43":0,"44":0,"45":0,"46":0,"47":0,"48":0,"49":1,"50":0,"51":0,"52":0,"53":0,"54":0,"55":0,"56":0,"57":0,"58":0,"59":0,"60":0,"61":0,"62":0,"63":0,"64":0,"65":0,"66":0,"67":0,"68":0,"69":0,"70":0,"71":0,"72":0,"73":1,"74":0,"75":0,"76":0,"77":0,"78":1,"79":0,"80":0,"81":0,"82":0,"83":1},"f":{"0":0,"1":0,"2":0,"3":0,"4":0,"5":0,"6":0,"7":0,"8":0,"9":0,"10":0,"11":0,"12":0},"b":{"0":[0,0],"1":[0,0],"2":[0,0],"3":[0,0],"4":[0,0],"5":[0,0],"6":[0,0],"7":[0,0],"8":[0,0],"9":[0,0],"10":[0,0],"11":[0,0],"12":[0,0],"13":[0,0],"14":[0,0],"15":[0,0],"16":[0,0],"17":[0,0],"18":[0,0],"19":[0,0],"20":[0,0],"21":[0,0],"22":[0,0],"23":[0,0],"24":[0,0]},"_coverageSchema":"1a1c01bbd47fc00a2c39e90264f33305004495a9","hash":"ce751b86b53f5ce6f959cb39fd375802a2ff44dd"}
,"D:\\tu-mock-test-platform-main\\backend\\controllers\\authController.js": {"path":"D:\\tu-mock-test-platform-main\\backend\\controllers\\authController.js","statementMap":{"0":{"start":{"line":1,"column":20},"end":{"line":1,"column":54}},"1":{"start":{"line":2,"column":24},"end":{"line":2,"column":55}},"2":{"start":{"line":3,"column":21},"end":{"line":3,"column":53}},"3":{"start":{"line":9,"column":17},"end":{"line":17,"column":2}},"4":{"start":{"line":10,"column":46},"end":{"line":10,"column":54}},"5":{"start":{"line":12,"column":17},"end":{"line":12,"column":80}},"6":{"start":{"line":14,"column":2},"end":{"line":16,"column":4}},"7":{"start":{"line":23,"column":14},"end":{"line":31,"column":2}},"8":{"start":{"line":24,"column":30},"end":{"line":24,"column":38}},"9":{"start":{"line":26,"column":17},"end":{"line":26,"column":57}},"10":{"start":{"line":28,"column":2},"end":{"line":30,"column":4}},"11":{"start":{"line":37,"column":15},"end":{"line":45,"column":2}},"12":{"start":{"line":38,"column":27},"end":{"line":38,"column":35}},"13":{"start":{"line":40,"column":2},"end":{"line":40,"column":41}},"14":{"start":{"line":42,"column":2},"end":{"line":44,"column":4}},"15":{"start":{"line":51,"column":16},"end":{"line":59,"column":2}},"16":{"start":{"line":52,"column":27},"end":{"line":52,"column":35}},"17":{"start":{"line":54,"column":17},"end":{"line":54,"column":67}},"18":{"start":{"line":56,"column":2},"end":{"line":58,"column":4}},"19":{"start":{"line":65,"column":18},"end":{"line":73,"column":2}},"20":{"start":{"line":66,"column":21},"end":{"line":66,"column":29}},"21":{"start":{"line":68,"column":17},"end":{"line":68,"column":59}},"22":{"start":{"line":70,"column":2},"end":{"line":72,"column":4}},"23":{"start":{"line":75,"column":0},"end":{"line":81,"column":2}}},"fnMap":{"0":{"name":"(anonymous_0)","decl":{"start":{"line":9,"column":30},"end":{"line":9,"column":31}},"loc":{"start":{"line":9,"column":50},"end":{"line":17,"column":1}},"line":9},"1":{"name":"(anonymous_1)","decl":{"start":{"line":23,"column":27},"end":{"line":23,"column":28}},"loc":{"start":{"line":23,"column":47},"end":{"line":31,"column":1}},"line":23},"2":{"name":"(anonymous_2)","decl":{"start":{"line":37,"column":28},"end":{"line":37,"column":29}},"loc":{"start":{"line":37,"column":48},"end":{"line":45,"column":1}},"line":37},"3":{"name":"(anonymous_3)","decl":{"start":{"line":51,"column":29},"end":{"line":51,"column":30}},"loc":{"start":{"line":51,"column":49},"end":{"line":59,"column":1}},"line":51},"4":{"name":"(anonymous_4)","decl":{"start":{"line":65,"column":31},"end":{"line":65,"column":32}},"loc":{"start":{"line":65,"column":51},"end":{"line":73,"column":1}},"line":65}},"branchMap":{},"s":{"0":1,"1":1,"2":1,"3":1,"4":0,"5":0,"6":0,"7":1,"8":0,"9":0,"10":0,"11":1,"12":0,"13":0,"14":0,"15":1,"16":0,"17":0,"18":0,"19":1,"20":0,"21":0,"22":0,"23":1},"f":{"0":0,"1":0,"2":0,"3":0,"4":0},"b":{},"_coverageSchema":"1a1c01bbd47fc00a2c39e90264f33305004495a9","hash":"2d2c918dce8b43a3878f725559804d56dd603cd6"}
,"D:\\tu-mock-test-platform-main\\backend\\controllers\\examController.js": {"path":"D:\\tu-mock-test-platform-main\\backend\\controllers\\examController.js","statementMap":{"0":{"start":{"line":1,"column":20},"end":{"line":1,"column":54}},"1":{"start":{"line":2,"column":24},"end":{"line":2,"column":55}},"2":{"start":{"line":3,"column":21},"end":{"line":3,"column":53}},"3":{"start":{"line":10,"column":18},"end":{"line":25,"column":2}},"4":{"start":{"line":11,"column":51},"end":{"line":11,"column":60}},"5":{"start":{"line":12,"column":15},"end":{"line":12,"column":42}},"6":{"start":{"line":14,"column":17},"end":{"line":20,"column":4}},"7":{"start":{"line":22,"column":2},"end":{"line":24,"column":4}},"8":{"start":{"line":31,"column":16},"end":{"line":39,"column":2}},"9":{"start":{"line":32,"column":17},"end":{"line":32,"column":27}},"10":{"start":{"line":34,"column":15},"end":{"line":34,"column":48}},"11":{"start":{"line":36,"column":2},"end":{"line":38,"column":4}},"12":{"start":{"line":46,"column":25},"end":{"line":56,"column":2}},"13":{"start":{"line":47,"column":17},"end":{"line":47,"column":27}},"14":{"start":{"line":48,"column":18},"end":{"line":48,"column":78}},"15":{"start":{"line":49,"column":21},"end":{"line":49,"column":29}},"16":{"start":{"line":51,"column":15},"end":{"line":51,"column":69}},"17":{"start":{"line":53,"column":2},"end":{"line":55,"column":4}},"18":{"start":{"line":62,"column":19},"end":{"line":68,"column":2}},"19":{"start":{"line":63,"column":15},"end":{"line":63,"column":53}},"20":{"start":{"line":65,"column":2},"end":{"line":67,"column":4}},"21":{"start":{"line":74,"column":19},"end":{"line":82,"column":2}},"22":{"start":{"line":75,"column":17},"end":{"line":75,"column":27}},"23":{"start":{"line":77,"column":15},"end":{"line":77,"column":57}},"24":{"start":{"line":79,"column":2},"end":{"line":81,"column":4}},"25":{"start":{"line":88,"column":19},"end":{"line":96,"column":2}},"26":{"start":{"line":89,"column":17},"end":{"line":89,"column":27}},"27":{"start":{"line":91,"column":17},"end":{"line":91,"column":49}},"28":{"start":{"line":93,"column":2},"end":{"line":95,"column":4}},"29":{"start":{"line":102,"column":21},"end":{"line":111,"column":2}},"30":{"start":{"line":103,"column":17},"end":{"line":103,"column":27}},"31":{"start":{"line":104,"column":26},"end":{"line":104,"column":34}},"32":{"start":{"line":106,"column":17},"end":{"line":106,"column":67}},"33":{"start":{"line":108,"column":2},"end":{"line":110,"column":4}},"34":{"start":{"line":117,"column":21},"end":{"line":126,"column":2}},"35":{"start":{"line":118,"column":17},"end":{"line":118,"column":27}},"36":{"start":{"line":119,"column":26},"end":{"line":119,"column":34}},"37":{"start":{"line":121,"column":17},"end":{"line":121,"column":68}},"38":{"start":{"line":123,"column":2},"end":{"line":125,"column":4}},"39":{"start":{"line":132,"column":24},"end":{"line":141,"column":2}},"40":{"start":{"line":133,"column":17},"end":{"line":133,"column":27}},"41":{"start":{"line":134,"column":26},"end":{"line":134,"column":34}},"42":{"start":{"line":136,"column":17},"end":{"line":136,"column":67}},"43":{"start":{"line":138,"column":2},"end":{"line":140,"column":4}},"44":{"start":{"line":147,"column":25},"end":{"line":156,"column":2}},"45":{"start":{"line":148,"column":17},"end":{"line":148,"column":27}},"46":{"start":{"line":149,"column":21},"end":{"line":149,"column":29}},"47":{"start":{"line":151,"column":17},"end":{"line":151,"column":63}},"48":{"start":{"line":153,"column":2},"end":{"line":155,"column":4}},"49":{"start":{"line":158,"column":0},"end":{"line":169,"column":2}}},"fnMap":{"0":{"name":"(anonymous_0)","decl":{"start":{"line":10,"column":31},"end":{"line":10,"column":32}},"loc":{"start":{"line":10,"column":51},"end":{"line":25,"column":1}},"line":10},"1":{"name":"(anonymous_1)","decl":{"start":{"line":31,"column":29},"end":{"line":31,"column":30}},"loc":{"start":{"line":31,"column":49},"end":{"line":39,"column":1}},"line":31},"2":{"name":"(anonymous_2)","decl":{"start":{"line":46,"column":38},"end":{"line":46,"column":39}},"loc":{"start":{"line":46,"column":58},"end":{"line":56,"column":1}},"line":46},"3":{"name":"(anonymous_3)","decl":{"start":{"line":62,"column":32},"end":{"line":62,"column":33}},"loc":{"start":{"line":62,"column":52},"end":{"line":68,"column":1}},"line":62},"4":{"name":"(anonymous_4)","decl":{"start":{"line":74,"column":32},"end":{"line":74,"column":33}},"loc":{"start":{"line":74,"column":52},"end":{"line":82,"column":1}},"line":74},"5":{"name":"(anonymous_5)","decl":{"start":{"line":88,"column":32},"end":{"line":88,"column":33}},"loc":{"start":{"line":88,"column":52},"end":{"line":96,"column":1}},"line":88},"6":{"name":"(anonymous_6)","decl":{"start":{"line":102,"column":34},"end":{"line":102,"column":35}},"loc":{"start":{"line":102,"column":54},"end":{"line":111,"column":1}},"line":102},"7":{"name":"(anonymous_7)","decl":{"start":{"line":117,"column":34},"end":{"line":117,"column":35}},"loc":{"start":{"line":117,"column":54},"end":{"line":126,"column":1}},"line":117},"8":{"name":"(anonymous_8)","decl":{"start":{"line":132,"column":37},"end":{"line":132,"column":38}},"loc":{"start":{"line":132,"column":57},"end":{"line":141,"column":1}},"line":132},"9":{"name":"(anonymous_9)","decl":{"start":{"line":147,"column":38},"end":{"line":147,"column":39}},"loc":{"start":{"line":147,"column":58},"end":{"line":156,"column":1}},"line":147}},"branchMap":{"0":{"loc":{"start":{"line":12,"column":15},"end":{"line":12,"column":42}},"type":"binary-expr","locations":[{"start":{"line":12,"column":15},"end":{"line":12,"column":29}},{"start":{"line":12,"column":33},"end":{"line":12,"column":42}}],"line":12},"1":{"loc":{"start":{"line":48,"column":18},"end":{"line":48,"column":78}},"type":"binary-expr","locations":[{"start":{"line":48,"column":18},"end":{"line":48,"column":26}},{"start":{"line":48,"column":30},"end":{"line":48,"column":78}}],"line":48}},"s":{"0":1,"1":1,"2":1,"3":1,"4":0,"5":0,"6":0,"7":0,"8":1,"9":0,"10":0,"11":0,"12":1,"13":0,"14":0,"15":0,"16":0,"17":0,"18":1,"19":0,"20":0,"21":1,"22":0,"23":0,"24":0,"25":1,"26":0,"27":0,"28":0,"29":1,"30":0,"31":0,"32":0,"33":0,"34":1,"35":0,"36":0,"37":0,"38":0,"39":1,"40":0,"41":0,"42":0,"43":0,"44":1,"45":0,"46":0,"47":0,"48":0,"49":1},"f":{"0":0,"1":0,"2":0,"3":0,"4":0,"5":0,"6":0,"7":0,"8":0,"9":0},"b":{"0":[0,0],"1":[0,0]},"_coverageSchema":"1a1c01bbd47fc00a2c39e90264f33305004495a9","hash":"b9397d4a60b00cf94754e4af25118b9493a0f25a"}
,"D:\\tu-mock-test-platform-main\\backend\\controllers\\questionController.js": {"path":"D:\\tu-mock-test-platform-main\\backend\\controllers\\questionController.js","statementMap":{"0":{"start":{"line":1,"column":11},"end":{"line":1,"column":24}},"1":{"start":{"line":2,"column":24},"end":{"line":2,"column":62}},"2":{"start":{"line":3,"column":25},"end":{"line":3,"column":64}},"3":{"start":{"line":4,"column":34},"end":{"line":4,"column":65}},"4":{"start":{"line":5,"column":21},"end":{"line":5,"column":53}},"5":{"start":{"line":6,"column":15},"end":{"line":6,"column":42}},"6":{"start":{"line":12,"column":22},"end":{"line":27,"column":2}},"7":{"start":{"line":13,"column":68},"end":{"line":13,"column":77}},"8":{"start":{"line":15,"column":17},"end":{"line":22,"column":4}},"9":{"start":{"line":24,"column":2},"end":{"line":26,"column":4}},"10":{"start":{"line":33,"column":20},"end":{"line":41,"column":2}},"11":{"start":{"line":34,"column":17},"end":{"line":34,"column":27}},"12":{"start":{"line":36,"column":19},"end":{"line":36,"column":60}},"13":{"start":{"line":38,"column":2},"end":{"line":40,"column":4}},"14":{"start":{"line":47,"column":23},"end":{"line":53,"column":2}},"15":{"start":{"line":48,"column":19},"end":{"line":48,"column":65}},"16":{"start":{"line":50,"column":2},"end":{"line":52,"column":4}},"17":{"start":{"line":59,"column":23},"end":{"line":67,"column":2}},"18":{"start":{"line":60,"column":17},"end":{"line":60,"column":27}},"19":{"start":{"line":62,"column":19},"end":{"line":62,"column":69}},"20":{"start":{"line":64,"column":2},"end":{"line":66,"column":4}},"21":{"start":{"line":73,"column":23},"end":{"line":81,"column":2}},"22":{"start":{"line":74,"column":17},"end":{"line":74,"column":27}},"23":{"start":{"line":76,"column":17},"end":{"line":76,"column":57}},"24":{"start":{"line":78,"column":2},"end":{"line":80,"column":4}},"25":{"start":{"line":87,"column":21},"end":{"line":99,"column":2}},"26":{"start":{"line":88,"column":17},"end":{"line":88,"column":27}},"27":{"start":{"line":90,"column":18},"end":{"line":90,"column":64}},"28":{"start":{"line":92,"column":18},"end":{"line":94,"column":41}},"29":{"start":{"line":96,"column":2},"end":{"line":98,"column":4}},"30":{"start":{"line":106,"column":19},"end":{"line":129,"column":2}},"31":{"start":{"line":107,"column":2},"end":{"line":109,"column":3}},"32":{"start":{"line":108,"column":4},"end":{"line":108,"column":52}},"33":{"start":{"line":112,"column":2},"end":{"line":124,"column":3}},"34":{"start":{"line":113,"column":4},"end":{"line":113,"column":71}},"35":{"start":{"line":116,"column":4},"end":{"line":123,"column":5}},"36":{"start":{"line":117,"column":6},"end":{"line":117,"column":46}},"37":{"start":{"line":119,"column":6},"end":{"line":122,"column":9}},"38":{"start":{"line":126,"column":2},"end":{"line":128,"column":4}},"39":{"start":{"line":131,"column":0},"end":{"line":139,"column":2}}},"fnMap":{"0":{"name":"(anonymous_0)","decl":{"start":{"line":12,"column":35},"end":{"line":12,"column":36}},"loc":{"start":{"line":12,"column":55},"end":{"line":27,"column":1}},"line":12},"1":{"name":"(anonymous_1)","decl":{"start":{"line":33,"column":33},"end":{"line":33,"column":34}},"loc":{"start":{"line":33,"column":53},"end":{"line":41,"column":1}},"line":33},"2":{"name":"(anonymous_2)","decl":{"start":{"line":47,"column":36},"end":{"line":47,"column":37}},"loc":{"start":{"line":47,"column":56},"end":{"line":53,"column":1}},"line":47},"3":{"name":"(anonymous_3)","decl":{"start":{"line":59,"column":36},"end":{"line":59,"column":37}},"loc":{"start":{"line":59,"column":56},"end":{"line":67,"column":1}},"line":59},"4":{"name":"(anonymous_4)","decl":{"start":{"line":73,"column":36},"end":{"line":73,"column":37}},"loc":{"start":{"line":73,"column":56},"end":{"line":81,"column":1}},"line":73},"5":{"name":"(anonymous_5)","decl":{"start":{"line":87,"column":34},"end":{"line":87,"column":35}},"loc":{"start":{"line":87,"column":54},"end":{"line":99,"column":1}},"line":87},"6":{"name":"(anonymous_6)","decl":{"start":{"line":106,"column":32},"end":{"line":106,"column":33}},"loc":{"start":{"line":106,"column":52},"end":{"line":129,"column":1}},"line":106}},"branchMap":{"0":{"loc":{"start":{"line":92,"column":18},"end":{"line":94,"column":41}},"type":"cond-expr","locations":[{"start":{"line":93,"column":6},"end":{"line":93,"column":39}},{"start":{"line":94,"column":6},"end":{"line":94,"column":41}}],"line":92},"1":{"loc":{"start":{"line":107,"column":2},"end":{"line":109,"column":3}},"type":"if","locations":[{"start":{"line":107,"column":2},"end":{"line":109,"column":3}},{"start":{},"end":{}}],"line":107}},"s":{"0":1,"1":1,"2":1,"3":1,"4":1,"5":1,"6":1,"7":0,"8":0,"9":0,"10":1,"11":0,"12":0,"13":0,"14":1,"15":0,"16":0,"17":1,"18":0,"19":0,"20":0,"21":1,"22":0,"23":0,"24":0,"25":1,"26":0,"27":0,"28":0,"29":0,"30":1,"31":0,"32":0,"33":0,"34":0,"35":0,"36":0,"37":0,"38":0,"39":1},"f":{"0":0,"1":0,"2":0,"3":0,"4":0,"5":0,"6":0},"b":{"0":[0,0],"1":[0,0]},"_coverageSchema":"1a1c01bbd47fc00a2c39e90264f33305004495a9","hash":"132bfd549d9d52546d5094a1ed6cfc4b655dae33"}
,"D:\\tu-mock-test-platform-main\\backend\\controllers\\resultController.js": {"path":"D:\\tu-mock-test-platform-main\\backend\\controllers\\resultController.js","statementMap":{"0":{"start":{"line":1,"column":15},"end":{"line":1,"column":38}},"1":{"start":{"line":2,"column":22},"end":{"line":2,"column":58}},"2":{"start":{"line":3,"column":34},"end":{"line":3,"column":65}},"3":{"start":{"line":4,"column":21},"end":{"line":4,"column":53}},"4":{"start":{"line":11,"column":18},"end":{"line":34,"column":2}},"5":{"start":{"line":12,"column":24},"end":{"line":12,"column":34}},"6":{"start":{"line":13,"column":27},"end":{"line":13,"column":35}},"7":{"start":{"line":16,"column":22},"end":{"line":19,"column":4}},"8":{"start":{"line":21,"column":2},"end":{"line":23,"column":3}},"9":{"start":{"line":22,"column":4},"end":{"line":22,"column":49}},"10":{"start":{"line":25,"column":2},"end":{"line":27,"column":3}},"11":{"start":{"line":26,"column":4},"end":{"line":26,"column":69}},"12":{"start":{"line":29,"column":17},"end":{"line":29,"column":57}},"13":{"start":{"line":31,"column":2},"end":{"line":33,"column":4}},"14":{"start":{"line":40,"column":21},"end":{"line":52,"column":2}},"15":{"start":{"line":41,"column":21},"end":{"line":41,"column":29}},"16":{"start":{"line":42,"column":26},"end":{"line":42,"column":35}},"17":{"start":{"line":44,"column":18},"end":{"line":47,"column":4}},"18":{"start":{"line":49,"column":2},"end":{"line":51,"column":4}},"19":{"start":{"line":54,"column":0},"end":{"line":57,"column":2}}},"fnMap":{"0":{"name":"(anonymous_0)","decl":{"start":{"line":11,"column":31},"end":{"line":11,"column":32}},"loc":{"start":{"line":11,"column":51},"end":{"line":34,"column":1}},"line":11},"1":{"name":"(anonymous_1)","decl":{"start":{"line":40,"column":34},"end":{"line":40,"column":35}},"loc":{"start":{"line":40,"column":54},"end":{"line":52,"column":1}},"line":40}},"branchMap":{"0":{"loc":{"start":{"line":21,"column":2},"end":{"line":23,"column":3}},"type":"if","locations":[{"start":{"line":21,"column":2},"end":{"line":23,"column":3}},{"start":{},"end":{}}],"line":21},"1":{"loc":{"start":{"line":25,"column":2},"end":{"line":27,"column":3}},"type":"if","locations":[{"start":{"line":25,"column":2},"end":{"line":27,"column":3}},{"start":{},"end":{}}],"line":25},"2":{"loc":{"start":{"line":25,"column":6},"end":{"line":25,"column":79}},"type":"binary-expr","locations":[{"start":{"line":25,"column":6},"end":{"line":25,"column":35}},{"start":{"line":25,"column":39},"end":{"line":25,"column":79}}],"line":25},"3":{"loc":{"start":{"line":45,"column":10},"end":{"line":45,"column":39}},"type":"cond-expr","locations":[{"start":{"line":45,"column":17},"end":{"line":45,"column":35}},{"start":{"line":45,"column":38},"end":{"line":45,"column":39}}],"line":45},"4":{"loc":{"start":{"line":46,"column":11},"end":{"line":46,"column":43}},"type":"cond-expr","locations":[{"start":{"line":46,"column":19},"end":{"line":46,"column":38}},{"start":{"line":46,"column":41},"end":{"line":46,"column":43}}],"line":46}},"s":{"0":1,"1":1,"2":1,"3":1,"4":1,"5":0,"6":0,"7":0,"8":0,"9":0,"10":0,"11":0,"12":0,"13":0,"14":1,"15":0,"16":0,"17":0,"18":0,"19":1},"f":{"0":0,"1":0},"b":{"0":[0,0],"1":[0,0],"2":[0,0],"3":[0,0],"4":[0,0]},"_coverageSchema":"1a1c01bbd47fc00a2c39e90264f33305004495a9","hash":"f40200f2992d55d610f3f50828332760c6c81d93"}
,"D:\\tu-mock-test-platform-main\\backend\\controllers\\userController.js": {"path":"D:\\tu-mock-test-platform-main\\backend\\controllers\\userController.js","statementMap":{"0":{"start":{"line":1,"column":20},"end":{"line":1,"column":54}},"1":{"start":{"line":2,"column":24},"end":{"line":2,"column":55}},"2":{"start":{"line":3,"column":21},"end":{"line":3,"column":53}},"3":{"start":{"line":9,"column":14},"end":{"line":17,"column":2}},"4":{"start":{"line":10,"column":21},"end":{"line":10,"column":29}},"5":{"start":{"line":12,"column":15},"end":{"line":12,"column":55}},"6":{"start":{"line":14,"column":2},"end":{"line":16,"column":4}},"7":{"start":{"line":23,"column":17},"end":{"line":38,"column":2}},"8":{"start":{"line":24,"column":21},"end":{"line":24,"column":29}},"9":{"start":{"line":25,"column":66},"end":{"line":25,"column":74}},"10":{"start":{"line":27,"column":18},"end":{"line":33,"column":4}},"11":{"start":{"line":35,"column":2},"end":{"line":37,"column":4}},"12":{"start":{"line":44,"column":16},"end":{"line":52,"column":2}},"13":{"start":{"line":45,"column":17},"end":{"line":45,"column":27}},"14":{"start":{"line":47,"column":15},"end":{"line":47,"column":48}},"15":{"start":{"line":49,"column":2},"end":{"line":51,"column":4}},"16":{"start":{"line":58,"column":19},"end":{"line":67,"column":2}},"17":{"start":{"line":59,"column":17},"end":{"line":59,"column":27}},"18":{"start":{"line":60,"column":29},"end":{"line":60,"column":37}},"19":{"start":{"line":62,"column":18},"end":{"line":62,"column":70}},"20":{"start":{"line":64,"column":2},"end":{"line":66,"column":4}},"21":{"start":{"line":73,"column":20},"end":{"line":85,"column":2}},"22":{"start":{"line":74,"column":33},"end":{"line":74,"column":42}},"23":{"start":{"line":76,"column":17},"end":{"line":80,"column":4}},"24":{"start":{"line":82,"column":2},"end":{"line":84,"column":4}},"25":{"start":{"line":91,"column":25},"end":{"line":103,"column":2}},"26":{"start":{"line":92,"column":17},"end":{"line":92,"column":27}},"27":{"start":{"line":94,"column":18},"end":{"line":94,"column":60}},"28":{"start":{"line":96,"column":18},"end":{"line":98,"column":37}},"29":{"start":{"line":100,"column":2},"end":{"line":102,"column":4}},"30":{"start":{"line":105,"column":0},"end":{"line":112,"column":2}}},"fnMap":{"0":{"name":"(anonymous_0)","decl":{"start":{"line":9,"column":27},"end":{"line":9,"column":28}},"loc":{"start":{"line":9,"column":47},"end":{"line":17,"column":1}},"line":9},"1":{"name":"(anonymous_1)","decl":{"start":{"line":23,"column":30},"end":{"line":23,"column":31}},"loc":{"start":{"line":23,"column":50},"end":{"line":38,"column":1}},"line":23},"2":{"name":"(anonymous_2)","decl":{"start":{"line":44,"column":29},"end":{"line":44,"column":30}},"loc":{"start":{"line":44,"column":49},"end":{"line":52,"column":1}},"line":44},"3":{"name":"(anonymous_3)","decl":{"start":{"line":58,"column":32},"end":{"line":58,"column":33}},"loc":{"start":{"line":58,"column":52},"end":{"line":67,"column":1}},"line":58},"4":{"name":"(anonymous_4)","decl":{"start":{"line":73,"column":33},"end":{"line":73,"column":34}},"loc":{"start":{"line":73,"column":53},"end":{"line":85,"column":1}},"line":73},"5":{"name":"(anonymous_5)","decl":{"start":{"line":91,"column":38},"end":{"line":91,"column":39}},"loc":{"start":{"line":91,"column":58},"end":{"line":103,"column":1}},"line":91}},"branchMap":{"0":{"loc":{"start":{"line":78,"column":10},"end":{"line":78,"column":39}},"type":"cond-expr","locations":[{"start":{"line":78,"column":17},"end":{"line":78,"column":35}},{"start":{"line":78,"column":38},"end":{"line":78,"column":39}}],"line":78},"1":{"loc":{"start":{"line":79,"column":11},"end":{"line":79,"column":43}},"type":"cond-expr","locations":[{"start":{"line":79,"column":19},"end":{"line":79,"column":38}},{"start":{"line":79,"column":41},"end":{"line":79,"column":43}}],"line":79},"2":{"loc":{"start":{"line":96,"column":18},"end":{"line":98,"column":37}},"type":"cond-expr","locations":[{"start":{"line":97,"column":6},"end":{"line":97,"column":35}},{"start":{"line":98,"column":6},"end":{"line":98,"column":37}}],"line":96}},"s":{"0":1,"1":1,"2":1,"3":1,"4":0,"5":0,"6":0,"7":1,"8":0,"9":0,"10":0,"11":0,"12":1,"13":0,"14":0,"15":0,"16":1,"17":0,"18":0,"19":0,"20":0,"21":1,"22":0,"23":0,"24":0,"25":1,"26":0,"27":0,"28":0,"29":0,"30":1},"f":{"0":0,"1":0,"2":0,"3":0,"4":0,"5":0},"b":{"0":[0,0],"1":[0,0],"2":[0,0]},"_coverageSchema":"1a1c01bbd47fc00a2c39e90264f33305004495a9","hash":"4b932c15e4925b25a52f2315d51a82cd298d4519"}
,"D:\\tu-mock-test-platform-main\\backend\\middleware\\authMiddleware.js": {"path":"D:\\tu-mock-test-platform-main\\backend\\middleware\\authMiddleware.js","statementMap":{"0":{"start":{"line":1,"column":30},"end":{"line":1,"column":53}},"1":{"start":{"line":2,"column":21},"end":{"line":2,"column":52}},"2":{"start":{"line":14,"column":23},"end":{"line":31,"column":1}},"3":{"start":{"line":15,"column":21},"end":{"line":15,"column":46}},"4":{"start":{"line":17,"column":2},"end":{"line":19,"column":3}},"5":{"start":{"line":18,"column":4},"end":{"line":18,"column":65}},"6":{"start":{"line":21,"column":16},"end":{"line":21,"column":40}},"7":{"start":{"line":23,"column":2},"end":{"line":25,"column":3}},"8":{"start":{"line":24,"column":4},"end":{"line":24,"column":52}},"9":{"start":{"line":27,"column":18},"end":{"line":27,"column":42}},"10":{"start":{"line":28,"column":2},"end":{"line":28,"column":21}},"11":{"start":{"line":30,"column":2},"end":{"line":30,"column":9}},"12":{"start":{"line":33,"column":0},"end":{"line":33,"column":32}}},"fnMap":{"0":{"name":"(anonymous_0)","decl":{"start":{"line":14,"column":23},"end":{"line":14,"column":24}},"loc":{"start":{"line":14,"column":43},"end":{"line":31,"column":1}},"line":14}},"branchMap":{"0":{"loc":{"start":{"line":17,"column":2},"end":{"line":19,"column":3}},"type":"if","locations":[{"start":{"line":17,"column":2},"end":{"line":19,"column":3}},{"start":{},"end":{}}],"line":17},"1":{"loc":{"start":{"line":17,"column":6},"end":{"line":17,"column":54}},"type":"binary-expr","locations":[{"start":{"line":17,"column":6},"end":{"line":17,"column":17}},{"start":{"line":17,"column":21},"end":{"line":17,"column":54}}],"line":17},"2":{"loc":{"start":{"line":23,"column":2},"end":{"line":25,"column":3}},"type":"if","locations":[{"start":{"line":23,"column":2},"end":{"line":25,"column":3}},{"start":{},"end":{}}],"line":23}},"s":{"0":1,"1":1,"2":1,"3":0,"4":0,"5":0,"6":0,"7":0,"8":0,"9":0,"10":0,"11":0,"12":1},"f":{"0":0},"b":{"0":[0,0],"1":[0,0],"2":[0,0]},"_coverageSchema":"1a1c01bbd47fc00a2c39e90264f33305004495a9","hash":"cef14c88c67c2029c9f7af1ee35d62a7a83d49f7"}
,"D:\\tu-mock-test-platform-main\\backend\\middleware\\errorMiddleware.js": {"path":"D:\\tu-mock-test-platform-main\\backend\\middleware\\errorMiddleware.js","statementMap":{"0":{"start":{"line":1,"column":21},"end":{"line":1,"column":52}},"1":{"start":{"line":2,"column":15},"end":{"line":2,"column":39}},"2":{"start":{"line":3,"column":15},"end":{"line":3,"column":42}},"3":{"start":{"line":12,"column":24},"end":{"line":109,"column":1}},"4":{"start":{"line":13,"column":19},"end":{"line":13,"column":40}},"5":{"start":{"line":14,"column":16},"end":{"line":14,"column":54}},"6":{"start":{"line":15,"column":15},"end":{"line":15,"column":31}},"7":{"start":{"line":16,"column":22},"end":{"line":16,"column":45}},"8":{"start":{"line":19,"column":2},"end":{"line":50,"column":3}},"9":{"start":{"line":20,"column":4},"end":{"line":20,"column":25}},"10":{"start":{"line":22,"column":4},"end":{"line":49,"column":5}},"11":{"start":{"line":24,"column":8},"end":{"line":24,"column":25}},"12":{"start":{"line":25,"column":22},"end":{"line":25,"column":54}},"13":{"start":{"line":26,"column":8},"end":{"line":26,"column":64}},"14":{"start":{"line":27,"column":8},"end":{"line":27,"column":45}},"15":{"start":{"line":28,"column":8},"end":{"line":28,"column":14}},"16":{"start":{"line":31,"column":8},"end":{"line":31,"column":25}},"17":{"start":{"line":32,"column":8},"end":{"line":32,"column":56}},"18":{"start":{"line":33,"column":8},"end":{"line":33,"column":14}},"19":{"start":{"line":36,"column":8},"end":{"line":36,"column":25}},"20":{"start":{"line":37,"column":8},"end":{"line":37,"column":54}},"21":{"start":{"line":38,"column":8},"end":{"line":38,"column":14}},"22":{"start":{"line":41,"column":8},"end":{"line":41,"column":25}},"23":{"start":{"line":42,"column":8},"end":{"line":42,"column":72}},"24":{"start":{"line":43,"column":8},"end":{"line":43,"column":14}},"25":{"start":{"line":46,"column":8},"end":{"line":46,"column":25}},"26":{"start":{"line":47,"column":8},"end":{"line":47,"column":46}},"27":{"start":{"line":48,"column":8},"end":{"line":48,"column":14}},"28":{"start":{"line":53,"column":2},"end":{"line":57,"column":3}},"29":{"start":{"line":54,"column":4},"end":{"line":54,"column":25}},"30":{"start":{"line":55,"column":4},"end":{"line":55,"column":21}},"31":{"start":{"line":56,"column":4},"end":{"line":56,"column":38}},"32":{"start":{"line":60,"column":2},"end":{"line":68,"column":3}},"33":{"start":{"line":61,"column":4},"end":{"line":61,"column":25}},"34":{"start":{"line":62,"column":4},"end":{"line":62,"column":21}},"35":{"start":{"line":63,"column":4},"end":{"line":63,"column":37}},"36":{"start":{"line":64,"column":9},"end":{"line":68,"column":3}},"37":{"start":{"line":65,"column":4},"end":{"line":65,"column":25}},"38":{"start":{"line":66,"column":4},"end":{"line":66,"column":21}},"39":{"start":{"line":67,"column":4},"end":{"line":67,"column":30}},"40":{"start":{"line":71,"column":2},"end":{"line":76,"column":3}},"41":{"start":{"line":72,"column":4},"end":{"line":72,"column":25}},"42":{"start":{"line":73,"column":4},"end":{"line":73,"column":21}},"43":{"start":{"line":74,"column":4},"end":{"line":74,"column":45}},"44":{"start":{"line":75,"column":4},"end":{"line":75,"column":84}},"45":{"start":{"line":75,"column":39},"end":{"line":75,"column":82}},"46":{"start":{"line":80,"column":18},"end":{"line":88,"column":3}},"47":{"start":{"line":90,"column":2},"end":{"line":94,"column":3}},"48":{"start":{"line":91,"column":4},"end":{"line":91,"column":35}},"49":{"start":{"line":93,"column":4},"end":{"line":93,"column":34}},"50":{"start":{"line":97,"column":19},"end":{"line":101,"column":3}},"51":{"start":{"line":104,"column":2},"end":{"line":106,"column":3}},"52":{"start":{"line":105,"column":4},"end":{"line":105,"column":31}},"53":{"start":{"line":108,"column":2},"end":{"line":108,"column":40}},"54":{"start":{"line":111,"column":0},"end":{"line":111,"column":33}}},"fnMap":{"0":{"name":"(anonymous_0)","decl":{"start":{"line":12,"column":24},"end":{"line":12,"column":25}},"loc":{"start":{"line":12,"column":49},"end":{"line":109,"column":1}},"line":12},"1":{"name":"(anonymous_1)","decl":{"start":{"line":75,"column":28},"end":{"line":75,"column":29}},"loc":{"start":{"line":75,"column":39},"end":{"line":75,"column":82}},"line":75}},"branchMap":{"0":{"loc":{"start":{"line":13,"column":19},"end":{"line":13,"column":40}},"type":"binary-expr","locations":[{"start":{"line":13,"column":19},"end":{"line":13,"column":33}},{"start":{"line":13,"column":37},"end":{"line":13,"column":40}}],"line":13},"1":{"loc":{"start":{"line":14,"column":16},"end":{"line":14,"column":54}},"type":"binary-expr","locations":[{"start":{"line":14,"column":16},"end":{"line":14,"column":27}},{"start":{"line":14,"column":31},"end":{"line":14,"column":54}}],"line":14},"2":{"loc":{"start":{"line":15,"column":15},"end":{"line":15,"column":31}},"type":"binary-expr","locations":[{"start":{"line":15,"column":15},"end":{"line":15,"column":25}},{"start":{"line":15,"column":29},"end":{"line":15,"column":31}}],"line":15},"3":{"loc":{"start":{"line":19,"column":2},"end":{"line":50,"column":3}},"type":"if","locations":[{"start":{"line":19,"column":2},"end":{"line":50,"column":3}},{"start":{},"end":{}}],"line":19},"4":{"loc":{"start":{"line":22,"column":4},"end":{"line":49,"column":5}},"type":"switch","locations":[{"start":{"line":23,"column":6},"end":{"line":28,"column":14}},{"start":{"line":30,"column":6},"end":{"line":33,"column":14}},{"start":{"line":35,"column":6},"end":{"line":38,"column":14}},{"start":{"line":40,"column":6},"end":{"line":43,"column":14}},{"start":{"line":45,"column":6},"end":{"line":48,"column":14}}],"line":22},"5":{"loc":{"start":{"line":25,"column":22},"end":{"line":25,"column":54}},"type":"binary-expr","locations":[{"start":{"line":25,"column":22},"end":{"line":25,"column":43}},{"start":{"line":25,"column":47},"end":{"line":25,"column":54}}],"line":25},"6":{"loc":{"start":{"line":32,"column":18},"end":{"line":32,"column":55}},"type":"binary-expr","locations":[{"start":{"line":32,"column":18},"end":{"line":32,"column":33}},{"start":{"line":32,"column":37},"end":{"line":32,"column":55}}],"line":32},"7":{"loc":{"start":{"line":53,"column":2},"end":{"line":57,"column":3}},"type":"if","locations":[{"start":{"line":53,"column":2},"end":{"line":57,"column":3}},{"start":{},"end":{}}],"line":53},"8":{"loc":{"start":{"line":60,"column":2},"end":{"line":68,"column":3}},"type":"if","locations":[{"start":{"line":60,"column":2},"end":{"line":68,"column":3}},{"start":{"line":64,"column":9},"end":{"line":68,"column":3}}],"line":60},"9":{"loc":{"start":{"line":64,"column":9},"end":{"line":68,"column":3}},"type":"if","locations":[{"start":{"line":64,"column":9},"end":{"line":68,"column":3}},{"start":{},"end":{}}],"line":64},"10":{"loc":{
[...]
,"D:\\tu-mock-test-platform-main\\backend\\validators\\attemptValidator.js": {"path":"D:\\tu-mock-test-platform-main\\backend\\validators\\attemptValidator.js","statementMap":{"0":{"start":{"line":1,"column":14},"end":{"line":1,"column":28}},"1":{"start":{"line":4,"column":27},"end":{"line":6,"column":2}},"2":{"start":{"line":9,"column":27},"end":{"line":21,"column":2}},"3":{"start":{"line":19,"column":25},"end":{"line":19,"column":74}},"4":{"start":{"line":24,"column":28},"end":{"line":30,"column":2}},"5":{"start":{"line":28,"column":25},"end":{"line":28,"column":74}},"6":{"start":{"line":33,"column":25},"end":{"line":35,"column":2}},"7":{"start":{"line":37,"column":0},"end":{"line":42,"column":2}}},"fnMap":{"0":{"name":"(anonymous_0)","decl":{"start":{"line":19,"column":15},"end":{"line":19,"column":16}},"loc":{"start":{"line":19,"column":25},"end":{"line":19,"column":74}},"line":19},"1":{"name":"(anonymous_1)","decl":{"start":{"line":28,"column":15},"end":{"line":28,"column":16}},"loc":{"start":{"line":28,"column":25},"end":{"line":28,"column":74}},"line":28}},"branchMap":{"0":{"loc":{"start":{"line":19,"column":25},"end":{"line":19,"column":74}},"type":"cond-expr","locations":[{"start":{"line":19,"column":51},"end":{"line":19,"column":68}},{"start":{"line":19,"column":71},"end":{"line":19,"column":74}}],"line":19},"1":{"loc":{"start":{"line":28,"column":25},"end":{"line":28,"column":74}},"type":"cond-expr","locations":[{"start":{"line":28,"column":51},"end":{"line":28,"column":68}},{"start":{"line":28,"column":71},"end":{"line":28,"column":74}}],"line":28}},"s":{"0":1,"1":1,"2":1,"3":0,"4":1,"5":0,"6":1,"7":1},"f":{"0":0,"1":0},"b":{"0":[0,0],"1":[0,0]},"_coverageSchema":"1a1c01bbd47fc00a2c39e90264f33305004495a9","hash":"bf43c6f6d81a1c243c9ff4f34e971dffab1ab228"}
,"D:\\tu-mock-test-platform-main\\backend\\validators\\authValidator.js": {"path":"D:\\tu-mock-test-platform-main\\backend\\validators\\authValidator.js","statementMap":{"0":{"start":{"line":1,"column":14},"end":{"line":1,"column":28}},"1":{"start":{"line":4,"column":23},"end":{"line":14,"column":3}},"2":{"start":{"line":17,"column":23},"end":{"line":32,"column":2}},"3":{"start":{"line":35,"column":20},"end":{"line":41,"column":2}},"4":{"start":{"line":44,"column":27},"end":{"line":46,"column":2}},"5":{"start":{"line":49,"column":29},"end":{"line":54,"column":2}},"6":{"start":{"line":56,"column":0},"end":{"line":61,"column":2}}},"fnMap":{},"branchMap":{},"s":{"0":1,"1":1,"2":1,"3":1,"4":1,"5":1,"6":1},"f":{},"b":{},"_coverageSchema":"1a1c01bbd47fc00a2c39e90264f33305004495a9","hash":"9529220606aa2f4fc7c881a7e0d885a5f97b7148"}
,"D:\\tu-mock-test-platform-main\\backend\\validators\\examValidator.js": {"path":"D:\\tu-mock-test-platform-main\\backend\\validators\\examValidator.js","statementMap":{"0":{"start":{"line":1,"column":14},"end":{"line":1,"column":28}},"1":{"start":{"line":4,"column":23},"end":{"line":61,"column":1}},"2":{"start":{"line":18,"column":25},"end":{"line":18,"column":74}},"3":{"start":{"line":28,"column":25},"end":{"line":28,"column":74}},"4":{"start":{"line":37,"column":25},"end":{"line":37,"column":74}},"5":{"start":{"line":48,"column":6},"end":{"line":48,"column":47}},"6":{"start":{"line":48,"column":36},"end":{"line":48,"column":47}},"7":{"start":{"line":49,"column":6},"end":{"line":49,"column":43}},"8":{"start":{"line":64,"column":25},"end":{"line":89,"column":3}},"9":{"start":{"line":68,"column":6},"end":{"line":70,"column":7}},"10":{"start":{"line":69,"column":8},"end":{"line":69,"column":65}},"11":{"start":{"line":71,"column":6},"end":{"line":71,"column":18}},"12":{"start":{"line":80,"column":6},"end":{"line":82,"column":7}},"13":{"start":{"line":81,"column":8},"end":{"line":81,"column":52}},"14":{"start":{"line":83,"column":6},"end":{"line":83,"column":18}},"15":{"start":{"line":92,"column":25},"end":{"line":118,"column":3}},"16":{"start":{"line":97,"column":6},"end":{"line":99,"column":7}},"17":{"start":{"line":98,"column":8},"end":{"line":98,"column":65}},"18":{"start":{"line":100,"column":6},"end":{"line":100,"column":18}},"19":{"start":{"line":109,"column":6},"end":{"line":111,"column":7}},"20":{"start":{"line":110,"column":8},"end":{"line":110,"column":52}},"21":{"start":{"line":112,"column":6},"end":{"line":112,"column":18}},"22":{"start":{"line":121,"column":24},"end":{"line":141,"column":2}},"23":{"start":{"line":126,"column":6},"end":{"line":126,"column":47}},"24":{"start":{"line":126,"column":36},"end":{"line":126,"column":47}},"25":{"start":{"line":127,"column":6},"end":{"line":127,"column":43}},"26":{"start":{"line":133,"column":25},"end":{"line":133,"column":74}},"27":{"start":{"line":138,"column":25},"end":{"line":138,"column":74}},"28":{"start":{"line":143,"column":0},"end":{"line":147,"column":2}}},"fnMap":{"0":{"name":"(anonymous_0)","decl":{"start":{"line":18,"column":15},"end":{"line":18,"column":16}},"loc":{"start":{"line":18,"column":25},"end":{"line":18,"column":74}},"line":18},"1":{"name":"(anonymous_1)","decl":{"start":{"line":28,"column":15},"end":{"line":28,"column":16}},"loc":{"start":{"line":28,"column":25},"end":{"line":28,"column":74}},"line":28},"2":{"name":"(anonymous_2)","decl":{"start":{"line":37,"column":15},"end":{"line":37,"column":16}},"loc":{"start":{"line":37,"column":25},"end":{"line":37,"column":74}},"line":37},"3":{"name":"(anonymous_3)","decl":{"start":{"line":47,"column":15},"end":{"line":47,"column":16}},"loc":{"start":{"line":47,"column":24},"end":{"line":50,"column":5}},"line":47},"4":{"name":"(anonymous_4)","decl":{"start":{"line":67,"column":4},"end":{"line":67,"column":5}},"loc":{"start":{"line":67,"column":14},"end":{"line":72,"column":5}},"line":67},"5":{"name":"(anonymous_5)","decl":{"start":{"line":79,"column":4},"end":{"line":79,"column":5}},"loc":{"start":{"line":79,"column":14},"end":{"line":84,"column":5}},"line":79},"6":{"name":"(anonymous_6)","decl":{"start":{"line":96,"column":4},"end":{"line":96,"column":5}},"loc":{"start":{"line":96,"column":14},"end":{"line":101,"column":5}},"line":96},"7":{"name":"(anonymous_7)","decl":{"start":{"line":108,"column":4},"end":{"line":108,"column":5}},"loc":{"start":{"line":108,"column":14},"end":{"line":113,"column":5}},"line":108},"8":{"name":"(anonymous_8)","decl":{"start":{"line":125,"column":15},"end":{"line":125,"column":16}},"loc":{"start":{"line":125,"column":24},"end":{"line":128,"column":5}},"line":125},"9":{"name":"(anonymous_9)","decl":{"start":{"line":133,"column":15},"end":{"line":133,"column":16}},"loc":{"start":{"line":133,"column":25},"end":{"line":133,"column":74}},"line":133},"10":{"name":"(anonymous_10)","decl":{"start":{"line":138,"column":15},"end":{"line":138,"column":16}},"loc":{"start":{"line":138,"column":25},"end":{"line":138,"column":74}},"line":138}},"branchMap":{"0":{"loc":{"start":{"line":18,"column":25},"end":{"line":18,"column":74}},"type":"cond-expr","locations":[{"start":{"line":18,"column":51},"end":{"line":18,"column":68}},{"start":{"line":18,"column":71},"end":{"line":18,"column":74}}],"line":18},"1":{"loc":{"start":{"line":28,"column":25},"end":{"line":28,"column":74}},"type":"cond-expr","locations":[{"start":{"line":28,"column":51},"end":{"line":28,"column":68}},{"start":{"line":28,"column":71},"end":{"line":28,"column":74}}],"line":28},"2":{"loc":{"start":{"line":37,"column":25},"end":{"line":37,"column":74}},"type":"cond-expr","locations":[{"start":{"line":37,"column":51},"end":{"line":37,"column":68}},{"start":{"line":37,"column":71},"end":{"line":37,"column":74}}],"line":37},"3":{"loc":{"start":{"line":48,"column":6},"end":{"line":48,"column":47}},"type":"if","locations":[{"start":{"line":48,"column":6},"end":{"line":48,"column":47}},{"start":{},"end":{}}],"line":48},"4":{"loc":{"start":{"line":49,"column":13},"end":{"line":49,"column":42}},"type":"binary-expr","locations":[{"start":{"line":49,"column":13},"end":{"line":49,"column":27}},{"start":{"line":49,"column":31},"end":{"line":49,"column":42}}],"line":49},"5":{"loc":{"start":{"line":68,"column":6},"end":{"line":70,"column":7}},"type":"if","locations":[{"start":{"line":68,"column":6},"end":{"line":70,"column":7}},{"start":{},"end":{}}],"line":68},"6":{"loc":{"start":{"line":68,"column":10},"end":{"line":68,"column":40}},"type":"binary-expr","locations":[{"start":{"line":68,"column":10},"end":{"line":68,"column":24}},{"start":{"line":68,"column":28},"end":{"line":68,"column":40}}],"line":68},"7":{"loc":{"start":{"line":80,"column":6},"end":{"line":82,"column":7}},"type":"if","locations":[{"start":{"line":80,"column":6},"end":{"line":82,"column":7}},{"start":{},"end":{}}],"line":80},"8":{"loc":{"start":{"line":97,"column":6},"end":{"line":99,"column":7}},"type":"if","locations":[{"start":{"line":97,"column":6},"end":{"line":99,"column":7}},{"start":{},"end":{}}],"line":97},"9":{"loc":{"start":{"line":97,"column":10},"end":{"line":97,"column":40}},"type":"binary-expr","locations":[{"start":{"line":97,"column":10},"end":{"line":97,"column":24}},{"start":{"line":97,"column":28},"end":{"line":97,"column":40}}],"line":97},"10":{"loc":{"start":{"line":109,"column":6},"end":{"line":111,"column":7}},"type":"if","locations":[{"start":{"line":109,"column":6},"end":{"line":111,"column":7}},{"start":{},"end":{}}],"line":109},"11":{"loc":{"start":{"line":109,"column":10},"end":{"line":109,"column":74}},"type":"binary-expr","locations":[{"start":{"line":109,"column":10},"end":{"line":109,"column":41}},{"start":{"line":109,"column":45},"end":{"line":109,"column":74}}],"line":109},"12":{"loc":{"start":{"line":126,"column":6},"end":{"line":126,"column":47}},"type":"if","locations":[{"start":{"line":126,"column":6},"end":{"line":126,"column":47}},{"start":{},"end":{}}],"line":126},"13":{"loc":{"start":{"line":127,"column":13},"end":{"line":127,"column":42}},"type":"binary-expr","locations":[{"start":{"line":127,"column":13},"end":{"line":127,"column":27}},{"start":{"line":127,"column":31},"end":{"line":127,"column":42}}],"line":127},"14":{"loc":{"start":{"line":133,"column":25},"end":{"line":133,"column":74}},"type":"cond-expr","locations":[{"start":{"line":133,"column":51},"end":{"line":133,"column":68}},{"start":{"line":133,"column":71},"end":{"line":133,"column":74}}],"line":133},"15":{"loc":{"start":{"line":138,"column":25},"end":{"line":138,"column":74}},"type":"cond-expr","locations":[{"start":{"line":138,"column":51},"end":{"line":138,"column":68}},{"start":{"line":138,"column":71},"end":{"line":138,"column":74}}],"line":138}},"s":{"0":1,"1":1,"2":0,"3":0,"4":0,"5":0,"6":0,"7":0,"8":1,"9":0,"10":0,"11":0,"12":0,"13":0,"14":0,"15":1,"16":0,"17":0,"18":0,"19":0,"20":0,"21":0,"22":1,"23":0,"24":0,"25":0,"26":0,"27":0,"28":1},"f":{"0":0,"1":0,"2":0,"3":0,"4":0,"5":0,"6":0,"7":0,"8":0,"9":0,"10":0},"b":{"0":[0,0],"1":[0,0],"2":[0,0],"3":[0,0],"4":[0,0],"5":[0,0],"6":[0,0],"7":[0,0],"8":[0,0],"9":[0,0],"10":[0,0],"11":[0,0],"12":[0,0],"13":[0,0],"14":[0,0],"15":[0,0]},"_coverageSchema":"1a1c01bbd47fc00a2c39e90264f33305004495a9","hash":"bb85b15df72c7cb7bf776f61e35e2e6a49d55e05"}
,"D:\\tu-mock-test-platform-main\\backend\\validators\\questionValidator.js": {"path":"D:\\tu-mock-test-platform-main\\backend\\validators\\questionValidator.js","statementMap":{"0":{"start":{"line":1,"column":14},"end":{"line":1,"column":28}},"1":{"start":{"line":4,"column":23},"end":{"line":4,"column":57}},"2":{"start":{"line":7,"column":29},"end":{"line":50,"column":3}},"3":{"start":{"line":26,"column":27},"end":{"line":26,"column":76}},"4":{"start":{"line":37,"column":8},"end":{"line":37,"column":49}},"5":{"start":{"line":37,"column":38},"end":{"line":37,"column":49}},"6":{"start":{"line":38,"column":8},"end":{"line":38,"column":45}},"7":{"start":{"line":45,"column":14},"end":{"line":45,"column":55}},"8":{"start":{"line":53,"column":29},"end":{"line":103,"column":3}},"9":{"start":{"line":74,"column":27},"end":{"line":74,"column":76}},"10":{"start":{"line":86,"column":8},"end":{"line":86,"column":49}},"11":{"start":{"line":86,"column":38},"end":{"line":86,"column":49}},"12":{"start":{"line":87,"column":8},"end":{"line":87,"column":45}},"13":{"start":{"line":94,"column":6},"end":{"line":96,"column":7}},"14":{"start":{"line":95,"column":8},"end":{"line":95,"column":57}},"15":{"start":{"line":97,"column":6},"end":{"line":97,"column":18}},"16":{"start":{"line":106,"column":28},"end":{"line":127,"column":2}},"17":{"start":{"line":112,"column":6},"end":{"line":112,"column":47}},"18":{"start":{"line":112,"column":36},"end":{"line":112,"column":47}},"19":{"start":{"line":113,"column":6},"end":{"line":113,"column":43}},"20":{"start":{"line":119,"column":25},"end":{"line":119,"column":74}},"21":{"start":{"line":124,"column":25},"end":{"line":124,"column":74}},"22":{"start":{"line":130,"column":21},"end":{"line":166,"column":3}},"23":{"start":{"line":142,"column":26},"end":{"line":142,"column":50}},"24":{"start":{"line":146,"column":27},"end":{"line":146,"column":76}},"25":{"start":{"line":157,"column":22},"end":{"line":157,"column":52}},"26":{"start":{"line":158,"column":6},"end":{"line":158,"column":53}},"27":{"start":{"line":158,"column":25},"end":{"line":158,"column":53}},"28":{"start":{"line":159,"column":6},"end":{"line":159,"column":53}},"29":{"start":{"line":159,"column":25},"end":{"line":159,"column":53}},"30":{"start":{"line":160,"column":6},"end":{"line":160,"column":51}},"31":{"start":{"line":168,"column":0},"end":{"line":173,"column":2}}},"fnMap":{"0":{"name":"(anonymous_0)","decl":{"start":{"line":26,"column":17},"end":{"line":26,"column":18}},"loc":{"start":{"line":26,"column":27},"end":{"line":26,"column":76}},"line":26},"1":{"name":"(anonymous_1)","decl":{"start":{"line":36,"column":17},"end":{"line":36,"column":18}},"loc":{"start":{"line":36,"column":26},"end":{"line":39,"column":7}},"line":36},"2":{"name":"(anonymous_2)","decl":{"start":{"line":45,"column":4},"end":{"line":45,"column":5}},"loc":{"start":{"line":45,"column":14},"end":{"line":45,"column":55}},"line":45},"3":{"name":"(anonymous_3)","decl":{"start":{"line":74,"column":17},"end":{"line":74,"column":18}},"loc":{"start":{"line":74,"column":27},"end":{"line":74,"column":76}},"line":74},"4":{"name":"(anonymous_4)","decl":{"start":{"line":85,"column":17},"end":{"line":85,"column":18}},"loc":{"start":{"line":85,"column":26},"end":{"line":88,"column":7}},"line":85},"5":{"name":"(anonymous_5)","decl":{"start":{"line":93,"column":4},"end":{"line":93,"column":5}},"loc":{"start":{"line":93,"column":14},"end":{"line":98,"column":5}},"line":93},"6":{"name":"(anonymous_6)","decl":{"start":{"line":111,"column":15},"end":{"line":111,"column":16}},"loc":{"start":{"line":111,"column":24},"end":{"line":114,"column":5}},"line":111},"7":{"name":"(anonymous_7)","decl":{"start":{"line":119,"column":15},"end":{"line":119,"column":16}},"loc":{"start":{"line":119,"column":25},"end":{"line":119,"column":74}},"line":119},"8":{"name":"(anonymous_8)","decl":{"start":{"line":124,"column":15},"end":{"line":124,"column":16}},"loc":{"start":{"line":124,"column":25},"end":{"line":124,"column":74}},"line":124},"9":{"name":"(anonymous_9)","decl":{"start":{"line":142,"column":17},"end":{"line":142,"column":18}},"loc":{"start":{"line":142,"column":26},"end":{"line":142,"column":50}},"line":142},"10":{"name":"(anonymous_10)","decl":{"start":{"line":146,"column":17},"end":{"line":146,"column":18}},"loc":{"start":{"line":146,"column":27},"end":{"line":146,"column":76}},"line":146},"11":{"name":"(anonymous_11)","decl":{"start":{"line":156,"column":4},"end":{"line":156,"column":5}},"loc":{"start":{"line":156,"column":14},"end":{"line":161,"column":5}},"line":156}},"branchMap":{"0":{"loc":{"start":{"line":26,"column":27},"end":{"line":26,"column":76}},"type":"cond-expr","locations":[{"start":{"line":26,"column":53},"end":{"line":26,"column":70}},{"start":{"line":26,"column":73},"end":{"line":26,"column":76}}],"line":26},"1":{"loc":{"start":{"line":37,"column":8},"end":{"line":37,"column":49}},"type":"if","locations":[{"start":{"line":37,"column":8},"end":{"line":37,"column":49}},{"start":{},"end":{}}],"line":37},"2":{"loc":{"start":{"line":38,"column":15},"end":{"line":38,"column":44}},"type":"binary-expr","locations":[{"start":{"line":38,"column":15},"end":{"line":38,"column":29}},{"start":{"line":38,"column":33},"end":{"line":38,"column":44}}],"line":38},"3":{"loc":{"start":{"line":74,"column":27},"end":{"line":74,"column":76}},"type":"cond-expr","locations":[{"start":{"line":74,"column":53},"end":{"line":74,"column":70}},{"start":{"line":74,"column":73},"end":{"line":74,"column":76}}],"line":74},"4":{"loc":{"start":{"line":86,"column":8},"end":{"line":86,"column":49}},"type":"if","locations":[{"start":{"line":86,"column":8},"end":{"line":86,"column":49}},{"start":{},"end":{}}],"line":86},"5":{"loc":{"start":{"line":87,"column":15},"end":{"line":87,"column":44}},"type":"binary-expr","locations":[{"start":{"line":87,"column":15},"end":{"line":87,"column":29}},{"start":{"line":87,"column":33},"end":{"line":87,"column":44}}],"line":87},"6":{"loc":{"start":{"line":94,"column":6},"end":{"line":96,"column":7}},"type":"if","locations":[{"start":{"line":94,"column":6},"end":{"line":96,"column":7}},{"start":{},"end":{}}],"line":94},"7":{"loc":{"start":{"line":94,"column":10},"end":{"line":94,"column":44}},"type":"binary-expr","locations":[{"start":{"line":94,"column":10},"end":{"line":94,"column":22}},{"start":{"line":94,"column":26},"end":{"line":94,"column":44}}],"line":94},"8":{"loc":{"start":{"line":112,"column":6},"end":{"line":112,"column":47}},"type":"if","locations":[{"start":{"line":112,"column":6},"end":{"line":112,"column":47}},{"start":{},"end":{}}],"line":112},"9":{"loc":{"start":{"line":113,"column":13},"end":{"line":113,"column":42}},"type":"binary-expr","locations":[{"start":{"line":113,"column":13},"end":{"line":113,"column":27}},{"start":{"line":113,"column":31},"end":{"line":113,"column":42}}],"line":113},"10":{"loc":{"start":{"line":119,"column":25},"end":{"line":119,"column":74}},"type":"cond-expr","locations":[{"start":{"line":119,"column":51},"end":{"line":119,"column":68}},{"start":{"line":119,"column":71},"end":{"line":119,"column":74}}],"line":119},"11":{"loc":{"start":{"line":124,"column":25},"end":{"line":124,"column":74}},"type":"cond-expr","locations":[{"start":{"line":124,"column":51},"end":{"line":124,"column":68}},{"start":{"line":124,"column":71},"end":{"line":124,"column":74}}],"line":124},"12":{"loc":{"start":{"line":146,"column":27},"end":{"line":146,"column":76}},"type":"cond-expr","locations":[{"start":{"line":146,"column":53},"end":{"line":146,"column":70}},{"start":{"line":146,"column":73},"end":{"line":146,"column":76}}],"line":146},"13":{"loc":{"start":{"line":158,"column":6},"end":{"line":158,"column":53}},"type":"if","locations":[{"start":{"line":158,"column":6},"end":{"line":158,"column":53}},{"start":{},"end":{}}],"line":158},"14":{"loc":{"start":{"line":159,"column":6},"end":{"line":159,"column":53}},"type":"if","locations":[{"start":{"line":159,"column":6},"end":{"line":159,"column":53}},{"start":{},"end":{}}],"line":159}},"s":{"0":1,"1":1,"2":1,"3":0,"4":0,"5":0,"6":0,"7":0,"8":1,"9":0,"10":0,"11":0,"12":0,"13":0,"14":0,"15":0,"16":1,"17":0,"18":0,"19":0,"20":0,"21":0,"22":1,"23":0,"24":0,"25":0,"26":0,"27":0,"28":0,"29":0,"30":0,"31":1},"f":{"0":0,"1":0,"2":0,"3":0,"4":0,"5":0,"6":0,"7":0,"8":0,"9":0,"10":0,"11":0},"b":{"0":[0,0],"1":[0,0],"2":[0,0],"3":[0,0],"4":[0,0],"5":[0,0],"6":[0,0],"7":[0,0],"8":[0,0],"9":[0,0],"10":[0,0],"11":[0,0],"12":[0,0],"13":[0,0],"14":[0,0]},"_coverageSchema":"1a1c01bbd47fc00a2c39e90264f33305004495a9","hash":"de6ef48e54cccb9a58a333cb3324acbda0f7d4b2"}
}
