TN:
SF:app.js
FN:44,(anonymous_0)
FN:47,(anonymous_1)
FN:63,(anonymous_2)
FN:83,(anonymous_3)
FNF:4
FNH:3
FNDA:61,(anonymous_0)
FNDA:61,(anonymous_1)
FNDA:0,(anonymous_2)
FNDA:2,(anonymous_3)
DA:1,1
DA:2,1
DA:3,1
DA:4,1
DA:5,1
DA:6,1
DA:9,1
DA:10,1
DA:11,1
DA:12,1
DA:13,1
DA:14,1
DA:15,1
DA:16,1
DA:19,1
DA:22,1
DA:25,1
DA:28,1
DA:29,1
DA:37,1
DA:40,1
DA:41,1
DA:44,1
DA:45,61
DA:47,61
DA:48,61
DA:49,61
DA:59,61
DA:63,1
DA:64,0
DA:73,1
DA:74,1
DA:75,1
DA:76,1
DA:77,1
DA:78,1
DA:79,1
DA:80,1
DA:83,1
DA:84,2
DA:91,1
DA:94,1
LF:42
LH:41
BRF:0
BRH:0
end_of_record
TN:
SF:config\db.js
FN:27,(anonymous_0)
FN:38,(anonymous_1)
FN:44,(anonymous_2)
FN:59,(anonymous_3)
FN:71,(anonymous_4)
FN:72,(anonymous_5)
FNF:6
FNH:1
FNDA:0,(anonymous_0)
FNDA:0,(anonymous_1)
FNDA:1,(anonymous_2)
FNDA:0,(anonymous_3)
FNDA:0,(anonymous_4)
FNDA:0,(anonymous_5)
DA:1,1
DA:2,1
DA:3,1
DA:9,1
DA:21,1
DA:22,0
DA:26,1
DA:27,0
DA:29,0
DA:30,0
DA:38,0
DA:39,0
DA:44,1
DA:45,1
DA:46,1
DA:47,1
DA:49,0
DA:51,0
DA:59,1
DA:60,0
DA:61,0
DA:62,0
DA:63,0
DA:65,0
DA:67,0
DA:71,1
DA:72,1
DA:75,1
LF:28
LH:14
BRDA:9,0,0,1
BRDA:9,0,1,1
BRDA:10,1,0,0
BRDA:10,1,1,1
BRDA:21,2,0,0
BRDA:21,2,1,1
BRDA:26,3,0,0
BRDA:26,3,1,1
BRDA:29,4,0,0
BRDA:29,4,1,0
BRF:10
BRH:5
end_of_record
TN:
SF:config\env.js
FN:11,(anonymous_0)
FN:23,(anonymous_1)
FN:53,(anonymous_2)
FN:65,(anonymous_3)
FN:71,(anonymous_4)
FNF:5
FNH:5
FNDA:1,(anonymous_0)
FNDA:1,(anonymous_1)
FNDA:1,(anonymous_2)
FNDA:1,(anonymous_3)
FNDA:1,(anonymous_4)
DA:1,1
DA:2,1
DA:5,1
DA:7,1
DA:11,1
DA:23,1
DA:53,1
DA:65,1
DA:71,1
DA:82,1
DA:85,1
DA:94,1
LF:12
LH:12
BRF:0
BRH:0
end_of_record
TN:
SF:config\logger.js
FN:8,(anonymous_0)
FN:91,(anonymous_1)
FN:92,(anonymous_2)
FNF:3
FNH:0
FNDA:0,(anonymous_0)
FNDA:0,(anonymous_1)
FNDA:0,(anonymous_2)
DA:1,1
DA:2,1
DA:3,1
DA:5,1
DA:8,1
DA:9,0
DA:10,0
DA:11,0
DA:13,0
DA:17,1
DA:25,1
DA:28,1
DA:38,1
DA:39,0
DA:59,1
DA:91,1
DA:92,0
DA:93,0
DA:97,1
LF:19
LH:12
BRDA:9,0,0,0
BRDA:9,0,1,0
BRDA:10,1,0,0
BRDA:10,1,1,0
BRDA:31,2,0,0
BRDA:31,2,1,1
BRDA:38,3,0,0
BRDA:38,3,1,1
BRDA:64,4,0,0
BRDA:64,4,1,1
BRDA:76,5,0,0
BRDA:76,5,1,1
BRF:12
BRH:4
end_of_record
TN:
SF:config\redis.js
FN:18,(anonymous_0)
FN:29,(anonymous_1)
FN:31,(anonymous_2)
FN:40,(anonymous_3)
FN:44,(anonymous_4)
FN:53,(anonymous_5)
FN:58,(anonymous_6)
FN:62,(anonymous_7)
FN:66,(anonymous_8)
FN:74,(anonymous_9)
FN:86,(anonymous_10)
FN:87,(anonymous_11)
FNF:12
FNH:2
FNDA:0,(anonymous_0)
FNDA:0,(anonymous_1)
FNDA:0,(anonymous_2)
FNDA:1,(anonymous_3)
FNDA:1,(anonymous_4)
FNDA:0,(anonymous_5)
FNDA:0,(anonymous_6)
FNDA:0,(anonymous_7)
FNDA:0,(anonymous_8)
FNDA:0,(anonymous_9)
FNDA:0,(anonymous_10)
FNDA:0,(anonymous_11)
DA:1,1
DA:2,1
DA:3,1
DA:9,1
DA:19,0
DA:20,0
DA:21,0
DA:22,0
DA:24,0
DA:25,0
DA:30,0
DA:31,0
DA:32,0
DA:33,0
DA:35,0
DA:40,1
DA:41,1
DA:44,1
DA:45,1
DA:46,1
DA:47,1
DA:49,0
DA:53,1
DA:55,0
DA:58,1
DA:59,0
DA:62,1
DA:63,0
DA:66,1
DA:67,0
DA:74,1
DA:75,0
DA:76,0
DA:77,0
DA:78,0
DA:80,0
DA:82,0
DA:86,1
DA:87,1
DA:90,1
LF:40
LH:18
BRDA:20,0,0,0
BRDA:20,0,1,0
BRDA:32,1,0,0
BRDA:32,1,1,0
BRDA:35,2,0,0
BRDA:35,2,1,0
BRF:6
BRH:0
end_of_record
TN:
SF:controllers\adminController.js
FN:12,(anonymous_0)
FN:49,(anonymous_1)
FN:66,(anonymous_2)
FN:96,(anonymous_3)
FN:138,(anonymous_4)
FNF:5
FNH:2
FNDA:0,(anonymous_0)
FNDA:1,(anonymous_1)
FNDA:2,(anonymous_2)
FNDA:0,(anonymous_3)
FNDA:0,(anonymous_4)
DA:1,1
DA:2,1
DA:3,1
DA:4,1
DA:12,1
DA:13,0
DA:38,0
DA:49,1
DA:50,1
DA:57,1
DA:66,1
DA:67,2
DA:69,2
DA:70,0
DA:72,2
DA:73,0
DA:75,2
DA:76,0
DA:79,2
DA:87,1
DA:96,1
DA:97,0
DA:98,0
DA:100,0
DA:104,0
DA:106,0
DA:107,0
DA:108,0
DA:109,0
DA:111,0
DA:113,0
DA:114,0
DA:115,0
DA:117,0
DA:118,0
DA:120,0
DA:122,0
DA:124,0
DA:129,0
DA:138,1
DA:139,0
DA:141,0
DA:145,0
DA:147,0
DA:149,0
DA:154,1
LF:46
LH:18
BRDA:69,0,0,0
BRDA:69,0,1,2
BRDA:69,1,0,2
BRDA:69,1,1,2
BRDA:69,1,2,2
BRDA:72,2,0,0
BRDA:72,2,1,2
BRDA:72,3,0,2
BRDA:72,3,1,2
BRDA:72,3,2,2
BRDA:75,4,0,0
BRDA:75,4,1,2
BRDA:83,5,0,2
BRDA:83,5,1,0
BRDA:104,6,0,0
BRDA:104,6,1,0
BRDA:107,7,0,0
BRDA:107,7,1,0
BRDA:108,8,0,0
BRDA:108,8,1,0
BRDA:108,9,0,0
BRDA:108,9,1,0
BRDA:113,10,0,0
BRDA:113,10,1,0
BRDA:114,11,0,0
BRDA:114,11,1,0
BRDA:114,12,0,0
BRDA:114,12,1,0
BRDA:117,13,0,0
BRDA:117,13,1,0
BRDA:122,14,0,0
BRDA:122,14,1,0
BRDA:122,15,0,0
BRDA:122,15,1,0
BRDA:145,16,0,0
BRDA:145,16,1,0
BRF:36
BRH:10
end_of_record
TN:
SF:controllers\analyticsController.js
FN:6,(anonymous_0)
FN:12,(anonymous_1)
FN:24,(anonymous_2)
FN:36,(anonymous_3)
FN:50,(anonymous_4)
FN:65,(anonymous_5)
FNF:6
FNH:5
FNDA:1,(anonymous_0)
FNDA:1,(anonymous_1)
FNDA:1,(anonymous_2)
FNDA:0,(anonymous_3)
FNDA:1,(anonymous_4)
FNDA:1,(anonymous_5)
DA:1,1
DA:2,1
DA:3,1
DA:6,1
DA:12,1
DA:13,1
DA:15,1
DA:24,1
DA:25,1
DA:27,1
DA:36,1
DA:37,0
DA:39,0
DA:41,0
DA:50,1
DA:51,1
DA:52,1
DA:54,1
DA:56,1
DA:65,1
DA:66,1
DA:68,1
DA:70,1
DA:75,1
DA:77,1
LF:25
LH:22
BRDA:6,0,0,1
BRDA:6,0,1,0
BRF:2
BRH:1
end_of_record
TN:
SF:controllers\attemptController.js
FN:6,(anonymous_0)
FN:18,(anonymous_1)
FN:36,(anonymous_2)
FN:48,(anonymous_3)
FNF:4
FNH:2
FNDA:2,(anonymous_0)
FNDA:0,(anonymous_1)
FNDA:0,(anonymous_2)
FNDA:3,(anonymous_3)
DA:1,1
DA:2,1
DA:3,1
DA:6,1
DA:7,2
DA:8,2
DA:10,2
DA:12,0
DA:18,1
DA:19,0
DA:20,0
DA:22,0
DA:30,0
DA:36,1
DA:37,0
DA:38,0
DA:40,0
DA:42,0
DA:48,1
DA:49,3
DA:50,3
DA:52,3
DA:54,0
DA:60,1
DA:62,1
LF:25
LH:15
BRDA:8,0,0,2
BRDA:8,0,1,0
BRDA:20,1,0,0
BRDA:20,1,1,0
BRDA:38,2,0,0
BRDA:38,2,1,0
BRDA:50,3,0,3
BRDA:50,3,1,0
BRF:8
BRH:2
end_of_record
TN:
SF:controllers\authController.js
FN:6,(anonymous_0)
FN:7,(anonymous_1)
FN:15,(anonymous_2)
FN:24,(anonymous_3)
FN:34,(anonymous_4)
FN:47,(anonymous_5)
FN:62,(anonymous_6)
FN:77,(anonymous_7)
FN:95,(anonymous_8)
FN:114,(anonymous_9)
FNF:10
FNH:7
FNDA:0,(anonymous_0)
FNDA:0,(anonymous_1)
FNDA:3,(anonymous_2)
FNDA:6,(anonymous_3)
FNDA:1,(anonymous_4)
FNDA:3,(anonymous_5)
FNDA:7,(anonymous_6)
FNDA:1,(anonymous_7)
FNDA:2,(anonymous_8)
FNDA:0,(anonymous_9)
DA:1,1
DA:2,1
DA:3,1
DA:4,1
DA:6,1
DA:7,0
DA:8,0
DA:9,0
DA:10,0
DA:11,0
DA:15,1
DA:16,3
DA:17,3
DA:20,0
DA:21,0
DA:24,1
DA:25,6
DA:34,1
DA:35,1
DA:47,1
DA:48,3
DA:50,3
DA:51,2
DA:53,2
DA:62,1
DA:63,7
DA:65,7
DA:66,3
DA:68,3
DA:77,1
DA:78,1
DA:80,1
DA:81,1
DA:84,1
DA:86,1
DA:95,1
DA:96,2
DA:98,2
DA:99,0
DA:102,2
DA:103,1
DA:105,1
DA:114,1
DA:115,0
DA:117,0
DA:119,0
DA:124,1
LF:47
LH:36
BRDA:6,0,0,0
BRDA:9,1,0,0
BRDA:9,1,1,0
BRDA:16,2,0,3
BRDA:16,2,1,0
BRDA:20,3,0,0
BRDA:20,3,1,0
BRDA:80,4,0,1
BRDA:80,4,1,0
BRDA:98,5,0,0
BRDA:98,5,1,2
BRF:11
BRH:3
end_of_record
TN:
SF:controllers\examController.js
FN:10,(anonymous_0)
FN:31,(anonymous_1)
FN:46,(anonymous_2)
FN:62,(anonymous_3)
FN:74,(anonymous_4)
FN:88,(anonymous_5)
FN:102,(anonymous_6)
FN:117,(anonymous_7)
FN:132,(anonymous_8)
FN:147,(anonymous_9)
FNF:10
FNH:4
FNDA:1,(anonymous_0)
FNDA:0,(anonymous_1)
FNDA:2,(anonymous_2)
FNDA:1,(anonymous_3)
FNDA:0,(anonymous_4)
FNDA:0,(anonymous_5)
FNDA:1,(anonymous_6)
FNDA:0,(anonymous_7)
FNDA:0,(anonymous_8)
FNDA:0,(anonymous_9)
DA:1,1
DA:2,1
DA:3,1
DA:10,1
DA:11,1
DA:12,1
DA:14,1
DA:22,1
DA:31,1
DA:32,0
DA:34,0
DA:36,0
DA:46,1
DA:47,2
DA:48,2
DA:49,2
DA:51,2
DA:53,0
DA:62,1
DA:63,1
DA:65,0
DA:74,1
DA:75,0
DA:77,0
DA:79,0
DA:88,1
DA:89,0
DA:91,0
DA:93,0
DA:102,1
DA:103,1
DA:104,1
DA:106,1
DA:108,0
DA:117,1
DA:118,0
DA:119,0
DA:121,0
DA:123,0
DA:132,1
DA:133,0
DA:134,0
DA:136,0
DA:138,0
DA:147,1
DA:148,0
DA:149,0
DA:151,0
DA:153,0
DA:158,1
LF:50
LH:26
BRDA:12,0,0,1
BRDA:12,0,1,1
BRDA:48,1,0,2
BRDA:48,1,1,0
BRF:4
BRH:3
end_of_record
TN:
SF:controllers\leaderboardController.js
FN:5,(anonymous_0)
FNF:1
FNH:0
FNDA:0,(anonymous_0)
DA:1,1
DA:2,1
DA:3,1
DA:5,1
DA:6,0
DA:7,0
DA:9,0
DA:10,0
DA:13,0
DA:15,0
DA:20,1
LF:11
LH:5
BRDA:6,0,0,0
BRDA:6,0,1,0
BRDA:7,1,0,0
BRDA:7,1,1,0
BRDA:9,2,0,0
BRDA:9,2,1,0
BRDA:9,3,0,0
BRDA:9,3,1,0
BRF:8
BRH:0
end_of_record
TN:
SF:controllers\questionController.js
FN:12,(anonymous_0)
FN:33,(anonymous_1)
FN:47,(anonymous_2)
FN:59,(anonymous_3)
FN:73,(anonymous_4)
FN:87,(anonymous_5)
FN:106,(anonymous_6)
FNF:7
FNH:3
FNDA:4,(anonymous_0)
FNDA:0,(anonymous_1)
FNDA:1,(anonymous_2)
FNDA:0,(anonymous_3)
FNDA:0,(anonymous_4)
FNDA:0,(anonymous_5)
FNDA:3,(anonymous_6)
DA:1,1
DA:2,1
DA:3,1
DA:4,1
DA:5,1
DA:6,1
DA:12,1
DA:13,4
DA:15,4
DA:24,4
DA:33,1
DA:34,0
DA:36,0
DA:38,0
DA:47,1
DA:48,1
DA:50,1
DA:59,1
DA:60,0
DA:62,0
DA:64,0
DA:73,1
DA:74,0
DA:76,0
DA:78,0
DA:87,1
DA:88,0
DA:90,0
DA:92,0
DA:96,0
DA:106,1
DA:107,3
DA:108,0
DA:112,3
DA:113,3
DA:116,3
DA:117,3
DA:119,0
DA:126,2
DA:131,1
LF:40
LH:25
BRDA:92,0,0,0
BRDA:92,0,1,0
BRDA:107,1,0,0
BRDA:107,1,1,3
BRF:4
BRH:1
end_of_record
TN:
SF:controllers\resultController.js
FN:11,(anonymous_0)
FN:40,(anonymous_1)
FN:54,(anonymous_2)
FNF:3
FNH:1
FNDA:1,(anonymous_0)
FNDA:0,(anonymous_1)
FNDA:0,(anonymous_2)
DA:1,1
DA:2,1
DA:3,1
DA:4,1
DA:11,1
DA:12,1
DA:13,1
DA:16,1
DA:21,1
DA:22,1
DA:25,0
DA:26,0
DA:29,0
DA:31,0
DA:40,1
DA:41,0
DA:42,0
DA:44,0
DA:49,0
DA:54,1
DA:55,0
DA:56,0
DA:58,0
DA:63,0
DA:64,0
DA:67,0
DA:68,0
DA:71,0
DA:73,0
DA:78,1
LF:30
LH:13
BRDA:21,0,0,1
BRDA:21,0,1,0
BRDA:25,1,0,0
BRDA:25,1,1,0
BRDA:25,2,0,0
BRDA:25,2,1,0
BRDA:45,3,0,0
BRDA:45,3,1,0
BRDA:46,4,0,0
BRDA:46,4,1,0
BRDA:63,5,0,0
BRDA:63,5,1,0
BRDA:67,6,0,0
BRDA:67,6,1,0
BRDA:67,7,0,0
BRDA:67,7,1,0
BRF:16
BRH:1
end_of_record
TN:
SF:controllers\userController.js
FN:9,(anonymous_0)
FN:23,(anonymous_1)
FN:44,(anonymous_2)
FN:58,(anonymous_3)
FN:73,(anonymous_4)
FN:91,(anonymous_5)
FN:101,(anonymous_6)
FNF:7
FNH:1
FNDA:3,(anonymous_0)
FNDA:0,(anonymous_1)
FNDA:0,(anonymous_2)
FNDA:0,(anonymous_3)
FNDA:0,(anonymous_4)
FNDA:0,(anonymous_5)
FNDA:0,(anonymous_6)
DA:1,1
DA:2,1
DA:3,1
DA:9,1
DA:10,3
DA:12,3
DA:14,3
DA:23,1
DA:24,0
DA:25,0
DA:27,0
DA:35,0
DA:44,1
DA:45,0
DA:47,0
DA:49,0
DA:58,1
DA:59,0
DA:60,0
DA:62,0
DA:64,0
DA:73,1
DA:74,0
DA:76,0
DA:82,0
DA:91,1
DA:92,0
DA:94,0
DA:96,0
DA:101,1
DA:102,0
DA:104,0
DA:106,0
DA:110,0
DA:115,1
LF:35
LH:14
BRDA:78,0,0,0
BRDA:78,0,1,0
BRDA:79,1,0,0
BRDA:79,1,1,0
BRDA:106,2,0,0
BRDA:106,2,1,0
BRF:6
BRH:0
end_of_record
TN:
SF:middleware\authMiddleware.js
FN:14,(anonymous_0)
FNF:1
FNH:1
FNDA:36,(anonymous_0)
DA:1,1
DA:2,1
DA:14,1
DA:15,36
DA:17,36
DA:18,1
DA:21,35
DA:23,35
DA:24,0
DA:27,35
DA:28,34
DA:34,34
DA:37,1
LF:13
LH:12
BRDA:17,0,0,1
BRDA:17,0,1,35
BRDA:17,1,0,36
BRDA:17,1,1,35
BRDA:23,2,0,0
BRDA:23,2,1,35
BRDA:30,3,0,34
BRDA:30,3,1,0
BRDA:31,4,0,34
BRDA:31,4,1,0
BRF:10
BRH:7
end_of_record
TN:
SF:middleware\errorMiddleware.js
FN:12,(anonymous_0)
FN:75,(anonymous_1)
FNF:2
FNH:1
FNDA:35,(anonymous_0)
FNDA:0,(anonymous_1)
DA:1,1
DA:2,1
DA:3,1
DA:12,1
DA:13,35
DA:14,35
DA:15,35
DA:16,35
DA:19,35
DA:20,1
DA:22,1
DA:24,1
DA:25,1
DA:26,1
DA:27,1
DA:28,1
DA:31,0
DA:32,0
DA:33,0
DA:36,0
DA:37,0
DA:38,0
DA:41,0
DA:42,0
DA:43,0
DA:46,0
DA:47,0
DA:48,0
DA:53,35
DA:54,0
DA:55,0
DA:56,0
DA:60,35
DA:61,0
DA:62,0
DA:63,0
DA:64,35
DA:65,0
DA:66,0
DA:67,0
DA:71,35
DA:72,0
DA:73,0
DA:74,0
DA:75,0
DA:80,35
DA:90,35
DA:91,0
DA:93,35
DA:97,35
DA:104,35
DA:105,0
DA:108,35
DA:111,1
LF:54
LH:27
BRDA:13,0,0,35
BRDA:13,0,1,1
BRDA:14,1,0,35
BRDA:14,1,1,0
BRDA:15,2,0,35
BRDA:15,2,1,1
BRDA:19,3,0,1
BRDA:19,3,1,34
BRDA:22,4,0,1
BRDA:22,4,1,0
BRDA:22,4,2,0
BRDA:22,4,3,0
BRDA:22,4,4,0
BRDA:25,5,0,1
BRDA:25,5,1,0
BRDA:32,6,0,0
BRDA:32,6,1,0
BRDA:53,7,0,0
BRDA:53,7,1,35
BRDA:60,8,0,0
BRDA:60,8,1,35
BRDA:64,9,0,0
BRDA:64,9,1,35
BRDA:71,10,0,0
BRDA:71,10,1,35
BRDA:71,11,0,35
BRDA:71,11,1,0
BRDA:74,12,0,0
BRDA:74,12,1,0
BRDA:85,13,0,35
BRDA:85,13,1,13
BRDA:90,14,0,0
BRDA:90,14,1,35
BRDA:100,15,0,12
BRDA:100,15,1,23
BRDA:104,16,0,0
BRDA:104,16,1,35
BRDA:104,17,0,35
BRDA:104,17,1,0
BRF:39
BRH:21
end_of_record
TN:
SF:middleware\roleMiddleware.js
FN:15,(anonymous_0)
FN:16,(anonymous_1)
FNF:2
FNH:2
FNDA:21,(anonymous_0)
FNDA:20,(anonymous_1)
DA:1,1
DA:15,1
DA:16,21
DA:17,20
DA:18,0
DA:21,20
DA:22,4
DA:28,16
DA:32,1
LF:9
LH:8
BRDA:17,0,0,0
BRDA:17,0,1,20
BRDA:21,1,0,4
BRDA:21,1,1,16
BRF:4
BRH:3
end_of_record
TN:
SF:middleware\validateMiddleware.js
FN:13,(anonymous_0)
FN:14,(anonymous_1)
FN:27,(anonymous_2)
FNF:3
FNH:3
FNDA:12,(anonymous_0)
FNDA:33,(anonymous_1)
FNDA:17,(anonymous_2)
DA:1,1
DA:13,1
DA:14,12
DA:15,33
DA:18,33
DA:20,33
DA:21,99
DA:22,99
DA:24,33
DA:26,33
DA:27,11
DA:28,17
DA:29,17
DA:33,22
DA:37,33
DA:38,11
DA:41,22
DA:45,1
LF:18
LH:18
BRDA:22,0,0,66
BRDA:22,0,1,33
BRDA:26,1,0,11
BRDA:26,1,1,22
BRDA:28,2,0,17
BRDA:28,2,1,0
BRDA:37,3,0,11
BRDA:37,3,1,22
BRF:8
BRH:7
end_of_record
TN:
SF:routes\adminRoutes.js
FNF:0
FNH:0
DA:1,1
DA:2,1
DA:3,1
DA:4,1
DA:6,1
DA:10,1
DA:14,1
DA:18,1
DA:19,1
DA:20,1
DA:21,1
DA:23,1
LF:12
LH:12
BRF:0
BRH:0
end_of_record
TN:
SF:routes\analyticsRoutes.js
FNF:0
FNH:0
DA:1,1
DA:2,1
DA:3,1
DA:4,1
DA:6,1
DA:9,1
DA:13,1
DA:19,1
DA:25,1
DA:33,1
DA:35,1
DA:37,1
LF:12
LH:12
BRF:0
BRH:0
end_of_record
TN:
SF:routes\attemptRoutes.js
FNF:0
FNH:0
DA:1,1
DA:2,1
DA:3,1
DA:4,1
DA:10,1
DA:12,1
DA:15,1
DA:19,1
DA:25,1
DA:31,1
DA:37,1
DA:43,1
LF:12
LH:12
BRF:0
BRH:0
end_of_record
TN:
SF:routes\authRoutes.js
FNF:0
FNH:0
DA:1,1
DA:2,1
DA:3,1
DA:4,1
DA:8,1
DA:10,1
DA:14,1
DA:20,1
DA:26,1
DA:28,1
DA:32,1
DA:38,1
LF:12
LH:12
BRF:0
BRH:0
end_of_record
TN:
SF:routes\examRoutes.js
FNF:0
FNH:0
DA:1,1
DA:2,1
DA:3,1
DA:4,1
DA:5,1
DA:6,1
DA:11,1
DA:13,1
DA:17,1
DA:23,1
DA:24,1
DA:26,1
DA:30,1
DA:38,1
DA:46,1
DA:55,1
DA:62,1
DA:69,1
DA:76,1
DA:83,1
LF:20
LH:20
BRF:0
BRH:0
end_of_record
TN:
SF:routes\questionRoutes.js
FN:20,(anonymous_0)
FN:23,(anonymous_1)
FN:29,(anonymous_2)
FNF:3
FNH:3
FNDA:3,(anonymous_0)
FNDA:3,(anonymous_1)
FNDA:3,(anonymous_2)
DA:1,1
DA:2,1
DA:3,1
DA:4,1
DA:5,1
DA:6,1
DA:7,1
DA:8,1
DA:13,1
DA:15,1
DA:16,1
DA:19,1
DA:21,3
DA:24,3
DA:25,3
DA:29,1
DA:30,3
DA:31,3
DA:33,0
DA:37,1
DA:46,1
DA:50,1
DA:56,1
DA:60,1
DA:68,1
DA:76,1
DA:83,1
DA:92,1
DA:100,1
LF:29
LH:28
BRDA:30,0,0,3
BRDA:30,0,1,0
BRDA:30,1,0,3
BRDA:30,1,1,0
BRF:4
BRH:2
end_of_record
TN:
SF:routes\resultRoutes.js
FNF:0
FNH:0
DA:1,1
DA:2,1
DA:3,1
DA:5,1
DA:8,1
DA:12,1
DA:13,1
DA:14,1
DA:16,1
LF:9
LH:9
BRF:0
BRH:0
end_of_record
TN:
SF:routes\userRoutes.js
FNF:0
FNH:0
DA:1,1
DA:2,1
DA:3,1
DA:4,1
DA:6,1
DA:10,1
DA:11,1
DA:15,1
DA:22,1
DA:29,1
DA:36,1
DA:43,1
DA:50,1
LF:13
LH:13
BRF:0
BRH:0
end_of_record
TN:
SF:services\analyticsService.js
FN:8,(anonymous_0)
FN:9,(anonymous_1)
FN:10,(anonymous_2)
FN:11,(anonymous_3)
FN:23,(anonymous_4)
FN:26,(anonymous_5)
FN:54,(anonymous_6)
FN:57,(anonymous_7)
FN:96,(anonymous_8)
FN:99,(anonymous_9)
FN:124,(anonymous_10)
FN:127,(anonymous_11)
FN:183,(anonymous_12)
FN:206,(anonymous_13)
FN:215,(anonymous_14)
FN:237,(anonymous_15)
FNF:16
FNH:12
FNDA:1,(anonymous_0)
FNDA:1,(anonymous_1)
FNDA:1,(anonymous_2)
FNDA:1,(anonymous_3)
FNDA:1,(anonymous_4)
FNDA:1,(anonymous_5)
FNDA:1,(anonymous_6)
FNDA:1,(anonymous_7)
FNDA:1,(anonymous_8)
FNDA:1,(anonymous_9)
FNDA:1,(anonymous_10)
FNDA:1,(anonymous_11)
FNDA:0,(anonymous_12)
FNDA:0,(anonymous_13)
FNDA:0,(anonymous_14)
FNDA:0,(anonymous_15)
DA:1,1
DA:2,1
DA:3,1
DA:4,1
DA:7,1
DA:8,1
DA:9,1
DA:10,1
DA:11,1
DA:15,1
DA:23,1
DA:24,1
DA:26,1
DA:27,1
DA:28,1
DA:31,1
DA:43,1
DA:54,1
DA:55,1
DA:57,1
DA:58,1
DA:91,1
DA:96,1
DA:97,1
DA:99,1
DA:100,1
DA:101,1
DA:102,1
DA:104,1
DA:106,1
DA:119,1
DA:124,1
DA:125,1
DA:127,1
DA:129,1
DA:159,1
DA:160,1
DA:161,1
DA:162,1
DA:163,1
DA:168,1
DA:182,1
DA:183,1
DA:184,0
DA:185,0
DA:187,0
DA:188,0
DA:199,0
DA:200,0
DA:201,0
DA:202,0
DA:203,0
DA:206,1
DA:215,1
DA:216,1
DA:217,1
DA:219,1
DA:237,1
DA:238,0
DA:239,0
DA:241,0
DA:242,0
DA:245,1
LF:63
LH:50
BRDA:10,0,0,1
BRDA:10,0,1,0
BRDA:96,1,0,0
BRDA:96,2,0,0
BRDA:104,3,0,1
BRDA:104,3,1,0
BRDA:160,4,0,1
BRDA:160,4,1,1
BRDA:161,5,0,1
BRDA:161,5,1,1
BRDA:162,6,0,1
BRDA:162,6,1,1
BRDA:162,7,0,1
BRDA:162,7,1,1
BRDA:163,8,0,0
BRDA:163,8,1,1
BRDA:164,9,0,0
BRDA:164,9,1,0
BRDA:185,10,0,0
BRDA:185,10,1,0
BRDA:187,11,0,0
BRDA:187,11,1,0
BRDA:201,12,0,0
BRDA:201,12,1,0
BRDA:202,13,0,0
BRDA:202,13,1,0
BRDA:203,14,0,0
BRDA:203,14,1,0
BRDA:203,15,0,0
BRDA:203,15,1,0
BRDA:203,16,0,0
BRDA:203,16,1,0
BRDA:209,17,0,0
BRDA:209,17,1,0
BRDA:216,18,0,0
BRDA:216,18,1,1
BRDA:217,19,0,0
BRDA:217,19,1,1
BRF:38
BRH:13
end_of_record
TN:
SF:services\attemptService.js
FN:8,(anonymous_0)
FN:16,(anonymous_1)
FN:20,(anonymous_2)
FN:21,(anonymous_3)
FN:37,(anonymous_4)
FN:63,(anonymous_5)
FN:135,(anonymous_6)
FN:203,(anonymous_7)
FN:225,(anonymous_8)
FN:232,(anonymous_9)
FN:234,(anonymous_10)
FN:237,(anonymous_11)
FN:286,(anonymous_12)
FN:298,(anonymous_13)
FNF:14
FNH:2
FNDA:0,(anonymous_0)
FNDA:0,(anonymous_1)
FNDA:0,(anonymous_2)
FNDA:0,(anonymous_3)
FNDA:2,(anonymous_4)
FNDA:0,(anonymous_5)
FNDA:0,(anonymous_6)
FNDA:0,(anonymous_7)
FNDA:0,(anonymous_8)
FNDA:0,(anonymous_9)
FNDA:0,(anonymous_10)
FNDA:0,(anonymous_11)
FNDA:0,(anonymous_12)
FNDA:3,(anonymous_13)
DA:1,1
DA:2,1
DA:3,1
DA:4,1
DA:8,1
DA:9,0
DA:10,0
DA:11,0
DA:12,0
DA:13,0
DA:16,1
DA:17,0
DA:20,1
DA:21,0
DA:26,0
DA:37,1
DA:38,2
DA:40,2
DA:47,2
DA:48,0
DA:49,0
DA:50,0
DA:52,0
DA:53,0
DA:55,0
DA:56,0
DA:63,0
DA:64,0
DA:92,0
DA:93,0
DA:96,0
DA:128,0
DA:131,0
DA:135,1
DA:142,0
DA:147,0
DA:148,0
DA:149,0
DA:153,0
DA:154,0
DA:155,0
DA:159,0
DA:162,0
DA:163,0
DA:167,0
DA:172,0
DA:173,0
DA:174,0
DA:176,0
DA:199,0
DA:203,1
DA:204,0
DA:209,0
DA:210,0
DA:211,0
DA:214,0
DA:215,0
DA:218,0
DA:219,0
DA:220,0
DA:221,0
DA:225,0
DA:227,0
DA:232,0
DA:233,0
DA:234,0
DA:236,0
DA:237,0
DA:240,0
DA:254,0
DA:273,0
DA:277,0
DA:282,0
DA:286,1
DA:287,0
DA:292,0
DA:294,0
DA:298,1
DA:299,3
DA:323,3
DA:325,0
DA:328,1
LF:82
LH:18
BRDA:21,0,0,0
BRDA:21,0,1,0
BRDA:47,1,0,2
BRDA:47,1,1,0
BRDA:48,2,0,0
BRDA:48,2,1,0
BRDA:49,3,0,0
BRDA:49,3,1,0
BRDA:49,4,0,0
BRDA:49,4,1,0
BRDA:52,5,0,0
BRDA:52,5,1,0
BRDA:52,6,0,0
BRDA:52,6,1,0
BRDA:55,7,0,0
BRDA:55,7,1,0
BRDA:92,8,0,0
BRDA:92,8,1,0
BRDA:147,9,0,0
BRDA:147,9,1,0
BRDA:148,10,0,0
BRDA:148,10,1,0
BRDA:153,11,0,0
BRDA:153,11,1,0
BRDA:162,12,0,0
BRDA:162,12,1,0
BRDA:172,13,0,0
BRDA:172,13,1,0
BRDA:173,14,0,0
BRDA:173,14,1,0
BRDA:174,15,0,0
BRDA:174,15,1,0
BRDA:186,16,0,0
BRDA:186,16,1,0
BRDA:192,17,0,0
BRDA:192,17,1,0
BRDA:209,18,0,0
BRDA:209,18,1,0
BRDA:210,19,0,0
BRDA:210,19,1,0
BRDA:215,20,0,0
BRDA:215,20,1,0
BRDA:220,21,0,0
BRDA:220,21,1,0
BRDA:221,22,0,0
BRDA:221,22,1,0
BRDA:234,23,0,0
BRDA:234,23,1,0
BRDA:292,24,0,0
BRDA:292,24,1,0
BRDA:292,25,0,0
BRDA:292,25,1,0
BRDA:323,26,0,3
BRDA:323,26,1,0
BRF:54
BRH:2
end_of_record
TN:
SF:services\authService.js
FN:8,(anonymous_0)
FN:12,(anonymous_1)
FN:18,(anonymous_2)
FN:26,(anonymous_3)
FN:66,(anonymous_4)
FN:107,(anonymous_5)
FN:115,(anonymous_6)
FN:173,(anonymous_7)
FNF:8
FNH:7
FNDA:9,(anonymous_0)
FNDA:6,(anonymous_1)
FNDA:3,(anonymous_2)
FNDA:2,(anonymous_3)
FNDA:7,(anonymous_4)
FNDA:1,(anonymous_5)
FNDA:2,(anonymous_6)
FNDA:0,(anonymous_7)
DA:1,1
DA:2,1
DA:3,1
DA:4,1
DA:5,1
DA:8,1
DA:9,9
DA:12,1
DA:13,6
DA:14,6
DA:18,1
DA:19,3
DA:20,3
DA:21,1
DA:24,2
DA:26,2
DA:27,2
DA:41,2
DA:44,2
DA:50,2
DA:58,2
DA:66,1
DA:67,7
DA:72,7
DA:73,1
DA:76,6
DA:77,0
DA:80,6
DA:81,6
DA:82,3
DA:85,3
DA:91,3
DA:99,3
DA:107,1
DA:108,1
DA:109,1
DA:115,1
DA:116,2
DA:119,2
DA:120,2
DA:122,0
DA:125,2
DA:126,2
DA:130,2
DA:131,1
DA:134,1
DA:135,0
DA:136,0
DA:139,1
DA:144,1
DA:145,0
DA:149,1
DA:151,1
DA:157,1
DA:165,1
DA:173,1
DA:174,0
DA:177,0
DA:180,1
LF:59
LH:52
BRDA:20,0,0,1
BRDA:20,0,1,2
BRDA:72,1,0,1
BRDA:72,1,1,6
BRDA:76,2,0,0
BRDA:76,2,1,6
BRDA:81,3,0,3
BRDA:81,3,1,3
BRDA:130,4,0,1
BRDA:130,4,1,1
BRDA:134,5,0,0
BRDA:134,5,1,1
BRDA:144,6,0,0
BRDA:144,6,1,1
BRDA:144,7,0,1
BRDA:144,7,1,1
BRF:16
BRH:13
end_of_record
TN:
SF:services\csvUploadService.js
FN:8,(anonymous_0)
FN:15,(anonymous_1)
FN:33,(anonymous_2)
FN:45,(anonymous_3)
FN:50,(anonymous_4)
FN:55,(anonymous_5)
FN:77,(anonymous_6)
FNF:7
FNH:7
FNDA:3,(anonymous_0)
FNDA:3,(anonymous_1)
FNDA:3,(anonymous_2)
FNDA:4,(anonymous_3)
FNDA:2,(anonymous_4)
FNDA:4,(anonymous_5)
FNDA:2,(anonymous_6)
DA:1,1
DA:2,1
DA:3,1
DA:4,1
DA:8,1
DA:9,3
DA:10,3
DA:11,3
DA:12,3
DA:15,3
DA:33,1
DA:35,3
DA:38,2
DA:40,2
DA:41,0
DA:45,4
DA:46,2
DA:50,2
DA:53,2
DA:55,2
DA:56,4
DA:57,1
DA:61,1
DA:63,3
DA:66,2
DA:67,0
DA:76,2
DA:77,2
DA:78,2
DA:83,2
DA:90,2
DA:97,0
DA:102,0
DA:106,1
LF:34
LH:30
BRDA:10,0,0,3
BRDA:10,0,1,0
BRDA:11,1,0,3
BRDA:11,1,1,0
BRDA:20,2,0,3
BRDA:20,2,1,0
BRDA:40,3,0,0
BRDA:40,3,1,2
BRDA:56,4,0,1
BRDA:56,4,1,3
BRDA:66,5,0,0
BRDA:66,5,1,2
BRF:12
BRH:7
end_of_record
TN:
SF:services\examService.js
FN:7,(anonymous_0)
FN:8,(anonymous_1)
FN:9,(anonymous_2)
FN:40,(anonymous_3)
FN:53,(anonymous_4)
FN:70,(anonymous_5)
FN:88,(anonymous_6)
FN:97,(anonymous_7)
FN:135,(anonymous_8)
FN:138,(anonymous_9)
FN:153,(anonymous_10)
FN:156,(anonymous_11)
FN:188,(anonymous_12)
FN:198,(anonymous_13)
FN:221,(anonymous_14)
FN:240,(anonymous_15)
FN:267,(anonymous_16)
FN:283,(anonymous_17)
FN:300,(anonymous_18)
FN:305,(anonymous_19)
FN:322,(anonymous_20)
FN:339,(anonymous_21)
FN:350,(anonymous_22)
FNF:23
FNH:8
FNDA:1,(anonymous_0)
FNDA:0,(anonymous_1)
FNDA:2,(anonymous_2)
FNDA:1,(anonymous_3)
FNDA:0,(anonymous_4)
FNDA:0,(anonymous_5)
FNDA:1,(anonymous_6)
FNDA:1,(anonymous_7)
FNDA:0,(anonymous_8)
FNDA:0,(anonymous_9)
FNDA:2,(anonymous_10)
FNDA:4,(anonymous_11)
FNDA:0,(anonymous_12)
FNDA:0,(anonymous_13)
FNDA:0,(anonymous_14)
FNDA:1,(anonymous_15)
FNDA:0,(anonymous_16)
FNDA:0,(anonymous_17)
FNDA:0,(anonymous_18)
FNDA:0,(anonymous_19)
FNDA:0,(anonymous_20)
FNDA:0,(anonymous_21)
FNDA:0,(anonymous_22)
DA:1,1
DA:2,1
DA:3,1
DA:6,1
DA:7,1
DA:8,0
DA:9,2
DA:13,1
DA:20,1
DA:33,1
DA:40,1
DA:41,1
DA:43,1
DA:45,1
DA:46,0
DA:49,1
DA:50,1
DA:53,0
DA:54,0
DA:59,0
DA:60,0
DA:65,0
DA:66,0
DA:69,0
DA:70,0
DA:78,0
DA:82,0
DA:84,0
DA:88,1
DA:95,1
DA:97,1
DA:98,1
DA:100,1
DA:102,1
DA:103,1
DA:104,1
DA:105,1
DA:110,0
DA:111,0
DA:114,1
DA:116,1
DA:130,1
DA:135,1
DA:136,0
DA:138,0
DA:139,0
DA:147,0
DA:148,0
DA:153,1
DA:154,2
DA:156,2
DA:157,4
DA:172,4
DA:174,0
DA:175,0
DA:176,0
DA:178,0
DA:179,0
DA:180,0
DA:182,0
DA:183,0
DA:188,0
DA:193,0
DA:198,1
DA:199,0
DA:204,0
DA:206,0
DA:213,0
DA:214,0
DA:215,0
DA:217,0
DA:221,1
DA:222,0
DA:227,0
DA:229,0
DA:232,0
DA:233,0
DA:234,0
DA:236,0
DA:240,1
DA:241,1
DA:242,0
DA:245,1
DA:249,1
DA:251,0
DA:255,0
DA:256,0
DA:259,0
DA:264,0
DA:266,0
DA:267,0
DA:276,0
DA:277,0
DA:279,0
DA:283,1
DA:284,0
DA:286,0
DA:290,0
DA:292,0
DA:296,0
DA:297,0
DA:300,0
DA:301,0
DA:303,0
DA:304,0
DA:305,0
DA:315,0
DA:316,0
DA:318,0
DA:322,1
DA:323,0
DA:324,0
DA:327,0
DA:332,0
DA:333,0
DA:335,0
DA:339,1
DA:340,0
DA:341,0
DA:344,0
DA:348,0
DA:350,0
DA:351,0
DA:352,0
DA:360,0
DA:362,0
DA:365,1
LF:127
LH:43
BRDA:7,0,0,1
BRDA:7,0,1,1
BRDA:7,1,0,1
BRDA:7,1,1,1
BRDA:9,2,0,2
BRDA:9,2,1,0
BRDA:43,3,0,1
BRDA:43,3,1,0
BRDA:45,4,0,0
BRDA:45,4,1,1
BRDA:45,5,0,1
BRDA:45,5,1,0
BRDA:49,6,0,1
BRDA:49,6,1,0
BRDA:49,7,0,1
BRDA:49,7,1,1
BRDA:59,8,0,0
BRDA:59,8,1,0
BRDA:65,9,0,0
BRDA:65,9,1,0
BRDA:91,10,0,0
BRDA:92,11,0,0
BRDA:93,12,0,0
BRDA:100,13,0,0
BRDA:100,13,1,1
BRDA:102,14,0,1
BRDA:102,14,1,0
BRDA:110,15,0,0
BRDA:110,15,1,0
BRDA:147,16,0,0
BRDA:147,16,1,0
BRDA:153,17,0,0
BRDA:165,18,0,4
BRDA:165,18,1,0
BRDA:172,19,0,4
BRDA:172,19,1,0
BRDA:174,20,0,0
BRDA:174,20,1,0
BRDA:175,21,0,0
BRDA:175,21,1,0
BRDA:179,22,0,0
BRDA:179,22,1,0
BRDA:179,23,0,0
BRDA:179,23,1,0
BRDA:182,24,0,0
BRDA:182,24,1,0
BRDA:182,25,0,0
BRDA:182,25,1,0
BRDA:204,26,0,0
BRDA:204,26,1,0
BRDA:227,27,0,0
BRDA:227,27,1,0
BRDA:241,28,0,0
BRDA:241,28,1,1
BRDA:241,29,0,1
BRDA:241,29,1,1
BRDA:249,30,0,1
BRDA:249,30,1,0
BRDA:255,31,0,0
BRDA:255,31,1,0
BRDA:264,32,0,0
BRDA:264,32,1,0
BRDA:284,33,0,0
BRDA:284,33,1,0
BRDA:290,34,0,0
BRDA:290,34,1,0
BRDA:296,35,0,0
BRDA:296,35,1,0
BRDA:303,36,0,0
BRDA:303,36,1,0
BRDA:323,37,0,0
BRDA:323,37,1,0
BRDA:323,38,0,0
BRDA:323,38,1,0
BRDA:340,39,0,0
BRDA:340,39,1,0
BRDA:340,40,0,0
BRDA:340,40,1,0
BRDA:348,41,0,0
BRDA:348,41,1,0
BRF:80
BRH:19
end_of_record
TN:
SF:services\leaderboardService.js
FN:9,(anonymous_0)
FN:10,(anonymous_1)
FN:15,(anonymous_2)
FN:21,(anonymous_3)
FN:24,(anonymous_4)
FN:31,(anonymous_5)
FN:33,(anonymous_6)
FN:42,(anonymous_7)
FN:57,(anonymous_8)
FN:73,(anonymous_9)
FN:91,(anonymous_10)
FN:120,(anonymous_11)
FN:143,(anonymous_12)
FN:174,(anonymous_13)
FNF:14
FNH:10
FNDA:3,(anonymous_0)
FNDA:3,(anonymous_1)
FNDA:1,(anonymous_2)
FNDA:1,(anonymous_3)
FNDA:1,(anonymous_4)
FNDA:1,(anonymous_5)
FNDA:1,(anonymous_6)
FNDA:1,(anonymous_7)
FNDA:1,(anonymous_8)
FNDA:1,(anonymous_9)
FNDA:0,(anonymous_10)
FNDA:0,(anonymous_11)
FNDA:0,(anonymous_12)
FNDA:0,(anonymous_13)
DA:1,1
DA:2,1
DA:3,1
DA:5,1
DA:6,1
DA:9,3
DA:10,3
DA:15,1
DA:16,1
DA:17,1
DA:21,1
DA:22,1
DA:24,1
DA:25,1
DA:27,1
DA:31,1
DA:33,1
DA:42,1
DA:43,1
DA:44,1
DA:45,1
DA:47,1
DA:48,1
DA:49,1
DA:50,1
DA:51,1
DA:53,1
DA:57,1
DA:58,1
DA:59,1
DA:61,1
DA:62,1
DA:63,1
DA:69,1
DA:73,1
DA:74,1
DA:75,1
DA:77,1
DA:82,1
DA:84,1
DA:91,1
DA:92,0
DA:93,0
DA:94,0
DA:96,0
DA:101,0
DA:102,0
DA:103,0
DA:109,0
DA:111,0
DA:120,1
DA:121,0
DA:122,0
DA:124,0
DA:126,0
DA:127,0
DA:129,0
DA:131,0
DA:132,0
DA:133,0
DA:139,0
DA:143,1
DA:144,0
DA:149,0
DA:150,0
DA:153,0
DA:154,0
DA:155,0
DA:157,0
DA:158,0
DA:159,0
DA:160,0
DA:163,0
DA:164,0
DA:166,0
DA:168,0
DA:170,0
DA:174,1
DA:175,0
DA:176,0
DA:177,0
DA:180,1
LF:82
LH:45
BRDA:22,0,0,0
BRDA:22,0,1,1
BRDA:36,1,0,1
BRDA:36,1,1,0
BRDA:37,2,0,1
BRDA:37,2,1,0
BRDA:57,3,0,0
BRDA:82,4,0,0
BRDA:82,4,1,1
BRDA:86,5,0,1
BRDA:86,5,1,0
BRDA:91,6,0,0
BRDA:91,7,0,0
BRDA:120,8,0,0
BRDA:124,9,0,0
BRDA:124,9,1,0
BRF:16
BRH:5
end_of_record
TN:
SF:services\questionService.js
FN:8,(anonymous_0)
FN:11,(anonymous_1)
FN:19,(anonymous_2)
FN:39,(anonymous_3)
FN:102,(anonymous_4)
FN:128,(anonymous_5)
FN:165,(anonymous_6)
FN:184,(anonymous_7)
FN:209,(anonymous_8)
FNF:9
FNH:4
FNDA:5,(anonymous_0)
FNDA:1,(anonymous_1)
FNDA:1,(anonymous_2)
FNDA:4,(anonymous_3)
FNDA:0,(anonymous_4)
FNDA:0,(anonymous_5)
FNDA:0,(anonymous_6)
FNDA:0,(anonymous_7)
FNDA:0,(anonymous_8)
DA:1,1
DA:2,1
DA:3,1
DA:5,1
DA:8,5
DA:11,1
DA:12,1
DA:13,1
DA:14,0
DA:19,1
DA:20,1
DA:25,1
DA:26,0
DA:29,1
DA:34,1
DA:35,1
DA:39,1
DA:47,4
DA:58,4
DA:59,4
DA:60,0
DA:63,4
DA:64,4
DA:65,4
DA:66,4
DA:67,4
DA:68,0
DA:74,4
DA:76,4
DA:90,4
DA:97,4
DA:98,4
DA:102,1
DA:103,0
DA:105,0
DA:106,0
DA:107,0
DA:110,0
DA:119,0
DA:120,0
DA:123,0
DA:124,0
DA:128,1
DA:129,0
DA:134,0
DA:135,0
DA:138,0
DA:139,0
DA:144,0
DA:145,0
DA:149,0
DA:158,0
DA:159,0
DA:161,0
DA:165,1
DA:166,0
DA:171,0
DA:172,0
DA:175,0
DA:177,0
DA:178,0
DA:180,0
DA:184,1
DA:185,0
DA:190,0
DA:191,0
DA:194,0
DA:202,0
DA:203,0
DA:205,0
DA:209,1
DA:210,0
DA:211,0
DA:214,0
DA:218,0
DA:220,0
DA:222,0
DA:223,0
DA:227,0
DA:228,0
DA:230,0
DA:245,0
DA:248,1
LF:83
LH:34
BRDA:13,0,0,0
BRDA:13,0,1,1
BRDA:25,1,0,0
BRDA:25,1,1,1
BRDA:44,2,0,0
BRDA:45,3,0,0
BRDA:49,4,0,4
BRDA:49,4,1,4
BRDA:50,5,0,4
BRDA:50,5,1,4
BRDA:51,6,0,0
BRDA:51,6,1,4
BRDA:52,7,0,4
BRDA:52,7,1,4
BRDA:59,8,0,0
BRDA:59,8,1,4
BRDA:64,9,0,0
BRDA:64,9,1,4
BRDA:65,10,0,0
BRDA:65,10,1,4
BRDA:66,11,0,0
BRDA:66,11,1,4
BRDA:67,12,0,0
BRDA:67,12,1,4
BRDA:106,13,0,0
BRDA:106,13,1,0
BRDA:119,14,0,0
BRDA:119,14,1,0
BRDA:134,15,0,0
BRDA:134,15,1,0
BRDA:138,16,0,0
BRDA:138,16,1,0
BRDA:144,17,0,0
BRDA:144,17,1,0
BRDA:171,18,0,0
BRDA:171,18,1,0
BRDA:190,19,0,0
BRDA:190,19,1,0
BRDA:209,20,0,0
BRDA:210,21,0,0
BRDA:210,21,1,0
BRDA:210,22,0,0
BRDA:210,22,1,0
BRDA:218,23,0,0
BRDA:218,23,1,0
BRDA:222,24,0,0
BRDA:222,24,1,0
BRF:47
BRH:14
end_of_record
TN:
SF:services\resultService.js
FN:7,(anonymous_0)
FN:8,(anonymous_1)
FN:9,(anonymous_2)
FN:20,(anonymous_3)
FN:52,(anonymous_4)
FN:77,(anonymous_5)
FN:80,(anonymous_6)
FN:149,(anonymous_7)
FN:167,(anonymous_8)
FN:170,(anonymous_9)
FN:212,(anonymous_10)
FN:215,(anonymous_11)
FN:245,(anonymous_12)
FN:265,(anonymous_13)
FN:273,(anonymous_14)
FNF:15
FNH:0
FNDA:0,(anonymous_0)
FNDA:0,(anonymous_1)
FNDA:0,(anonymous_2)
FNDA:0,(anonymous_3)
FNDA:0,(anonymous_4)
FNDA:0,(anonymous_5)
FNDA:0,(anonymous_6)
FNDA:0,(anonymous_7)
FNDA:0,(anonymous_8)
FNDA:0,(anonymous_9)
FNDA:0,(anonymous_10)
FNDA:0,(anonymous_11)
FNDA:0,(anonymous_12)
FNDA:0,(anonymous_13)
FNDA:0,(anonymous_14)
DA:1,1
DA:2,1
DA:3,1
DA:6,1
DA:7,0
DA:8,0
DA:9,0
DA:13,1
DA:20,1
DA:21,0
DA:28,0
DA:30,0
DA:38,0
DA:47,0
DA:48,0
DA:52,1
DA:53,0
DA:63,0
DA:66,0
DA:67,0
DA:70,0
DA:73,0
DA:77,1
DA:78,0
DA:80,0
DA:81,0
DA:114,0
DA:115,0
DA:118,0
DA:119,0
DA:122,0
DA:127,0
DA:129,0
DA:133,0
DA:149,0
DA:167,1
DA:168,0
DA:170,0
DA:171,0
DA:173,0
DA:203,0
DA:212,1
DA:213,0
DA:215,0
DA:216,0
DA:237,0
DA:238,0
DA:241,0
DA:242,0
DA:245,0
DA:265,1
DA:266,0
DA:273,1
DA:274,0
DA:275,0
DA:278,1
LF:56
LH:13
BRDA:28,0,0,0
BRDA:28,0,1,0
BRDA:63,1,0,0
BRDA:63,1,1,0
BRDA:66,2,0,0
BRDA:66,2,1,0
BRDA:114,3,0,0
BRDA:114,3,1,0
BRDA:118,4,0,0
BRDA:118,4,1,0
BRDA:127,5,0,0
BRDA:127,5,1,0
BRDA:127,6,0,0
BRDA:127,6,1,0
BRDA:129,7,0,0
BRDA:129,7,1,0
BRDA:130,8,0,0
BRDA:130,8,1,0
BRDA:146,9,0,0
BRDA:146,9,1,0
BRDA:167,10,0,0
BRDA:167,11,0,0
BRDA:237,12,0,0
BRDA:237,12,1,0
BRDA:241,13,0,0
BRDA:241,13,1,0
BRF:26
BRH:0
end_of_record
TN:
SF:services\userService.js
FN:16,(anonymous_0)
FN:30,(anonymous_1)
FN:47,(anonymous_2)
FN:59,(anonymous_3)
FN:93,(anonymous_4)
FN:119,(anonymous_5)
FN:150,(anonymous_6)
FN:169,(anonymous_7)
FNF:8
FNH:1
FNDA:0,(anonymous_0)
FNDA:3,(anonymous_1)
FNDA:0,(anonymous_2)
FNDA:0,(anonymous_3)
FNDA:0,(anonymous_4)
FNDA:0,(anonymous_5)
FNDA:0,(anonymous_6)
FNDA:0,(anonymous_7)
DA:1,1
DA:2,1
DA:5,1
DA:16,1
DA:17,0
DA:22,0
DA:23,0
DA:26,0
DA:30,1
DA:31,3
DA:39,3
DA:40,0
DA:43,3
DA:47,1
DA:48,0
DA:50,0
DA:55,0
DA:56,0
DA:59,0
DA:61,0
DA:62,0
DA:64,0
DA:71,0
DA:72,0
DA:73,0
DA:74,0
DA:75,0
DA:77,0
DA:86,0
DA:89,0
DA:93,1
DA:94,0
DA:96,0
DA:101,0
DA:102,0
DA:105,0
DA:106,0
DA:107,0
DA:109,0
DA:115,0
DA:119,1
DA:120,0
DA:121,0
DA:130,0
DA:141,0
DA:150,1
DA:151,0
DA:156,0
DA:157,0
DA:160,0
DA:166,0
DA:169,1
DA:170,0
DA:175,0
DA:176,0
DA:179,0
DA:184,0
DA:187,1
LF:58
LH:14
BRDA:22,0,0,0
BRDA:22,0,1,0
BRDA:39,1,0,0
BRDA:39,1,1,3
BRDA:55,2,0,0
BRDA:55,2,1,0
BRDA:62,3,0,0
BRDA:62,3,1,0
BRDA:72,4,0,0
BRDA:72,4,1,0
BRDA:73,5,0,0
BRDA:73,5,1,0
BRDA:74,6,0,0
BRDA:74,6,1,0
BRDA:75,7,0,0
BRDA:75,7,1,0
BRDA:101,8,0,0
BRDA:101,8,1,0
BRDA:106,9,0,0
BRDA:106,9,1,0
BRDA:107,10,0,0
BRDA:107,10,1,0
BRDA:119,11,0,0
BRDA:119,12,0,0
BRDA:119,13,0,0
BRDA:121,14,0,0
BRDA:121,14,1,0
BRDA:156,15,0,0
BRDA:156,15,1,0
BRDA:175,16,0,0
BRDA:175,16,1,0
BRF:31
BRH:1
end_of_record
TN:
SF:utils\apiResponse.js
FN:11,(anonymous_0)
FN:31,(anonymous_1)
FNF:2
FNH:2
FNDA:24,(anonymous_0)
FNDA:36,(anonymous_1)
DA:12,24
DA:13,24
DA:14,24
DA:15,24
DA:32,36
DA:33,36
DA:34,36
DA:35,36
DA:37,36
DA:38,0
DA:40,36
DA:45,1
LF:12
LH:11
BRDA:11,0,0,0
BRDA:31,1,0,25
BRDA:31,2,0,36
BRDA:37,3,0,0
BRDA:37,3,1,36
BRF:5
BRH:3
end_of_record
TN:
SF:utils\asyncHandler.js
FN:14,(anonymous_0)
FN:14,(anonymous_1)
FNF:2
FNH:2
FNDA:47,(anonymous_0)
FNDA:42,(anonymous_1)
DA:14,47
DA:15,42
DA:18,1
LF:3
LH:3
BRF:0
BRH:0
end_of_record
TN:
SF:utils\cache.js
FN:16,cacheOrFetch
FN:50,getMultiple
FN:57,(anonymous_2)
FN:75,setMultiple
FN:81,(anonymous_4)
FN:98,invalidate
FN:116,invalidatePattern
FN:150,invalidatePatterns
FN:154,(anonymous_8)
FN:157,(anonymous_9)
FN:165,getStats
FN:185,exists
FN:200,getTTL
FN:215,refreshTTL
FNF:14
FNH:1
FNDA:7,cacheOrFetch
FNDA:0,getMultiple
FNDA:0,(anonymous_2)
FNDA:0,setMultiple
FNDA:0,(anonymous_4)
FNDA:0,invalidate
FNDA:0,invalidatePattern
FNDA:0,invalidatePatterns
FNDA:0,(anonymous_8)
FNDA:0,(anonymous_9)
FNDA:0,getStats
FNDA:0,exists
FNDA:0,getTTL
FNDA:0,refreshTTL
DA:1,1
DA:2,1
DA:17,7
DA:19,7
DA:21,7
DA:22,0
DA:23,0
DA:26,7
DA:29,7
DA:32,5
DA:33,5
DA:34,5
DA:37,5
DA:40,2
DA:41,2
DA:51,0
DA:53,0
DA:54,0
DA:55,0
DA:57,0
DA:58,0
DA:59,0
DA:63,0
DA:65,0
DA:66,0
DA:76,0
DA:78,0
DA:79,0
DA:81,0
DA:82,0
DA:83,0
DA:87,0
DA:88,0
DA:90,0
DA:99,0
DA:100,0
DA:101,0
DA:102,0
DA:104,0
DA:106,0
DA:107,0
DA:117,0
DA:119,0
DA:120,0
DA:122,0
DA:123,0
DA:130,0
DA:131,0
DA:134,0
DA:135,0
DA:136,0
DA:139,0
DA:141,0
DA:142,0
DA:151,0
DA:153,0
DA:154,0
DA:157,0
DA:158,0
DA:166,0
DA:167,0
DA:168,0
DA:170,0
DA:175,0
DA:176,0
DA:186,0
DA:187,0
DA:188,0
DA:190,0
DA:191,0
DA:201,0
DA:202,0
DA:204,0
DA:205,0
DA:216,0
DA:217,0
DA:218,0
DA:220,0
DA:221,0
DA:225,1
LF:80
LH:14
BRDA:16,0,0,0
BRDA:21,1,0,0
BRDA:21,1,1,7
BRDA:32,2,0,5
BRDA:32,2,1,0
BRDA:32,3,0,5
BRDA:32,3,1,5
BRDA:51,4,0,0
BRDA:51,4,1,0
BRDA:51,5,0,0
BRDA:51,5,1,0
BRDA:58,6,0,0
BRDA:58,6,1,0
BRDA:75,7,0,0
BRDA:76,8,0,0
BRDA:76,8,1,0
BRDA:76,9,0,0
BRDA:76,9,1,0
BRDA:82,10,0,0
BRDA:82,10,1,0
BRDA:82,11,0,0
BRDA:82,11,1,0
BRDA:101,12,0,0
BRDA:101,12,1,0
BRDA:134,13,0,0
BRDA:134,13,1,0
BRDA:151,14,0,0
BRDA:151,14,1,0
BRDA:151,15,0,0
BRDA:151,15,1,0
BRF:30
BRH:4
end_of_record
TN:
SF:utils\csvValidator.js
FN:23,(anonymous_0)
FN:24,(anonymous_1)
FN:32,(anonymous_2)
FN:34,(anonymous_3)
FN:36,(anonymous_4)
FN:49,(anonymous_5)
FN:59,(anonymous_6)
FN:65,(anonymous_7)
FN:74,(anonymous_8)
FNF:9
FNH:7
FNDA:3,(anonymous_0)
FNDA:3,(anonymous_1)
FNDA:22,(anonymous_2)
FNDA:3,(anonymous_3)
FNDA:21,(anonymous_4)
FNDA:4,(anonymous_5)
FNDA:0,(anonymous_6)
FNDA:2,(anonymous_7)
FNDA:0,(anonymous_8)
DA:1,1
DA:2,1
DA:3,1
DA:4,1
DA:7,1
DA:23,1
DA:24,3
DA:25,3
DA:26,3
DA:27,3
DA:28,3
DA:30,3
DA:32,22
DA:34,3
DA:35,3
DA:36,21
DA:38,3
DA:39,1
DA:40,1
DA:49,3
DA:50,4
DA:51,4
DA:53,4
DA:54,4
DA:56,0
DA:59,0
DA:65,3
DA:66,2
DA:68,0
DA:69,0
DA:71,2
DA:74,3
DA:75,0
DA:80,1
LF:34
LH:29
BRDA:38,0,0,1
BRDA:38,0,1,2
BRDA:53,1,0,4
BRDA:53,1,1,0
BRDA:66,2,0,0
BRDA:66,2,1,2
BRF:6
BRH:4
end_of_record
TN:
SF:utils\jwt.js
FN:12,(anonymous_0)
FN:24,(anonymous_1)
FN:40,(anonymous_2)
FN:50,(anonymous_3)
FN:66,(anonymous_4)
FN:83,(anonymous_5)
FNF:6
FNH:6
FNDA:6,(anonymous_0)
FNDA:6,(anonymous_1)
FNDA:6,(anonymous_2)
FNDA:35,(anonymous_3)
FNDA:2,(anonymous_4)
FNDA:6,(anonymous_5)
DA:1,1
DA:2,1
DA:3,1
DA:4,1
DA:12,1
DA:13,6
DA:24,1
DA:25,6
DA:26,6
DA:29,6
DA:40,1
DA:41,6
DA:50,1
DA:51,35
DA:52,35
DA:54,1
DA:55,0
DA:57,1
DA:66,1
DA:67,2
DA:68,2
DA:70,0
DA:71,0
DA:73,0
DA:83,1
DA:84,6
DA:85,6
DA:87,6
DA:95,1
LF:29
LH:25
BRDA:54,0,0,0
BRDA:54,0,1,1
BRDA:70,1,0,0
BRDA:70,1,1,0
BRF:4
BRH:1
end_of_record
TN:
SF:utils\password.js
FN:9,(anonymous_0)
FN:19,(anonymous_1)
FNF:2
FNH:2
FNDA:3,(anonymous_0)
FNDA:6,(anonymous_1)
DA:1,1
DA:2,1
DA:9,1
DA:10,3
DA:19,1
DA:20,6
DA:23,1
LF:7
LH:7
BRF:0
BRH:0
end_of_record
TN:
SF:validators\attemptValidator.js
FN:20,(anonymous_0)
FN:23,(anonymous_1)
FN:37,(anonymous_2)
FNF:3
FNH:1
FNDA:0,(anonymous_0)
FNDA:0,(anonymous_1)
FNDA:1,(anonymous_2)
DA:1,1
DA:4,1
DA:9,1
DA:20,0
DA:24,0
DA:25,0
DA:33,1
DA:38,1
DA:39,1
DA:47,1
DA:51,1
LF:11
LH:8
BRDA:20,0,0,0
BRDA:20,0,1,0
BRDA:20,1,0,0
BRDA:20,1,1,0
BRDA:24,2,0,0
BRDA:24,2,1,0
BRDA:24,3,0,0
BRDA:24,3,1,0
BRDA:24,3,2,0
BRDA:25,4,0,0
BRDA:25,4,1,0
BRDA:38,5,0,0
BRDA:38,5,1,1
BRDA:38,6,0,1
BRDA:38,6,1,1
BRDA:38,6,2,1
BRDA:39,7,0,0
BRDA:39,7,1,1
BRF:18
BRH:5
end_of_record
TN:
SF:validators\authValidator.js
FNF:0
FNH:0
DA:1,1
DA:4,1
DA:17,1
DA:35,1
DA:44,1
DA:49,1
DA:56,1
LF:7
LH:7
BRF:0
BRH:0
end_of_record
TN:
SF:validators\examValidator.js
FN:18,(anonymous_0)
FN:28,(anonymous_1)
FN:37,(anonymous_2)
FN:47,(anonymous_3)
FN:59,(anonymous_4)
FN:64,(anonymous_5)
FN:73,(anonymous_6)
FN:85,(anonymous_7)
FN:102,(anonymous_8)
FN:114,(anonymous_9)
FN:131,(anonymous_10)
FN:139,(anonymous_11)
FN:144,(anonymous_12)
FNF:13
FNH:10
FNDA:3,(anonymous_0)
FNDA:3,(anonymous_1)
FNDA:3,(anonymous_2)
FNDA:1,(anonymous_3)
FNDA:3,(anonymous_4)
FNDA:3,(anonymous_5)
FNDA:3,(anonymous_6)
FNDA:3,(anonymous_7)
FNDA:0,(anonymous_8)
FNDA:0,(anonymous_9)
FNDA:0,(anonymous_10)
FNDA:1,(anonymous_11)
FNDA:1,(anonymous_12)
DA:1,1
DA:4,1
DA:18,3
DA:28,3
DA:37,3
DA:48,1
DA:49,0
DA:59,3
DA:64,3
DA:70,1
DA:74,3
DA:75,0
DA:77,3
DA:86,3
DA:87,3
DA:89,0
DA:98,1
DA:103,0
DA:104,0
DA:106,0
DA:115,0
DA:116,0
DA:118,0
DA:127,1
DA:132,0
DA:133,0
DA:139,1
DA:144,1
DA:149,1
LF:29
LH:18
BRDA:18,0,0,0
BRDA:18,0,1,3
BRDA:28,1,0,0
BRDA:28,1,1,3
BRDA:37,2,0,0
BRDA:37,2,1,3
BRDA:48,3,0,1
BRDA:48,3,1,0
BRDA:49,4,0,0
BRDA:49,4,1,0
BRDA:59,5,0,0
BRDA:59,5,1,3
BRDA:59,6,0,3
BRDA:59,6,1,3
BRDA:64,7,0,0
BRDA:64,7,1,3
BRDA:64,8,0,3
BRDA:64,8,1,3
BRDA:74,9,0,0
BRDA:74,9,1,3
BRDA:74,10,0,3
BRDA:74,10,1,0
BRDA:86,11,0,3
BRDA:86,11,1,0
BRDA:103,12,0,0
BRDA:103,12,1,0
BRDA:103,13,0,0
BRDA:103,13,1,0
BRDA:115,14,0,0
BRDA:115,14,1,0
BRDA:115,15,0,0
BRDA:115,15,1,0
BRDA:132,16,0,0
BRDA:132,16,1,0
BRDA:133,17,0,0
BRDA:133,17,1,0
BRDA:139,18,0,1
BRDA:139,18,1,0
BRDA:144,19,0,1
BRDA:144,19,1,0
BRF:40
BRH:15
end_of_record
TN:
SF:validators\questionValidator.js
FN:26,(anonymous_0)
FN:36,(anonymous_1)
FN:45,(anonymous_2)
FN:74,(anonymous_3)
FN:85,(anonymous_4)
FN:93,(anonymous_5)
FN:111,(anonymous_6)
FN:119,(anonymous_7)
FN:124,(anonymous_8)
FN:142,(anonymous_9)
FN:146,(anonymous_10)
FN:156,(anonymous_11)
FNF:12
FNH:8
FNDA:3,(anonymous_0)
FNDA:4,(anonymous_1)
FNDA:2,(anonymous_2)
FNDA:0,(anonymous_3)
FNDA:0,(anonymous_4)
FNDA:0,(anonymous_5)
FNDA:0,(anonymous_6)
FNDA:5,(anonymous_7)
FNDA:5,(anonymous_8)
FNDA:4,(anonymous_9)
FNDA:4,(anonymous_10)
FNDA:4,(anonymous_11)
DA:1,1
DA:4,1
DA:7,1
DA:26,3
DA:37,4
DA:38,0
DA:45,2
DA:53,1
DA:74,0
DA:86,0
DA:87,0
DA:94,0
DA:95,0
DA:97,0
DA:106,1
DA:112,0
DA:113,0
DA:119,5
DA:124,5
DA:130,1
DA:142,4
DA:146,4
DA:157,4
DA:158,4
DA:159,4
DA:160,4
DA:168,1
LF:27
LH:18
BRDA:26,0,0,0
BRDA:26,0,1,3
BRDA:37,1,0,4
BRDA:37,1,1,0
BRDA:38,2,0,0
BRDA:38,2,1,0
BRDA:74,3,0,0
BRDA:74,3,1,0
BRDA:86,4,0,0
BRDA:86,4,1,0
BRDA:87,5,0,0
BRDA:87,5,1,0
BRDA:94,6,0,0
BRDA:94,6,1,0
BRDA:94,7,0,0
BRDA:94,7,1,0
BRDA:112,8,0,0
BRDA:112,8,1,0
BRDA:113,9,0,0
BRDA:113,9,1,0
BRDA:119,10,0,5
BRDA:119,10,1,0
BRDA:124,11,0,5
BRDA:124,11,1,0
BRDA:146,12,0,4
BRDA:146,12,1,0
BRDA:158,13,0,4
BRDA:158,13,1,0
BRDA:159,14,0,4
BRDA:159,14,1,0
BRF:30
BRH:7
end_of_record
